
*** Running vivado
    with args -log blink.vdi -applog -m64 -product Vivado -messageDb vivado.pb -mode batch -source blink.tcl -notrace



****** Vivado v2020.2 (64-bit)
  **** SW Build 3064766 on Wed Nov 18 09:12:45 MST 2020
  **** IP Build 3064653 on Wed Nov 18 14:17:31 MST 2020
    ** Copyright 1986-2020 Xilinx, Inc. All Rights Reserved.

source blink.tcl -notrace
Command: link_design -top blink -part xc7a100tfgg484-2
Design is defaulting to srcset: sources_1
Design is defaulting to constrset: constrs_1
INFO: [Device 21-403] Loading part xc7a100tfgg484-2
Netlist sorting complete. Time (s): cpu = 00:00:00 ; elapsed = 00:00:00.001 . Memory (MB): peak = 1004.797 ; gain = 0.000
INFO: [Netlist 29-17] Analyzing 9 Unisim elements for replacement
INFO: [Netlist 29-28] Unisim Transformation completed in 0 CPU seconds
INFO: [Project 1-479] Netlist was created with Vivado 2020.2
INFO: [Project 1-570] Preparing netlist for logic optimization
Parsing XDC File [C:/Users/Aleksa/Documents/EEVengers/Firmware/Artix7_PCIe/Blink/Blink.srcs/constrs_1/new/module_bitgen.xdc]
Finished Parsing XDC File [C:/Users/Aleksa/Documents/EEVengers/Firmware/Artix7_PCIe/Blink/Blink.srcs/constrs_1/new/module_bitgen.xdc]
Parsing XDC File [C:/Users/Aleksa/Documents/EEVengers/Firmware/Artix7_PCIe/Blink/Blink.srcs/constrs_1/new/module_io.xdc]
WARNING: [Vivado 12-584] No ports matched 'pga_sdio'. [C:/Users/Aleksa/Documents/EEVengers/Firmware/Artix7_PCIe/Blink/Blink.srcs/constrs_1/new/module_io.xdc:9]
CRITICAL WARNING: [Common 17-55] 'set_property' expects at least one object. [C:/Users/Aleksa/Documents/EEVengers/Firmware/Artix7_PCIe/Blink/Blink.srcs/constrs_1/new/module_io.xdc:9]
Resolution: If [get_<value>] was used to populate the object, check to make sure this command returns at least one valid object.
WARNING: [Vivado 12-584] No ports matched 'pga_sclk'. [C:/Users/Aleksa/Documents/EEVengers/Firmware/Artix7_PCIe/Blink/Blink.srcs/constrs_1/new/module_io.xdc:10]
CRITICAL WARNING: [Common 17-55] 'set_property' expects at least one object. [C:/Users/Aleksa/Documents/EEVengers/Firmware/Artix7_PCIe/Blink/Blink.srcs/constrs_1/new/module_io.xdc:10]
Resolution: If [get_<value>] was used to populate the object, check to make sure this command returns at least one valid object.
WARNING: [Vivado 12-584] No ports matched 'pga_cs[0]'. [C:/Users/Aleksa/Documents/EEVengers/Firmware/Artix7_PCIe/Blink/Blink.srcs/constrs_1/new/module_io.xdc:12]
CRITICAL WARNING: [Common 17-55] 'set_property' expects at least one object. [C:/Users/Aleksa/Documents/EEVengers/Firmware/Artix7_PCIe/Blink/Blink.srcs/constrs_1/new/module_io.xdc:12]
Resolution: If [get_<value>] was used to populate the object, check to make sure this command returns at least one valid object.
WARNING: [Vivado 12-584] No ports matched 'pga_cs[1]'. [C:/Users/Aleksa/Documents/EEVengers/Firmware/Artix7_PCIe/Blink/Blink.srcs/constrs_1/new/module_io.xdc:13]
CRITICAL WARNING: [Common 17-55] 'set_property' expects at least one object. [C:/Users/Aleksa/Documents/EEVengers/Firmware/Artix7_PCIe/Blink/Blink.srcs/constrs_1/new/module_io.xdc:13]
Resolution: If [get_<value>] was used to populate the object, check to make sure this command returns at least one valid object.
WARNING: [Vivado 12-584] No ports matched 'pga_cs[2]'. [C:/Users/Aleksa/Documents/EEVengers/Firmware/Artix7_PCIe/Blink/Blink.srcs/constrs_1/new/module_io.xdc:14]
CRITICAL WARNING: [Common 17-55] 'set_property' expects at least one object. [C:/Users/Aleksa/Documents/EEVengers/Firmware/Artix7_PCIe/Blink/Blink.srcs/constrs_1/new/module_io.xdc:14]
Resolution: If [get_<value>] was used to populate the object, check to make sure this command returns at least one valid object.
WARNING: [Vivado 12-584] No ports matched 'pga_cs[3]'. [C:/Users/Aleksa/Documents/EEVengers/Firmware/Artix7_PCIe/Blink/Blink.srcs/constrs_1/new/module_io.xdc:15]
CRITICAL WARNING: [Common 17-55] 'set_property' expects at least one object. [C:/Users/Aleksa/Documents/EEVengers/Firmware/Artix7_PCIe/Blink/Blink.srcs/constrs_1/new/module_io.xdc:15]
Resolution: If [get_<value>] was used to populate the object, check to make sure this command returns at least one valid object.
WARNING: [Vivado 12-584] No ports matched 'atten[0]'. [C:/Users/Aleksa/Documents/EEVengers/Firmware/Artix7_PCIe/Blink/Blink.srcs/constrs_1/new/module_io.xdc:17]
CRITICAL WARNING: [Common 17-55] 'set_property' expects at least one object. [C:/Users/Aleksa/Documents/EEVengers/Firmware/Artix7_PCIe/Blink/Blink.srcs/constrs_1/new/module_io.xdc:17]
Resolution: If [get_<value>] was used to populate the object, check to make sure this command returns at least one valid object.
WARNING: [Vivado 12-584] No ports matched 'atten[1]'. [C:/Users/Aleksa/Documents/EEVengers/Firmware/Artix7_PCIe/Blink/Blink.srcs/constrs_1/new/module_io.xdc:18]
CRITICAL WARNING: [Common 17-55] 'set_property' expects at least one object. [C:/Users/Aleksa/Documents/EEVengers/Firmware/Artix7_PCIe/Blink/Blink.srcs/constrs_1/new/module_io.xdc:18]
Resolution: If [get_<value>] was used to populate the object, check to make sure this command returns at least one valid object.
WARNING: [Vivado 12-584] No ports matched 'atten[2]'. [C:/Users/Aleksa/Documents/EEVengers/Firmware/Artix7_PCIe/Blink/Blink.srcs/constrs_1/new/module_io.xdc:19]
CRITICAL WARNING: [Common 17-55] 'set_property' expects at least one object. [C:/Users/Aleksa/Documents/EEVengers/Firmware/Artix7_PCIe/Blink/Blink.srcs/constrs_1/new/module_io.xdc:19]
Resolution: If [get_<value>] was used to populate the object, check to make sure this command returns at least one valid object.
WARNING: [Vivado 12-584] No ports matched 'atten[3]'. [C:/Users/Aleksa/Documents/EEVengers/Firmware/Artix7_PCIe/Blink/Blink.srcs/constrs_1/new/module_io.xdc:20]
CRITICAL WARNING: [Common 17-55] 'set_property' expects at least one object. [C:/Users/Aleksa/Documents/EEVengers/Firmware/Artix7_PCIe/Blink/Blink.srcs/constrs_1/new/module_io.xdc:20]
Resolution: If [get_<value>] was used to populate the object, check to make sure this command returns at least one valid object.
WARNING: [Vivado 12-584] No ports matched 'dc_cpl[0]'. [C:/Users/Aleksa/Documents/EEVengers/Firmware/Artix7_PCIe/Blink/Blink.srcs/constrs_1/new/module_io.xdc:22]
CRITICAL WARNING: [Common 17-55] 'set_property' expects at least one object. [C:/Users/Aleksa/Documents/EEVengers/Firmware/Artix7_PCIe/Blink/Blink.srcs/constrs_1/new/module_io.xdc:22]
Resolution: If [get_<value>] was used to populate the object, check to make sure this command returns at least one valid object.
WARNING: [Vivado 12-584] No ports matched 'dc_cpl[1]'. [C:/Users/Aleksa/Documents/EEVengers/Firmware/Artix7_PCIe/Blink/Blink.srcs/constrs_1/new/module_io.xdc:23]
CRITICAL WARNING: [Common 17-55] 'set_property' expects at least one object. [C:/Users/Aleksa/Documents/EEVengers/Firmware/Artix7_PCIe/Blink/Blink.srcs/constrs_1/new/module_io.xdc:23]
Resolution: If [get_<value>] was used to populate the object, check to make sure this command returns at least one valid object.
WARNING: [Vivado 12-584] No ports matched 'dc_cpl[2]'. [C:/Users/Aleksa/Documents/EEVengers/Firmware/Artix7_PCIe/Blink/Blink.srcs/constrs_1/new/module_io.xdc:24]
CRITICAL WARNING: [Common 17-55] 'set_property' expects at least one object. [C:/Users/Aleksa/Documents/EEVengers/Firmware/Artix7_PCIe/Blink/Blink.srcs/constrs_1/new/module_io.xdc:24]
Resolution: If [get_<value>] was used to populate the object, check to make sure this command returns at least one valid object.
WARNING: [Vivado 12-584] No ports matched 'dc_cpl[3]'. [C:/Users/Aleksa/Documents/EEVengers/Firmware/Artix7_PCIe/Blink/Blink.srcs/constrs_1/new/module_io.xdc:25]
CRITICAL WARNING: [Common 17-55] 'set_property' expects at least one object. [C:/Users/Aleksa/Documents/EEVengers/Firmware/Artix7_PCIe/Blink/Blink.srcs/constrs_1/new/module_io.xdc:25]
Resolution: If [get_<value>] was used to populate the object, check to make sure this command returns at least one valid object.
WARNING: [Vivado 12-584] No ports matched 'probe_comp'. [C:/Users/Aleksa/Documents/EEVengers/Firmware/Artix7_PCIe/Blink/Blink.srcs/constrs_1/new/module_io.xdc:27]
CRITICAL WARNING: [Common 17-55] 'set_property' expects at least one object. [C:/Users/Aleksa/Documents/EEVengers/Firmware/Artix7_PCIe/Blink/Blink.srcs/constrs_1/new/module_io.xdc:27]
Resolution: If [get_<value>] was used to populate the object, check to make sure this command returns at least one valid object.
WARNING: [Vivado 12-584] No ports matched 'adc_sclk'. [C:/Users/Aleksa/Documents/EEVengers/Firmware/Artix7_PCIe/Blink/Blink.srcs/constrs_1/new/module_io.xdc:29]
CRITICAL WARNING: [Common 17-55] 'set_property' expects at least one object. [C:/Users/Aleksa/Documents/EEVengers/Firmware/Artix7_PCIe/Blink/Blink.srcs/constrs_1/new/module_io.xdc:29]
Resolution: If [get_<value>] was used to populate the object, check to make sure this command returns at least one valid object.
WARNING: [Vivado 12-584] No ports matched 'adc_sdata'. [C:/Users/Aleksa/Documents/EEVengers/Firmware/Artix7_PCIe/Blink/Blink.srcs/constrs_1/new/module_io.xdc:30]
CRITICAL WARNING: [Common 17-55] 'set_property' expects at least one object. [C:/Users/Aleksa/Documents/EEVengers/Firmware/Artix7_PCIe/Blink/Blink.srcs/constrs_1/new/module_io.xdc:30]
Resolution: If [get_<value>] was used to populate the object, check to make sure this command returns at least one valid object.
WARNING: [Vivado 12-584] No ports matched 'osc_oe'. [C:/Users/Aleksa/Documents/EEVengers/Firmware/Artix7_PCIe/Blink/Blink.srcs/constrs_1/new/module_io.xdc:34]
CRITICAL WARNING: [Common 17-55] 'set_property' expects at least one object. [C:/Users/Aleksa/Documents/EEVengers/Firmware/Artix7_PCIe/Blink/Blink.srcs/constrs_1/new/module_io.xdc:34]
Resolution: If [get_<value>] was used to populate the object, check to make sure this command returns at least one valid object.
WARNING: [Vivado 12-584] No ports matched 'i2c_sda'. [C:/Users/Aleksa/Documents/EEVengers/Firmware/Artix7_PCIe/Blink/Blink.srcs/constrs_1/new/module_io.xdc:40]
CRITICAL WARNING: [Common 17-55] 'set_property' expects at least one object. [C:/Users/Aleksa/Documents/EEVengers/Firmware/Artix7_PCIe/Blink/Blink.srcs/constrs_1/new/module_io.xdc:40]
Resolution: If [get_<value>] was used to populate the object, check to make sure this command returns at least one valid object.
WARNING: [Vivado 12-584] No ports matched 'i2c_scl'. [C:/Users/Aleksa/Documents/EEVengers/Firmware/Artix7_PCIe/Blink/Blink.srcs/constrs_1/new/module_io.xdc:41]
CRITICAL WARNING: [Common 17-55] 'set_property' expects at least one object. [C:/Users/Aleksa/Documents/EEVengers/Firmware/Artix7_PCIe/Blink/Blink.srcs/constrs_1/new/module_io.xdc:41]
Resolution: If [get_<value>] was used to populate the object, check to make sure this command returns at least one valid object.
WARNING: [Vivado 12-584] No ports matched 'adc_pd'. [C:/Users/Aleksa/Documents/EEVengers/Firmware/Artix7_PCIe/Blink/Blink.srcs/constrs_1/new/module_io.xdc:43]
CRITICAL WARNING: [Common 17-55] 'set_property' expects at least one object. [C:/Users/Aleksa/Documents/EEVengers/Firmware/Artix7_PCIe/Blink/Blink.srcs/constrs_1/new/module_io.xdc:43]
Resolution: If [get_<value>] was used to populate the object, check to make sure this command returns at least one valid object.
WARNING: [Vivado 12-584] No ports matched 'adc_rstn'. [C:/Users/Aleksa/Documents/EEVengers/Firmware/Artix7_PCIe/Blink/Blink.srcs/constrs_1/new/module_io.xdc:45]
CRITICAL WARNING: [Common 17-55] 'set_property' expects at least one object. [C:/Users/Aleksa/Documents/EEVengers/Firmware/Artix7_PCIe/Blink/Blink.srcs/constrs_1/new/module_io.xdc:45]
Resolution: If [get_<value>] was used to populate the object, check to make sure this command returns at least one valid object.
WARNING: [Vivado 12-584] No ports matched 'adc_cs'. [C:/Users/Aleksa/Documents/EEVengers/Firmware/Artix7_PCIe/Blink/Blink.srcs/constrs_1/new/module_io.xdc:47]
CRITICAL WARNING: [Common 17-55] 'set_property' expects at least one object. [C:/Users/Aleksa/Documents/EEVengers/Firmware/Artix7_PCIe/Blink/Blink.srcs/constrs_1/new/module_io.xdc:47]
Resolution: If [get_<value>] was used to populate the object, check to make sure this command returns at least one valid object.
WARNING: [Vivado 12-584] No ports matched 'adc_lclk_p'. [C:/Users/Aleksa/Documents/EEVengers/Firmware/Artix7_PCIe/Blink/Blink.srcs/constrs_1/new/module_io.xdc:55]
CRITICAL WARNING: [Common 17-55] 'set_property' expects at least one object. [C:/Users/Aleksa/Documents/EEVengers/Firmware/Artix7_PCIe/Blink/Blink.srcs/constrs_1/new/module_io.xdc:55]
Resolution: If [get_<value>] was used to populate the object, check to make sure this command returns at least one valid object.
WARNING: [Vivado 12-584] No ports matched 'adc_lclk_n'. [C:/Users/Aleksa/Documents/EEVengers/Firmware/Artix7_PCIe/Blink/Blink.srcs/constrs_1/new/module_io.xdc:56]
CRITICAL WARNING: [Common 17-55] 'set_property' expects at least one object. [C:/Users/Aleksa/Documents/EEVengers/Firmware/Artix7_PCIe/Blink/Blink.srcs/constrs_1/new/module_io.xdc:56]
Resolution: If [get_<value>] was used to populate the object, check to make sure this command returns at least one valid object.
WARNING: [Vivado 12-584] No ports matched 'adc_fclk_p'. [C:/Users/Aleksa/Documents/EEVengers/Firmware/Artix7_PCIe/Blink/Blink.srcs/constrs_1/new/module_io.xdc:58]
CRITICAL WARNING: [Common 17-55] 'set_property' expects at least one object. [C:/Users/Aleksa/Documents/EEVengers/Firmware/Artix7_PCIe/Blink/Blink.srcs/constrs_1/new/module_io.xdc:58]
Resolution: If [get_<value>] was used to populate the object, check to make sure this command returns at least one valid object.
WARNING: [Vivado 12-584] No ports matched 'adc_fclk_n'. [C:/Users/Aleksa/Documents/EEVengers/Firmware/Artix7_PCIe/Blink/Blink.srcs/constrs_1/new/module_io.xdc:59]
CRITICAL WARNING: [Common 17-55] 'set_property' expects at least one object. [C:/Users/Aleksa/Documents/EEVengers/Firmware/Artix7_PCIe/Blink/Blink.srcs/constrs_1/new/module_io.xdc:59]
Resolution: If [get_<value>] was used to populate the object, check to make sure this command returns at least one valid object.
WARNING: [Vivado 12-584] No ports matched 'adc_data_p[0]'. [C:/Users/Aleksa/Documents/EEVengers/Firmware/Artix7_PCIe/Blink/Blink.srcs/constrs_1/new/module_io.xdc:62]
CRITICAL WARNING: [Common 17-55] 'set_property' expects at least one object. [C:/Users/Aleksa/Documents/EEVengers/Firmware/Artix7_PCIe/Blink/Blink.srcs/constrs_1/new/module_io.xdc:62]
Resolution: If [get_<value>] was used to populate the object, check to make sure this command returns at least one valid object.
WARNING: [Vivado 12-584] No ports matched 'adc_data_n[0]'. [C:/Users/Aleksa/Documents/EEVengers/Firmware/Artix7_PCIe/Blink/Blink.srcs/constrs_1/new/module_io.xdc:63]
CRITICAL WARNING: [Common 17-55] 'set_property' expects at least one object. [C:/Users/Aleksa/Documents/EEVengers/Firmware/Artix7_PCIe/Blink/Blink.srcs/constrs_1/new/module_io.xdc:63]
Resolution: If [get_<value>] was used to populate the object, check to make sure this command returns at least one valid object.
WARNING: [Vivado 12-584] No ports matched 'adc_data_p[1]'. [C:/Users/Aleksa/Documents/EEVengers/Firmware/Artix7_PCIe/Blink/Blink.srcs/constrs_1/new/module_io.xdc:66]
CRITICAL WARNING: [Common 17-55] 'set_property' expects at least one object. [C:/Users/Aleksa/Documents/EEVengers/Firmware/Artix7_PCIe/Blink/Blink.srcs/constrs_1/new/module_io.xdc:66]
Resolution: If [get_<value>] was used to populate the object, check to make sure this command returns at least one valid object.
WARNING: [Vivado 12-584] No ports matched 'adc_data_n[1]'. [C:/Users/Aleksa/Documents/EEVengers/Firmware/Artix7_PCIe/Blink/Blink.srcs/constrs_1/new/module_io.xdc:67]
CRITICAL WARNING: [Common 17-55] 'set_property' expects at least one object. [C:/Users/Aleksa/Documents/EEVengers/Firmware/Artix7_PCIe/Blink/Blink.srcs/constrs_1/new/module_io.xdc:67]
Resolution: If [get_<value>] was used to populate the object, check to make sure this command returns at least one valid object.
WARNING: [Vivado 12-584] No ports matched 'adc_data_p[2]'. [C:/Users/Aleksa/Documents/EEVengers/Firmware/Artix7_PCIe/Blink/Blink.srcs/constrs_1/new/module_io.xdc:70]
CRITICAL WARNING: [Common 17-55] 'set_property' expects at least one object. [C:/Users/Aleksa/Documents/EEVengers/Firmware/Artix7_PCIe/Blink/Blink.srcs/constrs_1/new/module_io.xdc:70]
Resolution: If [get_<value>] was used to populate the object, check to make sure this command returns at least one valid object.
WARNING: [Vivado 12-584] No ports matched 'adc_data_n[2]'. [C:/Users/Aleksa/Documents/EEVengers/Firmware/Artix7_PCIe/Blink/Blink.srcs/constrs_1/new/module_io.xdc:71]
CRITICAL WARNING: [Common 17-55] 'set_property' expects at least one object. [C:/Users/Aleksa/Documents/EEVengers/Firmware/Artix7_PCIe/Blink/Blink.srcs/constrs_1/new/module_io.xdc:71]
Resolution: If [get_<value>] was used to populate the object, check to make sure this command returns at least one valid object.
WARNING: [Vivado 12-584] No ports matched 'adc_data_p[3]'. [C:/Users/Aleksa/Documents/EEVengers/Firmware/Artix7_PCIe/Blink/Blink.srcs/constrs_1/new/module_io.xdc:74]
CRITICAL WARNING: [Common 17-55] 'set_property' expects at least one object. [C:/Users/Aleksa/Documents/EEVengers/Firmware/Artix7_PCIe/Blink/Blink.srcs/constrs_1/new/module_io.xdc:74]
Resolution: If [get_<value>] was used to populate the object, check to make sure this command returns at least one valid object.
WARNING: [Vivado 12-584] No ports matched 'adc_data_n[3]'. [C:/Users/Aleksa/Documents/EEVengers/Firmware/Artix7_PCIe/Blink/Blink.srcs/constrs_1/new/module_io.xdc:75]
CRITICAL WARNING: [Common 17-55] 'set_property' expects at least one object. [C:/Users/Aleksa/Documents/EEVengers/Firmware/Artix7_PCIe/Blink/Blink.srcs/constrs_1/new/module_io.xdc:75]
Resolution: If [get_<value>] was used to populate the object, check to make sure this command returns at least one valid object.
WARNING: [Vivado 12-584] No ports matched 'adc_data_p[4]'. [C:/Users/Aleksa/Documents/EEVengers/Firmware/Artix7_PCIe/Blink/Blink.srcs/constrs_1/new/module_io.xdc:78]
CRITICAL WARNING: [Common 17-55] 'set_property' expects at least one object. [C:/Users/Aleksa/Documents/EEVengers/Firmware/Artix7_PCIe/Blink/Blink.srcs/constrs_1/new/module_io.xdc:78]
Resolution: If [get_<value>] was used to populate the object, check to make sure this command returns at least one valid object.
WARNING: [Vivado 12-584] No ports matched 'adc_data_n[4]'. [C:/Users/Aleksa/Documents/EEVengers/Firmware/Artix7_PCIe/Blink/Blink.srcs/constrs_1/new/module_io.xdc:79]
CRITICAL WARNING: [Common 17-55] 'set_property' expects at least one object. [C:/Users/Aleksa/Documents/EEVengers/Firmware/Artix7_PCIe/Blink/Blink.srcs/constrs_1/new/module_io.xdc:79]
Resolution: If [get_<value>] was used to populate the object, check to make sure this command returns at least one valid object.
WARNING: [Vivado 12-584] No ports matched 'adc_data_p[5]'. [C:/Users/Aleksa/Documents/EEVengers/Firmware/Artix7_PCIe/Blink/Blink.srcs/constrs_1/new/module_io.xdc:82]
CRITICAL WARNING: [Common 17-55] 'set_property' expects at least one object. [C:/Users/Aleksa/Documents/EEVengers/Firmware/Artix7_PCIe/Blink/Blink.srcs/constrs_1/new/module_io.xdc:82]
Resolution: If [get_<value>] was used to populate the object, check to make sure this command returns at least one valid object.
WARNING: [Vivado 12-584] No ports matched 'adc_data_n[5]'. [C:/Users/Aleksa/Documents/EEVengers/Firmware/Artix7_PCIe/Blink/Blink.srcs/constrs_1/new/module_io.xdc:83]
CRITICAL WARNING: [Common 17-55] 'set_property' expects at least one object. [C:/Users/Aleksa/Documents/EEVengers/Firmware/Artix7_PCIe/Blink/Blink.srcs/constrs_1/new/module_io.xdc:83]
Resolution: If [get_<value>] was used to populate the object, check to make sure this command returns at least one valid object.
WARNING: [Vivado 12-584] No ports matched 'adc_data_p[6]'. [C:/Users/Aleksa/Documents/EEVengers/Firmware/Artix7_PCIe/Blink/Blink.srcs/constrs_1/new/module_io.xdc:86]
CRITICAL WARNING: [Common 17-55] 'set_property' expects at least one object. [C:/Users/Aleksa/Documents/EEVengers/Firmware/Artix7_PCIe/Blink/Blink.srcs/constrs_1/new/module_io.xdc:86]
Resolution: If [get_<value>] was used to populate the object, check to make sure this command returns at least one valid object.
WARNING: [Vivado 12-584] No ports matched 'adc_data_n[6]'. [C:/Users/Aleksa/Documents/EEVengers/Firmware/Artix7_PCIe/Blink/Blink.srcs/constrs_1/new/module_io.xdc:87]
CRITICAL WARNING: [Common 17-55] 'set_property' expects at least one object. [C:/Users/Aleksa/Documents/EEVengers/Firmware/Artix7_PCIe/Blink/Blink.srcs/constrs_1/new/module_io.xdc:87]
Resolution: If [get_<value>] was used to populate the object, check to make sure this command returns at least one valid object.
WARNING: [Vivado 12-584] No ports matched 'adc_data_p[7]'. [C:/Users/Aleksa/Documents/EEVengers/Firmware/Artix7_PCIe/Blink/Blink.srcs/constrs_1/new/module_io.xdc:90]
CRITICAL WARNING: [Common 17-55] 'set_property' expects at least one object. [C:/Users/Aleksa/Documents/EEVengers/Firmware/Artix7_PCIe/Blink/Blink.srcs/constrs_1/new/module_io.xdc:90]
Resolution: If [get_<value>] was used to populate the object, check to make sure this command returns at least one valid object.
WARNING: [Vivado 12-584] No ports matched 'adc_data_n[7]'. [C:/Users/Aleksa/Documents/EEVengers/Firmware/Artix7_PCIe/Blink/Blink.srcs/constrs_1/new/module_io.xdc:91]
CRITICAL WARNING: [Common 17-55] 'set_property' expects at least one object. [C:/Users/Aleksa/Documents/EEVengers/Firmware/Artix7_PCIe/Blink/Blink.srcs/constrs_1/new/module_io.xdc:91]
Resolution: If [get_<value>] was used to populate the object, check to make sure this command returns at least one valid object.
WARNING: [Vivado 12-584] No ports matched 'pcie_mgt_rxp[0]'. [C:/Users/Aleksa/Documents/EEVengers/Firmware/Artix7_PCIe/Blink/Blink.srcs/constrs_1/new/module_io.xdc:98]
CRITICAL WARNING: [Common 17-55] 'set_property' expects at least one object. [C:/Users/Aleksa/Documents/EEVengers/Firmware/Artix7_PCIe/Blink/Blink.srcs/constrs_1/new/module_io.xdc:98]
Resolution: If [get_<value>] was used to populate the object, check to make sure this command returns at least one valid object.
WARNING: [Vivado 12-584] No ports matched 'pcie_mgt_rxn[0]'. [C:/Users/Aleksa/Documents/EEVengers/Firmware/Artix7_PCIe/Blink/Blink.srcs/constrs_1/new/module_io.xdc:99]
CRITICAL WARNING: [Common 17-55] 'set_property' expects at least one object. [C:/Users/Aleksa/Documents/EEVengers/Firmware/Artix7_PCIe/Blink/Blink.srcs/constrs_1/new/module_io.xdc:99]
Resolution: If [get_<value>] was used to populate the object, check to make sure this command returns at least one valid object.
WARNING: [Vivado 12-584] No ports matched 'pcie_mgt_txp[0]'. [C:/Users/Aleksa/Documents/EEVengers/Firmware/Artix7_PCIe/Blink/Blink.srcs/constrs_1/new/module_io.xdc:100]
CRITICAL WARNING: [Common 17-55] 'set_property' expects at least one object. [C:/Users/Aleksa/Documents/EEVengers/Firmware/Artix7_PCIe/Blink/Blink.srcs/constrs_1/new/module_io.xdc:100]
Resolution: If [get_<value>] was used to populate the object, check to make sure this command returns at least one valid object.
WARNING: [Vivado 12-584] No ports matched 'pcie_mgt_txn[0]'. [C:/Users/Aleksa/Documents/EEVengers/Firmware/Artix7_PCIe/Blink/Blink.srcs/constrs_1/new/module_io.xdc:101]
CRITICAL WARNING: [Common 17-55] 'set_property' expects at least one object. [C:/Users/Aleksa/Documents/EEVengers/Firmware/Artix7_PCIe/Blink/Blink.srcs/constrs_1/new/module_io.xdc:101]
Resolution: If [get_<value>] was used to populate the object, check to make sure this command returns at least one valid object.
WARNING: [Vivado 12-584] No ports matched 'pcie_mgt_rxp[1]'. [C:/Users/Aleksa/Documents/EEVengers/Firmware/Artix7_PCIe/Blink/Blink.srcs/constrs_1/new/module_io.xdc:104]
CRITICAL WARNING: [Common 17-55] 'set_property' expects at least one object. [C:/Users/Aleksa/Documents/EEVengers/Firmware/Artix7_PCIe/Blink/Blink.srcs/constrs_1/new/module_io.xdc:104]
Resolution: If [get_<value>] was used to populate the object, check to make sure this command returns at least one valid object.
WARNING: [Vivado 12-584] No ports matched 'pcie_mgt_rxn[1]'. [C:/Users/Aleksa/Documents/EEVengers/Firmware/Artix7_PCIe/Blink/Blink.srcs/constrs_1/new/module_io.xdc:105]
CRITICAL WARNING: [Common 17-55] 'set_property' expects at least one object. [C:/Users/Aleksa/Documents/EEVengers/Firmware/Artix7_PCIe/Blink/Blink.srcs/constrs_1/new/module_io.xdc:105]
Resolution: If [get_<value>] was used to populate the object, check to make sure this command returns at least one valid object.
WARNING: [Vivado 12-584] No ports matched 'pcie_mgt_txp[1]'. [C:/Users/Aleksa/Documents/EEVengers/Firmware/Artix7_PCIe/Blink/Blink.srcs/constrs_1/new/module_io.xdc:106]
CRITICAL WARNING: [Common 17-55] 'set_property' expects at least one object. [C:/Users/Aleksa/Documents/EEVengers/Firmware/Artix7_PCIe/Blink/Blink.srcs/constrs_1/new/module_io.xdc:106]
Resolution: If [get_<value>] was used to populate the object, check to make sure this command returns at least one valid object.
WARNING: [Vivado 12-584] No ports matched 'pcie_mgt_txn[1]'. [C:/Users/Aleksa/Documents/EEVengers/Firmware/Artix7_PCIe/Blink/Blink.srcs/constrs_1/new/module_io.xdc:107]
CRITICAL WARNING: [Common 17-55] 'set_property' expects at least one object. [C:/Users/Aleksa/Documents/EEVengers/Firmware/Artix7_PCIe/Blink/Blink.srcs/constrs_1/new/module_io.xdc:107]
Resolution: If [get_<value>] was used to populate the object, check to make sure this command returns at least one valid object.
WARNING: [Vivado 12-584] No ports matched 'pcie_mgt_rxp[2]'. [C:/Users/Aleksa/Documents/EEVengers/Firmware/Artix7_PCIe/Blink/Blink.srcs/constrs_1/new/module_io.xdc:110]
CRITICAL WARNING: [Common 17-55] 'set_property' expects at least one object. [C:/Users/Aleksa/Documents/EEVengers/Firmware/Artix7_PCIe/Blink/Blink.srcs/constrs_1/new/module_io.xdc:110]
Resolution: If [get_<value>] was used to populate the object, check to make sure this command returns at least one valid object.
WARNING: [Vivado 12-584] No ports matched 'pcie_mgt_rxn[2]'. [C:/Users/Aleksa/Documents/EEVengers/Firmware/Artix7_PCIe/Blink/Blink.srcs/constrs_1/new/module_io.xdc:111]
CRITICAL WARNING: [Common 17-55] 'set_property' expects at least one object. [C:/Users/Aleksa/Documents/EEVengers/Firmware/Artix7_PCIe/Blink/Blink.srcs/constrs_1/new/module_io.xdc:111]
Resolution: If [get_<value>] was used to populate the object, check to make sure this command returns at least one valid object.
WARNING: [Vivado 12-584] No ports matched 'pcie_mgt_txp[2]'. [C:/Users/Aleksa/Documents/EEVengers/Firmware/Artix7_PCIe/Blink/Blink.srcs/constrs_1/new/module_io.xdc:112]
CRITICAL WARNING: [Common 17-55] 'set_property' expects at least one object. [C:/Users/Aleksa/Documents/EEVengers/Firmware/Artix7_PCIe/Blink/Blink.srcs/constrs_1/new/module_io.xdc:112]
Resolution: If [get_<value>] was used to populate the object, check to make sure this command returns at least one valid object.
WARNING: [Vivado 12-584] No ports matched 'pcie_mgt_txn[2]'. [C:/Users/Aleksa/Documents/EEVengers/Firmware/Artix7_PCIe/Blink/Blink.srcs/constrs_1/new/module_io.xdc:113]
CRITICAL WARNING: [Common 17-55] 'set_property' expects at least one object. [C:/Users/Aleksa/Documents/EEVengers/Firmware/Artix7_PCIe/Blink/Blink.srcs/constrs_1/new/module_io.xdc:113]
Resolution: If [get_<value>] was used to populate the object, check to make sure this command returns at least one valid object.
WARNING: [Vivado 12-584] No ports matched 'pcie_mgt_rxp[3]'. [C:/Users/Aleksa/Documents/EEVengers/Firmware/Artix7_PCIe/Blink/Blink.srcs/constrs_1/new/module_io.xdc:116]
CRITICAL WARNING: [Common 17-55] 'set_property' expects at least one object. [C:/Users/Aleksa/Documents/EEVengers/Firmware/Artix7_PCIe/Blink/Blink.srcs/constrs_1/new/module_io.xdc:116]
Resolution: If [get_<value>] was used to populate the object, check to make sure this command returns at least one valid object.
WARNING: [Vivado 12-584] No ports matched 'pcie_mgt_rxn[3]'. [C:/Users/Aleksa/Documents/EEVengers/Firmware/Artix7_PCIe/Blink/Blink.srcs/constrs_1/new/module_io.xdc:117]
CRITICAL WARNING: [Common 17-55] 'set_property' expects at least one object. [C:/Users/Aleksa/Documents/EEVengers/Firmware/Artix7_PCIe/Blink/Blink.srcs/constrs_1/new/module_io.xdc:117]
Resolution: If [get_<value>] was used to populate the object, check to make sure this command returns at least one valid object.
WARNING: [Vivado 12-584] No ports matched 'pcie_mgt_txp[3]'. [C:/Users/Aleksa/Documents/EEVengers/Firmware/Artix7_PCIe/Blink/Blink.srcs/constrs_1/new/module_io.xdc:118]
CRITICAL WARNING: [Common 17-55] 'set_property' expects at least one object. [C:/Users/Aleksa/Documents/EEVengers/Firmware/Artix7_PCIe/Blink/Blink.srcs/constrs_1/new/module_io.xdc:118]
Resolution: If [get_<value>] was used to populate the object, check to make sure this command returns at least one valid object.
WARNING: [Vivado 12-584] No ports matched 'pcie_mgt_txn[3]'. [C:/Users/Aleksa/Documents/EEVengers/Firmware/Artix7_PCIe/Blink/Blink.srcs/constrs_1/new/module_io.xdc:119]
CRITICAL WARNING: [Common 17-55] 'set_property' expects at least one object. [C:/Users/Aleksa/Documents/EEVengers/Firmware/Artix7_PCIe/Blink/Blink.srcs/constrs_1/new/module_io.xdc:119]
Resolution: If [get_<value>] was used to populate the object, check to make sure this command returns at least one valid object.
WARNING: [Vivado 12-584] No ports matched 'pcie_clk_p'. [C:/Users/Aleksa/Documents/EEVengers/Firmware/Artix7_PCIe/Blink/Blink.srcs/constrs_1/new/module_io.xdc:122]
CRITICAL WARNING: [Common 17-55] 'set_property' expects at least one object. [C:/Users/Aleksa/Documents/EEVengers/Firmware/Artix7_PCIe/Blink/Blink.srcs/constrs_1/new/module_io.xdc:122]
Resolution: If [get_<value>] was used to populate the object, check to make sure this command returns at least one valid object.
WARNING: [Vivado 12-584] No ports matched 'pcie_clk_n'. [C:/Users/Aleksa/Documents/EEVengers/Firmware/Artix7_PCIe/Blink/Blink.srcs/constrs_1/new/module_io.xdc:123]
CRITICAL WARNING: [Common 17-55] 'set_property' expects at least one object. [C:/Users/Aleksa/Documents/EEVengers/Firmware/Artix7_PCIe/Blink/Blink.srcs/constrs_1/new/module_io.xdc:123]
Resolution: If [get_<value>] was used to populate the object, check to make sure this command returns at least one valid object.
WARNING: [Vivado 12-584] No ports matched 'pcie_perstn'. [C:/Users/Aleksa/Documents/EEVengers/Firmware/Artix7_PCIe/Blink/Blink.srcs/constrs_1/new/module_io.xdc:126]
CRITICAL WARNING: [Common 17-55] 'set_property' expects at least one object. [C:/Users/Aleksa/Documents/EEVengers/Firmware/Artix7_PCIe/Blink/Blink.srcs/constrs_1/new/module_io.xdc:126]
Resolution: If [get_<value>] was used to populate the object, check to make sure this command returns at least one valid object.
Finished Parsing XDC File [C:/Users/Aleksa/Documents/EEVengers/Firmware/Artix7_PCIe/Blink/Blink.srcs/constrs_1/new/module_io.xdc]
INFO: [Opt 31-138] Pushed 0 inverter(s) to 0 load pin(s).
Netlist sorting complete. Time (s): cpu = 00:00:00 ; elapsed = 00:00:00 . Memory (MB): peak = 1004.797 ; gain = 0.000
INFO: [Project 1-111] Unisim Transformation Summary:
No Unisim elements were transformed.

7 Infos, 62 Warnings, 62 Critical Warnings and 0 Errors encountered.
link_design completed successfully
link_design: Time (s): cpu = 00:00:06 ; elapsed = 00:00:06 . Memory (MB): peak = 1004.797 ; gain = 0.000
Command: opt_design
Attempting to get a license for feature 'Implementation' and/or device 'xc7a100t'
INFO: [Common 17-349] Got license for feature 'Implementation' and/or device 'xc7a100t'
Running DRC as a precondition to command opt_design

Starting DRC Task
INFO: [DRC 23-27] Running DRC with 2 threads
INFO: [Project 1-461] DRC finished with 0 Errors
INFO: [Project 1-462] Please refer to the DRC report (report_drc) for more information.

Time (s): cpu = 00:00:01 ; elapsed = 00:00:00.769 . Memory (MB): peak = 1004.797 ; gain = 0.000

Starting Cache Timing Information Task
INFO: [Timing 38-35] Done setting XDC timing constraints.
Ending Cache Timing Information Task | Checksum: 162c55a48

Time (s): cpu = 00:00:06 ; elapsed = 00:00:06 . Memory (MB): peak = 1227.625 ; gain = 222.828

Starting Logic Optimization Task

Phase 1 Retarget
INFO: [Opt 31-138] Pushed 0 inverter(s) to 0 load pin(s).
INFO: [Opt 31-49] Retargeted 0 cell(s).
Phase 1 Retarget | Checksum: 162c55a48

Time (s): cpu = 00:00:00 ; elapsed = 00:00:00.005 . Memory (MB): peak = 1440.617 ; gain = 0.000
INFO: [Opt 31-389] Phase Retarget created 0 cells and removed 0 cells

Phase 2 Constant propagation
INFO: [Opt 31-138] Pushed 0 inverter(s) to 0 load pin(s).
Phase 2 Constant propagation | Checksum: 162c55a48

Time (s): cpu = 00:00:00 ; elapsed = 00:00:00.007 . Memory (MB): peak = 1440.617 ; gain = 0.000
INFO: [Opt 31-389] Phase Constant propagation created 0 cells and removed 0 cells

Phase 3 Sweep
Phase 3 Sweep | Checksum: 15aa60ec2

Time (s): cpu = 00:00:00 ; elapsed = 00:00:00.009 . Memory (MB): peak = 1440.617 ; gain = 0.000
INFO: [Opt 31-389] Phase Sweep created 0 cells and removed 0 cells

Phase 4 BUFG optimization
Phase 4 BUFG optimization | Checksum: 15aa60ec2

Time (s): cpu = 00:00:00 ; elapsed = 00:00:00.012 . Memory (MB): peak = 1440.617 ; gain = 0.000
INFO: [Opt 31-662] Phase BUFG optimization created 0 cells of which 0 are BUFGs and removed 0 cells.

Phase 5 Shift Register Optimization
INFO: [Opt 31-1064] SRL Remap converted 0 SRLs to 0 registers and converted 0 registers of register chains to 0 SRLs
Phase 5 Shift Register Optimization | Checksum: 15aa60ec2

Time (s): cpu = 00:00:00 ; elapsed = 00:00:00.012 . Memory (MB): peak = 1440.617 ; gain = 0.000
INFO: [Opt 31-389] Phase Shift Register Optimization created 0 cells and removed 0 cells

Phase 6 Post Processing Netlist
Phase 6 Post Processing Netlist | Checksum: 15aa60ec2

Time (s): cpu = 00:00:00 ; elapsed = 00:00:00.013 . Memory (MB): peak = 1440.617 ; gain = 0.000
INFO: [Opt 31-389] Phase Post Processing Netlist created 0 cells and removed 0 cells
Opt_design Change Summary
=========================


-------------------------------------------------------------------------------------------------------------------------
|  Phase                        |  #Cells created  |  #Cells Removed  |  #Constrained objects preventing optimizations  |
-------------------------------------------------------------------------------------------------------------------------
|  Retarget                     |               0  |               0  |                                              0  |
|  Constant propagation         |               0  |               0  |                                              0  |
|  Sweep                        |               0  |               0  |                                              0  |
|  BUFG optimization            |               0  |               0  |                                              0  |
|  Shift Register Optimization  |               0  |               0  |                                              0  |
|  Post Processing Netlist      |               0  |               0  |                                              0  |
-------------------------------------------------------------------------------------------------------------------------



Starting Connectivity Check Task

Time (s): cpu = 00:00:00 ; elapsed = 00:00:00.001 . Memory (MB): peak = 1440.617 ; gain = 0.000
Ending Logic Optimization Task | Checksum: 1f3d6cf2b

Time (s): cpu = 00:00:00 ; elapsed = 00:00:00.019 . Memory (MB): peak = 1440.617 ; gain = 0.000

Starting Power Optimization Task
INFO: [Pwropt 34-132] Skipping clock gating for clocks with a period < 2.00 ns.
Ending Power Optimization Task | Checksum: 1f3d6cf2b

Time (s): cpu = 00:00:00 ; elapsed = 00:00:00.006 . Memory (MB): peak = 1440.617 ; gain = 0.000

Starting Final Cleanup Task
Ending Final Cleanup Task | Checksum: 1f3d6cf2b

Time (s): cpu = 00:00:00 ; elapsed = 00:00:00 . Memory (MB): peak = 1440.617 ; gain = 0.000

Starting Netlist Obfuscation Task
Netlist sorting complete. Time (s): cpu = 00:00:00 ; elapsed = 00:00:00 . Memory (MB): peak = 1440.617 ; gain = 0.000
Ending Netlist Obfuscation Task | Checksum: 1f3d6cf2b

Time (s): cpu = 00:00:00 ; elapsed = 00:00:00 . Memory (MB): peak = 1440.617 ; gain = 0.000
INFO: [Common 17-83] Releasing license: Implementation
24 Infos, 62 Warnings, 62 Critical Warnings and 0 Errors encountered.
opt_design completed successfully
opt_design: Time (s): cpu = 00:00:09 ; elapsed = 00:00:09 . Memory (MB): peak = 1440.617 ; gain = 435.820
INFO: [Timing 38-480] Writing timing data to binary archive.
Writing placer database...
Writing XDEF routing.
Writing XDEF routing logical nets.
Writing XDEF routing special nets.
Write XDEF Complete: Time (s): cpu = 00:00:00 ; elapsed = 00:00:00.030 . Memory (MB): peak = 1440.617 ; gain = 0.000
INFO: [Common 17-1381] The checkpoint 'C:/Users/Aleksa/Documents/EEVengers/Firmware/Artix7_PCIe/Blink/Blink.runs/impl_1/blink_opt.dcp' has been generated.
INFO: [runtcl-4] Executing : report_drc -file blink_drc_opted.rpt -pb blink_drc_opted.pb -rpx blink_drc_opted.rpx
Command: report_drc -file blink_drc_opted.rpt -pb blink_drc_opted.pb -rpx blink_drc_opted.rpx
INFO: [IP_Flow 19-234] Refreshing IP repositories
INFO: [IP_Flow 19-1704] No user IP repositories specified
INFO: [IP_Flow 19-2313] Loaded Vivado IP repository 'C:/Xilinx/Vivado/2020.2/data/ip'.
INFO: [Timing 38-35] Done setting XDC timing constraints.
INFO: [DRC 23-27] Running DRC with 2 threads
INFO: [Coretcl 2-168] The results of DRC are in file C:/Users/Aleksa/Documents/EEVengers/Firmware/Artix7_PCIe/Blink/Blink.runs/impl_1/blink_drc_opted.rpt.
report_drc completed successfully
Command: place_design
Attempting to get a license for feature 'Implementation' and/or device 'xc7a100t'
INFO: [Common 17-349] Got license for feature 'Implementation' and/or device 'xc7a100t'
INFO: [DRC 23-27] Running DRC with 2 threads
INFO: [Vivado_Tcl 4-198] DRC finished with 0 Errors
INFO: [Vivado_Tcl 4-199] Please refer to the DRC report (report_drc) for more information.
Running DRC as a precondition to command place_design
INFO: [DRC 23-27] Running DRC with 2 threads
INFO: [Vivado_Tcl 4-198] DRC finished with 0 Errors
INFO: [Vivado_Tcl 4-199] Please refer to the DRC report (report_drc) for more information.

Starting Placer Task
INFO: [Place 30-611] Multithreading enabled for place_design using a maximum of 2 CPUs

Phase 1 Placer Initialization

Phase 1.1 Placer Initialization Netlist Sorting
Netlist sorting complete. Time (s): cpu = 00:00:00 ; elapsed = 00:00:00 . Memory (MB): peak = 1485.691 ; gain = 0.000
Phase 1.1 Placer Initialization Netlist Sorting | Checksum: 1974728f0

Time (s): cpu = 00:00:00 ; elapsed = 00:00:00.004 . Memory (MB): peak = 1485.691 ; gain = 0.000
Netlist sorting complete. Time (s): cpu = 00:00:00 ; elapsed = 00:00:00 . Memory (MB): peak = 1485.691 ; gain = 0.000

Phase 1.2 IO Placement/ Clock Placement/ Build Placer Device
Phase 1.2 IO Placement/ Clock Placement/ Build Placer Device | Checksum: 11bbcf2bc

Time (s): cpu = 00:00:00 ; elapsed = 00:00:00.303 . Memory (MB): peak = 1485.691 ; gain = 0.000

Phase 1.3 Build Placer Netlist Model
Phase 1.3 Build Placer Netlist Model | Checksum: 1b9a4d7d7

Time (s): cpu = 00:00:00 ; elapsed = 00:00:00.318 . Memory (MB): peak = 1485.691 ; gain = 0.000

Phase 1.4 Constrain Clocks/Macros
Phase 1.4 Constrain Clocks/Macros | Checksum: 1b9a4d7d7

Time (s): cpu = 00:00:00 ; elapsed = 00:00:00.321 . Memory (MB): peak = 1485.691 ; gain = 0.000
Phase 1 Placer Initialization | Checksum: 1b9a4d7d7

Time (s): cpu = 00:00:00 ; elapsed = 00:00:00.330 . Memory (MB): peak = 1485.691 ; gain = 0.000

Phase 2 Global Placement

Phase 2.1 Floorplanning
Phase 2.1 Floorplanning | Checksum: 1b9a4d7d7

Time (s): cpu = 00:00:00 ; elapsed = 00:00:00.340 . Memory (MB): peak = 1485.691 ; gain = 0.000

Phase 2.2 Update Timing before SLR Path Opt
Phase 2.2 Update Timing before SLR Path Opt | Checksum: 1b9a4d7d7

Time (s): cpu = 00:00:00 ; elapsed = 00:00:00.340 . Memory (MB): peak = 1485.691 ; gain = 0.000

Phase 2.3 Global Placement Core
WARNING: [Place 46-29] place_design is not in timing mode. Skip physical synthesis in placer
Phase 2.3 Global Placement Core | Checksum: 1f135f845

Time (s): cpu = 00:00:01 ; elapsed = 00:00:00.878 . Memory (MB): peak = 1485.691 ; gain = 0.000
Phase 2 Global Placement | Checksum: 1f135f845

Time (s): cpu = 00:00:01 ; elapsed = 00:00:00.881 . Memory (MB): peak = 1485.691 ; gain = 0.000

Phase 3 Detail Placement

Phase 3.1 Commit Multi Column Macros
Phase 3.1 Commit Multi Column Macros | Checksum: 1f135f845

Time (s): cpu = 00:00:01 ; elapsed = 00:00:00.884 . Memory (MB): peak = 1485.691 ; gain = 0.000

Phase 3.2 Commit Most Macros & LUTRAMs
Phase 3.2 Commit Most Macros & LUTRAMs | Checksum: 18da78622

Time (s): cpu = 00:00:01 ; elapsed = 00:00:00.891 . Memory (MB): peak = 1485.691 ; gain = 0.000

Phase 3.3 Area Swap Optimization
Phase 3.3 Area Swap Optimization | Checksum: 19790ec4d

Time (s): cpu = 00:00:01 ; elapsed = 00:00:00.900 . Memory (MB): peak = 1485.691 ; gain = 0.000

Phase 3.4 Pipeline Register Optimization
Phase 3.4 Pipeline Register Optimization | Checksum: 19790ec4d

Time (s): cpu = 00:00:01 ; elapsed = 00:00:00.901 . Memory (MB): peak = 1485.691 ; gain = 0.000

Phase 3.5 Small Shape Detail Placement
Phase 3.5 Small Shape Detail Placement | Checksum: 185867420

Time (s): cpu = 00:00:01 ; elapsed = 00:00:01 . Memory (MB): peak = 1485.691 ; gain = 0.000

Phase 3.6 Re-assign LUT pins
Phase 3.6 Re-assign LUT pins | Checksum: 185867420

Time (s): cpu = 00:00:01 ; elapsed = 00:00:01 . Memory (MB): peak = 1485.691 ; gain = 0.000

Phase 3.7 Pipeline Register Optimization
Phase 3.7 Pipeline Register Optimization | Checksum: 185867420

Time (s): cpu = 00:00:01 ; elapsed = 00:00:01 . Memory (MB): peak = 1485.691 ; gain = 0.000
Phase 3 Detail Placement | Checksum: 185867420

Time (s): cpu = 00:00:01 ; elapsed = 00:00:01 . Memory (MB): peak = 1485.691 ; gain = 0.000

Phase 4 Post Placement Optimization and Clean-Up

Phase 4.1 Post Commit Optimization
Phase 4.1 Post Commit Optimization | Checksum: 185867420

Time (s): cpu = 00:00:01 ; elapsed = 00:00:01 . Memory (MB): peak = 1485.691 ; gain = 0.000

Phase 4.2 Post Placement Cleanup
Phase 4.2 Post Placement Cleanup | Checksum: 185867420

Time (s): cpu = 00:00:01 ; elapsed = 00:00:01 . Memory (MB): peak = 1485.691 ; gain = 0.000

Phase 4.3 Placer Reporting

Phase 4.3.1 Print Estimated Congestion
INFO: [Place 30-612] Post-Placement Estimated Congestion 
 ____________________________________________________
|           | Global Congestion | Short Congestion  |
| Direction | Region Size       | Region Size       |
|___________|___________________|___________________|
|      North|                1x1|                1x1|
|___________|___________________|___________________|
|      South|                1x1|                1x1|
|___________|___________________|___________________|
|       East|                1x1|                1x1|
|___________|___________________|___________________|
|       West|                1x1|                1x1|
|___________|___________________|___________________|

Phase 4.3.1 Print Estimated Congestion | Checksum: 185867420

Time (s): cpu = 00:00:01 ; elapsed = 00:00:01 . Memory (MB): peak = 1485.691 ; gain = 0.000
Phase 4.3 Placer Reporting | Checksum: 185867420

Time (s): cpu = 00:00:01 ; elapsed = 00:00:01 . Memory (MB): peak = 1485.691 ; gain = 0.000

Phase 4.4 Final Placement Cleanup
Netlist sorting complete. Time (s): cpu = 00:00:00 ; elapsed = 00:00:00 . Memory (MB): peak = 1485.691 ; gain = 0.000

Time (s): cpu = 00:00:01 ; elapsed = 00:00:01 . Memory (MB): peak = 1485.691 ; gain = 0.000
Phase 4 Post Placement Optimization and Clean-Up | Checksum: 185867420

Time (s): cpu = 00:00:01 ; elapsed = 00:00:01 . Memory (MB): peak = 1485.691 ; gain = 0.000
Ending Placer Task | Checksum: 179bb02d9

Time (s): cpu = 00:00:01 ; elapsed = 00:00:01 . Memory (MB): peak = 1485.691 ; gain = 0.000
INFO: [Common 17-83] Releasing license: Implementation
43 Infos, 63 Warnings, 62 Critical Warnings and 0 Errors encountered.
place_design completed successfully
INFO: [Timing 38-480] Writing timing data to binary archive.
Writing placer database...
Writing XDEF routing.
Writing XDEF routing logical nets.
Writing XDEF routing special nets.
Write XDEF Complete: Time (s): cpu = 00:00:00 ; elapsed = 00:00:00.033 . Memory (MB): peak = 1485.691 ; gain = 0.000
INFO: [Common 17-1381] The checkpoint 'C:/Users/Aleksa/Documents/EEVengers/Firmware/Artix7_PCIe/Blink/Blink.runs/impl_1/blink_placed.dcp' has been generated.
INFO: [runtcl-4] Executing : report_io -file blink_io_placed.rpt
report_io: Time (s): cpu = 00:00:00 ; elapsed = 00:00:00.045 . Memory (MB): peak = 1485.691 ; gain = 0.000
INFO: [runtcl-4] Executing : report_utilization -file blink_utilization_placed.rpt -pb blink_utilization_placed.pb
INFO: [runtcl-4] Executing : report_control_sets -verbose -file blink_control_sets_placed.rpt
report_control_sets: Time (s): cpu = 00:00:00 ; elapsed = 00:00:00.003 . Memory (MB): peak = 1485.691 ; gain = 0.000
Command: phys_opt_design
Attempting to get a license for feature 'Implementation' and/or device 'xc7a100t'
INFO: [Common 17-349] Got license for feature 'Implementation' and/or device 'xc7a100t'
INFO: [Vivado_Tcl 4-235] No timing constraint found. The netlist was not modified.
INFO: [Common 17-83] Releasing license: Implementation
51 Infos, 63 Warnings, 62 Critical Warnings and 0 Errors encountered.
phys_opt_design completed successfully
INFO: [Timing 38-480] Writing timing data to binary archive.
Writing placer database...
Writing XDEF routing.
Writing XDEF routing logical nets.
Writing XDEF routing special nets.
Write XDEF Complete: Time (s): cpu = 00:00:00 ; elapsed = 00:00:00.033 . Memory (MB): peak = 1487.004 ; gain = 1.312
INFO: [Common 17-1381] The checkpoint 'C:/Users/Aleksa/Documents/EEVengers/Firmware/Artix7_PCIe/Blink/Blink.runs/impl_1/blink_physopt.dcp' has been generated.
Command: route_design
Attempting to get a license for feature 'Implementation' and/or device 'xc7a100t'
INFO: [Common 17-349] Got license for feature 'Implementation' and/or device 'xc7a100t'
Running DRC as a precondition to command route_design
INFO: [DRC 23-27] Running DRC with 2 threads
INFO: [Vivado_Tcl 4-198] DRC finished with 0 Errors
INFO: [Vivado_Tcl 4-199] Please refer to the DRC report (report_drc) for more information.


Starting Routing Task
INFO: [Route 35-254] Multithreading enabled for route_design using a maximum of 2 CPUs
Checksum: PlaceDB: c649eced ConstDB: 0 ShapeSum: b37115ec RouteDB: 0

Phase 1 Build RT Design
Phase 1 Build RT Design | Checksum: 810aa60d

Time (s): cpu = 00:00:22 ; elapsed = 00:00:19 . Memory (MB): peak = 1615.262 ; gain = 119.219
Post Restoration Checksum: NetGraph: 5e6fe210 NumContArr: 229ac3fd Constraints: 0 Timing: 0

Phase 2 Router Initialization
INFO: [Route 35-64] No timing constraints were detected. The router will operate in resource-optimization mode.

Phase 2.1 Fix Topology Constraints
Phase 2.1 Fix Topology Constraints | Checksum: 810aa60d

Time (s): cpu = 00:00:22 ; elapsed = 00:00:19 . Memory (MB): peak = 1621.301 ; gain = 125.258

Phase 2.2 Pre Route Cleanup
Phase 2.2 Pre Route Cleanup | Checksum: 810aa60d

Time (s): cpu = 00:00:22 ; elapsed = 00:00:19 . Memory (MB): peak = 1621.301 ; gain = 125.258
 Number of Nodes with overlaps = 0
Phase 2 Router Initialization | Checksum: a5b5a793

Time (s): cpu = 00:00:22 ; elapsed = 00:00:19 . Memory (MB): peak = 1634.590 ; gain = 138.547

Router Utilization Summary
  Global Vertical Routing Utilization    = 0 %
  Global Horizontal Routing Utilization  = 0 %
  Routable Net Status*
  *Does not include unroutable nets such as driverless and loadless.
  Run report_route_status for detailed report.
  Number of Failed Nets               = 43
    (Failed Nets is the sum of unrouted and partially routed nets)
  Number of Unrouted Nets             = 43
  Number of Partially Routed Nets     = 0
  Number of Node Overlaps             = 0


Phase 3 Initial Routing

Phase 3.1 Global Routing
Phase 3.1 Global Routing | Checksum: a5b5a793

Time (s): cpu = 00:00:22 ; elapsed = 00:00:19 . Memory (MB): peak = 1636.637 ; gain = 140.594
 Number of Nodes with overlaps = 0
Phase 3 Initial Routing | Checksum: 9456cc2e

Time (s): cpu = 00:00:22 ; elapsed = 00:00:19 . Memory (MB): peak = 1636.637 ; gain = 140.594

Phase 4 Rip-up And Reroute

Phase 4.1 Global Iteration 0
Phase 4.1 Global Iteration 0 | Checksum: 9456cc2e

Time (s): cpu = 00:00:22 ; elapsed = 00:00:19 . Memory (MB): peak = 1636.637 ; gain = 140.594
Phase 4 Rip-up And Reroute | Checksum: 9456cc2e

Time (s): cpu = 00:00:22 ; elapsed = 00:00:19 . Memory (MB): peak = 1636.637 ; gain = 140.594

Phase 5 Delay and Skew Optimization
Phase 5 Delay and Skew Optimization | Checksum: 9456cc2e

Time (s): cpu = 00:00:22 ; elapsed = 00:00:19 . Memory (MB): peak = 1636.637 ; gain = 140.594

Phase 6 Post Hold Fix

Phase 6.1 Hold Fix Iter
Phase 6.1 Hold Fix Iter | Checksum: 9456cc2e

Time (s): cpu = 00:00:22 ; elapsed = 00:00:19 . Memory (MB): peak = 1636.637 ; gain = 140.594
Phase 6 Post Hold Fix | Checksum: 9456cc2e

Time (s): cpu = 00:00:22 ; elapsed = 00:00:19 . Memory (MB): peak = 1636.637 ; gain = 140.594

Phase 7 Route finalize

Router Utilization Summary
  Global Vertical Routing Utilization    = 0.00221961 %
  Global Horizontal Routing Utilization  = 0.00312589 %
  Routable Net Status*
  *Does not include unroutable nets such as driverless and loadless.
  Run report_route_status for detailed report.
  Number of Failed Nets               = 0
    (Failed Nets is the sum of unrouted and partially routed nets)
  Number of Unrouted Nets             = 0
  Number of Partially Routed Nets     = 0
  Number of Node Overlaps             = 0

Congestion Report
North Dir 1x1 Area, Max Cong = 5.40541%, No Congested Regions.
South Dir 1x1 Area, Max Cong = 7.20721%, No Congested Regions.
East Dir 1x1 Area, Max Cong = 1.47059%, No Congested Regions.
West Dir 1x1 Area, Max Cong = 8.82353%, No Congested Regions.

------------------------------
Reporting congestion hotspots
------------------------------
Direction: North
----------------
Congested clusters found at Level 0
Effective congestion level: 0 Aspect Ratio: 1 Sparse Ratio: 0
Direction: South
----------------
Congested clusters found at Level 0
Effective congestion level: 0 Aspect Ratio: 1 Sparse Ratio: 0
Direction: East
----------------
Congested clusters found at Level 0
Effective congestion level: 0 Aspect Ratio: 1 Sparse Ratio: 0
Direction: West
----------------
Congested clusters found at Level 0
Effective congestion level: 0 Aspect Ratio: 1 Sparse Ratio: 0

Phase 7 Route finalize | Checksum: 9456cc2e

Time (s): cpu = 00:00:22 ; elapsed = 00:00:19 . Memory (MB): peak = 1636.637 ; gain = 140.594

Phase 8 Verifying routed nets

 Verification completed successfully
Phase 8 Verifying routed nets | Checksum: 9456cc2e

Time (s): cpu = 00:00:22 ; elapsed = 00:00:19 . Memory (MB): peak = 1636.637 ; gain = 140.594

Phase 9 Depositing Routes
Phase 9 Depositing Routes | Checksum: 99a132c8

Time (s): cpu = 00:00:22 ; elapsed = 00:00:19 . Memory (MB): peak = 1636.637 ; gain = 140.594
INFO: [Route 35-16] Router Completed Successfully

Time (s): cpu = 00:00:22 ; elapsed = 00:00:19 . Memory (MB): peak = 1636.637 ; gain = 140.594

Routing Is Done.
INFO: [Common 17-83] Releasing license: Implementation
61 Infos, 63 Warnings, 62 Critical Warnings and 0 Errors encountered.
route_design completed successfully
route_design: Time (s): cpu = 00:00:23 ; elapsed = 00:00:20 . Memory (MB): peak = 1636.637 ; gain = 149.633
INFO: [Timing 38-480] Writing timing data to binary archive.
Writing placer database...
Writing XDEF routing.
Writing XDEF routing logical nets.
Writing XDEF routing special nets.
Write XDEF Complete: Time (s): cpu = 00:00:00 ; elapsed = 00:00:00.033 . Memory (MB): peak = 1646.152 ; gain = 9.516
INFO: [Common 17-1381] The checkpoint 'C:/Users/Aleksa/Documents/EEVengers/Firmware/Artix7_PCIe/Blink/Blink.runs/impl_1/blink_routed.dcp' has been generated.
INFO: [runtcl-4] Executing : report_drc -file blink_drc_routed.rpt -pb blink_drc_routed.pb -rpx blink_drc_routed.rpx
Command: report_drc -file blink_drc_routed.rpt -pb blink_drc_routed.pb -rpx blink_drc_routed.rpx
INFO: [IP_Flow 19-1839] IP Catalog is up to date.
INFO: [DRC 23-27] Running DRC with 2 threads
INFO: [Coretcl 2-168] The results of DRC are in file C:/Users/Aleksa/Documents/EEVengers/Firmware/Artix7_PCIe/Blink/Blink.runs/impl_1/blink_drc_routed.rpt.
report_drc completed successfully
INFO: [runtcl-4] Executing : report_methodology -file blink_methodology_drc_routed.rpt -pb blink_methodology_drc_routed.pb -rpx blink_methodology_drc_routed.rpx
Command: report_methodology -file blink_methodology_drc_routed.rpt -pb blink_methodology_drc_routed.pb -rpx blink_methodology_drc_routed.rpx
INFO: [Timing 38-35] Done setting XDC timing constraints.
INFO: [DRC 23-133] Running Methodology with 2 threads
INFO: [Coretcl 2-1520] The results of Report Methodology are in file C:/Users/Aleksa/Documents/EEVengers/Firmware/Artix7_PCIe/Blink/Blink.runs/impl_1/blink_methodology_drc_routed.rpt.
report_methodology completed successfully
INFO: [runtcl-4] Executing : report_power -file blink_power_routed.rpt -pb blink_power_summary_routed.pb -rpx blink_power_routed.rpx
Command: report_power -file blink_power_routed.rpt -pb blink_power_summary_routed.pb -rpx blink_power_routed.rpx
INFO: [Timing 38-35] Done setting XDC timing constraints.
WARNING: [Power 33-232] No user defined clocks were found in the design! Power estimation will be inaccurate until this is corrected.
Resolution: Please specify clocks using create_clock/create_generated_clock for sequential elements. For pure combinatorial circuits, please specify a virtual clock, otherwise the vectorless estimation might be inaccurate
Running Vector-less Activity Propagation...

Finished Running Vector-less Activity Propagation
73 Infos, 64 Warnings, 62 Critical Warnings and 0 Errors encountered.
report_power completed successfully
INFO: [runtcl-4] Executing : report_route_status -file blink_route_status.rpt -pb blink_route_status.pb
INFO: [runtcl-4] Executing : report_timing_summary -max_paths 10 -file blink_timing_summary_routed.rpt -pb blink_timing_summary_routed.pb -rpx blink_timing_summary_routed.rpx -warn_on_violation 
INFO: [Timing 38-91] UpdateTimingParams: Speed grade: -2, Delay Type: min_max.
INFO: [Timing 38-191] Multithreading enabled for timing update using a maximum of 2 CPUs
WARNING: [Timing 38-313] There are no user specified timing constraints. Timing constraints are needed for proper timing analysis.
INFO: [runtcl-4] Executing : report_incremental_reuse -file blink_incremental_reuse_routed.rpt
INFO: [Vivado_Tcl 4-1062] Incremental flow is disabled. No incremental reuse Info to report.
INFO: [runtcl-4] Executing : report_clock_utilization -file blink_clock_utilization_routed.rpt
INFO: [runtcl-4] Executing : report_bus_skew -warn_on_violation -file blink_bus_skew_routed.rpt -pb blink_bus_skew_routed.pb -rpx blink_bus_skew_routed.rpx
INFO: [Timing 38-91] UpdateTimingParams: Speed grade: -2, Delay Type: min_max.
INFO: [Timing 38-191] Multithreading enabled for timing update using a maximum of 2 CPUs
Command: write_bitstream -force blink.bit -bin_file
Attempting to get a license for feature 'Implementation' and/or device 'xc7a100t'
INFO: [Common 17-349] Got license for feature 'Implementation' and/or device 'xc7a100t'
Running DRC as a precondition to command write_bitstream
INFO: [IP_Flow 19-1839] IP Catalog is up to date.
INFO: [DRC 23-27] Running DRC with 2 threads
INFO: [Vivado 12-3199] DRC finished with 0 Errors
INFO: [Vivado 12-3200] Please refer to the DRC report (report_drc) for more information.
INFO: [Designutils 20-2272] Running write_bitstream with 2 threads.
Loading data files...
Loading site data...
Loading route data...
Processing options...
Overwriting "TIMESTAMP" with "412B05CC" for option USR_ACCESS
TIMESTAMP = Mon Feb  8 16:23:12 2021

Creating bitmap...
Creating bitstream...
Bitstream compression saved 28067424 bits.
Writing bitstream ./blink.bit...
Writing bitstream ./blink.bin...
INFO: [Vivado 12-1842] Bitgen Completed Successfully.
INFO: [Project 1-120] WebTalk data collection is mandatory when using a WebPACK part without a full Vivado license. To see the specific WebTalk data collected for your design, open the usage_statistics_webtalk.html or usage_statistics_webtalk.xml file in the implementation directory.
INFO: [Common 17-186] 'C:/Users/Aleksa/Documents/EEVengers/Firmware/Artix7_PCIe/Blink/Blink.runs/impl_1/usage_statistics_webtalk.xml' has been successfully sent to Xilinx on Mon Feb  8 16:23:16 2021. For additional details about this file, please refer to the WebTalk help file at C:/Xilinx/Vivado/2020.2/doc/webtalk_introduction.html.
INFO: [Common 17-83] Releasing license: Implementation
13 Infos, 0 Warnings, 0 Critical Warnings and 0 Errors encountered.
write_bitstream completed successfully
write_bitstream: Time (s): cpu = 00:00:08 ; elapsed = 00:00:10 . Memory (MB): peak = 2131.559 ; gain = 460.305
INFO: [Common 17-206] Exiting Vivado at Mon Feb  8 16:23:16 2021...
