Replace Part C? CAP 10uF 10V X5R 0603 in C:\Users\Aleksa\Documents\Altium\Thunderscope_E\ADC.SchDoc with CAP 10uF 10V X5R 0603 from DSO.SchLib
Replace Part C? CAP 100nF 16V X7R 0402 in C:\Users\Aleksa\Documents\Altium\Thunderscope_E\ADC.SchDoc with CAP 100nF 16V X7R 0402 from DSO.SchLib
Replace Part C? CAP 10nF 50V X7R 0402 in C:\Users\Aleksa\Documents\Altium\Thunderscope_E\ADC.SchDoc with CAP 10nF 50V X7R 0402 from DSO.SchLib
Replace Part C? CAP 10uF 10V X5R 0603 in C:\Users\Aleksa\Documents\Altium\Thunderscope_E\ADC.SchDoc with CAP 10uF 10V X5R 0603 from DSO.SchLib
Replace Part C? CAP 10nF 50V X7R 0402 in C:\Users\Aleksa\Documents\Altium\Thunderscope_E\ADC.SchDoc with CAP 10nF 50V X7R 0402 from DSO.SchLib
Replace Part C? CAP 1uF 25V X5R 0402 in C:\Users\Aleksa\Documents\Altium\Thunderscope_E\ADC.SchDoc with CAP 1uF 25V X5R 0402 from DSO.SchLib
Replace Part C? CAP 10nF 50V X7R 0402 in C:\Users\Aleksa\Documents\Altium\Thunderscope_E\ADC.SchDoc with CAP 10nF 50V X7R 0402 from DSO.SchLib
Replace Part C? CAP 1uF 25V X5R 0402 in C:\Users\Aleksa\Documents\Altium\Thunderscope_E\ADC.SchDoc with CAP 1uF 25V X5R 0402 from DSO.SchLib
Replace Part C? CAP 10nF 50V X7R 0402 in C:\Users\Aleksa\Documents\Altium\Thunderscope_E\ADC.SchDoc with CAP 10nF 50V X7R 0402 from DSO.SchLib
Replace Part C? CAP 1uF 25V X5R 0402 in C:\Users\Aleksa\Documents\Altium\Thunderscope_E\ADC.SchDoc with CAP 1uF 25V X5R 0402 from DSO.SchLib
Replace Part C? CAP 10nF 50V X7R 0402 in C:\Users\Aleksa\Documents\Altium\Thunderscope_E\ADC.SchDoc with CAP 10nF 50V X7R 0402 from DSO.SchLib
Replace Part C? CAP 1uF 25V X5R 0402 in C:\Users\Aleksa\Documents\Altium\Thunderscope_E\ADC.SchDoc with CAP 1uF 25V X5R 0402 from DSO.SchLib
Replace Part C? CAP 10nF 50V X7R 0402 in C:\Users\Aleksa\Documents\Altium\Thunderscope_E\ADC.SchDoc with CAP 10nF 50V X7R 0402 from DSO.SchLib
Replace Part C? CAP 1uF 25V X5R 0402 in C:\Users\Aleksa\Documents\Altium\Thunderscope_E\ADC.SchDoc with CAP 1uF 25V X5R 0402 from DSO.SchLib
Replace Part C? CAP 1nF 50V C0G 0402 in C:\Users\Aleksa\Documents\Altium\Thunderscope_E\ADC.SchDoc with CAP 1nF 50V C0G 0402 from DSO.SchLib
Replace Part C? CAP 1nF 50V C0G 0402 in C:\Users\Aleksa\Documents\Altium\Thunderscope_E\ADC.SchDoc with CAP 1nF 50V C0G 0402 from DSO.SchLib
Replace Part C? CAP 1uF 25V X5R 0402 in C:\Users\Aleksa\Documents\Altium\Thunderscope_E\ADC.SchDoc with CAP 1uF 25V X5R 0402 from DSO.SchLib
Replace Part C? CAP 10nF 50V X7R 0402 in C:\Users\Aleksa\Documents\Altium\Thunderscope_E\ADC.SchDoc with CAP 10nF 50V X7R 0402 from DSO.SchLib
Replace Part C? CAP 1nF 50V C0G 0402 in C:\Users\Aleksa\Documents\Altium\Thunderscope_E\ADC.SchDoc with CAP 1nF 50V C0G 0402 from DSO.SchLib
Replace Part C? CAP 470pF 50V C0G 0402 in C:\Users\Aleksa\Documents\Altium\Thunderscope_E\ADC.SchDoc with CAP 470pF 50V C0G 0402 from DSO.SchLib
Replace Part C? CAP 100nF 16V X7R 0402 in C:\Users\Aleksa\Documents\Altium\Thunderscope_E\ADC.SchDoc with CAP 100nF 16V X7R 0402 from DSO.SchLib
Replace Part C? CAP 1uF 25V X5R 0402 in C:\Users\Aleksa\Documents\Altium\Thunderscope_E\ADC.SchDoc with CAP 1uF 25V X5R 0402 from DSO.SchLib
Replace Part C? CAP 1uF 25V X5R 0402 in C:\Users\Aleksa\Documents\Altium\Thunderscope_E\ADC.SchDoc with CAP 1uF 25V X5R 0402 from DSO.SchLib
Replace Part FB? FERRITE BEAD 120 OHM 0402 in C:\Users\Aleksa\Documents\Altium\Thunderscope_E\ADC.SchDoc with FERRITE BEAD 120 OHM 0402 from DSO.SchLib
Replace Part FB? FERRITE BEAD 120 OHM 0402 in C:\Users\Aleksa\Documents\Altium\Thunderscope_E\ADC.SchDoc with FERRITE BEAD 120 OHM 0402 from DSO.SchLib
Replace Part R? RES 1K OHM 1% 1/10W 0402 in C:\Users\Aleksa\Documents\Altium\Thunderscope_E\ADC.SchDoc with RES 1K OHM 1% 1/10W 0402 from DSO.SchLib
Replace Part R? RES 1.24K OHM 1% 1/16W 0402 in C:\Users\Aleksa\Documents\Altium\Thunderscope_E\ADC.SchDoc with RES 1.24K OHM 1% 1/16W 0402 from DSO.SchLib
Replace Part R? RES 10K OHM 1% 1/10W 0402 in C:\Users\Aleksa\Documents\Altium\Thunderscope_E\ADC.SchDoc with RES 10K OHM 1% 1/10W 0402 from DSO.SchLib
Replace Part R? RES 10K OHM 1% 1/10W 0402 in C:\Users\Aleksa\Documents\Altium\Thunderscope_E\ADC.SchDoc with RES 10K OHM 1% 1/10W 0402 from DSO.SchLib
Replace Part R? RES 10K OHM 1% 1/10W 0402 in C:\Users\Aleksa\Documents\Altium\Thunderscope_E\ADC.SchDoc with RES 10K OHM 1% 1/10W 0402 from DSO.SchLib
Replace Part R? RES 100 OHM 1% 1/10W 0402 in C:\Users\Aleksa\Documents\Altium\Thunderscope_E\ADC.SchDoc with RES 100 OHM 1% 1/10W 0402 from DSO.SchLib
Replace Part R? RES 100 OHM 1% 1/10W 0402 in C:\Users\Aleksa\Documents\Altium\Thunderscope_E\ADC.SchDoc with RES 100 OHM 1% 1/10W 0402 from DSO.SchLib
Replace Part R? RES 100 OHM 1% 1/10W 0402 in C:\Users\Aleksa\Documents\Altium\Thunderscope_E\ADC.SchDoc with RES 100 OHM 1% 1/10W 0402 from DSO.SchLib
Replace Part R? RES 100 OHM 1% 1/10W 0402 in C:\Users\Aleksa\Documents\Altium\Thunderscope_E\ADC.SchDoc with RES 100 OHM 1% 1/10W 0402 from DSO.SchLib
Replace Part R? RES 49.9 OHM 1% 1/10W 0402 in C:\Users\Aleksa\Documents\Altium\Thunderscope_E\ADC.SchDoc with RES 49.9 OHM 1% 1/10W 0402 from DSO.SchLib
Replace Part R? RES 49.9 OHM 1% 1/10W 0402 in C:\Users\Aleksa\Documents\Altium\Thunderscope_E\ADC.SchDoc with RES 49.9 OHM 1% 1/10W 0402 from DSO.SchLib
Replace Part R? RES 1K OHM 1% 1/10W 0402 in C:\Users\Aleksa\Documents\Altium\Thunderscope_E\ADC.SchDoc with RES 1K OHM 1% 1/10W 0402 from DSO.SchLib
Replace Part R? RES 1K OHM 1% 1/10W 0402 in C:\Users\Aleksa\Documents\Altium\Thunderscope_E\ADC.SchDoc with RES 1K OHM 1% 1/10W 0402 from DSO.SchLib
Replace Part R? RES 10K OHM 1% 1/10W 0402 in C:\Users\Aleksa\Documents\Altium\Thunderscope_E\ADC.SchDoc with RES 10K OHM 1% 1/10W 0402 from DSO.SchLib
Replace Part R? RES 10K OHM 1% 1/10W 0402 in C:\Users\Aleksa\Documents\Altium\Thunderscope_E\ADC.SchDoc with RES 10K OHM 1% 1/10W 0402 from DSO.SchLib
Replace Part R? RES 0.01 OHM 1% 1/4W 0603 in C:\Users\Aleksa\Documents\Altium\Thunderscope_E\ADC.SchDoc with RES 0.01 OHM 1% 1/4W 0603 from DSO.SchLib
Replace Part R? RES 0.1 OHM 1% 1/6W 0402 in C:\Users\Aleksa\Documents\Altium\Thunderscope_E\ADC.SchDoc with RES 0.1 OHM 1% 1/6W 0402 from DSO.SchLib
Replace Part R? RES 10K OHM 1% 1/10W 0402 in C:\Users\Aleksa\Documents\Altium\Thunderscope_E\ADC.SchDoc with RES 10K OHM 1% 1/10W 0402 from DSO.SchLib
Replace Part U? IC LDO TPS7A9101 in C:\Users\Aleksa\Documents\Altium\Thunderscope_E\ADC.SchDoc with IC LDO TPS7A9101 from DSO.SchLib
Replace Part U? IC ADC HMCAD1511 in C:\Users\Aleksa\Documents\Altium\Thunderscope_E\ADC.SchDoc with IC ADC HMCAD1511 from DSO.SchLib
Replace Part U? IC LDO TPS7A2033 in C:\Users\Aleksa\Documents\Altium\Thunderscope_E\ADC.SchDoc with IC LDO TPS7A2033 from DSO.SchLib
