Change Component Parameter Comment in C? Old= New==Value
Change Component Parameter Comment in C? Old= New==Value
Change Component Parameter Comment in C? Old= New==Value
Change Component Parameter Comment in C? Old= New==Value
Change Component Parameter Comment in C? Old= New==Value
Change Component Parameter Comment in C? Old= New==Value
Change Component Parameter Comment in C? Old= New==Value
Change Component Parameter Comment in C? Old= New==Value
Change Component Parameter Comment in C? Old= New==Value
Change Component Parameter Comment in C? Old= New==Value
Change Component Parameter Comment in C? Old= New==Value
Change Component Parameter Comment in C? Old= New==Value
Change Component Parameter Comment in C? Old= New==Value
Change Component Parameter Comment in Q? Old= New=CPH3910
Change Component Parameter Comment in Q? Old= New=MMBT3904
Change Component Parameter Comment in R? Old= New=TRIMMER 5K OHM
Change Component Parameter Comment in R? Old= New==Value
Change Component Parameter Comment in R? Old= New==Value
Change Component Parameter Comment in R? Old= New==Value
Change Component Parameter Comment in R? Old= New==Value
Change Component Parameter Comment in R? Old= New==Value
Change Component Parameter Comment in R? Old= New==Value
Change Component Parameter Comment in R? Old= New==Value
Change Component Parameter Comment in R? Old= New==Value
Change Component Parameter Comment in R? Old= New==Value
Change Component Parameter Comment in R? Old= New==Value
Change Component Parameter Comment in R? Old= New==Value
Change Component Parameter Comment in R? Old= New==Value
Change Component Parameter Comment in R? Old= New==Value
Change Component Parameter Comment in R? Old= New==Value
Replace Symbol from C? CAP 1uF 25V X5R 0402 in C:\Users\Aleksa\Documents\Altium\Thunderscope_E\Buffer.SchDoc with CAP 1uF 25V X5R 0402 from DSO.SchLib
Replace Symbol from C? CAP 100nF 16V X7R 0402 in C:\Users\Aleksa\Documents\Altium\Thunderscope_E\Buffer.SchDoc with CAP 100nF 16V X7R 0402 from DSO.SchLib
Replace Symbol from C? CAP 100nF 16V X7R 0402 in C:\Users\Aleksa\Documents\Altium\Thunderscope_E\Buffer.SchDoc with CAP 100nF 16V X7R 0402 from DSO.SchLib
Replace Symbol from C? CAP 100nF 16V X7R 0402 in C:\Users\Aleksa\Documents\Altium\Thunderscope_E\Buffer.SchDoc with CAP 100nF 16V X7R 0402 from DSO.SchLib
Replace Symbol from C? CAP 100nF 16V X7R 0402 in C:\Users\Aleksa\Documents\Altium\Thunderscope_E\Buffer.SchDoc with CAP 100nF 16V X7R 0402 from DSO.SchLib
Replace Symbol from C? CAP 10nF 50V X7R 0402 in C:\Users\Aleksa\Documents\Altium\Thunderscope_E\Buffer.SchDoc with CAP 10nF 50V X7R 0402 from DSO.SchLib
Replace Symbol from C? CAP 1nF 50V C0G 0402 in C:\Users\Aleksa\Documents\Altium\Thunderscope_E\Buffer.SchDoc with CAP 1nF 50V C0G 0402 from DSO.SchLib
Replace Symbol from C? CAP 1uF 25V X5R 0402 in C:\Users\Aleksa\Documents\Altium\Thunderscope_E\Buffer.SchDoc with CAP 1uF 25V X5R 0402 from DSO.SchLib
Replace Symbol from C? CAP 1uF 25V X5R 0402 in C:\Users\Aleksa\Documents\Altium\Thunderscope_E\Buffer.SchDoc with CAP 1uF 25V X5R 0402 from DSO.SchLib
Replace Symbol from C? CAP 22nF 100V X7R 0603 in C:\Users\Aleksa\Documents\Altium\Thunderscope_E\Buffer.SchDoc with CAP 22nF 100V X7R 0603 from DSO.SchLib
Replace Symbol from C? CAP 1uF 25V X5R 0402 in C:\Users\Aleksa\Documents\Altium\Thunderscope_E\Buffer.SchDoc with CAP 1uF 25V X5R 0402 from DSO.SchLib
Replace Symbol from C? CAP 100nF 16V X7R 0402 in C:\Users\Aleksa\Documents\Altium\Thunderscope_E\Buffer.SchDoc with CAP 100nF 16V X7R 0402 from DSO.SchLib
Replace Symbol from C? CAP 100nF 16V X7R 0402 in C:\Users\Aleksa\Documents\Altium\Thunderscope_E\Buffer.SchDoc with CAP 100nF 16V X7R 0402 from DSO.SchLib
Replace Symbol from D? DIODE ARRAY BAV99W in C:\Users\Aleksa\Documents\Altium\Thunderscope_E\Buffer.SchDoc with DIODE ARRAY BAV99W from DSO.SchLib
Replace Symbol from Q? NPN MMBT3904 in C:\Users\Aleksa\Documents\Altium\Thunderscope_E\Buffer.SchDoc with NPN MMBT3904 from DSO.SchLib
Replace Symbol from Q? NJFET CPH3910 in C:\Users\Aleksa\Documents\Altium\Thunderscope_E\Buffer.SchDoc with NJFET CPH3910 from DSO.SchLib
Replace Symbol from R? RES 1M OHM 1% 1/10W 0402 in C:\Users\Aleksa\Documents\Altium\Thunderscope_E\Buffer.SchDoc with RES 1M OHM 1% 1/10W 0402 from DSO.SchLib
Replace Symbol from R? RES 100 OHM 1% 1/10W 0402 in C:\Users\Aleksa\Documents\Altium\Thunderscope_E\Buffer.SchDoc with RES 100 OHM 1% 1/10W 0402 from DSO.SchLib
Replace Symbol from R? RES 100 OHM 1% 1/10W 0402 in C:\Users\Aleksa\Documents\Altium\Thunderscope_E\Buffer.SchDoc with RES 100 OHM 1% 1/10W 0402 from DSO.SchLib
Replace Symbol from R? RES 1M OHM 1% 1/10W 0402 in C:\Users\Aleksa\Documents\Altium\Thunderscope_E\Buffer.SchDoc with RES 1M OHM 1% 1/10W 0402 from DSO.SchLib
Replace Symbol from R? RES 1M OHM 1% 1/10W 0402 in C:\Users\Aleksa\Documents\Altium\Thunderscope_E\Buffer.SchDoc with RES 1M OHM 1% 1/10W 0402 from DSO.SchLib
Replace Symbol from R? RES 909K OHM 1% 1/16W 0402 in C:\Users\Aleksa\Documents\Altium\Thunderscope_E\Buffer.SchDoc with RES 909K OHM 1% 1/16W 0402 from DSO.SchLib
Replace Symbol from R? RES 90.9K OHM 1% 1/16W 0402 in C:\Users\Aleksa\Documents\Altium\Thunderscope_E\Buffer.SchDoc with RES 90.9K OHM 1% 1/16W 0402 from DSO.SchLib
Replace Symbol from R? RES 909K OHM 1% 1/16W 0402 in C:\Users\Aleksa\Documents\Altium\Thunderscope_E\Buffer.SchDoc with RES 909K OHM 1% 1/16W 0402 from DSO.SchLib
Replace Symbol from R? RES 90.9K OHM 1% 1/16W 0402 in C:\Users\Aleksa\Documents\Altium\Thunderscope_E\Buffer.SchDoc with RES 90.9K OHM 1% 1/16W 0402 from DSO.SchLib
Replace Symbol from R? RES 909K OHM 1% 1/16W 0402 in C:\Users\Aleksa\Documents\Altium\Thunderscope_E\Buffer.SchDoc with RES 909K OHM 1% 1/16W 0402 from DSO.SchLib
Replace Symbol from R? RES 100K OHM 1% 1/10W 0402 in C:\Users\Aleksa\Documents\Altium\Thunderscope_E\Buffer.SchDoc with RES 100K OHM 1% 1/10W 0402 from DSO.SchLib
Replace Symbol from R? RES 1K OHM 1% 1/10W 0402 in C:\Users\Aleksa\Documents\Altium\Thunderscope_E\Buffer.SchDoc with RES 1K OHM 1% 1/10W 0402 from DSO.SchLib
Replace Symbol from R? RES 909K OHM 1% 1/16W 0402 in C:\Users\Aleksa\Documents\Altium\Thunderscope_E\Buffer.SchDoc with RES 909K OHM 1% 1/16W 0402 from DSO.SchLib
Replace Symbol from R? TRIMMER 5K OHM 0.1W J LEAD TOP in C:\Users\Aleksa\Documents\Altium\Thunderscope_E\Buffer.SchDoc with TRIMMER 5K OHM 0.1W J LEAD TOP from DSO.SchLib
Replace Symbol from R? RES 49.9 OHM 1% 1/10W 0402 in C:\Users\Aleksa\Documents\Altium\Thunderscope_E\Buffer.SchDoc with RES 49.9 OHM 1% 1/10W 0402 from DSO.SchLib
Replace Symbol from U? IC OPAMP OP07CDR in C:\Users\Aleksa\Documents\Altium\Thunderscope_E\Buffer.SchDoc with IC OPAMP OP07CDR from DSO.SchLib
Replace Symbol from U? IC OPAMP OP07CDR in C:\Users\Aleksa\Documents\Altium\Thunderscope_E\Buffer.SchDoc with IC OPAMP OP07CDR from DSO.SchLib
