Replace Part C? CAP 100nF 16V X7R 0402 in C:\Users\Aleksa\Documents\Altium\Thunderscope_E\FE.SchDoc with CAP 100nF 16V X7R 0402 from DSO.SchLib
Replace Part C? CAP 10uF 10V X5R 0603 in C:\Users\Aleksa\Documents\Altium\Thunderscope_E\FE.SchDoc with CAP 10uF 10V X5R 0603 from DSO.SchLib
Replace Part C? CAP 1uF 25V X5R 0402 in C:\Users\Aleksa\Documents\Altium\Thunderscope_E\FE.SchDoc with CAP 1uF 25V X5R 0402 from DSO.SchLib
Replace Part C? CAP 10uF 10V X5R 0603 in C:\Users\Aleksa\Documents\Altium\Thunderscope_E\FE.SchDoc with CAP 10uF 10V X5R 0603 from DSO.SchLib
Replace Part C? CAP 10uF 10V X5R 0603 in C:\Users\Aleksa\Documents\Altium\Thunderscope_E\FE.SchDoc with CAP 10uF 10V X5R 0603 from DSO.SchLib
Replace Part C? CAP 10uF 10V X5R 0603 in C:\Users\Aleksa\Documents\Altium\Thunderscope_E\FE.SchDoc with CAP 10uF 10V X5R 0603 from DSO.SchLib
Replace Part C? CAP 100nF 16V X7R 0402 in C:\Users\Aleksa\Documents\Altium\Thunderscope_E\FE.SchDoc with CAP 100nF 16V X7R 0402 from DSO.SchLib
Replace Part C? CAP 10nF 50V X7R 0402 in C:\Users\Aleksa\Documents\Altium\Thunderscope_E\FE.SchDoc with CAP 10nF 50V X7R 0402 from DSO.SchLib
Replace Part C? CAP 10uF 10V X5R 0603 in C:\Users\Aleksa\Documents\Altium\Thunderscope_E\FE.SchDoc with CAP 10uF 10V X5R 0603 from DSO.SchLib
Replace Part Q? NMOS DMN62D0UW in C:\Users\Aleksa\Documents\Altium\Thunderscope_E\FE.SchDoc with NMOS DMN62D0UW from DSO.SchLib
Replace Part Q? NMOS DMN62D0UW in C:\Users\Aleksa\Documents\Altium\Thunderscope_E\FE.SchDoc with NMOS DMN62D0UW from DSO.SchLib
Replace Part R? RES 100 OHM 1% 1/10W 0402 in C:\Users\Aleksa\Documents\Altium\Thunderscope_E\FE.SchDoc with RES 100 OHM 1% 1/10W 0402 from DSO.SchLib
Replace Part R? RES 100 OHM 1% 1/10W 0402 in C:\Users\Aleksa\Documents\Altium\Thunderscope_E\FE.SchDoc with RES 100 OHM 1% 1/10W 0402 from DSO.SchLib
Replace Part R? RES 10K OHM 1% 1/10W 0402 in C:\Users\Aleksa\Documents\Altium\Thunderscope_E\FE.SchDoc with RES 10K OHM 1% 1/10W 0402 from DSO.SchLib
Replace Part R? RES 10K OHM 1% 1/10W 0402 in C:\Users\Aleksa\Documents\Altium\Thunderscope_E\FE.SchDoc with RES 10K OHM 1% 1/10W 0402 from DSO.SchLib
Replace Part R? RES 10K OHM 1% 1/10W 0402 in C:\Users\Aleksa\Documents\Altium\Thunderscope_E\FE.SchDoc with RES 10K OHM 1% 1/10W 0402 from DSO.SchLib
Replace Part R? RES 10K OHM 1% 1/10W 0402 in C:\Users\Aleksa\Documents\Altium\Thunderscope_E\FE.SchDoc with RES 10K OHM 1% 1/10W 0402 from DSO.SchLib
Replace Part R? RES 10K OHM 1% 1/10W 0402 in C:\Users\Aleksa\Documents\Altium\Thunderscope_E\FE.SchDoc with RES 10K OHM 1% 1/10W 0402 from DSO.SchLib
Replace Part R? RES 10K OHM 1% 1/10W 0402 in C:\Users\Aleksa\Documents\Altium\Thunderscope_E\FE.SchDoc with RES 10K OHM 1% 1/10W 0402 from DSO.SchLib
Replace Part R? RES 100 OHM 1% 1/10W 0402 in C:\Users\Aleksa\Documents\Altium\Thunderscope_E\FE.SchDoc with RES 100 OHM 1% 1/10W 0402 from DSO.SchLib
Replace Part R? RES 100 OHM 1% 1/10W 0402 in C:\Users\Aleksa\Documents\Altium\Thunderscope_E\FE.SchDoc with RES 100 OHM 1% 1/10W 0402 from DSO.SchLib
Replace Part R? RES 100 OHM 1% 1/10W 0402 in C:\Users\Aleksa\Documents\Altium\Thunderscope_E\FE.SchDoc with RES 100 OHM 1% 1/10W 0402 from DSO.SchLib
Replace Part R? RES 100 OHM 1% 1/10W 0402 in C:\Users\Aleksa\Documents\Altium\Thunderscope_E\FE.SchDoc with RES 100 OHM 1% 1/10W 0402 from DSO.SchLib
Replace Part R? RES 100 OHM 1% 1/10W 0402 in C:\Users\Aleksa\Documents\Altium\Thunderscope_E\FE.SchDoc with RES 100 OHM 1% 1/10W 0402 from DSO.SchLib
Replace Part R? RES 100 OHM 1% 1/10W 0402 in C:\Users\Aleksa\Documents\Altium\Thunderscope_E\FE.SchDoc with RES 100 OHM 1% 1/10W 0402 from DSO.SchLib
Replace Part R? RES 300K OHM 1% 1/10W 0402 in C:\Users\Aleksa\Documents\Altium\Thunderscope_E\FE.SchDoc with RES 300K OHM 1% 1/10W 0402 from DSO.SchLib
Replace Part R? RES 100K OHM 1% 1/10W 0402 in C:\Users\Aleksa\Documents\Altium\Thunderscope_E\FE.SchDoc with RES 100K OHM 1% 1/10W 0402 from DSO.SchLib
Replace Part R? RES 0.1 OHM 1% 1/6W 0402 in C:\Users\Aleksa\Documents\Altium\Thunderscope_E\FE.SchDoc with RES 0.1 OHM 1% 1/6W 0402 from DSO.SchLib
Replace Part R? RES 10K OHM 1% 1/10W 0402 in C:\Users\Aleksa\Documents\Altium\Thunderscope_E\FE.SchDoc with RES 10K OHM 1% 1/10W 0402 from DSO.SchLib
Replace Part R? RES 10K OHM 1% 1/10W 0402 in C:\Users\Aleksa\Documents\Altium\Thunderscope_E\FE.SchDoc with RES 10K OHM 1% 1/10W 0402 from DSO.SchLib
Replace Part R? RES 1K OHM 1% 1/10W 0402 in C:\Users\Aleksa\Documents\Altium\Thunderscope_E\FE.SchDoc with RES 1K OHM 1% 1/10W 0402 from DSO.SchLib
Replace Part R? RES 5.23K OHM 1% 1/16W 0402 in C:\Users\Aleksa\Documents\Altium\Thunderscope_E\FE.SchDoc with RES 5.23K OHM 1% 1/16W 0402 from DSO.SchLib
Replace Part R? RES 0.1 OHM 1% 1/6W 0402 in C:\Users\Aleksa\Documents\Altium\Thunderscope_E\FE.SchDoc with RES 0.1 OHM 1% 1/6W 0402 from DSO.SchLib
Replace Part R? RES 10K OHM 1% 1/10W 0402 in C:\Users\Aleksa\Documents\Altium\Thunderscope_E\FE.SchDoc with RES 10K OHM 1% 1/10W 0402 from DSO.SchLib
Replace Part R? RES 0.01 OHM 1% 1/4W 0603 in C:\Users\Aleksa\Documents\Altium\Thunderscope_E\FE.SchDoc with RES 0.01 OHM 1% 1/4W 0603 from DSO.SchLib
Replace Part U? IC OPAMP OP07CDR in C:\Users\Aleksa\Documents\Altium\Thunderscope_E\FE.SchDoc with IC OPAMP OP07CDR from DSO.SchLib
Replace Part U? IC DAC QUAD MCP4728 in C:\Users\Aleksa\Documents\Altium\Thunderscope_E\FE.SchDoc with IC DAC QUAD MCP4728 from DSO.SchLib
Replace Part U? IC CPUMP LM27761 in C:\Users\Aleksa\Documents\Altium\Thunderscope_E\FE.SchDoc with IC CPUMP LM27761 from DSO.SchLib
Replace Part U? IC LDO TPS7A9101 in C:\Users\Aleksa\Documents\Altium\Thunderscope_E\FE.SchDoc with IC LDO TPS7A9101 from DSO.SchLib
