Change Component Parameter Comment in C? Old= New==Value
Change Component Parameter Comment in C? Old= New==Value
Change Component Parameter Comment in C? Old= New==Value
Change Component Parameter Comment in C? Old= New==Value
Change Component Parameter Comment in C? Old= New==Value
Change Component Parameter Comment in C? Old= New==Value
Change Component Parameter Comment in C? Old= New==Value
Change Component Parameter Comment in C? Old= New==Value
Change Component Parameter Comment in C? Old= New==Value
Change Component Parameter Comment in C? Old= New==Value
Change Component Parameter Comment in C? Old= New==Value
Change Component Parameter Comment in C? Old= New==Value
Change Component Parameter Comment in C? Old= New==Value
Change Component Parameter Comment in C? Old= New==Value
Change Component Parameter Comment in C? Old= New==Value
Change Component Parameter Comment in C? Old= New==Value
Change Value of Parameter Supplier Part Number 1 in Part C? Old=490-1297-1-ND New=490-8207-1-ND
Change Component Parameter Comment in L? Old= New==Value
Change Component Parameter Comment in L? Old= New==Value
Change Component Parameter Comment in R? Old= New==Value
Change Component Parameter Comment in R? Old= New==Value
Change Component Parameter Comment in R? Old= New==Value
Change Component Parameter Comment in R? Old= New==Value
Change Component Parameter Comment in R? Old= New==Value
Change Component Parameter Comment in R? Old= New==Value
Change Component Parameter Comment in R? Old= New==Value
Change Component Parameter Comment in R? Old= New==Value
Change Component Parameter Comment in R? Old= New==Value
Replace Symbol from C? CAP 10nF 50V X7R 0402 in C:\Users\Aleksa\Documents\Altium\Thunderscope_E\PLL.SchDoc with CAP 10nF 50V X7R 0402 from DSO.SchLib
Replace Symbol from C? CAP 10uF 10V X5R 0603 in C:\Users\Aleksa\Documents\Altium\Thunderscope_E\PLL.SchDoc with CAP 10uF 10V X5R 0603 from DSO.SchLib
Replace Symbol from C? CAP 10nF 50V X7R 0402 in C:\Users\Aleksa\Documents\Altium\Thunderscope_E\PLL.SchDoc with CAP 10nF 50V X7R 0402 from DSO.SchLib
Replace Symbol from C? CAP 100nF 16V X7R 0402 in C:\Users\Aleksa\Documents\Altium\Thunderscope_E\PLL.SchDoc with CAP 100nF 16V X7R 0402 from DSO.SchLib
Replace Symbol from C? CAP 22nF 100V X7R 0603 in C:\Users\Aleksa\Documents\Altium\Thunderscope_E\PLL.SchDoc with CAP 22nF 100V X7R 0603 from DSO.SchLib
Replace Symbol from C? CAP 470pF 50V C0G 0402 in C:\Users\Aleksa\Documents\Altium\Thunderscope_E\PLL.SchDoc with CAP 470pF 50V C0G 0402 from DSO.SchLib
Replace Symbol from C? CAP 470pF 50V C0G 0402 in C:\Users\Aleksa\Documents\Altium\Thunderscope_E\PLL.SchDoc with CAP 470pF 50V C0G 0402 from DSO.SchLib
Replace Symbol from C? CAP 100nF 16V X7R 0402 in C:\Users\Aleksa\Documents\Altium\Thunderscope_E\PLL.SchDoc with CAP 100nF 16V X7R 0402 from DSO.SchLib
Replace Symbol from C? CAP 470pF 50V C0G 0402 in C:\Users\Aleksa\Documents\Altium\Thunderscope_E\PLL.SchDoc with CAP 470pF 50V C0G 0402 from DSO.SchLib
Replace Symbol from C? CAP 1.2nF 50V C0G 0603 in C:\Users\Aleksa\Documents\Altium\Thunderscope_E\PLL.SchDoc with CAP 1.2nF 50V C0G 0603 from DSO.SchLib
Replace Symbol from C? CAP 10pF 50V C0G 0402 in C:\Users\Aleksa\Documents\Altium\Thunderscope_E\PLL.SchDoc with CAP 10pF 50V C0G 0402 from DSO.SchLib
Replace Symbol from C? CAP 10pF 50V C0G 0402 in C:\Users\Aleksa\Documents\Altium\Thunderscope_E\PLL.SchDoc with CAP 10pF 50V C0G 0402 from DSO.SchLib
Replace Symbol from C? CAP 10pF 50V C0G 0402 in C:\Users\Aleksa\Documents\Altium\Thunderscope_E\PLL.SchDoc with CAP 10pF 50V C0G 0402 from DSO.SchLib
Replace Symbol from C? CAP 100nF 16V X7R 0402 in C:\Users\Aleksa\Documents\Altium\Thunderscope_E\PLL.SchDoc with CAP 100nF 16V X7R 0402 from DSO.SchLib
Replace Symbol from C? CAP 100nF 16V X7R 0402 in C:\Users\Aleksa\Documents\Altium\Thunderscope_E\PLL.SchDoc with CAP 100nF 16V X7R 0402 from DSO.SchLib
Replace Symbol from C? CAP 100nF 16V X7R 0402 in C:\Users\Aleksa\Documents\Altium\Thunderscope_E\PLL.SchDoc with CAP 100nF 16V X7R 0402 from DSO.SchLib
Replace Symbol from FB? FERRITE BEAD 120 OHM 0402 in C:\Users\Aleksa\Documents\Altium\Thunderscope_E\PLL.SchDoc with FERRITE BEAD 120 OHM 0402 from DSO.SchLib
Replace Symbol from FB? FERRITE BEAD 120 OHM 0402 in C:\Users\Aleksa\Documents\Altium\Thunderscope_E\PLL.SchDoc with FERRITE BEAD 120 OHM 0402 from DSO.SchLib
Replace Symbol from L? IND 3nH +/-0.05nH 0402 in C:\Users\Aleksa\Documents\Altium\Thunderscope_E\PLL.SchDoc with IND 3nH +/-0.05nH 0402 from DSO.SchLib
Replace Symbol from L? IND 3nH +/-0.05nH 0402 in C:\Users\Aleksa\Documents\Altium\Thunderscope_E\PLL.SchDoc with IND 3nH +/-0.05nH 0402 from DSO.SchLib
Replace Symbol from R? RES 4.7K OHM 1% 1/10W 0402 in C:\Users\Aleksa\Documents\Altium\Thunderscope_E\PLL.SchDoc with RES 4.7K OHM 1% 1/10W 0402 from DSO.SchLib
Replace Symbol from R? RES 1K OHM 1% 1/10W 0402 in C:\Users\Aleksa\Documents\Altium\Thunderscope_E\PLL.SchDoc with RES 1K OHM 1% 1/10W 0402 from DSO.SchLib
Replace Symbol from R? RES 10K OHM 1% 1/10W 0402 in C:\Users\Aleksa\Documents\Altium\Thunderscope_E\PLL.SchDoc with RES 10K OHM 1% 1/10W 0402 from DSO.SchLib
Replace Symbol from R? RES 49.9 OHM 1% 1/10W 0402 in C:\Users\Aleksa\Documents\Altium\Thunderscope_E\PLL.SchDoc with RES 49.9 OHM 1% 1/10W 0402 from DSO.SchLib
Replace Symbol from R? RES 49.9 OHM 1% 1/10W 0402 in C:\Users\Aleksa\Documents\Altium\Thunderscope_E\PLL.SchDoc with RES 49.9 OHM 1% 1/10W 0402 from DSO.SchLib
Replace Symbol from R? RES 1.5K OHM 1% 1/16W 0402 in C:\Users\Aleksa\Documents\Altium\Thunderscope_E\PLL.SchDoc with RES 1.5K OHM 1% 1/16W 0402 from DSO.SchLib
Replace Symbol from R? RES 560 OHM 1% 1/16W 0402 in C:\Users\Aleksa\Documents\Altium\Thunderscope_E\PLL.SchDoc with RES 560 OHM 1% 1/16W 0402 from DSO.SchLib
Replace Symbol from R? RES 10K OHM 1% 1/10W 0402 in C:\Users\Aleksa\Documents\Altium\Thunderscope_E\PLL.SchDoc with RES 10K OHM 1% 1/10W 0402 from DSO.SchLib
Replace Symbol from R? RES 10K OHM 1% 1/10W 0402 in C:\Users\Aleksa\Documents\Altium\Thunderscope_E\PLL.SchDoc with RES 10K OHM 1% 1/10W 0402 from DSO.SchLib
Replace Symbol from U? IC PLL ADF4360-7 in C:\Users\Aleksa\Documents\Altium\Thunderscope_E\PLL.SchDoc with IC PLL ADF4360-7 from DSO.SchLib
Replace Symbol from Y? OSC 16MHz ECS-TXO-2016 in C:\Users\Aleksa\Documents\Altium\Thunderscope_E\PLL.SchDoc with OSC 16MHz ECS-TXO-2016 from DSO.SchLib
