Added Pin To Net: NetName=ADC_SCLK Pin=JM2-42
Added Pin To Net: NetName=ADC_SDATA Pin=JM2-44
Added Pin To Net: NetName=FE_PG Pin=JM2-46
Added Pin To Net: NetName=OSC_OE Pin=JM2-48
Added Pin To Net: NetName=ACQ_EN Pin=JM2-52
Added Pin To Net: NetName=FE_EN Pin=JM2-54
Added Pin To Net: NetName=SDA Pin=JM2-56
Added Pin To Net: NetName=SCL Pin=JM2-58
Added Pin To Net: NetName=ADC_PD Pin=JM2-62
Added Pin To Net: NetName=ADC_RSTn Pin=JM2-64
Added Pin To Net: NetName=ADC_CSn Pin=JM2-66
Added Pin To Net: NetName=ADC_PG Pin=JM2-68
Change Net Name : Old Net Name=ADC_CSn New Net Name=B15_L16_P
Change Net Name : Old Net Name=ADC_PD New Net Name=B15_L17_N
Change Net Name : Old Net Name=ADC_RSTn New Net Name=B15_L17_P
Change Net Name : Old Net Name=FE_EN New Net Name=B15_L11_N
Change Net Name : Old Net Name=FE_PG New Net Name=B15_L19_P
Change Net Name : Old Net Name=OSC_OE New Net Name=B15_L19_N
Change Net Name : Old Net Name=SCL New Net Name=B15_L3_N
Change Net Name : Old Net Name=SDA New Net Name=B15_L3_P
Added Member To Class: ClassName=ADC Member=Component TP26 PCB
