Added Class: Name=Buffer1
Added Class: Name=Buffer2
Added Class: Name=Buffer3
Added Class: Name=Buffer4
Added Class: Name=Input Coupling and Attenuation1
Added Class: Name=Input Coupling and Attenuation2
Added Class: Name=Input Coupling and Attenuation3
Added Class: Name=Input Coupling and Attenuation4
Added Class: Name=PGA1
Added Class: Name=PGA2
Added Class: Name=PGA3
Added Class: Name=PGA4
Added Room: Name=Buffer1
Added Room: Name=Buffer2
Added Room: Name=Buffer3
Added Room: Name=Buffer4
Added Room: Name=Input Coupling and Attenuation1
Added Room: Name=Input Coupling and Attenuation2
Added Room: Name=Input Coupling and Attenuation3
Added Room: Name=Input Coupling and Attenuation4
Added Room: Name=PGA1
Added Room: Name=PGA2
Added Room: Name=PGA3
Added Room: Name=PGA4
