Removed Pin From Net: NetName=CH1_N Pin=R64-1
Removed Pin From Net: NetName=CH1_P Pin=R64-2
Removed Pin From Net: NetName=CH2_N Pin=R65-1
Removed Pin From Net: NetName=CH2_P Pin=R65-2
Removed Pin From Net: NetName=CH3_N Pin=R68-1
Removed Pin From Net: NetName=CH3_P Pin=R68-2
Removed Pin From Net: NetName=CH4_N Pin=R69-1
Removed Pin From Net: NetName=CH4_P Pin=R69-2
Removed Pin From Net: NetName=CH4_N Pin=U11-37
Removed Pin From Net: NetName=CH4_P Pin=U11-38
Removed Pin From Net: NetName=CH3_N Pin=U11-40
Removed Pin From Net: NetName=CH3_P Pin=U11-41
Removed Pin From Net: NetName=CH2_N Pin=U11-43
Removed Pin From Net: NetName=CH2_P Pin=U11-44
Removed Pin From Net: NetName=CH1_N Pin=U11-46
Removed Pin From Net: NetName=CH1_P Pin=U11-47
Added Pin To Net: NetName=CH1_P Pin=R64-1
Added Pin To Net: NetName=CH1_N Pin=R64-2
Added Pin To Net: NetName=CH2_P Pin=R65-1
Added Pin To Net: NetName=CH2_N Pin=R65-2
Added Pin To Net: NetName=CH3_P Pin=R68-1
Added Pin To Net: NetName=CH3_N Pin=R68-2
Added Pin To Net: NetName=CH4_P Pin=R69-1
Added Pin To Net: NetName=CH4_N Pin=R69-2
Added Pin To Net: NetName=CH4_P Pin=U11-37
Added Pin To Net: NetName=CH4_N Pin=U11-38
Added Pin To Net: NetName=CH3_P Pin=U11-40
Added Pin To Net: NetName=CH3_N Pin=U11-41
Added Pin To Net: NetName=CH2_P Pin=U11-43
Added Pin To Net: NetName=CH2_N Pin=U11-44
Added Pin To Net: NetName=CH1_P Pin=U11-46
Added Pin To Net: NetName=CH1_N Pin=U11-47
