Removed Pin From Net: NetName=NetR45A_2 Pin=R46A-1
Removed Pin From Net: NetName=NetR45B_2 Pin=R46B-1
Removed Pin From Net: NetName=NetR45C_2 Pin=R46C-1
Removed Pin From Net: NetName=NetR45D_2 Pin=R46D-1
Removed Member From Class: ClassName=Input Coupling and Attenuation1 Member=R46A
Removed Member From Class: ClassName=Input Coupling and Attenuation2 Member=R46B
Removed Member From Class: ClassName=Input Coupling and Attenuation3 Member=R46C
Removed Member From Class: ClassName=Input Coupling and Attenuation4 Member=R46D
Change Component DesignItemId : Designator=R9 Old DesignItemId=RES 300K OHM 1% 1/10W 0402 New DesignItemId=RES 309K OHM 1% 1/16W 0402
Change Component DesignItemId : Designator=R45A Old DesignItemId=RES 300K OHM 1% 1/10W 0402 New DesignItemId=RES 309K OHM 1% 1/16W 0402
Change Component DesignItemId : Designator=R45B Old DesignItemId=RES 300K OHM 1% 1/10W 0402 New DesignItemId=RES 309K OHM 1% 1/16W 0402
Change Component DesignItemId : Designator=R45C Old DesignItemId=RES 300K OHM 1% 1/10W 0402 New DesignItemId=RES 309K OHM 1% 1/16W 0402
Change Component DesignItemId : Designator=R45D Old DesignItemId=RES 300K OHM 1% 1/10W 0402 New DesignItemId=RES 309K OHM 1% 1/16W 0402
Change Component DesignItemId : Designator=R47A Old DesignItemId=RES 390K OHM 1% 1/10W 0402 New DesignItemId=RES 681K OHM 1% 1/16W 0402
Change Component DesignItemId : Designator=R47B Old DesignItemId=RES 390K OHM 1% 1/10W 0402 New DesignItemId=RES 681K OHM 1% 1/16W 0402
Change Component DesignItemId : Designator=R47C Old DesignItemId=RES 390K OHM 1% 1/10W 0402 New DesignItemId=RES 681K OHM 1% 1/16W 0402
Change Component DesignItemId : Designator=R47D Old DesignItemId=RES 390K OHM 1% 1/10W 0402 New DesignItemId=RES 681K OHM 1% 1/16W 0402
Change Component Comment : Designator=R9 Old Comment=300K New Comment=309K
Change Component Comment : Designator=R45A Old Comment=300K New Comment=309K
Change Component Comment : Designator=R45B Old Comment=300K New Comment=309K
Change Component Comment : Designator=R45C Old Comment=300K New Comment=309K
Change Component Comment : Designator=R45D Old Comment=300K New Comment=309K
Change Component Comment : Designator=R47A Old Comment=390K New Comment=681K
Change Component Comment : Designator=R47B Old Comment=390K New Comment=681K
Change Component Comment : Designator=R47C Old Comment=390K New Comment=681K
Change Component Comment : Designator=R47D Old Comment=390K New Comment=681K
Change component parameters: Designator = "R9" ("R9"); Footprint = "GEN_R_0402"; UniqueID = "\LFQUXEVB\KRTVHCGA" ("\LFQUXEVB\KRTVHCGA")
Change component parameters (AddParameter): Name = "Package"; Value = "0402"; VariantName = "[No Variations]"
Change component parameters (AddParameter): Name = "Power Rating"; Value = "0.0625W"; VariantName = "[No Variations]"
Change component parameters (AddParameter): Name = "Supplier 1"; Value = "Digi-Key"; VariantName = "[No Variations]"
Change component parameters (AddParameter): Name = "Supplier Part Number 1"; Value = "YAG3108CT-ND"; VariantName = "[No Variations]"
Change component parameters (AddParameter): Name = "Tolerance"; Value = "1%"; VariantName = "[No Variations]"
Change component parameters (AddParameter): Name = "Value"; Value = "309K"; VariantName = "[No Variations]"
Change component parameters: Designator = "R45A" ("R45"); Footprint = "GEN_R_0402"; UniqueID = "\LFQUXEVB\QZMSFBXE\CIZKXHFR\GOHXOHWV" ("\LFQUXEVB\QZMSFBXE\CIZKXHFR\GOHXOHWV")
Change component parameters (AddParameter): Name = "Package"; Value = "0402"; VariantName = "[No Variations]"
Change component parameters (AddParameter): Name = "Power Rating"; Value = "0.0625W"; VariantName = "[No Variations]"
Change component parameters (AddParameter): Name = "Supplier 1"; Value = "Digi-Key"; VariantName = "[No Variations]"
Change component parameters (AddParameter): Name = "Supplier Part Number 1"; Value = "YAG3108CT-ND"; VariantName = "[No Variations]"
Change component parameters (AddParameter): Name = "Tolerance"; Value = "1%"; VariantName = "[No Variations]"
Change component parameters (AddParameter): Name = "Value"; Value = "309K"; VariantName = "[No Variations]"
Change component parameters: Designator = "R45B" ("R45"); Footprint = "GEN_R_0402"; UniqueID = "\LFQUXEVB\NBJUTRKB\CIZKXHFR\GOHXOHWV" ("\LFQUXEVB\NBJUTRKB\CIZKXHFR\GOHXOHWV")
Change component parameters (AddParameter): Name = "Package"; Value = "0402"; VariantName = "[No Variations]"
Change component parameters (AddParameter): Name = "Power Rating"; Value = "0.0625W"; VariantName = "[No Variations]"
Change component parameters (AddParameter): Name = "Supplier 1"; Value = "Digi-Key"; VariantName = "[No Variations]"
Change component parameters (AddParameter): Name = "Supplier Part Number 1"; Value = "YAG3108CT-ND"; VariantName = "[No Variations]"
Change component parameters (AddParameter): Name = "Tolerance"; Value = "1%"; VariantName = "[No Variations]"
Change component parameters (AddParameter): Name = "Value"; Value = "309K"; VariantName = "[No Variations]"
Change component parameters: Designator = "R45C" ("R45"); Footprint = "GEN_R_0402"; UniqueID = "\LFQUXEVB\KVUNLJPY\CIZKXHFR\GOHXOHWV" ("\LFQUXEVB\KVUNLJPY\CIZKXHFR\GOHXOHWV")
Change component parameters (AddParameter): Name = "Package"; Value = "0402"; VariantName = "[No Variations]"
Change component parameters (AddParameter): Name = "Power Rating"; Value = "0.0625W"; VariantName = "[No Variations]"
Change component parameters (AddParameter): Name = "Supplier 1"; Value = "Digi-Key"; VariantName = "[No Variations]"
Change component parameters (AddParameter): Name = "Supplier Part Number 1"; Value = "YAG3108CT-ND"; VariantName = "[No Variations]"
Change component parameters (AddParameter): Name = "Tolerance"; Value = "1%"; VariantName = "[No Variations]"
Change component parameters (AddParameter): Name = "Value"; Value = "309K"; VariantName = "[No Variations]"
Change component parameters: Designator = "R45D" ("R45"); Footprint = "GEN_R_0402"; UniqueID = "\LFQUXEVB\UKDBLTDV\CIZKXHFR\GOHXOHWV" ("\LFQUXEVB\UKDBLTDV\CIZKXHFR\GOHXOHWV")
Change component parameters (AddParameter): Name = "Package"; Value = "0402"; VariantName = "[No Variations]"
Change component parameters (AddParameter): Name = "Power Rating"; Value = "0.0625W"; VariantName = "[No Variations]"
Change component parameters (AddParameter): Name = "Supplier 1"; Value = "Digi-Key"; VariantName = "[No Variations]"
Change component parameters (AddParameter): Name = "Supplier Part Number 1"; Value = "YAG3108CT-ND"; VariantName = "[No Variations]"
Change component parameters (AddParameter): Name = "Tolerance"; Value = "1%"; VariantName = "[No Variations]"
Change component parameters (AddParameter): Name = "Value"; Value = "309K"; VariantName = "[No Variations]"
Change component parameters: Designator = "R47A" ("R47"); Footprint = "GEN_R_0402"; UniqueID = "\LFQUXEVB\QZMSFBXE\CIZKXHFR\KZNBHMEA" ("\LFQUXEVB\QZMSFBXE\CIZKXHFR\KZNBHMEA")
Change component parameters (AddParameter): Name = "Package"; Value = "0402"; VariantName = "[No Variations]"
Change component parameters (AddParameter): Name = "Power Rating"; Value = "0.0625W"; VariantName = "[No Variations]"
Change component parameters (AddParameter): Name = "Supplier 1"; Value = "Digi-Key"; VariantName = "[No Variations]"
Change component parameters (AddParameter): Name = "Supplier Part Number 1"; Value = "YAG3212CT-ND"; VariantName = "[No Variations]"
Change component parameters (AddParameter): Name = "Tolerance"; Value = "1%"; VariantName = "[No Variations]"
Change component parameters (AddParameter): Name = "Value"; Value = "681K"; VariantName = "[No Variations]"
Change component parameters: Designator = "R47B" ("R47"); Footprint = "GEN_R_0402"; UniqueID = "\LFQUXEVB\NBJUTRKB\CIZKXHFR\KZNBHMEA" ("\LFQUXEVB\NBJUTRKB\CIZKXHFR\KZNBHMEA")
Change component parameters (AddParameter): Name = "Package"; Value = "0402"; VariantName = "[No Variations]"
Change component parameters (AddParameter): Name = "Power Rating"; Value = "0.0625W"; VariantName = "[No Variations]"
Change component parameters (AddParameter): Name = "Supplier 1"; Value = "Digi-Key"; VariantName = "[No Variations]"
Change component parameters (AddParameter): Name = "Supplier Part Number 1"; Value = "YAG3212CT-ND"; VariantName = "[No Variations]"
Change component parameters (AddParameter): Name = "Tolerance"; Value = "1%"; VariantName = "[No Variations]"
Change component parameters (AddParameter): Name = "Value"; Value = "681K"; VariantName = "[No Variations]"
Change component parameters: Designator = "R47C" ("R47"); Footprint = "GEN_R_0402"; UniqueID = "\LFQUXEVB\KVUNLJPY\CIZKXHFR\KZNBHMEA" ("\LFQUXEVB\KVUNLJPY\CIZKXHFR\KZNBHMEA")
Change component parameters (AddParameter): Name = "Package"; Value = "0402"; VariantName = "[No Variations]"
Change component parameters (AddParameter): Name = "Power Rating"; Value = "0.0625W"; VariantName = "[No Variations]"
Change component parameters (AddParameter): Name = "Supplier 1"; Value = "Digi-Key"; VariantName = "[No Variations]"
Change component parameters (AddParameter): Name = "Supplier Part Number 1"; Value = "YAG3212CT-ND"; VariantName = "[No Variations]"
Change component parameters (AddParameter): Name = "Tolerance"; Value = "1%"; VariantName = "[No Variations]"
Change component parameters (AddParameter): Name = "Value"; Value = "681K"; VariantName = "[No Variations]"
Change component parameters: Designator = "R47D" ("R47"); Footprint = "GEN_R_0402"; UniqueID = "\LFQUXEVB\UKDBLTDV\CIZKXHFR\KZNBHMEA" ("\LFQUXEVB\UKDBLTDV\CIZKXHFR\KZNBHMEA")
Change component parameters (AddParameter): Name = "Package"; Value = "0402"; VariantName = "[No Variations]"
Change component parameters (AddParameter): Name = "Power Rating"; Value = "0.0625W"; VariantName = "[No Variations]"
Change component parameters (AddParameter): Name = "Supplier 1"; Value = "Digi-Key"; VariantName = "[No Variations]"
Change component parameters (AddParameter): Name = "Supplier Part Number 1"; Value = "YAG3212CT-ND"; VariantName = "[No Variations]"
Change component parameters (AddParameter): Name = "Tolerance"; Value = "1%"; VariantName = "[No Variations]"
Change component parameters (AddParameter): Name = "Value"; Value = "681K"; VariantName = "[No Variations]"
Added Pin To Net: NetName=NetR45A_2 Pin=R47A-1
Added Pin To Net: NetName=NetR45B_2 Pin=R47B-1
Added Pin To Net: NetName=NetR45C_2 Pin=R47C-1
Added Pin To Net: NetName=NetR45D_2 Pin=R47D-1
