Added Component: Designator=R48A(GEN_R_0402)
Add component (AddParameter): Name = "Package"; Value = "0402"; VariantName = "[No Variations]"
Add component (AddParameter): Name = "Power Rating"; Value = "0.0625W"; VariantName = "[No Variations]"
Add component (AddParameter): Name = "Tolerance"; Value = "1%"; VariantName = "[No Variations]"
Add component (AddParameter): Name = "Value"; Value = "DNP"; VariantName = "[No Variations]"
Added Component: Designator=R48B(GEN_R_0402)
Add component (AddParameter): Name = "Package"; Value = "0402"; VariantName = "[No Variations]"
Add component (AddParameter): Name = "Power Rating"; Value = "0.0625W"; VariantName = "[No Variations]"
Add component (AddParameter): Name = "Tolerance"; Value = "1%"; VariantName = "[No Variations]"
Add component (AddParameter): Name = "Value"; Value = "DNP"; VariantName = "[No Variations]"
Added Component: Designator=R48C(GEN_R_0402)
Add component (AddParameter): Name = "Package"; Value = "0402"; VariantName = "[No Variations]"
Add component (AddParameter): Name = "Power Rating"; Value = "0.0625W"; VariantName = "[No Variations]"
Add component (AddParameter): Name = "Tolerance"; Value = "1%"; VariantName = "[No Variations]"
Add component (AddParameter): Name = "Value"; Value = "DNP"; VariantName = "[No Variations]"
Added Component: Designator=R48D(GEN_R_0402)
Add component (AddParameter): Name = "Package"; Value = "0402"; VariantName = "[No Variations]"
Add component (AddParameter): Name = "Power Rating"; Value = "0.0625W"; VariantName = "[No Variations]"
Add component (AddParameter): Name = "Tolerance"; Value = "1%"; VariantName = "[No Variations]"
Add component (AddParameter): Name = "Value"; Value = "DNP"; VariantName = "[No Variations]"
Added Pin To Net: NetName=GND Pin=R48A-1
Added Pin To Net: NetName=NetR43A_1 Pin=R48A-2
Added Pin To Net: NetName=GND Pin=R48B-1
Added Pin To Net: NetName=NetR43B_1 Pin=R48B-2
Added Pin To Net: NetName=GND Pin=R48C-1
Added Pin To Net: NetName=NetR43C_1 Pin=R48C-2
Added Pin To Net: NetName=GND Pin=R48D-1
Added Pin To Net: NetName=NetR43D_1 Pin=R48D-2
Added Member To Class: ClassName=Buffer1 Member=Component R48A (R48) DNP
Added Member To Class: ClassName=Buffer2 Member=Component R48B (R48) DNP
Added Member To Class: ClassName=Buffer3 Member=Component R48C (R48) DNP
Added Member To Class: ClassName=Buffer4 Member=Component R48D (R48) DNP
Added Member To Class: ClassName=CH1 Member=Component SHLD1A (SHLD1) 2118728-2
