Removed Pin From Net: NetName=GND Pin=C31A-1
Removed Pin From Net: NetName=GND Pin=C31B-1
Removed Pin From Net: NetName=GND Pin=C31C-1
Removed Pin From Net: NetName=GND Pin=C31D-1
Added Pin To Net: NetName=GND Pin=C31A-2
Added Pin To Net: NetName=GND Pin=C31B-2
Added Pin To Net: NetName=GND Pin=C31C-2
Added Pin To Net: NetName=GND Pin=C31D-2
Added Pin To Net: NetName=NetC31A_1 Pin=C31A-1
Added Pin To Net: NetName=NetC31A_1 Pin=K1A-6
Added Pin To Net: NetName=NetC31A_1 Pin=R30A-1
Added Net: Name=NetC31A_1
Added Pin To Net: NetName=NetC31B_1 Pin=C31B-1
Added Pin To Net: NetName=NetC31B_1 Pin=K1B-6
Added Pin To Net: NetName=NetC31B_1 Pin=R30B-1
Added Net: Name=NetC31B_1
Added Pin To Net: NetName=NetC31C_1 Pin=C31C-1
Added Pin To Net: NetName=NetC31C_1 Pin=K1C-6
Added Pin To Net: NetName=NetC31C_1 Pin=R30C-1
Added Net: Name=NetC31C_1
Added Pin To Net: NetName=NetC31D_1 Pin=C31D-1
Added Pin To Net: NetName=NetC31D_1 Pin=K1D-6
Added Pin To Net: NetName=NetC31D_1 Pin=R30D-1
Added Net: Name=NetC31D_1
