
*** Running vivado
    with args -log design_1_axi_fifo_mm_s_0_0.vds -m64 -product Vivado -mode batch -messageDb vivado.pb -notrace -source design_1_axi_fifo_mm_s_0_0.tcl



****** Vivado v2020.1 (64-bit)
  **** SW Build 2902540 on Wed May 27 19:54:49 MDT 2020
  **** IP Build 2902112 on Wed May 27 22:43:36 MDT 2020
    ** Copyright 1986-2020 Xilinx, Inc. All Rights Reserved.

source design_1_axi_fifo_mm_s_0_0.tcl -notrace
Command: synth_design -top design_1_axi_fifo_mm_s_0_0 -part xc7a100tfgg484-2 -directive AreaOptimized_high -control_set_opt_threshold 1 -mode out_of_context
Starting synth_design
Attempting to get a license for feature 'Synthesis' and/or device 'xc7a100t'
INFO: [Common 17-349] Got license for feature 'Synthesis' and/or device 'xc7a100t'
INFO: [Device 21-403] Loading part xc7a100tfgg484-2
INFO: [Synth 8-7079] Multithreading enabled for synth_design using a maximum of 2 processes.
INFO: [Synth 8-7078] Launching helper process for spawning children vivado processes
INFO: [Synth 8-7075] Helper process launched with PID 8568
---------------------------------------------------------------------------------
Starting RTL Elaboration : Time (s): cpu = 00:00:08 ; elapsed = 00:00:10 . Memory (MB): peak = 1001.625 ; gain = 0.000
---------------------------------------------------------------------------------
INFO: [Synth 8-638] synthesizing module 'design_1_axi_fifo_mm_s_0_0' [c:/Users/Aleksa/Documents/FPGA_Dev/Artix7_PCIe/DDR3_Optimization/dso_top_22089/dso_top_22089.srcs/sources_1/bd/design_1/ip/design_1_axi_fifo_mm_s_0_0/synth/design_1_axi_fifo_mm_s_0_0.vhd:89]
	Parameter C_FAMILY bound to: artix7 - type: string 
	Parameter C_S_AXI_ID_WIDTH bound to: 4 - type: integer 
	Parameter C_S_AXI_ADDR_WIDTH bound to: 32 - type: integer 
	Parameter C_S_AXI_DATA_WIDTH bound to: 32 - type: integer 
	Parameter C_S_AXI4_DATA_WIDTH bound to: 32 - type: integer 
	Parameter C_TX_FIFO_DEPTH bound to: 512 - type: integer 
	Parameter C_RX_FIFO_DEPTH bound to: 512 - type: integer 
	Parameter C_TX_CASCADE_HEIGHT bound to: 0 - type: integer 
	Parameter C_RX_CASCADE_HEIGHT bound to: 0 - type: integer 
	Parameter C_TX_FIFO_PF_THRESHOLD bound to: 507 - type: integer 
	Parameter C_TX_FIFO_PE_THRESHOLD bound to: 5 - type: integer 
	Parameter C_RX_FIFO_PF_THRESHOLD bound to: 507 - type: integer 
	Parameter C_RX_FIFO_PE_THRESHOLD bound to: 5 - type: integer 
	Parameter C_USE_TX_CUT_THROUGH bound to: 0 - type: integer 
	Parameter C_DATA_INTERFACE_TYPE bound to: 0 - type: integer 
	Parameter C_BASEADDR bound to: 32'b01000000000000100000000000000000 
	Parameter C_HIGHADDR bound to: 32'b01000000000000101111111111111111 
	Parameter C_AXI4_BASEADDR bound to: 32'b10000000000000000001000000000000 
	Parameter C_AXI4_HIGHADDR bound to: 32'b10000000000000000010111111111111 
	Parameter C_HAS_AXIS_TID bound to: 0 - type: integer 
	Parameter C_HAS_AXIS_TDEST bound to: 0 - type: integer 
	Parameter C_HAS_AXIS_TUSER bound to: 0 - type: integer 
	Parameter C_HAS_AXIS_TSTRB bound to: 0 - type: integer 
	Parameter C_HAS_AXIS_TKEEP bound to: 0 - type: integer 
	Parameter C_AXIS_TID_WIDTH bound to: 4 - type: integer 
	Parameter C_AXIS_TDEST_WIDTH bound to: 4 - type: integer 
	Parameter C_AXIS_TUSER_WIDTH bound to: 4 - type: integer 
	Parameter C_USE_RX_CUT_THROUGH bound to: 0 - type: integer 
	Parameter C_USE_TX_DATA bound to: 1 - type: integer 
	Parameter C_USE_TX_CTRL bound to: 0 - type: integer 
	Parameter C_USE_RX_DATA bound to: 0 - type: integer 
INFO: [Synth 8-3491] module 'axi_fifo_mm_s' declared at 'c:/Users/Aleksa/Documents/FPGA_Dev/Artix7_PCIe/DDR3_Optimization/dso_top_22089/dso_top_22089.srcs/sources_1/bd/design_1/ipshared/5bfc/hdl/axi_fifo_mm_s_v4_2_rfs.vhd:4645' bound to instance 'U0' of component 'axi_fifo_mm_s' [c:/Users/Aleksa/Documents/FPGA_Dev/Artix7_PCIe/DDR3_Optimization/dso_top_22089/dso_top_22089.srcs/sources_1/bd/design_1/ip/design_1_axi_fifo_mm_s_0_0/synth/design_1_axi_fifo_mm_s_0_0.vhd:256]
INFO: [Synth 8-638] synthesizing module 'axi_fifo_mm_s' [c:/Users/Aleksa/Documents/FPGA_Dev/Artix7_PCIe/DDR3_Optimization/dso_top_22089/dso_top_22089.srcs/sources_1/bd/design_1/ipshared/5bfc/hdl/axi_fifo_mm_s_v4_2_rfs.vhd:4805]
	Parameter C_FAMILY bound to: artix7 - type: string 
	Parameter C_S_AXI_ID_WIDTH bound to: 4 - type: integer 
	Parameter C_S_AXI_ADDR_WIDTH bound to: 32 - type: integer 
	Parameter C_S_AXI_DATA_WIDTH bound to: 32 - type: integer 
	Parameter C_S_AXI4_DATA_WIDTH bound to: 32 - type: integer 
	Parameter C_TX_FIFO_DEPTH bound to: 512 - type: integer 
	Parameter C_RX_FIFO_DEPTH bound to: 512 - type: integer 
	Parameter C_TX_CASCADE_HEIGHT bound to: 0 - type: integer 
	Parameter C_RX_CASCADE_HEIGHT bound to: 0 - type: integer 
	Parameter C_TX_FIFO_PF_THRESHOLD bound to: 507 - type: integer 
	Parameter C_TX_FIFO_PE_THRESHOLD bound to: 5 - type: integer 
	Parameter C_RX_FIFO_PF_THRESHOLD bound to: 507 - type: integer 
	Parameter C_RX_FIFO_PE_THRESHOLD bound to: 5 - type: integer 
	Parameter C_USE_TX_CUT_THROUGH bound to: 0 - type: integer 
	Parameter C_DATA_INTERFACE_TYPE bound to: 0 - type: integer 
	Parameter C_BASEADDR bound to: 1073872896 - type: integer 
	Parameter C_HIGHADDR bound to: 1073938431 - type: integer 
	Parameter C_AXI4_BASEADDR bound to: -2147479552 - type: integer 
	Parameter C_AXI4_HIGHADDR bound to: -2147471361 - type: integer 
	Parameter C_HAS_AXIS_TID bound to: 0 - type: integer 
	Parameter C_HAS_AXIS_TDEST bound to: 0 - type: integer 
	Parameter C_HAS_AXIS_TUSER bound to: 0 - type: integer 
	Parameter C_HAS_AXIS_TSTRB bound to: 0 - type: integer 
	Parameter C_HAS_AXIS_TKEEP bound to: 0 - type: integer 
	Parameter C_AXIS_TID_WIDTH bound to: 4 - type: integer 
	Parameter C_AXIS_TDEST_WIDTH bound to: 4 - type: integer 
	Parameter C_AXIS_TUSER_WIDTH bound to: 4 - type: integer 
	Parameter C_USE_RX_CUT_THROUGH bound to: 0 - type: integer 
	Parameter C_USE_TX_DATA bound to: 1 - type: integer 
	Parameter C_USE_TX_CTRL bound to: 0 - type: integer 
	Parameter C_USE_RX_DATA bound to: 0 - type: integer 
INFO: [Synth 8-638] synthesizing module 'axi_lite_ipif' [c:/Users/Aleksa/Documents/FPGA_Dev/Artix7_PCIe/DDR3_Optimization/dso_top_22089/dso_top_22089.srcs/sources_1/bd/design_1/ipshared/66ea/hdl/axi_lite_ipif_v3_0_vh_rfs.vhd:2948]
	Parameter C_S_AXI_DATA_WIDTH bound to: 32 - type: integer 
	Parameter C_S_AXI_ADDR_WIDTH bound to: 32 - type: integer 
	Parameter C_S_AXI_MIN_SIZE bound to: 32'b00000000000000000000000000111111 
	Parameter C_USE_WSTRB bound to: 0 - type: integer 
	Parameter C_DPHASE_TIMEOUT bound to: 0 - type: integer 
	Parameter C_ARD_ADDR_RANGE_ARRAY bound to: 128'b00000000000000000000000000000000010000000000001000000000000000000000000000000000000000000000000001000000000000101111111111111111 
	Parameter C_ARD_NUM_CE_ARRAY bound to: 32'b00000000000000000000000000001101 
	Parameter C_FAMILY bound to: artix7 - type: string 
INFO: [Synth 8-638] synthesizing module 'slave_attachment' [c:/Users/Aleksa/Documents/FPGA_Dev/Artix7_PCIe/DDR3_Optimization/dso_top_22089/dso_top_22089.srcs/sources_1/bd/design_1/ipshared/66ea/hdl/axi_lite_ipif_v3_0_vh_rfs.vhd:2341]
	Parameter C_ARD_ADDR_RANGE_ARRAY bound to: 128'b00000000000000000000000000000000010000000000001000000000000000000000000000000000000000000000000001000000000000101111111111111111 
	Parameter C_ARD_NUM_CE_ARRAY bound to: 32'b00000000000000000000000000001101 
	Parameter C_IPIF_ABUS_WIDTH bound to: 32 - type: integer 
	Parameter C_IPIF_DBUS_WIDTH bound to: 32 - type: integer 
	Parameter C_S_AXI_MIN_SIZE bound to: 63 - type: integer 
	Parameter C_USE_WSTRB bound to: 0 - type: integer 
	Parameter C_DPHASE_TIMEOUT bound to: 0 - type: integer 
	Parameter C_FAMILY bound to: artix7 - type: string 
INFO: [Synth 8-638] synthesizing module 'address_decoder' [c:/Users/Aleksa/Documents/FPGA_Dev/Artix7_PCIe/DDR3_Optimization/dso_top_22089/dso_top_22089.srcs/sources_1/bd/design_1/ipshared/66ea/hdl/axi_lite_ipif_v3_0_vh_rfs.vhd:1775]
	Parameter C_BUS_AWIDTH bound to: 6 - type: integer 
	Parameter C_S_AXI_MIN_SIZE bound to: 63 - type: integer 
	Parameter C_ARD_ADDR_RANGE_ARRAY bound to: 128'b00000000000000000000000000000000010000000000001000000000000000000000000000000000000000000000000001000000000000101111111111111111 
	Parameter C_ARD_NUM_CE_ARRAY bound to: 32'b00000000000000000000000000001101 
	Parameter C_FAMILY bound to: nofamily - type: string 
INFO: [Synth 8-638] synthesizing module 'pselect_f' [c:/Users/Aleksa/Documents/FPGA_Dev/Artix7_PCIe/DDR3_Optimization/dso_top_22089/dso_top_22089.srcs/sources_1/bd/design_1/ipshared/66ea/hdl/axi_lite_ipif_v3_0_vh_rfs.vhd:1534]
	Parameter C_AB bound to: 4 - type: integer 
	Parameter C_AW bound to: 4 - type: integer 
	Parameter C_BAR bound to: 4'b0000 
	Parameter C_FAMILY bound to: nofamily - type: string 
INFO: [Synth 8-256] done synthesizing module 'pselect_f' (1#1) [c:/Users/Aleksa/Documents/FPGA_Dev/Artix7_PCIe/DDR3_Optimization/dso_top_22089/dso_top_22089.srcs/sources_1/bd/design_1/ipshared/66ea/hdl/axi_lite_ipif_v3_0_vh_rfs.vhd:1534]
INFO: [Synth 8-638] synthesizing module 'pselect_f__parameterized0' [c:/Users/Aleksa/Documents/FPGA_Dev/Artix7_PCIe/DDR3_Optimization/dso_top_22089/dso_top_22089.srcs/sources_1/bd/design_1/ipshared/66ea/hdl/axi_lite_ipif_v3_0_vh_rfs.vhd:1534]
	Parameter C_AB bound to: 4 - type: integer 
	Parameter C_AW bound to: 4 - type: integer 
	Parameter C_BAR bound to: 4'b0001 
	Parameter C_FAMILY bound to: nofamily - type: string 
INFO: [Synth 8-256] done synthesizing module 'pselect_f__parameterized0' (1#1) [c:/Users/Aleksa/Documents/FPGA_Dev/Artix7_PCIe/DDR3_Optimization/dso_top_22089/dso_top_22089.srcs/sources_1/bd/design_1/ipshared/66ea/hdl/axi_lite_ipif_v3_0_vh_rfs.vhd:1534]
INFO: [Synth 8-638] synthesizing module 'pselect_f__parameterized1' [c:/Users/Aleksa/Documents/FPGA_Dev/Artix7_PCIe/DDR3_Optimization/dso_top_22089/dso_top_22089.srcs/sources_1/bd/design_1/ipshared/66ea/hdl/axi_lite_ipif_v3_0_vh_rfs.vhd:1534]
	Parameter C_AB bound to: 4 - type: integer 
	Parameter C_AW bound to: 4 - type: integer 
	Parameter C_BAR bound to: 4'b0010 
	Parameter C_FAMILY bound to: nofamily - type: string 
INFO: [Synth 8-256] done synthesizing module 'pselect_f__parameterized1' (1#1) [c:/Users/Aleksa/Documents/FPGA_Dev/Artix7_PCIe/DDR3_Optimization/dso_top_22089/dso_top_22089.srcs/sources_1/bd/design_1/ipshared/66ea/hdl/axi_lite_ipif_v3_0_vh_rfs.vhd:1534]
INFO: [Synth 8-638] synthesizing module 'pselect_f__parameterized2' [c:/Users/Aleksa/Documents/FPGA_Dev/Artix7_PCIe/DDR3_Optimization/dso_top_22089/dso_top_22089.srcs/sources_1/bd/design_1/ipshared/66ea/hdl/axi_lite_ipif_v3_0_vh_rfs.vhd:1534]
	Parameter C_AB bound to: 4 - type: integer 
	Parameter C_AW bound to: 4 - type: integer 
	Parameter C_BAR bound to: 4'b0011 
	Parameter C_FAMILY bound to: nofamily - type: string 
INFO: [Synth 8-256] done synthesizing module 'pselect_f__parameterized2' (1#1) [c:/Users/Aleksa/Documents/FPGA_Dev/Artix7_PCIe/DDR3_Optimization/dso_top_22089/dso_top_22089.srcs/sources_1/bd/design_1/ipshared/66ea/hdl/axi_lite_ipif_v3_0_vh_rfs.vhd:1534]
INFO: [Synth 8-638] synthesizing module 'pselect_f__parameterized3' [c:/Users/Aleksa/Documents/FPGA_Dev/Artix7_PCIe/DDR3_Optimization/dso_top_22089/dso_top_22089.srcs/sources_1/bd/design_1/ipshared/66ea/hdl/axi_lite_ipif_v3_0_vh_rfs.vhd:1534]
	Parameter C_AB bound to: 4 - type: integer 
	Parameter C_AW bound to: 4 - type: integer 
	Parameter C_BAR bound to: 4'b0100 
	Parameter C_FAMILY bound to: nofamily - type: string 
INFO: [Synth 8-256] done synthesizing module 'pselect_f__parameterized3' (1#1) [c:/Users/Aleksa/Documents/FPGA_Dev/Artix7_PCIe/DDR3_Optimization/dso_top_22089/dso_top_22089.srcs/sources_1/bd/design_1/ipshared/66ea/hdl/axi_lite_ipif_v3_0_vh_rfs.vhd:1534]
INFO: [Synth 8-638] synthesizing module 'pselect_f__parameterized4' [c:/Users/Aleksa/Documents/FPGA_Dev/Artix7_PCIe/DDR3_Optimization/dso_top_22089/dso_top_22089.srcs/sources_1/bd/design_1/ipshared/66ea/hdl/axi_lite_ipif_v3_0_vh_rfs.vhd:1534]
	Parameter C_AB bound to: 4 - type: integer 
	Parameter C_AW bound to: 4 - type: integer 
	Parameter C_BAR bound to: 4'b0101 
	Parameter C_FAMILY bound to: nofamily - type: string 
INFO: [Synth 8-256] done synthesizing module 'pselect_f__parameterized4' (1#1) [c:/Users/Aleksa/Documents/FPGA_Dev/Artix7_PCIe/DDR3_Optimization/dso_top_22089/dso_top_22089.srcs/sources_1/bd/design_1/ipshared/66ea/hdl/axi_lite_ipif_v3_0_vh_rfs.vhd:1534]
INFO: [Synth 8-638] synthesizing module 'pselect_f__parameterized5' [c:/Users/Aleksa/Documents/FPGA_Dev/Artix7_PCIe/DDR3_Optimization/dso_top_22089/dso_top_22089.srcs/sources_1/bd/design_1/ipshared/66ea/hdl/axi_lite_ipif_v3_0_vh_rfs.vhd:1534]
	Parameter C_AB bound to: 4 - type: integer 
	Parameter C_AW bound to: 4 - type: integer 
	Parameter C_BAR bound to: 4'b0110 
	Parameter C_FAMILY bound to: nofamily - type: string 
INFO: [Synth 8-256] done synthesizing module 'pselect_f__parameterized5' (1#1) [c:/Users/Aleksa/Documents/FPGA_Dev/Artix7_PCIe/DDR3_Optimization/dso_top_22089/dso_top_22089.srcs/sources_1/bd/design_1/ipshared/66ea/hdl/axi_lite_ipif_v3_0_vh_rfs.vhd:1534]
INFO: [Synth 8-638] synthesizing module 'pselect_f__parameterized6' [c:/Users/Aleksa/Documents/FPGA_Dev/Artix7_PCIe/DDR3_Optimization/dso_top_22089/dso_top_22089.srcs/sources_1/bd/design_1/ipshared/66ea/hdl/axi_lite_ipif_v3_0_vh_rfs.vhd:1534]
	Parameter C_AB bound to: 4 - type: integer 
	Parameter C_AW bound to: 4 - type: integer 
	Parameter C_BAR bound to: 4'b0111 
	Parameter C_FAMILY bound to: nofamily - type: string 
INFO: [Synth 8-256] done synthesizing module 'pselect_f__parameterized6' (1#1) [c:/Users/Aleksa/Documents/FPGA_Dev/Artix7_PCIe/DDR3_Optimization/dso_top_22089/dso_top_22089.srcs/sources_1/bd/design_1/ipshared/66ea/hdl/axi_lite_ipif_v3_0_vh_rfs.vhd:1534]
INFO: [Synth 8-638] synthesizing module 'pselect_f__parameterized7' [c:/Users/Aleksa/Documents/FPGA_Dev/Artix7_PCIe/DDR3_Optimization/dso_top_22089/dso_top_22089.srcs/sources_1/bd/design_1/ipshared/66ea/hdl/axi_lite_ipif_v3_0_vh_rfs.vhd:1534]
	Parameter C_AB bound to: 4 - type: integer 
	Parameter C_AW bound to: 4 - type: integer 
	Parameter C_BAR bound to: 4'b1000 
	Parameter C_FAMILY bound to: nofamily - type: string 
INFO: [Synth 8-256] done synthesizing module 'pselect_f__parameterized7' (1#1) [c:/Users/Aleksa/Documents/FPGA_Dev/Artix7_PCIe/DDR3_Optimization/dso_top_22089/dso_top_22089.srcs/sources_1/bd/design_1/ipshared/66ea/hdl/axi_lite_ipif_v3_0_vh_rfs.vhd:1534]
INFO: [Synth 8-638] synthesizing module 'pselect_f__parameterized8' [c:/Users/Aleksa/Documents/FPGA_Dev/Artix7_PCIe/DDR3_Optimization/dso_top_22089/dso_top_22089.srcs/sources_1/bd/design_1/ipshared/66ea/hdl/axi_lite_ipif_v3_0_vh_rfs.vhd:1534]
	Parameter C_AB bound to: 4 - type: integer 
	Parameter C_AW bound to: 4 - type: integer 
	Parameter C_BAR bound to: 4'b1001 
	Parameter C_FAMILY bound to: nofamily - type: string 
INFO: [Synth 8-256] done synthesizing module 'pselect_f__parameterized8' (1#1) [c:/Users/Aleksa/Documents/FPGA_Dev/Artix7_PCIe/DDR3_Optimization/dso_top_22089/dso_top_22089.srcs/sources_1/bd/design_1/ipshared/66ea/hdl/axi_lite_ipif_v3_0_vh_rfs.vhd:1534]
INFO: [Synth 8-638] synthesizing module 'pselect_f__parameterized9' [c:/Users/Aleksa/Documents/FPGA_Dev/Artix7_PCIe/DDR3_Optimization/dso_top_22089/dso_top_22089.srcs/sources_1/bd/design_1/ipshared/66ea/hdl/axi_lite_ipif_v3_0_vh_rfs.vhd:1534]
	Parameter C_AB bound to: 4 - type: integer 
	Parameter C_AW bound to: 4 - type: integer 
	Parameter C_BAR bound to: 4'b1010 
	Parameter C_FAMILY bound to: nofamily - type: string 
INFO: [Synth 8-256] done synthesizing module 'pselect_f__parameterized9' (1#1) [c:/Users/Aleksa/Documents/FPGA_Dev/Artix7_PCIe/DDR3_Optimization/dso_top_22089/dso_top_22089.srcs/sources_1/bd/design_1/ipshared/66ea/hdl/axi_lite_ipif_v3_0_vh_rfs.vhd:1534]
INFO: [Synth 8-638] synthesizing module 'pselect_f__parameterized10' [c:/Users/Aleksa/Documents/FPGA_Dev/Artix7_PCIe/DDR3_Optimization/dso_top_22089/dso_top_22089.srcs/sources_1/bd/design_1/ipshared/66ea/hdl/axi_lite_ipif_v3_0_vh_rfs.vhd:1534]
	Parameter C_AB bound to: 4 - type: integer 
	Parameter C_AW bound to: 4 - type: integer 
	Parameter C_BAR bound to: 4'b1011 
	Parameter C_FAMILY bound to: nofamily - type: string 
INFO: [Synth 8-256] done synthesizing module 'pselect_f__parameterized10' (1#1) [c:/Users/Aleksa/Documents/FPGA_Dev/Artix7_PCIe/DDR3_Optimization/dso_top_22089/dso_top_22089.srcs/sources_1/bd/design_1/ipshared/66ea/hdl/axi_lite_ipif_v3_0_vh_rfs.vhd:1534]
INFO: [Synth 8-638] synthesizing module 'pselect_f__parameterized11' [c:/Users/Aleksa/Documents/FPGA_Dev/Artix7_PCIe/DDR3_Optimization/dso_top_22089/dso_top_22089.srcs/sources_1/bd/design_1/ipshared/66ea/hdl/axi_lite_ipif_v3_0_vh_rfs.vhd:1534]
	Parameter C_AB bound to: 4 - type: integer 
	Parameter C_AW bound to: 4 - type: integer 
	Parameter C_BAR bound to: 4'b1100 
	Parameter C_FAMILY bound to: nofamily - type: string 
INFO: [Synth 8-256] done synthesizing module 'pselect_f__parameterized11' (1#1) [c:/Users/Aleksa/Documents/FPGA_Dev/Artix7_PCIe/DDR3_Optimization/dso_top_22089/dso_top_22089.srcs/sources_1/bd/design_1/ipshared/66ea/hdl/axi_lite_ipif_v3_0_vh_rfs.vhd:1534]
INFO: [Synth 8-256] done synthesizing module 'address_decoder' (2#1) [c:/Users/Aleksa/Documents/FPGA_Dev/Artix7_PCIe/DDR3_Optimization/dso_top_22089/dso_top_22089.srcs/sources_1/bd/design_1/ipshared/66ea/hdl/axi_lite_ipif_v3_0_vh_rfs.vhd:1775]
INFO: [Synth 8-226] default block is never used [c:/Users/Aleksa/Documents/FPGA_Dev/Artix7_PCIe/DDR3_Optimization/dso_top_22089/dso_top_22089.srcs/sources_1/bd/design_1/ipshared/66ea/hdl/axi_lite_ipif_v3_0_vh_rfs.vhd:2550]
INFO: [Synth 8-256] done synthesizing module 'slave_attachment' (3#1) [c:/Users/Aleksa/Documents/FPGA_Dev/Artix7_PCIe/DDR3_Optimization/dso_top_22089/dso_top_22089.srcs/sources_1/bd/design_1/ipshared/66ea/hdl/axi_lite_ipif_v3_0_vh_rfs.vhd:2341]
INFO: [Synth 8-256] done synthesizing module 'axi_lite_ipif' (4#1) [c:/Users/Aleksa/Documents/FPGA_Dev/Artix7_PCIe/DDR3_Optimization/dso_top_22089/dso_top_22089.srcs/sources_1/bd/design_1/ipshared/66ea/hdl/axi_lite_ipif_v3_0_vh_rfs.vhd:2948]
INFO: [Synth 8-638] synthesizing module 'ipic2axi_s' [c:/Users/Aleksa/Documents/FPGA_Dev/Artix7_PCIe/DDR3_Optimization/dso_top_22089/dso_top_22089.srcs/sources_1/bd/design_1/ipshared/5bfc/hdl/axi_fifo_mm_s_v4_2_rfs.vhd:3621]
	Parameter C_FAMILY bound to: artix7 - type: string 
	Parameter C_DEST_WIDTH bound to: 4 - type: integer 
	Parameter C_DATA_WIDTH bound to: 32 - type: integer 
	Parameter C_AXI4_DATA_WIDTH bound to: 32 - type: integer 
	Parameter C_TX_FIFO_DEPTH bound to: 512 - type: integer 
	Parameter C_RX_FIFO_DEPTH bound to: 512 - type: integer 
	Parameter C_TX_CASCADE_HEIGHT bound to: 0 - type: integer 
	Parameter C_RX_CASCADE_HEIGHT bound to: 0 - type: integer 
	Parameter C_TX_FIFO_PF_THRESHOLD bound to: 507 - type: integer 
	Parameter C_TX_FIFO_PE_THRESHOLD bound to: 5 - type: integer 
	Parameter C_RX_FIFO_PF_THRESHOLD bound to: 507 - type: integer 
	Parameter C_RX_FIFO_PE_THRESHOLD bound to: 5 - type: integer 
	Parameter C_USE_TX_CUT_THROUGH bound to: 0 - type: integer 
	Parameter C_USE_RX_CUT_THROUGH bound to: 0 - type: integer 
	Parameter C_TOTAL_NO_OF_INTR bound to: 13 - type: integer 
	Parameter C_TOTAL_NO_OF_REG bound to: 13 - type: integer 
	Parameter C_DATA_INTERFACE_TYPE bound to: 0 - type: integer 
	Parameter C_HAS_AXIS_TKEEP bound to: 0 - type: integer 
	Parameter C_HAS_AXIS_TSTRB bound to: 0 - type: integer 
	Parameter C_HAS_AXIS_TDEST bound to: 0 - type: integer 
	Parameter C_HAS_AXIS_TUSER bound to: 0 - type: integer 
	Parameter C_HAS_AXIS_TID bound to: 0 - type: integer 
	Parameter C_AXIS_TDEST_WIDTH bound to: 4 - type: integer 
	Parameter C_AXIS_TUSER_WIDTH bound to: 4 - type: integer 
	Parameter C_AXIS_TID_WIDTH bound to: 4 - type: integer 
	Parameter C_USE_TX_DATA bound to: 1 - type: integer 
	Parameter C_USE_RX_DATA bound to: 0 - type: integer 
	Parameter C_USE_TX_CTRL bound to: 0 - type: integer 
INFO: [Synth 8-638] synthesizing module 'fifo' [c:/Users/Aleksa/Documents/FPGA_Dev/Artix7_PCIe/DDR3_Optimization/dso_top_22089/dso_top_22089.srcs/sources_1/bd/design_1/ipshared/5bfc/hdl/axi_fifo_mm_s_v4_2_rfs.vhd:3165]
	Parameter C_FAMILY bound to: artix7 - type: string 
	Parameter C_USE_FIFO_GEN bound to: 1 - type: integer 
	Parameter C_IPIF_DWIDTH bound to: 32 - type: integer 
	Parameter C_OFFSET bound to: 1 - type: integer 
	Parameter C_DEPTH bound to: 512 - type: integer 
	Parameter C_CASCADE_HEIGHT bound to: 0 - type: integer 
	Parameter C_PF_THRESHOLD bound to: 507 - type: integer 
	Parameter C_PE_THRESHOLD bound to: 5 - type: integer 
	Parameter C_DATA_FLOW_DIR bound to: MM2S - type: string 
	Parameter C_DATA_INTERFACE_TYPE bound to: 0 - type: integer 
	Parameter C_USE_TX_CUT_THROUGH bound to: 0 - type: integer 
	Parameter C_HAS_AXIS_TID bound to: 0 - type: integer 
	Parameter C_HAS_AXIS_TDEST bound to: 0 - type: integer 
	Parameter C_HAS_AXIS_TUSER bound to: 0 - type: integer 
	Parameter C_HAS_AXIS_TLAST bound to: 1 - type: integer 
	Parameter C_HAS_AXIS_TSTRB bound to: 0 - type: integer 
	Parameter C_HAS_AXIS_TKEEP bound to: 0 - type: integer 
	Parameter C_AXIS_TDATA_WIDTH bound to: 32 - type: integer 
	Parameter C_AXIS_TID_WIDTH bound to: 4 - type: integer 
	Parameter C_AXIS_TDEST_WIDTH bound to: 4 - type: integer 
	Parameter C_AXIS_TUSER_WIDTH bound to: 4 - type: integer 
INFO: [Synth 8-638] synthesizing module 'axis_fg' [c:/Users/Aleksa/Documents/FPGA_Dev/Artix7_PCIe/DDR3_Optimization/dso_top_22089/dso_top_22089.srcs/sources_1/bd/design_1/ipshared/5bfc/hdl/axi_fifo_mm_s_v4_2_rfs.vhd:2769]
	Parameter C_FAMILY bound to: artix7 - type: string 
	Parameter C_DEPTH bound to: 512 - type: integer 
	Parameter C_CASCADE_HEIGHT bound to: 0 - type: integer 
	Parameter C_PF_THRESHOLD bound to: 507 - type: integer 
	Parameter C_PE_THRESHOLD bound to: 5 - type: integer 
	Parameter C_FIFO_GEN_TYPE bound to: 1 - type: integer 
	Parameter C_DATA_COUNT_WIDTH bound to: 9 - type: integer 
	Parameter C_HAS_AXIS_TID bound to: 0 - type: integer 
	Parameter C_HAS_AXIS_TDEST bound to: 1 - type: integer 
	Parameter C_HAS_AXIS_TUSER bound to: 0 - type: integer 
	Parameter C_HAS_AXIS_TLAST bound to: 1 - type: integer 
	Parameter C_HAS_AXIS_TSTRB bound to: 1 - type: integer 
	Parameter C_HAS_AXIS_TKEEP bound to: 0 - type: integer 
	Parameter C_AXIS_TDATA_WIDTH bound to: 32 - type: integer 
	Parameter C_AXIS_TID_WIDTH bound to: 4 - type: integer 
	Parameter C_AXIS_TDEST_WIDTH bound to: 4 - type: integer 
	Parameter C_AXIS_TUSER_WIDTH bound to: 4 - type: integer 
	Parameter CLOCKING_MODE bound to: COMMON - type: string 
	Parameter FIFO_MEMORY_TYPE bound to: BRAM - type: string 
	Parameter CASCADE_HEIGHT bound to: 0 - type: integer 
	Parameter PACKET_FIFO bound to: true - type: string 
	Parameter FIFO_DEPTH bound to: 512 - type: integer 
	Parameter TDATA_WIDTH bound to: 32 - type: integer 
	Parameter TID_WIDTH bound to: 4 - type: integer 
	Parameter TDEST_WIDTH bound to: 4 - type: integer 
	Parameter TUSER_WIDTH bound to: 4 - type: integer 
	Parameter ECC_MODE bound to: NO_ECC - type: string 
	Parameter RELATED_CLOCKS bound to: 0 - type: integer 
	Parameter USE_ADV_FEATURES bound to: 1606 - type: string 
	Parameter WR_DATA_COUNT_WIDTH bound to: 10 - type: integer 
	Parameter RD_DATA_COUNT_WIDTH bound to: 10 - type: integer 
	Parameter PROG_FULL_THRESH bound to: 507 - type: integer 
	Parameter PROG_EMPTY_THRESH bound to: 5 - type: integer 
	Parameter SIM_ASSERT_CHK bound to: 0 - type: integer 
	Parameter CDC_SYNC_STAGES bound to: 2 - type: integer 
INFO: [Synth 8-3491] module 'xpm_fifo_axis' declared at 'C:/Xilinx/Vivado/2020.1/data/ip/xpm/xpm_fifo/hdl/xpm_fifo.sv:2233' bound to instance 'COMP_FIFO' of component 'xpm_fifo_axis' [c:/Users/Aleksa/Documents/FPGA_Dev/Artix7_PCIe/DDR3_Optimization/dso_top_22089/dso_top_22089.srcs/sources_1/bd/design_1/ipshared/5bfc/hdl/axi_fifo_mm_s_v4_2_rfs.vhd:2940]
INFO: [Synth 8-6157] synthesizing module 'xpm_fifo_axis' [C:/Xilinx/Vivado/2020.1/data/ip/xpm/xpm_fifo/hdl/xpm_fifo.sv:2233]
	Parameter CLOCKING_MODE bound to: COMMON - type: string 
	Parameter FIFO_MEMORY_TYPE bound to: BRAM - type: string 
	Parameter PACKET_FIFO bound to: true - type: string 
	Parameter FIFO_DEPTH bound to: 512 - type: integer 
	Parameter TDATA_WIDTH bound to: 32 - type: integer 
	Parameter TID_WIDTH bound to: 4 - type: integer 
	Parameter TDEST_WIDTH bound to: 4 - type: integer 
	Parameter TUSER_WIDTH bound to: 4 - type: integer 
	Parameter SIM_ASSERT_CHK bound to: 0 - type: integer 
	Parameter CASCADE_HEIGHT bound to: 0 - type: integer 
	Parameter ECC_MODE bound to: NO_ECC - type: string 
	Parameter RELATED_CLOCKS bound to: 0 - type: integer 
	Parameter USE_ADV_FEATURES bound to: 1606 - type: string 
	Parameter WR_DATA_COUNT_WIDTH bound to: 10 - type: integer 
	Parameter RD_DATA_COUNT_WIDTH bound to: 10 - type: integer 
	Parameter PROG_FULL_THRESH bound to: 507 - type: integer 
	Parameter PROG_EMPTY_THRESH bound to: 5 - type: integer 
	Parameter CDC_SYNC_STAGES bound to: 2 - type: integer 
	Parameter EN_ADV_FEATURE_AXIS bound to: 16'b0001011000000110 
	Parameter EN_ALMOST_FULL_INT bound to: 1'b1 
	Parameter EN_ALMOST_EMPTY_INT bound to: 1'b1 
	Parameter EN_DATA_VALID_INT bound to: 1'b1 
	Parameter EN_ADV_FEATURE_AXIS_INT bound to: 16'b0001111000001110 
	Parameter USE_ADV_FEATURES_INT bound to: 826617925 - type: integer 
	Parameter PKT_SIZE_LT8 bound to: 1'b0 
	Parameter LOG_DEPTH_AXIS bound to: 9 - type: integer 
	Parameter TDATA_OFFSET bound to: 32 - type: integer 
	Parameter TSTRB_OFFSET bound to: 36 - type: integer 
	Parameter TKEEP_OFFSET bound to: 40 - type: integer 
	Parameter TID_OFFSET bound to: 44 - type: integer 
	Parameter TDEST_OFFSET bound to: 48 - type: integer 
	Parameter TUSER_OFFSET bound to: 52 - type: integer 
	Parameter AXIS_DATA_WIDTH bound to: 53 - type: integer 
	Parameter P_COMMON_CLOCK bound to: 1 - type: integer 
	Parameter P_FIFO_MEMORY_TYPE bound to: 2 - type: integer 
	Parameter P_ECC_MODE bound to: 0 - type: integer 
	Parameter P_PKT_MODE bound to: 1 - type: integer 
	Parameter AXIS_FINAL_DATA_WIDTH bound to: 53 - type: integer 
	Parameter TUSER_MAX_WIDTH bound to: 4047 - type: integer 
INFO: [Synth 8-6059] Synth Info: [XPM_FIFO_AXIS 21-1] Almost full flag option is not enabled (USE_ADV_FEATURES[3] = 1'b0) but Packet FIFO mode requires almost_full to be enabled. XPM_FIFO_AXIS enables the Almost full flag automatically. You may ignore almost_full port if not required   [C:/Xilinx/Vivado/2020.1/data/ip/xpm/xpm_fifo/hdl/xpm_fifo.sv:2453]
INFO: [Synth 8-6059] Synth Info: [XPM_FIFO_AXIS 21-1] Almost empty flag option is not enabled (USE_ADV_FEATURES[11] = 1'b0) but Packet FIFO mode requires almost_empty to be enabled. XPM_FIFO_AXIS enables the Almost empty flag automatically. You may ignore almost_empty port if not required   [C:/Xilinx/Vivado/2020.1/data/ip/xpm/xpm_fifo/hdl/xpm_fifo.sv:2456]
INFO: [Synth 8-6157] synthesizing module 'xpm_cdc_sync_rst' [C:/Xilinx/Vivado/2020.1/data/ip/xpm/xpm_cdc/hdl/xpm_cdc.sv:1059]
	Parameter DEST_SYNC_FF bound to: 4 - type: integer 
	Parameter INIT bound to: 32'sb00000000000000000000000000000000 
	Parameter INIT_SYNC_FF bound to: 1 - type: integer 
	Parameter SIM_ASSERT_CHK bound to: 0 - type: integer 
	Parameter VERSION bound to: 0 - type: integer 
	Parameter DEF_VAL bound to: 1'b0 
INFO: [Synth 8-6155] done synthesizing module 'xpm_cdc_sync_rst' (5#1) [C:/Xilinx/Vivado/2020.1/data/ip/xpm/xpm_cdc/hdl/xpm_cdc.sv:1059]
INFO: [Synth 8-6157] synthesizing module 'xpm_fifo_base' [C:/Xilinx/Vivado/2020.1/data/ip/xpm/xpm_fifo/hdl/xpm_fifo.sv:56]
	Parameter COMMON_CLOCK bound to: 1 - type: integer 
	Parameter RELATED_CLOCKS bound to: 0 - type: integer 
	Parameter FIFO_MEMORY_TYPE bound to: 2 - type: integer 
	Parameter ECC_MODE bound to: 0 - type: integer 
	Parameter SIM_ASSERT_CHK bound to: 0 - type: integer 
	Parameter CASCADE_HEIGHT bound to: 0 - type: integer 
	Parameter FIFO_WRITE_DEPTH bound to: 512 - type: integer 
	Parameter WRITE_DATA_WIDTH bound to: 53 - type: integer 
	Parameter WR_DATA_COUNT_WIDTH bound to: 10 - type: integer 
	Parameter PROG_FULL_THRESH bound to: 507 - type: integer 
	Parameter USE_ADV_FEATURES bound to: 826617925 - type: integer 
	Parameter READ_MODE bound to: 1 - type: integer 
	Parameter FIFO_READ_LATENCY bound to: 0 - type: integer 
	Parameter READ_DATA_WIDTH bound to: 53 - type: integer 
	Parameter RD_DATA_COUNT_WIDTH bound to: 10 - type: integer 
	Parameter PROG_EMPTY_THRESH bound to: 5 - type: integer 
	Parameter DOUT_RESET_VALUE bound to: (null) - type: string 
	Parameter CDC_DEST_SYNC_FF bound to: 2 - type: integer 
	Parameter FULL_RESET_VALUE bound to: 1 - type: integer 
	Parameter REMOVE_WR_RD_PROT_LOGIC bound to: 0 - type: integer 
	Parameter WAKEUP_TIME bound to: 0 - type: integer 
	Parameter VERSION bound to: 0 - type: integer 
	Parameter invalid bound to: 0 - type: integer 
	Parameter stage1_valid bound to: 2 - type: integer 
	Parameter stage2_valid bound to: 1 - type: integer 
	Parameter both_stages_valid bound to: 3 - type: integer 
	Parameter FIFO_MEM_TYPE bound to: 2 - type: integer 
	Parameter RD_MODE bound to: 1 - type: integer 
	Parameter ENABLE_ECC bound to: 0 - type: integer 
	Parameter FIFO_READ_DEPTH bound to: 512 - type: integer 
	Parameter FIFO_SIZE bound to: 27136 - type: integer 
	Parameter WR_WIDTH_LOG bound to: 6 - type: integer 
	Parameter WR_DEPTH_LOG bound to: 9 - type: integer 
	Parameter WR_PNTR_WIDTH bound to: 9 - type: integer 
	Parameter RD_PNTR_WIDTH bound to: 9 - type: integer 
	Parameter FULL_RST_VAL bound to: 1'b1 
	Parameter WR_RD_RATIO bound to: 0 - type: integer 
	Parameter PF_THRESH_ADJ bound to: 505 - type: integer 
	Parameter PE_THRESH_ADJ bound to: 3 - type: integer 
	Parameter PF_THRESH_MIN bound to: 5 - type: integer 
	Parameter PF_THRESH_MAX bound to: 507 - type: integer 
	Parameter PE_THRESH_MIN bound to: 5 - type: integer 
	Parameter PE_THRESH_MAX bound to: 507 - type: integer 
	Parameter WR_DC_WIDTH_EXT bound to: 10 - type: integer 
	Parameter RD_DC_WIDTH_EXT bound to: 10 - type: integer 
	Parameter RD_LATENCY bound to: 2 - type: integer 
	Parameter WIDTH_RATIO bound to: 1 - type: integer 
	Parameter EN_ADV_FEATURE bound to: 16'b0001111000001110 
	Parameter EN_OF bound to: 1'b0 
	Parameter EN_PF bound to: 1'b1 
	Parameter EN_WDC bound to: 1'b1 
	Parameter EN_AF bound to: 1'b1 
	Parameter EN_WACK bound to: 1'b0 
	Parameter FG_EQ_ASYM_DOUT bound to: 1'b0 
	Parameter EN_UF bound to: 1'b0 
	Parameter EN_PE bound to: 1'b1 
	Parameter EN_RDC bound to: 1'b1 
	Parameter EN_AE bound to: 1'b1 
	Parameter EN_DVLD bound to: 1'b1 
INFO: [Synth 8-6157] synthesizing module 'xpm_counter_updn' [C:/Xilinx/Vivado/2020.1/data/ip/xpm/xpm_fifo/hdl/xpm_fifo.sv:1750]
	Parameter COUNTER_WIDTH bound to: 9 - type: integer 
	Parameter RESET_VALUE bound to: 3 - type: integer 
INFO: [Synth 8-6155] done synthesizing module 'xpm_counter_updn' (6#1) [C:/Xilinx/Vivado/2020.1/data/ip/xpm/xpm_fifo/hdl/xpm_fifo.sv:1750]
INFO: [Synth 8-6157] synthesizing module 'xpm_counter_updn__parameterized0' [C:/Xilinx/Vivado/2020.1/data/ip/xpm/xpm_fifo/hdl/xpm_fifo.sv:1750]
	Parameter COUNTER_WIDTH bound to: 9 - type: integer 
	Parameter RESET_VALUE bound to: 2 - type: integer 
INFO: [Synth 8-6155] done synthesizing module 'xpm_counter_updn__parameterized0' (6#1) [C:/Xilinx/Vivado/2020.1/data/ip/xpm/xpm_fifo/hdl/xpm_fifo.sv:1750]
INFO: [Synth 8-6157] synthesizing module 'xpm_memory_base' [C:/Xilinx/Vivado/2020.1/data/ip/xpm/xpm_memory/hdl/xpm_memory.sv:57]
	Parameter MEMORY_TYPE bound to: 1 - type: integer 
	Parameter MEMORY_SIZE bound to: 27136 - type: integer 
	Parameter MEMORY_PRIMITIVE bound to: 2 - type: integer 
	Parameter CLOCKING_MODE bound to: 0 - type: integer 
	Parameter ECC_MODE bound to: 0 - type: integer 
	Parameter MEMORY_INIT_FILE bound to: none - type: string 
	Parameter MEMORY_INIT_PARAM bound to: (null) - type: string 
	Parameter USE_MEM_INIT_MMI bound to: 0 - type: integer 
	Parameter USE_MEM_INIT bound to: 0 - type: integer 
	Parameter MEMORY_OPTIMIZATION bound to: true - type: string 
	Parameter WAKEUP_TIME bound to: 0 - type: integer 
	Parameter AUTO_SLEEP_TIME bound to: 0 - type: integer 
	Parameter MESSAGE_CONTROL bound to: 0 - type: integer 
	Parameter VERSION bound to: 0 - type: integer 
	Parameter USE_EMBEDDED_CONSTRAINT bound to: 0 - type: integer 
	Parameter CASCADE_HEIGHT bound to: 0 - type: integer 
	Parameter SIM_ASSERT_CHK bound to: 0 - type: integer 
	Parameter WRITE_PROTECT bound to: 1 - type: integer 
	Parameter WRITE_DATA_WIDTH_A bound to: 53 - type: integer 
	Parameter READ_DATA_WIDTH_A bound to: 53 - type: integer 
	Parameter BYTE_WRITE_WIDTH_A bound to: 53 - type: integer 
	Parameter ADDR_WIDTH_A bound to: 9 - type: integer 
	Parameter READ_RESET_VALUE_A bound to: 0 - type: string 
	Parameter READ_LATENCY_A bound to: 2 - type: integer 
	Parameter WRITE_MODE_A bound to: 2 - type: integer 
	Parameter RST_MODE_A bound to: SYNC - type: string 
	Parameter WRITE_DATA_WIDTH_B bound to: 53 - type: integer 
	Parameter READ_DATA_WIDTH_B bound to: 53 - type: integer 
	Parameter BYTE_WRITE_WIDTH_B bound to: 53 - type: integer 
	Parameter ADDR_WIDTH_B bound to: 9 - type: integer 
	Parameter READ_RESET_VALUE_B bound to: (null) - type: string 
	Parameter READ_LATENCY_B bound to: 2 - type: integer 
	Parameter WRITE_MODE_B bound to: 2 - type: integer 
	Parameter RST_MODE_B bound to: SYNC - type: string 
	Parameter P_MEMORY_PRIMITIVE bound to: block - type: string 
	Parameter P_MIN_WIDTH_DATA_A bound to: 53 - type: integer 
	Parameter P_MIN_WIDTH_DATA_B bound to: 53 - type: integer 
	Parameter P_MIN_WIDTH_DATA bound to: 53 - type: integer 
	Parameter P_MIN_WIDTH_DATA_ECC bound to: 53 - type: integer 
	Parameter P_MAX_DEPTH_DATA bound to: 512 - type: integer 
	Parameter P_ECC_MODE bound to: no_ecc - type: string 
	Parameter P_MEMORY_OPT bound to: yes - type: string 
	Parameter P_WIDTH_COL_WRITE_A bound to: 53 - type: integer 
	Parameter P_WIDTH_COL_WRITE_B bound to: 53 - type: integer 
	Parameter P_NUM_COLS_WRITE_A bound to: 1 - type: integer 
	Parameter P_NUM_COLS_WRITE_B bound to: 1 - type: integer 
	Parameter P_NUM_ROWS_WRITE_A bound to: 1 - type: integer 
	Parameter P_NUM_ROWS_WRITE_B bound to: 1 - type: integer 
	Parameter P_NUM_ROWS_READ_A bound to: 1 - type: integer 
	Parameter P_NUM_ROWS_READ_B bound to: 1 - type: integer 
	Parameter P_WIDTH_ADDR_WRITE_A bound to: 9 - type: integer 
	Parameter P_WIDTH_ADDR_WRITE_B bound to: 9 - type: integer 
	Parameter P_WIDTH_ADDR_READ_A bound to: 9 - type: integer 
	Parameter P_WIDTH_ADDR_READ_B bound to: 9 - type: integer 
	Parameter P_WIDTH_ADDR_LSB_WRITE_A bound to: 0 - type: integer 
	Parameter P_WIDTH_ADDR_LSB_WRITE_B bound to: 0 - type: integer 
	Parameter P_WIDTH_ADDR_LSB_READ_A bound to: 0 - type: integer 
	Parameter P_WIDTH_ADDR_LSB_READ_B bound to: 0 - type: integer 
	Parameter P_ENABLE_BYTE_WRITE_A bound to: 0 - type: integer 
	Parameter P_ENABLE_BYTE_WRITE_B bound to: 0 - type: integer 
	Parameter P_SDP_WRITE_MODE bound to: no - type: string 
	Parameter rsta_loop_iter bound to: 56 - type: integer 
	Parameter rstb_loop_iter bound to: 56 - type: integer 
	Parameter NUM_CHAR_LOC bound to: 0 - type: integer 
	Parameter MAX_NUM_CHAR bound to: 0 - type: integer 
	Parameter P_MIN_WIDTH_DATA_SHFT bound to: 53 - type: integer 
	Parameter P_MIN_WIDTH_DATA_LDW bound to: 4 - type: integer 
INFO: [Synth 8-6155] done synthesizing module 'xpm_memory_base' (7#1) [C:/Xilinx/Vivado/2020.1/data/ip/xpm/xpm_memory/hdl/xpm_memory.sv:57]
INFO: [Synth 8-6157] synthesizing module 'xpm_fifo_reg_bit' [C:/Xilinx/Vivado/2020.1/data/ip/xpm/xpm_fifo/hdl/xpm_fifo.sv:1798]
	Parameter RST_VALUE bound to: 0 - type: integer 
INFO: [Synth 8-6155] done synthesizing module 'xpm_fifo_reg_bit' (8#1) [C:/Xilinx/Vivado/2020.1/data/ip/xpm/xpm_fifo/hdl/xpm_fifo.sv:1798]
INFO: [Synth 8-226] default block is never used [C:/Xilinx/Vivado/2020.1/data/ip/xpm/xpm_fifo/hdl/xpm_fifo.sv:1189]
INFO: [Synth 8-226] default block is never used [C:/Xilinx/Vivado/2020.1/data/ip/xpm/xpm_fifo/hdl/xpm_fifo.sv:1235]
INFO: [Synth 8-226] default block is never used [C:/Xilinx/Vivado/2020.1/data/ip/xpm/xpm_fifo/hdl/xpm_fifo.sv:1246]
INFO: [Synth 8-6157] synthesizing module 'xpm_counter_updn__parameterized1' [C:/Xilinx/Vivado/2020.1/data/ip/xpm/xpm_fifo/hdl/xpm_fifo.sv:1750]
	Parameter COUNTER_WIDTH bound to: 2 - type: integer 
	Parameter RESET_VALUE bound to: 0 - type: integer 
INFO: [Synth 8-6155] done synthesizing module 'xpm_counter_updn__parameterized1' (8#1) [C:/Xilinx/Vivado/2020.1/data/ip/xpm/xpm_fifo/hdl/xpm_fifo.sv:1750]
INFO: [Synth 8-6157] synthesizing module 'xpm_fifo_rst' [C:/Xilinx/Vivado/2020.1/data/ip/xpm/xpm_fifo/hdl/xpm_fifo.sv:1514]
	Parameter COMMON_CLOCK bound to: 1 - type: integer 
	Parameter CDC_DEST_SYNC_FF bound to: 2 - type: integer 
	Parameter SIM_ASSERT_CHK bound to: 0 - type: integer 
INFO: [Synth 8-6155] done synthesizing module 'xpm_fifo_rst' (9#1) [C:/Xilinx/Vivado/2020.1/data/ip/xpm/xpm_fifo/hdl/xpm_fifo.sv:1514]
INFO: [Synth 8-6157] synthesizing module 'xpm_counter_updn__parameterized2' [C:/Xilinx/Vivado/2020.1/data/ip/xpm/xpm_fifo/hdl/xpm_fifo.sv:1750]
	Parameter COUNTER_WIDTH bound to: 10 - type: integer 
	Parameter RESET_VALUE bound to: 0 - type: integer 
INFO: [Synth 8-6155] done synthesizing module 'xpm_counter_updn__parameterized2' (9#1) [C:/Xilinx/Vivado/2020.1/data/ip/xpm/xpm_fifo/hdl/xpm_fifo.sv:1750]
INFO: [Synth 8-6157] synthesizing module 'xpm_counter_updn__parameterized3' [C:/Xilinx/Vivado/2020.1/data/ip/xpm/xpm_fifo/hdl/xpm_fifo.sv:1750]
	Parameter COUNTER_WIDTH bound to: 9 - type: integer 
	Parameter RESET_VALUE bound to: 1 - type: integer 
INFO: [Synth 8-6155] done synthesizing module 'xpm_counter_updn__parameterized3' (9#1) [C:/Xilinx/Vivado/2020.1/data/ip/xpm/xpm_fifo/hdl/xpm_fifo.sv:1750]
INFO: [Synth 8-6155] done synthesizing module 'xpm_fifo_base' (10#1) [C:/Xilinx/Vivado/2020.1/data/ip/xpm/xpm_fifo/hdl/xpm_fifo.sv:56]
INFO: [Synth 8-6155] done synthesizing module 'xpm_fifo_axis' (11#1) [C:/Xilinx/Vivado/2020.1/data/ip/xpm/xpm_fifo/hdl/xpm_fifo.sv:2233]
INFO: [Synth 8-256] done synthesizing module 'axis_fg' (12#1) [c:/Users/Aleksa/Documents/FPGA_Dev/Artix7_PCIe/DDR3_Optimization/dso_top_22089/dso_top_22089.srcs/sources_1/bd/design_1/ipshared/5bfc/hdl/axi_fifo_mm_s_v4_2_rfs.vhd:2769]
INFO: [Synth 8-256] done synthesizing module 'fifo' (13#1) [c:/Users/Aleksa/Documents/FPGA_Dev/Artix7_PCIe/DDR3_Optimization/dso_top_22089/dso_top_22089.srcs/sources_1/bd/design_1/ipshared/5bfc/hdl/axi_fifo_mm_s_v4_2_rfs.vhd:3165]
INFO: [Synth 8-256] done synthesizing module 'ipic2axi_s' (14#1) [c:/Users/Aleksa/Documents/FPGA_Dev/Artix7_PCIe/DDR3_Optimization/dso_top_22089/dso_top_22089.srcs/sources_1/bd/design_1/ipshared/5bfc/hdl/axi_fifo_mm_s_v4_2_rfs.vhd:3621]
INFO: [Synth 8-256] done synthesizing module 'axi_fifo_mm_s' (15#1) [c:/Users/Aleksa/Documents/FPGA_Dev/Artix7_PCIe/DDR3_Optimization/dso_top_22089/dso_top_22089.srcs/sources_1/bd/design_1/ipshared/5bfc/hdl/axi_fifo_mm_s_v4_2_rfs.vhd:4805]
INFO: [Synth 8-256] done synthesizing module 'design_1_axi_fifo_mm_s_0_0' (16#1) [c:/Users/Aleksa/Documents/FPGA_Dev/Artix7_PCIe/DDR3_Optimization/dso_top_22089/dso_top_22089.srcs/sources_1/bd/design_1/ip/design_1_axi_fifo_mm_s_0_0/synth/design_1_axi_fifo_mm_s_0_0.vhd:89]
---------------------------------------------------------------------------------
Finished RTL Elaboration : Time (s): cpu = 00:00:15 ; elapsed = 00:00:18 . Memory (MB): peak = 1001.625 ; gain = 0.000
---------------------------------------------------------------------------------
---------------------------------------------------------------------------------
Start Handling Custom Attributes
---------------------------------------------------------------------------------
---------------------------------------------------------------------------------
Finished Handling Custom Attributes : Time (s): cpu = 00:00:16 ; elapsed = 00:00:18 . Memory (MB): peak = 1001.625 ; gain = 0.000
---------------------------------------------------------------------------------
---------------------------------------------------------------------------------
Finished RTL Optimization Phase 1 : Time (s): cpu = 00:00:16 ; elapsed = 00:00:18 . Memory (MB): peak = 1001.625 ; gain = 0.000
---------------------------------------------------------------------------------
Netlist sorting complete. Time (s): cpu = 00:00:00 ; elapsed = 00:00:00.063 . Memory (MB): peak = 1001.625 ; gain = 0.000
INFO: [Project 1-570] Preparing netlist for logic optimization

Processing XDC Constraints
Initializing timing engine
Parsing XDC File [c:/Users/Aleksa/Documents/FPGA_Dev/Artix7_PCIe/DDR3_Optimization/dso_top_22089/dso_top_22089.srcs/sources_1/bd/design_1/ip/design_1_axi_fifo_mm_s_0_0/design_1_axi_fifo_mm_s_0_0_ooc.xdc] for cell 'U0'
Finished Parsing XDC File [c:/Users/Aleksa/Documents/FPGA_Dev/Artix7_PCIe/DDR3_Optimization/dso_top_22089/dso_top_22089.srcs/sources_1/bd/design_1/ip/design_1_axi_fifo_mm_s_0_0/design_1_axi_fifo_mm_s_0_0_ooc.xdc] for cell 'U0'
Parsing XDC File [C:/Users/Aleksa/Documents/FPGA_Dev/Artix7_PCIe/DDR3_Optimization/dso_top_22089/dso_top_22089.runs/design_1_axi_fifo_mm_s_0_0_synth_1/dont_touch.xdc]
Finished Parsing XDC File [C:/Users/Aleksa/Documents/FPGA_Dev/Artix7_PCIe/DDR3_Optimization/dso_top_22089/dso_top_22089.runs/design_1_axi_fifo_mm_s_0_0_synth_1/dont_touch.xdc]
Sourcing Tcl File [C:/Xilinx/Vivado/2020.1/data/ip/xpm/xpm_cdc/tcl/xpm_cdc_sync_rst.tcl] for cell 'U0/COMP_IPIC2AXI_S/gtxd.COMP_TXD_FIFO/gfifo_gen.COMP_AXIS_FG_FIFO/COMP_FIFO/gaxis_rst_sync.xpm_cdc_sync_rst_inst'
Finished Sourcing Tcl File [C:/Xilinx/Vivado/2020.1/data/ip/xpm/xpm_cdc/tcl/xpm_cdc_sync_rst.tcl] for cell 'U0/COMP_IPIC2AXI_S/gtxd.COMP_TXD_FIFO/gfifo_gen.COMP_AXIS_FG_FIFO/COMP_FIFO/gaxis_rst_sync.xpm_cdc_sync_rst_inst'
Sourcing Tcl File [C:/Xilinx/Vivado/2020.1/data/ip/xpm/xpm_fifo/tcl/xpm_fifo_rst_axis.tcl] for cell 'U0/COMP_IPIC2AXI_S/gtxd.COMP_TXD_FIFO/gfifo_gen.COMP_AXIS_FG_FIFO/COMP_FIFO'
Finished Sourcing Tcl File [C:/Xilinx/Vivado/2020.1/data/ip/xpm/xpm_fifo/tcl/xpm_fifo_rst_axis.tcl] for cell 'U0/COMP_IPIC2AXI_S/gtxd.COMP_TXD_FIFO/gfifo_gen.COMP_AXIS_FG_FIFO/COMP_FIFO'
INFO: [Project 1-236] Implementation specific constraints were found while reading constraint file [C:/Xilinx/Vivado/2020.1/data/ip/xpm/xpm_fifo/tcl/xpm_fifo_rst_axis.tcl]. These constraints will be ignored for synthesis but will be used in implementation. Impacted constraints are listed in the file [.Xil/design_1_axi_fifo_mm_s_0_0_propImpl.xdc].
Resolution: To avoid this warning, move constraints listed in [.Xil/design_1_axi_fifo_mm_s_0_0_propImpl.xdc] to another XDC file and exclude this new file from synthesis with the used_in_synthesis property (File Properties dialog in GUI) and re-run elaboration/synthesis.
Completed Processing XDC Constraints

Netlist sorting complete. Time (s): cpu = 00:00:00 ; elapsed = 00:00:00 . Memory (MB): peak = 1015.531 ; gain = 0.000
INFO: [Project 1-111] Unisim Transformation Summary:
No Unisim elements were transformed.

Constraint Validation Runtime : Time (s): cpu = 00:00:00 ; elapsed = 00:00:00.032 . Memory (MB): peak = 1019.625 ; gain = 4.094
---------------------------------------------------------------------------------
Finished Constraint Validation : Time (s): cpu = 00:00:23 ; elapsed = 00:00:26 . Memory (MB): peak = 1019.625 ; gain = 18.000
---------------------------------------------------------------------------------
---------------------------------------------------------------------------------
Start Loading Part and Timing Information
---------------------------------------------------------------------------------
Loading part: xc7a100tfgg484-2
---------------------------------------------------------------------------------
Finished Loading Part and Timing Information : Time (s): cpu = 00:00:23 ; elapsed = 00:00:26 . Memory (MB): peak = 1019.625 ; gain = 18.000
---------------------------------------------------------------------------------
---------------------------------------------------------------------------------
Start Applying 'set_property' XDC Constraints
---------------------------------------------------------------------------------
Applied set_property DONT_TOUCH = true for U0. (constraint file  C:/Users/Aleksa/Documents/FPGA_Dev/Artix7_PCIe/DDR3_Optimization/dso_top_22089/dso_top_22089.runs/design_1_axi_fifo_mm_s_0_0_synth_1/dont_touch.xdc, line 9).
Applied set_property DONT_TOUCH = true for U0/COMP_IPIC2AXI_S/\gtxd.COMP_TXD_FIFO /\gfifo_gen.COMP_AXIS_FG_FIFO /COMP_FIFO/\gaxis_rst_sync.xpm_cdc_sync_rst_inst . (constraint file  auto generated constraint, line ).
Applied set_property DONT_TOUCH = true for U0/COMP_IPIC2AXI_S/\gtxd.COMP_TXD_FIFO /\gfifo_gen.COMP_AXIS_FG_FIFO /COMP_FIFO. (constraint file  auto generated constraint, line ).
---------------------------------------------------------------------------------
Finished applying 'set_property' XDC Constraints : Time (s): cpu = 00:00:23 ; elapsed = 00:00:26 . Memory (MB): peak = 1019.625 ; gain = 18.000
---------------------------------------------------------------------------------
INFO: [Synth 8-802] inferred FSM for state register 'state_reg' in module 'slave_attachment'
INFO: [Synth 8-802] inferred FSM for state register 'gen_fwft.curr_fwft_state_reg' in module 'xpm_fifo_base'
10 unexpected non-zero reference counts
10 unexpected non-zero reference counts
10 unexpected non-zero reference counts
10 unexpected non-zero reference counts
10 unexpected non-zero reference counts
10 unexpected non-zero reference counts
10 unexpected non-zero reference counts
10 unexpected non-zero reference counts
10 unexpected non-zero reference counts
10 unexpected non-zero reference counts
10 unexpected non-zero reference counts
10 unexpected non-zero reference counts
10 unexpected non-zero reference counts
3 unexpected non-zero reference counts
3 unexpected non-zero reference counts
3 unexpected non-zero reference counts
3 unexpected non-zero reference counts
---------------------------------------------------------------------------------------------------
                   State |                     New Encoding |                Previous Encoding 
---------------------------------------------------------------------------------------------------
                 sm_idle |                             0010 |                               00
                 sm_read |                             1000 |                               01
                sm_write |                             0100 |                               10
                 sm_resp |                             0001 |                               11
---------------------------------------------------------------------------------------------------
INFO: [Synth 8-3354] encoded FSM with state register 'state_reg' using encoding 'one-hot' in module 'slave_attachment'
INFO: [Synth 8-5775] Found 'rw_addr_collision' attribute set to 'no' on SDP RAM gen_wr_a.gen_word_narrow.mem_reg. Setting write mode to NO_CHANGE 
2 unexpected non-zero reference counts
2 unexpected non-zero reference counts
2 unexpected non-zero reference counts
2 unexpected non-zero reference counts
2 unexpected non-zero reference counts
2 unexpected non-zero reference counts
3 unexpected non-zero reference counts
2 unexpected non-zero reference counts
3 unexpected non-zero reference counts
3 unexpected non-zero reference counts
3 unexpected non-zero reference counts
2 unexpected non-zero reference counts
3 unexpected non-zero reference counts
3 unexpected non-zero reference counts
---------------------------------------------------------------------------------------------------
                   State |                     New Encoding |                Previous Encoding 
---------------------------------------------------------------------------------------------------
                 invalid |                               00 |                               00
            stage1_valid |                               01 |                               10
       both_stages_valid |                               10 |                               11
            stage2_valid |                               11 |                               01
---------------------------------------------------------------------------------------------------
INFO: [Synth 8-3354] encoded FSM with state register 'gen_fwft.curr_fwft_state_reg' using encoding 'sequential' in module 'xpm_fifo_base'
2 unexpected non-zero reference counts
2 unexpected non-zero reference counts
2 unexpected non-zero reference counts
2 unexpected non-zero reference counts
2 unexpected non-zero reference counts
3 unexpected non-zero reference counts
2 unexpected non-zero reference counts
3 unexpected non-zero reference counts
3 unexpected non-zero reference counts
3 unexpected non-zero reference counts
2 unexpected non-zero reference counts
3 unexpected non-zero reference counts
3 unexpected non-zero reference counts
2 unexpected non-zero reference counts
5 unexpected non-zero reference counts
36 unexpected non-zero reference counts
36 unexpected non-zero reference counts
36 unexpected non-zero reference counts
36 unexpected non-zero reference counts
36 unexpected non-zero reference counts
59 unexpected non-zero reference counts
54 unexpected non-zero reference counts
43 unexpected non-zero reference counts
36 unexpected non-zero reference counts
78 unexpected non-zero reference counts
78 unexpected non-zero reference counts
42 unexpected non-zero reference counts
---------------------------------------------------------------------------------
Finished RTL Optimization Phase 2 : Time (s): cpu = 00:00:24 ; elapsed = 00:00:27 . Memory (MB): peak = 1019.625 ; gain = 18.000
---------------------------------------------------------------------------------
---------------------------------------------------------------------------------
Start RTL Component Statistics 
---------------------------------------------------------------------------------
Detailed RTL Component Info : 
+---Adders : 
	   2 Input   31 Bit       Adders := 1     
	   4 Input   10 Bit       Adders := 4     
	   2 Input   10 Bit       Adders := 2     
	   4 Input    9 Bit       Adders := 5     
	   3 Input    9 Bit       Adders := 1     
	   4 Input    2 Bit       Adders := 1     
+---Registers : 
	               53 Bit    Registers := 2     
	               33 Bit    Registers := 1     
	               32 Bit    Registers := 3     
	               13 Bit    Registers := 2     
	               10 Bit    Registers := 6     
	                9 Bit    Registers := 6     
	                6 Bit    Registers := 1     
	                4 Bit    Registers := 2     
	                3 Bit    Registers := 1     
	                2 Bit    Registers := 4     
	                1 Bit    Registers := 52    
+---RAMs : 
	              26K Bit	(512 X 53 bit)          RAMs := 1     
+---Muxes : 
	   9 Input   33 Bit        Muxes := 1     
	   8 Input   32 Bit        Muxes := 1     
	   2 Input   13 Bit        Muxes := 6     
	   9 Input   13 Bit        Muxes := 3     
	   2 Input    6 Bit        Muxes := 1     
	   4 Input    4 Bit        Muxes := 1     
	   2 Input    4 Bit        Muxes := 5     
	   5 Input    4 Bit        Muxes := 1     
	   2 Input    2 Bit        Muxes := 33    
	   4 Input    2 Bit        Muxes := 7     
	   2 Input    1 Bit        Muxes := 49    
	   4 Input    1 Bit        Muxes := 2     
	   3 Input    1 Bit        Muxes := 1     
	   9 Input    1 Bit        Muxes := 8     
	  13 Input    1 Bit        Muxes := 1     
---------------------------------------------------------------------------------
Finished RTL Component Statistics 
---------------------------------------------------------------------------------
---------------------------------------------------------------------------------
Start Part Resource Summary
---------------------------------------------------------------------------------
Part Resources:
DSPs: 240 (col length:80)
BRAMs: 270 (col length: RAMB18 80 RAMB36 40)
---------------------------------------------------------------------------------
Finished Part Resource Summary
---------------------------------------------------------------------------------
---------------------------------------------------------------------------------
Start Cross Boundary and Area Optimization
---------------------------------------------------------------------------------
10 unexpected non-zero reference counts
10 unexpected non-zero reference counts
10 unexpected non-zero reference counts
10 unexpected non-zero reference counts
10 unexpected non-zero reference counts
10 unexpected non-zero reference counts
10 unexpected non-zero reference counts
10 unexpected non-zero reference counts
10 unexpected non-zero reference counts
10 unexpected non-zero reference counts
10 unexpected non-zero reference counts
10 unexpected non-zero reference counts
10 unexpected non-zero reference counts
36 unexpected non-zero reference counts
59 unexpected non-zero reference counts
43 unexpected non-zero reference counts
36 unexpected non-zero reference counts
36 unexpected non-zero reference counts
36 unexpected non-zero reference counts
36 unexpected non-zero reference counts
36 unexpected non-zero reference counts
54 unexpected non-zero reference counts
78 unexpected non-zero reference counts
78 unexpected non-zero reference counts
42 unexpected non-zero reference counts
INFO: [Synth 8-5775] Found 'rw_addr_collision' attribute set to 'no' on SDP RAM gen_wr_a.gen_word_narrow.mem_reg. Setting write mode to NO_CHANGE 
INFO: [Synth 8-5775] Found 'rw_addr_collision' attribute set to 'no' on SDP RAM gen_wr_a.gen_word_narrow.mem_reg. Setting write mode to NO_CHANGE 
INFO: [Synth 8-5775] Found 'rw_addr_collision' attribute set to 'no' on SDP RAM gen_wr_a.gen_word_narrow.mem_reg. Setting write mode to NO_CHANGE 
INFO: [Synth 8-5775] Found 'rw_addr_collision' attribute set to 'no' on SDP RAM gen_wr_a.gen_word_narrow.mem_reg. Setting write mode to NO_CHANGE 
INFO: [Synth 8-5775] Found 'rw_addr_collision' attribute set to 'no' on SDP RAM gen_wr_a.gen_word_narrow.mem_reg. Setting write mode to NO_CHANGE 
INFO: [Synth 8-5775] Found 'rw_addr_collision' attribute set to 'no' on SDP RAM gen_wr_a.gen_word_narrow.mem_reg. Setting write mode to NO_CHANGE 
---------------------------------------------------------------------------------
Finished Cross Boundary and Area Optimization : Time (s): cpu = 00:00:28 ; elapsed = 00:00:31 . Memory (MB): peak = 1019.625 ; gain = 18.000
---------------------------------------------------------------------------------
INFO: [Synth 8-5775] Found 'rw_addr_collision' attribute set to 'no' on SDP RAM gen_wr_a.gen_word_narrow.mem_reg. Setting write mode to NO_CHANGE 
---------------------------------------------------------------------------------
Start ROM, RAM, DSP and Shift Register Reporting
---------------------------------------------------------------------------------

Block RAM: Preliminary Mapping	Report (see note below)
+-----------------------------------------------------------------------------------------------------------------------------------+----------------------------------+------------------------+---+---+------------------------+---+---+------------------+--------+--------+
|Module Name                                                                                                                        | RTL Object                       | PORT A (Depth x Width) | W | R | PORT B (Depth x Width) | W | R | Ports driving FF | RAMB18 | RAMB36 | 
+-----------------------------------------------------------------------------------------------------------------------------------+----------------------------------+------------------------+---+---+------------------------+---+---+------------------+--------+--------+
|U0/\COMP_IPIC2AXI_S/gtxd.COMP_TXD_FIFO/gfifo_gen.COMP_AXIS_FG_FIFO/COMP_FIFO /xpm_fifo_base_inst/\gen_sdpram.xpm_memory_base_inst  | gen_wr_a.gen_word_narrow.mem_reg | 512 x 53(NO_CHANGE)    | W |   | 512 x 53(NO_CHANGE)    |   | R | Port A and B     | 0      | 1      | 
+-----------------------------------------------------------------------------------------------------------------------------------+----------------------------------+------------------------+---+---+------------------------+---+---+------------------+--------+--------+

Note: The table above is a preliminary report that shows the Block RAMs at the current stage of the synthesis flow. Some Block RAMs may be reimplemented as non Block RAM primitives later in the synthesis flow. Multiple instantiated Block RAMs are reported only once. 
---------------------------------------------------------------------------------
Finished ROM, RAM, DSP and Shift Register Reporting
---------------------------------------------------------------------------------
---------------------------------------------------------------------------------
Start Applying XDC Timing Constraints
---------------------------------------------------------------------------------
---------------------------------------------------------------------------------
Finished Applying XDC Timing Constraints : Time (s): cpu = 00:00:35 ; elapsed = 00:00:38 . Memory (MB): peak = 1019.625 ; gain = 18.000
---------------------------------------------------------------------------------
---------------------------------------------------------------------------------
Start Timing Optimization
---------------------------------------------------------------------------------
INFO: [Synth 8-5775] Found 'rw_addr_collision' attribute set to 'no' on SDP RAM gen_wr_a.gen_word_narrow.mem_reg. Setting write mode to NO_CHANGE 
---------------------------------------------------------------------------------
Finished Timing Optimization : Time (s): cpu = 00:00:36 ; elapsed = 00:00:39 . Memory (MB): peak = 1019.625 ; gain = 18.000
---------------------------------------------------------------------------------
---------------------------------------------------------------------------------
Start ROM, RAM, DSP and Shift Register Reporting
---------------------------------------------------------------------------------

Block RAM: Final Mapping	Report
+-----------------------------------------------------------------------------------------------------------------------------------+----------------------------------+------------------------+---+---+------------------------+---+---+------------------+--------+--------+
|Module Name                                                                                                                        | RTL Object                       | PORT A (Depth x Width) | W | R | PORT B (Depth x Width) | W | R | Ports driving FF | RAMB18 | RAMB36 | 
+-----------------------------------------------------------------------------------------------------------------------------------+----------------------------------+------------------------+---+---+------------------------+---+---+------------------+--------+--------+
|U0/\COMP_IPIC2AXI_S/gtxd.COMP_TXD_FIFO/gfifo_gen.COMP_AXIS_FG_FIFO/COMP_FIFO /xpm_fifo_base_inst/\gen_sdpram.xpm_memory_base_inst  | gen_wr_a.gen_word_narrow.mem_reg | 512 x 53(NO_CHANGE)    | W |   | 512 x 53(NO_CHANGE)    |   | R | Port A and B     | 0      | 1      | 
+-----------------------------------------------------------------------------------------------------------------------------------+----------------------------------+------------------------+---+---+------------------------+---+---+------------------+--------+--------+

---------------------------------------------------------------------------------
Finished ROM, RAM, DSP and Shift Register Reporting
---------------------------------------------------------------------------------
---------------------------------------------------------------------------------
Start Technology Mapping
---------------------------------------------------------------------------------
---------------------------------------------------------------------------------
Finished Technology Mapping : Time (s): cpu = 00:00:36 ; elapsed = 00:00:39 . Memory (MB): peak = 1019.625 ; gain = 18.000
---------------------------------------------------------------------------------
---------------------------------------------------------------------------------
Start IO Insertion
---------------------------------------------------------------------------------
---------------------------------------------------------------------------------
Start Flattening Before IO Insertion
---------------------------------------------------------------------------------
---------------------------------------------------------------------------------
Finished Flattening Before IO Insertion
---------------------------------------------------------------------------------
---------------------------------------------------------------------------------
Start Final Netlist Cleanup
---------------------------------------------------------------------------------
---------------------------------------------------------------------------------
Finished Final Netlist Cleanup
---------------------------------------------------------------------------------
---------------------------------------------------------------------------------
Finished IO Insertion : Time (s): cpu = 00:00:39 ; elapsed = 00:00:42 . Memory (MB): peak = 1021.430 ; gain = 19.805
---------------------------------------------------------------------------------
---------------------------------------------------------------------------------
Start Renaming Generated Instances
---------------------------------------------------------------------------------
---------------------------------------------------------------------------------
Finished Renaming Generated Instances : Time (s): cpu = 00:00:39 ; elapsed = 00:00:42 . Memory (MB): peak = 1021.430 ; gain = 19.805
---------------------------------------------------------------------------------
---------------------------------------------------------------------------------
Start Rebuilding User Hierarchy
---------------------------------------------------------------------------------
---------------------------------------------------------------------------------
Finished Rebuilding User Hierarchy : Time (s): cpu = 00:00:39 ; elapsed = 00:00:42 . Memory (MB): peak = 1021.430 ; gain = 19.805
---------------------------------------------------------------------------------
---------------------------------------------------------------------------------
Start Renaming Generated Ports
---------------------------------------------------------------------------------
---------------------------------------------------------------------------------
Finished Renaming Generated Ports : Time (s): cpu = 00:00:39 ; elapsed = 00:00:42 . Memory (MB): peak = 1021.430 ; gain = 19.805
---------------------------------------------------------------------------------
---------------------------------------------------------------------------------
Start Handling Custom Attributes
---------------------------------------------------------------------------------
---------------------------------------------------------------------------------
Finished Handling Custom Attributes : Time (s): cpu = 00:00:39 ; elapsed = 00:00:42 . Memory (MB): peak = 1021.430 ; gain = 19.805
---------------------------------------------------------------------------------
---------------------------------------------------------------------------------
Start Renaming Generated Nets
---------------------------------------------------------------------------------
---------------------------------------------------------------------------------
Finished Renaming Generated Nets : Time (s): cpu = 00:00:39 ; elapsed = 00:00:42 . Memory (MB): peak = 1021.430 ; gain = 19.805
---------------------------------------------------------------------------------
---------------------------------------------------------------------------------
Start Writing Synthesis Report
---------------------------------------------------------------------------------

Report BlackBoxes: 
+-+--------------+----------+
| |BlackBox name |Instances |
+-+--------------+----------+
+-+--------------+----------+

Report Cell Usage: 
+------+---------+------+
|      |Cell     |Count |
+------+---------+------+
|1     |CARRY4   |    47|
|2     |LUT1     |    55|
|3     |LUT2     |    96|
|4     |LUT3     |    73|
|5     |LUT4     |    79|
|6     |LUT5     |    27|
|7     |LUT6     |    74|
|8     |RAMB36E1 |     1|
|9     |FDRE     |   340|
|10    |FDSE     |    15|
+------+---------+------+
---------------------------------------------------------------------------------
Finished Writing Synthesis Report : Time (s): cpu = 00:00:39 ; elapsed = 00:00:42 . Memory (MB): peak = 1021.430 ; gain = 19.805
---------------------------------------------------------------------------------
Synthesis finished with 0 errors, 0 critical warnings and 0 warnings.
Synthesis Optimization Runtime : Time (s): cpu = 00:00:20 ; elapsed = 00:00:39 . Memory (MB): peak = 1021.430 ; gain = 1.805
Synthesis Optimization Complete : Time (s): cpu = 00:00:39 ; elapsed = 00:00:42 . Memory (MB): peak = 1021.430 ; gain = 19.805
INFO: [Project 1-571] Translating synthesized netlist
Netlist sorting complete. Time (s): cpu = 00:00:00 ; elapsed = 00:00:00.027 . Memory (MB): peak = 1021.430 ; gain = 0.000
INFO: [Netlist 29-17] Analyzing 48 Unisim elements for replacement
INFO: [Netlist 29-28] Unisim Transformation completed in 0 CPU seconds
INFO: [Project 1-570] Preparing netlist for logic optimization
INFO: [Opt 31-138] Pushed 0 inverter(s) to 0 load pin(s).
Netlist sorting complete. Time (s): cpu = 00:00:00 ; elapsed = 00:00:00 . Memory (MB): peak = 1025.062 ; gain = 0.000
INFO: [Project 1-111] Unisim Transformation Summary:
No Unisim elements were transformed.

INFO: [Common 17-83] Releasing license: Synthesis
100 Infos, 0 Warnings, 0 Critical Warnings and 0 Errors encountered.
synth_design completed successfully
synth_design: Time (s): cpu = 00:00:45 ; elapsed = 00:00:50 . Memory (MB): peak = 1025.062 ; gain = 23.438
INFO: [Common 17-1381] The checkpoint 'C:/Users/Aleksa/Documents/FPGA_Dev/Artix7_PCIe/DDR3_Optimization/dso_top_22089/dso_top_22089.runs/design_1_axi_fifo_mm_s_0_0_synth_1/design_1_axi_fifo_mm_s_0_0.dcp' has been generated.
WARNING: [Common 17-576] 'use_project_ipc' is deprecated. This option is deprecated and no longer used.
INFO: [Coretcl 2-1648] Added synthesis output to IP cache for IP design_1_axi_fifo_mm_s_0_0, cache-ID = a823bfe8092d79a6
INFO: [Coretcl 2-1174] Renamed 32 cell refs.
INFO: [Common 17-1381] The checkpoint 'C:/Users/Aleksa/Documents/FPGA_Dev/Artix7_PCIe/DDR3_Optimization/dso_top_22089/dso_top_22089.runs/design_1_axi_fifo_mm_s_0_0_synth_1/design_1_axi_fifo_mm_s_0_0.dcp' has been generated.
INFO: [runtcl-4] Executing : report_utilization -file design_1_axi_fifo_mm_s_0_0_utilization_synth.rpt -pb design_1_axi_fifo_mm_s_0_0_utilization_synth.pb
INFO: [Common 17-206] Exiting Vivado at Sun May 16 12:50:13 2021...
