#-----------------------------------------------------------
# Vivado v2020.1 (64-bit)
# SW Build 2902540 on Wed May 27 19:54:49 MDT 2020
# IP Build 2902112 on Wed May 27 22:43:36 MDT 2020
# Start of session at: Sat Dec 18 14:38:47 2021
# Process ID: 892
# Current directory: C:/Users/Aleksa/Documents/EEVengers/Firmware/Artix7_PCIe/dso_top_litefury
# Command line: vivado.exe -gui_launcher_event rodinguilauncherevent14056 C:\Users\Aleksa\Documents\EEVengers\Firmware\Artix7_PCIe\dso_top_litefury\dso_top_litefury.xpr
# Log file: C:/Users/Aleksa/Documents/EEVengers/Firmware/Artix7_PCIe/dso_top_litefury/vivado.log
# Journal file: C:/Users/Aleksa/Documents/EEVengers/Firmware/Artix7_PCIe/dso_top_litefury\vivado.jou
#-----------------------------------------------------------
start_gui
open_project C:/Users/Aleksa/Documents/EEVengers/Firmware/Artix7_PCIe/dso_top_litefury/dso_top_litefury.xpr
INFO: [Project 1-313] Project file moved from 'C:/Users/Aleksa/Documents/FPGA_Dev/LiteFury/dso_top_litefury' since last save.
Scanning sources...
Finished scanning sources
INFO: [IP_Flow 19-234] Refreshing IP repositories
INFO: [IP_Flow 19-1704] No user IP repositories specified
INFO: [IP_Flow 19-2313] Loaded Vivado IP repository 'C:/Xilinx/Vivado/2020.1/data/ip'.
open_project: Time (s): cpu = 00:00:15 ; elapsed = 00:00:09 . Memory (MB): peak = 1210.992 ; gain = 0.000
update_compile_order -fileset sources_1
reset_project
exit
INFO: [Common 17-206] Exiting Vivado at Sat Dec 18 14:40:08 2021...
