Removed Member From Class: ClassName=Buffer Member=R16
Removed Member From Class: ClassName=Buffer Member=R17
Removed Member From Class: ClassName=Buffer Member=R18
Removed Member From Class: ClassName=Buffer Member=R19
Removed Member From Class: ClassName=Buffer Member=R20
Removed Member From Class: ClassName=Input Coupling and Attenuation Member=R27
Removed Member From Class: ClassName=Input Coupling and Attenuation Member=R30
Removed Member From Class: ClassName=Input Coupling and Attenuation Member=R31
Removed Member From Class: ClassName=Main Member=R43
Removed Member From Class: ClassName=Input Coupling and Attenuation Member=U4
Change Component Footprint: Designator=C1 Old Footprint=GEN_C_0603 New Footprint=GEN_C_0402
Change Component Footprint: Designator=U4 Old Footprint=IXY_CPC1017 New Footprint=TI_SOIC8_D0008A
Change Component Comment : Designator=J1 Old Comment=BNC JACK R/A New Comment=BNC
Change Component Comment : Designator=C14 Old Comment=CAP 22nF 100V X7R 0603 New Comment=1.2nF
Change Component Comment : Designator=C1 Old Comment=CAP 22nF 100V X7R 0603 New Comment=CAP 100nF 16V X7R 0402
Change Component Comment : Designator=R13 Old Comment=RES 1K OHM 1% 1/10W 0402 New Comment=RES 24K OHM 1% 1/10W 0402
Change Component Comment : Designator=R5 Old Comment=RES 3K OHM 1% 1/10W 0402 New Comment=RES 499K OHM 1% 1/10W 0402
Change Component Comment : Designator=R6 Old Comment=RES 100K OHM 1% 1/10W 0402 New Comment=RES 499K OHM 1% 1/10W 0402
Change Component Comment : Designator=R14 Old Comment=RES 390K OHM 1% 1/10W 0402 New Comment=RES 10K OHM 1% 1/10W 0402
Change Component Comment : Designator=R1 Old Comment=RES 390K OHM 1% 1/10W 0402 New Comment=RES 499K OHM 1% 1/10W 0402
Change Component Comment : Designator=R15 Old Comment=RES 510K OHM 1% 1/10W 0402 New Comment=RES 10K OHM 1% 1/10W 0402
Change Component Comment : Designator=R9 Old Comment=RES 510K OHM 1% 1/10W 0402 New Comment=RES 499K OHM 1% 1/10W 0402
Change Component Comment : Designator=R12 Old Comment=RES 510K OHM 1% 1/10W 0402 New Comment=RES 499K OHM 1% 1/10W 0402
Change Component Comment : Designator=R37 Old Comment=RES 510K OHM 1% 1/10W 0402 New Comment=RES 499K OHM 1% 1/10W 0402
Change Component Comment : Designator=U4 Old Comment=SSR CPC1017NTR New Comment=OP07CDR
Change Component Designator: OldDesignator=C2 NewDesignator=C13
Change Component Designator: OldDesignator=C4 NewDesignator=C15
Change Component Designator: OldDesignator=C5 NewDesignator=C16
Change Component Designator: OldDesignator=C6 NewDesignator=C3
Change Component Designator: OldDesignator=C7 NewDesignator=C4
Change Component Designator: OldDesignator=C8 NewDesignator=C5
Change Component Designator: OldDesignator=C9 NewDesignator=C6
Change Component Designator: OldDesignator=C10 NewDesignator=C7
Change Component Designator: OldDesignator=C11 NewDesignator=C8
Change Component Designator: OldDesignator=C12 NewDesignator=C10
Change Component Designator: OldDesignator=C13 NewDesignator=C17
Change Component Designator: OldDesignator=C15 NewDesignator=C18
Change Component Designator: OldDesignator=C16 NewDesignator=C19
Change Component Designator: OldDesignator=C17 NewDesignator=C20
Change Component Designator: OldDesignator=C18 NewDesignator=C21
Change Component Designator: OldDesignator=C19 NewDesignator=C22
Change Component Designator: OldDesignator=C20 NewDesignator=C23
Change Component Designator: OldDesignator=C21 NewDesignator=C24
Change Component Designator: OldDesignator=C22 NewDesignator=C25
Change Component Designator: OldDesignator=C23 NewDesignator=C27
Change Component Designator: OldDesignator=C24 NewDesignator=C28
Change Component Designator: OldDesignator=C25 NewDesignator=C30
Change Component Designator: OldDesignator=C27 NewDesignator=C31
Change Component Designator: OldDesignator=C28 NewDesignator=C29
Change Component Designator: OldDesignator=C29 NewDesignator=C32
Change Component Designator: OldDesignator=C30 NewDesignator=C33
Change Component Designator: OldDesignator=C31 NewDesignator=C34
Change Component Designator: OldDesignator=C32 NewDesignator=C35
Change Component Designator: OldDesignator=C33 NewDesignator=C36
Change Component Designator: OldDesignator=C34 NewDesignator=C37
Change Component Designator: OldDesignator=R3 NewDesignator=R2
Change Component Designator: OldDesignator=R4 NewDesignator=R3
Change Component Designator: OldDesignator=R10 NewDesignator=R7
Change Component Designator: OldDesignator=R11 NewDesignator=R8
Change Component Designator: OldDesignator=R17 NewDesignator=R11
Change Component Designator: OldDesignator=R21 NewDesignator=R16
Change Component Designator: OldDesignator=R22 NewDesignator=R17
Change Component Designator: OldDesignator=R23 NewDesignator=R18
Change Component Designator: OldDesignator=R24 NewDesignator=R19
Change Component Designator: OldDesignator=R25 NewDesignator=R20
Change Component Designator: OldDesignator=R26 NewDesignator=R21
Change Component Designator: OldDesignator=R28 NewDesignator=R23
Change Component Designator: OldDesignator=R29 NewDesignator=R24
Change Component Designator: OldDesignator=R32 NewDesignator=R26
Change Component Designator: OldDesignator=R33 NewDesignator=R27
Change Component Designator: OldDesignator=R34 NewDesignator=R28
Change Component Designator: OldDesignator=R35 NewDesignator=R29
Change Component Designator: OldDesignator=R36 NewDesignator=R30
Change Component Designator: OldDesignator=R37 NewDesignator=R31
Change Component Designator: OldDesignator=R38 NewDesignator=R34
Change Component Designator: OldDesignator=R39 NewDesignator=R32
Change Component Designator: OldDesignator=R40 NewDesignator=R36
Change Component Designator: OldDesignator=R41 NewDesignator=R33
Change Component Designator: OldDesignator=R42 NewDesignator=R38
Change Component Designator: OldDesignator=R44 NewDesignator=R37
Change Component Designator: OldDesignator=R45 NewDesignator=R39
Change Component Designator: OldDesignator=R46 NewDesignator=R40
Change Component Designator: OldDesignator=R47 NewDesignator=R41
Change Component Designator: OldDesignator=R48 NewDesignator=R42
Change Component Designator: OldDesignator=R49 NewDesignator=R43
Change Component Designator: OldDesignator=R50 NewDesignator=R44
Change Component Designator: OldDesignator=R51 NewDesignator=R45
Change Component Designator: OldDesignator=R52 NewDesignator=R46
Change Component Designator: OldDesignator=R53 NewDesignator=R47
Change Component Designator: OldDesignator=R54 NewDesignator=R48
Change Component Designator: OldDesignator=R55 NewDesignator=R49
Change Component Designator: OldDesignator=R56 NewDesignator=R50
Change Component Designator: OldDesignator=R57 NewDesignator=R51
Change Component Designator: OldDesignator=R58 NewDesignator=R52
Change Component Designator: OldDesignator=R59 NewDesignator=R53
Change Component Designator: OldDesignator=R60 NewDesignator=R54
Change Component Designator: OldDesignator=TP1 NewDesignator=TP2
Change Component Designator: OldDesignator=TP2 NewDesignator=TP3
Change Component Designator: OldDesignator=TP3 NewDesignator=TP1
Change Component Designator: OldDesignator=U1 NewDesignator=U3
Change Component Designator: OldDesignator=U3 NewDesignator=U5
Change Component Designator: OldDesignator=U5 NewDesignator=U6
Change Component Designator: OldDesignator=U6 NewDesignator=U7
Change Component Designator: OldDesignator=U7 NewDesignator=U8
Change Component Designator: OldDesignator=U8 NewDesignator=U9
Change component parameters: Designator = "U4"; Footprint = "TI_SOIC8_D0008A"; UniqueID = "\PMVJTYQU\UMVPBKHL"
Change component parameters. Clean all parameters for all variants
Change component parameters (AddParameter): Name = "Supplier 1"; Value = "Digi-Key"; VariantName = "[No Variations]"
Change component parameters (AddParameter): Name = "Supplier Part Number 1"; Value = "296-14626-1-ND"; VariantName = "[No Variations]"
Change component parameters: Designator = "R1"; Footprint = "GEN_R_0402"; UniqueID = "\PMVJTYQU\MMKJCQXU"
Change component parameters. Clean all parameters for all variants
Change component parameters (AddParameter): Name = "Package"; Value = "0402"; VariantName = "[No Variations]"
Change component parameters (AddParameter): Name = "Power Rating"; Value = "0.1W"; VariantName = "[No Variations]"
Change component parameters (AddParameter): Name = "Supplier 1"; Value = "Digi-Key"; VariantName = "[No Variations]"
Change component parameters (AddParameter): Name = "Supplier Part Number 1"; Value = "P499KLCT-ND"; VariantName = "[No Variations]"
Change component parameters (AddParameter): Name = "Tolerance"; Value = "1%"; VariantName = "[No Variations]"
Change component parameters (AddParameter): Name = "Value"; Value = "499K"; VariantName = "[No Variations]"
Change component parameters: Designator = "R5"; Footprint = "GEN_R_0402"; UniqueID = "\PMVJTYQU\GGGBPATA"
Change component parameters. Clean all parameters for all variants
Change component parameters (AddParameter): Name = "Package"; Value = "0402"; VariantName = "[No Variations]"
Change component parameters (AddParameter): Name = "Power Rating"; Value = "0.1W"; VariantName = "[No Variations]"
Change component parameters (AddParameter): Name = "Supplier 1"; Value = "Digi-Key"; VariantName = "[No Variations]"
Change component parameters (AddParameter): Name = "Supplier Part Number 1"; Value = "P499KLCT-ND"; VariantName = "[No Variations]"
Change component parameters (AddParameter): Name = "Tolerance"; Value = "1%"; VariantName = "[No Variations]"
Change component parameters (AddParameter): Name = "Value"; Value = "499K"; VariantName = "[No Variations]"
Change component parameters: Designator = "R6"; Footprint = "GEN_R_0402"; UniqueID = "\PMVJTYQU\LETNDZWP"
Change component parameters. Clean all parameters for all variants
Change component parameters (AddParameter): Name = "Package"; Value = "0402"; VariantName = "[No Variations]"
Change component parameters (AddParameter): Name = "Power Rating"; Value = "0.1W"; VariantName = "[No Variations]"
Change component parameters (AddParameter): Name = "Supplier 1"; Value = "Digi-Key"; VariantName = "[No Variations]"
Change component parameters (AddParameter): Name = "Supplier Part Number 1"; Value = "P499KLCT-ND"; VariantName = "[No Variations]"
Change component parameters (AddParameter): Name = "Tolerance"; Value = "1%"; VariantName = "[No Variations]"
Change component parameters (AddParameter): Name = "Value"; Value = "499K"; VariantName = "[No Variations]"
Change component parameters: Designator = "R9"; Footprint = "GEN_R_0402"; UniqueID = "\PMVJTYQU\KFDBJXST"
Change component parameters. Clean all parameters for all variants
Change component parameters (AddParameter): Name = "Package"; Value = "0402"; VariantName = "[No Variations]"
Change component parameters (AddParameter): Name = "Power Rating"; Value = "0.1W"; VariantName = "[No Variations]"
Change component parameters (AddParameter): Name = "Supplier 1"; Value = "Digi-Key"; VariantName = "[No Variations]"
Change component parameters (AddParameter): Name = "Supplier Part Number 1"; Value = "P499KLCT-ND"; VariantName = "[No Variations]"
Change component parameters (AddParameter): Name = "Tolerance"; Value = "1%"; VariantName = "[No Variations]"
Change component parameters (AddParameter): Name = "Value"; Value = "499K"; VariantName = "[No Variations]"
Change component parameters: Designator = "R12"; Footprint = "GEN_R_0402"; UniqueID = "\PMVJTYQU\FYDFTARY"
Change component parameters. Clean all parameters for all variants
Change component parameters (AddParameter): Name = "Package"; Value = "0402"; VariantName = "[No Variations]"
Change component parameters (AddParameter): Name = "Power Rating"; Value = "0.1W"; VariantName = "[No Variations]"
Change component parameters (AddParameter): Name = "Supplier 1"; Value = "Digi-Key"; VariantName = "[No Variations]"
Change component parameters (AddParameter): Name = "Supplier Part Number 1"; Value = "P499KLCT-ND"; VariantName = "[No Variations]"
Change component parameters (AddParameter): Name = "Tolerance"; Value = "1%"; VariantName = "[No Variations]"
Change component parameters (AddParameter): Name = "Value"; Value = "499K"; VariantName = "[No Variations]"
Change component parameters: Designator = "R13"; Footprint = "GEN_R_0402"; UniqueID = "\PMVJTYQU\LABQRNEW"
Change component parameters. Clean all parameters for all variants
Change component parameters (AddParameter): Name = "Package"; Value = "0402"; VariantName = "[No Variations]"
Change component parameters (AddParameter): Name = "Power Rating"; Value = "0.1W"; VariantName = "[No Variations]"
Change component parameters (AddParameter): Name = "Supplier 1"; Value = "Digi-Key"; VariantName = "[No Variations]"
Change component parameters (AddParameter): Name = "Supplier Part Number 1"; Value = "P24.0KLCT-ND"; VariantName = "[No Variations]"
Change component parameters (AddParameter): Name = "Tolerance"; Value = "1%"; VariantName = "[No Variations]"
Change component parameters (AddParameter): Name = "Value"; Value = "24K"; VariantName = "[No Variations]"
Change component parameters: Designator = "R14"; Footprint = "GEN_R_0402"; UniqueID = "\PMVJTYQU\EFYJZNZC"
Change component parameters. Clean all parameters for all variants
Change component parameters (AddParameter): Name = "Package"; Value = "0402"; VariantName = "[No Variations]"
Change component parameters (AddParameter): Name = "Power Rating"; Value = "0.1W"; VariantName = "[No Variations]"
Change component parameters (AddParameter): Name = "Supplier 1"; Value = "Digi-Key"; VariantName = "[No Variations]"
Change component parameters (AddParameter): Name = "Supplier Part Number 1"; Value = "P10.0KLCT-ND"; VariantName = "[No Variations]"
Change component parameters (AddParameter): Name = "Tolerance"; Value = "1%"; VariantName = "[No Variations]"
Change component parameters (AddParameter): Name = "Value"; Value = "10K"; VariantName = "[No Variations]"
Change component parameters: Designator = "R15"; Footprint = "GEN_R_0402"; UniqueID = "\PMVJTYQU\HJCCBVKM"
Change component parameters. Clean all parameters for all variants
Change component parameters (AddParameter): Name = "Package"; Value = "0402"; VariantName = "[No Variations]"
Change component parameters (AddParameter): Name = "Power Rating"; Value = "0.1W"; VariantName = "[No Variations]"
Change component parameters (AddParameter): Name = "Supplier 1"; Value = "Digi-Key"; VariantName = "[No Variations]"
Change component parameters (AddParameter): Name = "Supplier Part Number 1"; Value = "P10.0KLCT-ND"; VariantName = "[No Variations]"
Change component parameters (AddParameter): Name = "Tolerance"; Value = "1%"; VariantName = "[No Variations]"
Change component parameters (AddParameter): Name = "Value"; Value = "10K"; VariantName = "[No Variations]"
Change component parameters: Designator = "R31"; Footprint = "GEN_R_0402"; UniqueID = "\GUQDCDAK"
Change component parameters. Clean all parameters for all variants
Change component parameters (AddParameter): Name = "Package"; Value = "0402"; VariantName = "[No Variations]"
Change component parameters (AddParameter): Name = "Power Rating"; Value = "0.1W"; VariantName = "[No Variations]"
Change component parameters (AddParameter): Name = "Supplier 1"; Value = "Digi-Key"; VariantName = "[No Variations]"
Change component parameters (AddParameter): Name = "Supplier Part Number 1"; Value = "P499KLCT-ND"; VariantName = "[No Variations]"
Change component parameters (AddParameter): Name = "Tolerance"; Value = "1%"; VariantName = "[No Variations]"
Change component parameters (AddParameter): Name = "Value"; Value = "499K"; VariantName = "[No Variations]"
Change component parameters: Designator = "C1"; Footprint = "GEN_C_0402"; UniqueID = "\PMVJTYQU\GRHEBZOH"
Change component parameters. Clean all parameters for all variants
Change component parameters (AddParameter): Name = "Package"; Value = "0402"; VariantName = "[No Variations]"
Change component parameters (AddParameter): Name = "Supplier 1"; Value = "Digi-Key"; VariantName = "[No Variations]"
Change component parameters (AddParameter): Name = "Supplier Part Number 1"; Value = "490-4759-1-ND"; VariantName = "[No Variations]"
Change component parameters (AddParameter): Name = "Value"; Value = "100nF"; VariantName = "[No Variations]"
Change component parameters (AddParameter): Name = "Voltage Rating"; Value = "16V"; VariantName = "[No Variations]"
Change component parameters: Designator = "C14"; Footprint = "GEN_C_0603"; UniqueID = "\PMVJTYQU\VUJZEUGC"
Change component parameters. Clean all parameters for all variants
Change component parameters (AddParameter): Name = "Package"; Value = "0603"; VariantName = "[No Variations]"
Change component parameters (AddParameter): Name = "Supplier 1"; Value = "Digi-Key"; VariantName = "[No Variations]"
Change component parameters (AddParameter): Name = "Supplier Part Number 1"; Value = "490-1453-1-ND"; VariantName = "[No Variations]"
Change component parameters (AddParameter): Name = "Temperature Coefficient"; Value = "C0G"; VariantName = "[No Variations]"
Change component parameters (AddParameter): Name = "Value"; Value = "1.2nF"; VariantName = "[No Variations]"
Change component parameters (AddParameter): Name = "Voltage Rating"; Value = "50V"; VariantName = "[No Variations]"
Added Component: Designator=C2(GEN_C_0402)
Add component. Clean all parameters for all variants
Add component (AddParameter): Name = "Package"; Value = "0402"; VariantName = "[No Variations]"
Add component (AddParameter): Name = "Supplier 1"; Value = "Digi-Key"; VariantName = "[No Variations]"
Add component (AddParameter): Name = "Supplier Part Number 1"; Value = "490-4759-1-ND"; VariantName = "[No Variations]"
Add component (AddParameter): Name = "Value"; Value = "100nF"; VariantName = "[No Variations]"
Add component (AddParameter): Name = "Voltage Rating"; Value = "16V"; VariantName = "[No Variations]"
Added Component: Designator=C9(GEN_C_0402)
Add component. Clean all parameters for all variants
Add component (AddParameter): Name = "Package"; Value = "0402"; VariantName = "[No Variations]"
Add component (AddParameter): Name = "Supplier 1"; Value = "Digi-Key"; VariantName = "[No Variations]"
Add component (AddParameter): Name = "Supplier Part Number 1"; Value = "490-4759-1-ND"; VariantName = "[No Variations]"
Add component (AddParameter): Name = "Value"; Value = "100nF"; VariantName = "[No Variations]"
Add component (AddParameter): Name = "Voltage Rating"; Value = "16V"; VariantName = "[No Variations]"
Added Component: Designator=C11(GEN_C_0603)
Add component. Clean all parameters for all variants
Add component (AddParameter): Name = "Package"; Value = "0603"; VariantName = "[No Variations]"
Add component (AddParameter): Name = "Supplier 1"; Value = "Digi-Key"; VariantName = "[No Variations]"
Add component (AddParameter): Name = "Supplier Part Number 1"; Value = "490-1453-1-ND"; VariantName = "[No Variations]"
Add component (AddParameter): Name = "Temperature Coefficient"; Value = "C0G"; VariantName = "[No Variations]"
Add component (AddParameter): Name = "Value"; Value = "1.2nF"; VariantName = "[No Variations]"
Add component (AddParameter): Name = "Voltage Rating"; Value = "50V"; VariantName = "[No Variations]"
Added Component: Designator=C12(GEN_C_0402)
Add component. Clean all parameters for all variants
Add component (AddParameter): Name = "Package"; Value = "0402"; VariantName = "[No Variations]"
Add component (AddParameter): Name = "Supplier 1"; Value = "Digi-Key"; VariantName = "[No Variations]"
Add component (AddParameter): Name = "Supplier Part Number 1"; Value = "490-10017-1-ND"; VariantName = "[No Variations]"
Add component (AddParameter): Name = "Value"; Value = "1uF"; VariantName = "[No Variations]"
Add component (AddParameter): Name = "Voltage Rating"; Value = "25V"; VariantName = "[No Variations]"
Added Component: Designator=R4(GEN_R_0402)
Add component. Clean all parameters for all variants
Add component (AddParameter): Name = "Package"; Value = "0402"; VariantName = "[No Variations]"
Add component (AddParameter): Name = "Power Rating"; Value = "0.1W"; VariantName = "[No Variations]"
Add component (AddParameter): Name = "Supplier 1"; Value = "Digi-Key"; VariantName = "[No Variations]"
Add component (AddParameter): Name = "Supplier Part Number 1"; Value = "P4.70KLCT-ND"; VariantName = "[No Variations]"
Add component (AddParameter): Name = "Tolerance"; Value = "1%"; VariantName = "[No Variations]"
Add component (AddParameter): Name = "Value"; Value = "4.7K"; VariantName = "[No Variations]"
Added Component: Designator=R10(GEN_R_0402)
Add component. Clean all parameters for all variants
Add component (AddParameter): Name = "Package"; Value = "0402"; VariantName = "[No Variations]"
Add component (AddParameter): Name = "Power Rating"; Value = "0.1W"; VariantName = "[No Variations]"
Add component (AddParameter): Name = "Supplier 1"; Value = "Digi-Key"; VariantName = "[No Variations]"
Add component (AddParameter): Name = "Supplier Part Number 1"; Value = "P499KLCT-ND"; VariantName = "[No Variations]"
Add component (AddParameter): Name = "Tolerance"; Value = "1%"; VariantName = "[No Variations]"
Add component (AddParameter): Name = "Value"; Value = "499K"; VariantName = "[No Variations]"
Added Component: Designator=R22(GEN_R_0402)
Add component. Clean all parameters for all variants
Add component (AddParameter): Name = "Package"; Value = "0402"; VariantName = "[No Variations]"
Add component (AddParameter): Name = "Power Rating"; Value = "0.1W"; VariantName = "[No Variations]"
Add component (AddParameter): Name = "Supplier 1"; Value = "Digi-Key"; VariantName = "[No Variations]"
Add component (AddParameter): Name = "Supplier Part Number 1"; Value = "P49.9LCT-ND"; VariantName = "[No Variations]"
Add component (AddParameter): Name = "Tolerance"; Value = "1%"; VariantName = "[No Variations]"
Add component (AddParameter): Name = "Value"; Value = "49.9"; VariantName = "[No Variations]"
Added Component: Designator=R25(GEN_R_0402)
Add component. Clean all parameters for all variants
Add component (AddParameter): Name = "Package"; Value = "0402"; VariantName = "[No Variations]"
Add component (AddParameter): Name = "Power Rating"; Value = "0.1W"; VariantName = "[No Variations]"
Add component (AddParameter): Name = "Supplier 1"; Value = "Digi-Key"; VariantName = "[No Variations]"
Add component (AddParameter): Name = "Supplier Part Number 1"; Value = "P10.0KLCT-ND"; VariantName = "[No Variations]"
Add component (AddParameter): Name = "Tolerance"; Value = "1%"; VariantName = "[No Variations]"
Add component (AddParameter): Name = "Value"; Value = "10K"; VariantName = "[No Variations]"
Added Component: Designator=R35(GEN_R_0402)
Add component. Clean all parameters for all variants
Add component (AddParameter): Name = "Package"; Value = "0402"; VariantName = "[No Variations]"
Add component (AddParameter): Name = "Power Rating"; Value = "0.1W"; VariantName = "[No Variations]"
Add component (AddParameter): Name = "Supplier 1"; Value = "Digi-Key"; VariantName = "[No Variations]"
Add component (AddParameter): Name = "Supplier Part Number 1"; Value = "P499KLCT-ND"; VariantName = "[No Variations]"
Add component (AddParameter): Name = "Tolerance"; Value = "1%"; VariantName = "[No Variations]"
Add component (AddParameter): Name = "Value"; Value = "499K"; VariantName = "[No Variations]"
Added Component: Designator=U1(GEN_SOT23_5_950_2900X1600X1450)
Add component. Clean all parameters for all variants
Add component (AddParameter): Name = "Supplier 1"; Value = "Digi-Key"; VariantName = "[No Variations]"
Add component (AddParameter): Name = "Supplier Part Number 1"; Value = "296-24269-1-ND"; VariantName = "[No Variations]"
Added Pin To Net: NetName=+3V3 Pin=C36-2
Added Pin To Net: NetName=+3V3 Pin=Q4-2
Added Pin To Net: NetName=+3V3 Pin=Q5-2
Added Pin To Net: NetName=+3V3 Pin=R27-1
Added Pin To Net: NetName=+3V3 Pin=R28-2
Added Pin To Net: NetName=+3V3 Pin=R33-2
Added Pin To Net: NetName=+3V3 Pin=R39-2
Added Pin To Net: NetName=+3V3 Pin=R41-2
Added Pin To Net: NetName=+3V3 Pin=R42-2
Added Pin To Net: NetName=+3V3 Pin=U8-12
Added Net: Name=+3V3
Added Pin To Net: NetName=+5V5 Pin=C25-2
Added Pin To Net: NetName=+5V5 Pin=C28-2
Added Pin To Net: NetName=+5V5 Pin=C29-2
Added Pin To Net: NetName=+5V5 Pin=J2-29
Added Pin To Net: NetName=+5V5 Pin=U6-3
Added Pin To Net: NetName=+5V5 Pin=U6-5
Added Pin To Net: NetName=+5V5 Pin=U6-6
Added Pin To Net: NetName=+5V5 Pin=U6-9
Added Pin To Net: NetName=+5V5 Pin=U7-1
Added Pin To Net: NetName=+5V5 Pin=U7-6
Added Net: Name=+5V5
Added Pin To Net: NetName=+5V Pin=C1-1
Added Pin To Net: NetName=+5V Pin=C2-1
Added Pin To Net: NetName=+5V Pin=C3-1
Added Pin To Net: NetName=+5V Pin=C4-1
Added Pin To Net: NetName=+5V Pin=C5-1
Added Pin To Net: NetName=+5V Pin=C6-2
Added Pin To Net: NetName=+5V Pin=C7-2
Added Pin To Net: NetName=+5V Pin=C17-1
Added Pin To Net: NetName=+5V Pin=C32-2
Added Pin To Net: NetName=+5V Pin=C33-2
Added Pin To Net: NetName=+5V Pin=C34-2
Added Pin To Net: NetName=+5V Pin=C35-2
Added Pin To Net: NetName=+5V Pin=C37-2
Added Pin To Net: NetName=+5V Pin=Q1-1
Added Pin To Net: NetName=+5V Pin=R16-1
Added Pin To Net: NetName=+5V Pin=R18-2
Added Pin To Net: NetName=+5V Pin=R29-2
Added Pin To Net: NetName=+5V Pin=R40-2
Added Pin To Net: NetName=+5V Pin=R43-2
Added Pin To Net: NetName=+5V Pin=R44-2
Added Pin To Net: NetName=+5V Pin=R49-2
Added Pin To Net: NetName=+5V Pin=R50-2
Added Pin To Net: NetName=+5V Pin=R51-2
Added Pin To Net: NetName=+5V Pin=U1-5
Added Pin To Net: NetName=+5V Pin=U2-7
Added Pin To Net: NetName=+5V Pin=U3-7
Added Pin To Net: NetName=+5V Pin=U4-7
Added Pin To Net: NetName=+5V Pin=U5-2
Added Pin To Net: NetName=+5V Pin=U8-3
Added Pin To Net: NetName=+5V Pin=U8-4
Added Pin To Net: NetName=+5V Pin=U9-6
Added Pin To Net: NetName=+5V Pin=U9-7
Added Net: Name=+5V
Added Pin To Net: NetName=+VUSB Pin=D2-1
Added Pin To Net: NetName=+VUSB Pin=J2-27
Added Pin To Net: NetName=+VUSB Pin=K1-1
Added Net: Name=+VUSB
Added Pin To Net: NetName=-5V Pin=C8-1
Added Pin To Net: NetName=-5V Pin=C9-1
Added Pin To Net: NetName=-5V Pin=C10-1
Added Pin To Net: NetName=-5V Pin=R15-1
Added Pin To Net: NetName=-5V Pin=R34-2
Added Pin To Net: NetName=-5V Pin=U1-3
Added Pin To Net: NetName=-5V Pin=U3-4
Added Pin To Net: NetName=-5V Pin=U4-4
Added Net: Name=-5V
Added Pin To Net: NetName=0dB_EN Pin=J2-23
Added Pin To Net: NetName=0dB_EN Pin=R25-2
Added Pin To Net: NetName=0dB_EN Pin=R26-2
Added Net: Name=0dB_EN
Added Pin To Net: NetName=DC_CPL Pin=J2-21
Added Pin To Net: NetName=DC_CPL Pin=U1-4
Added Net: Name=DC_CPL
Added Pin To Net: NetName=GND Pin=C1-2
Added Pin To Net: NetName=GND Pin=C2-2
Added Pin To Net: NetName=GND Pin=C3-2
Added Pin To Net: NetName=GND Pin=C4-2
Added Pin To Net: NetName=GND Pin=C5-2
Added Pin To Net: NetName=GND Pin=C6-1
Added Pin To Net: NetName=GND Pin=C7-1
Added Pin To Net: NetName=GND Pin=C8-2
Added Pin To Net: NetName=GND Pin=C9-2
Added Pin To Net: NetName=GND Pin=C10-2
Added Pin To Net: NetName=GND Pin=C13-1
Added Pin To Net: NetName=GND Pin=C14-1
Added Pin To Net: NetName=GND Pin=C17-2
Added Pin To Net: NetName=GND Pin=C18-1
Added Pin To Net: NetName=GND Pin=C20-2
Added Pin To Net: NetName=GND Pin=C21-1
Added Pin To Net: NetName=GND Pin=C22-1
Added Pin To Net: NetName=GND Pin=C23-1
Added Pin To Net: NetName=GND Pin=C24-1
Added Pin To Net: NetName=GND Pin=C25-1
Added Pin To Net: NetName=GND Pin=C26-1
Added Pin To Net: NetName=GND Pin=C27-1
Added Pin To Net: NetName=GND Pin=C28-1
Added Pin To Net: NetName=GND Pin=C29-1
Added Pin To Net: NetName=GND Pin=C31-1
Added Pin To Net: NetName=GND Pin=C32-1
Added Pin To Net: NetName=GND Pin=C33-1
Added Pin To Net: NetName=GND Pin=C34-1
Added Pin To Net: NetName=GND Pin=C35-1
Added Pin To Net: NetName=GND Pin=C36-1
Added Pin To Net: NetName=GND Pin=C37-1
Added Pin To Net: NetName=GND Pin=D1-2
Added Pin To Net: NetName=GND Pin=D1-3
Added Pin To Net: NetName=GND Pin=GDT1-2
Added Pin To Net: NetName=GND Pin=J1-2
Added Pin To Net: NetName=GND Pin=J1-2
Added Pin To Net: NetName=GND Pin=J2-1
Added Pin To Net: NetName=GND Pin=J2-4
Added Pin To Net: NetName=GND Pin=J2-6
Added Pin To Net: NetName=GND Pin=J2-9
Added Pin To Net: NetName=GND Pin=J2-11
Added Pin To Net: NetName=GND Pin=J2-12
Added Pin To Net: NetName=GND Pin=J2-13
Added Pin To Net: NetName=GND Pin=J2-14
Added Pin To Net: NetName=GND Pin=J2-15
Added Pin To Net: NetName=GND Pin=J2-26
Added Pin To Net: NetName=GND Pin=J2-28
Added Pin To Net: NetName=GND Pin=J2-30
Added Pin To Net: NetName=GND Pin=J2-32
Added Pin To Net: NetName=GND Pin=J2-33
Added Pin To Net: NetName=GND Pin=J2-34
Added Pin To Net: NetName=GND Pin=J2-35
Added Pin To Net: NetName=GND Pin=J2-37
Added Pin To Net: NetName=GND Pin=J2-38
Added Pin To Net: NetName=GND Pin=J2-39
Added Pin To Net: NetName=GND Pin=J2-40
Added Pin To Net: NetName=GND Pin=J2-SHLD
Added Pin To Net: NetName=GND Pin=J2-SHLD
Added Pin To Net: NetName=GND Pin=J2-SHLD
Added Pin To Net: NetName=GND Pin=J2-SHLD
Added Pin To Net: NetName=GND Pin=J2-SHLD
Added Pin To Net: NetName=GND Pin=J2-SHLD
Added Pin To Net: NetName=GND Pin=MH1-1
Added Pin To Net: NetName=GND Pin=MH2-1
Added Pin To Net: NetName=GND Pin=MH3-1
Added Pin To Net: NetName=GND Pin=MH4-1
Added Pin To Net: NetName=GND Pin=NTC1-2
Added Pin To Net: NetName=GND Pin=Q3-3
Added Pin To Net: NetName=GND Pin=R5-1
Added Pin To Net: NetName=GND Pin=R7-1
Added Pin To Net: NetName=GND Pin=R8-1
Added Pin To Net: NetName=GND Pin=R10-1
Added Pin To Net: NetName=GND Pin=R14-2
Added Pin To Net: NetName=GND Pin=R17-2
Added Pin To Net: NetName=GND Pin=R24-1
Added Pin To Net: NetName=GND Pin=R26-1
Added Pin To Net: NetName=GND Pin=R32-1
Added Pin To Net: NetName=GND Pin=R37-1
Added Pin To Net: NetName=GND Pin=R38-1
Added Pin To Net: NetName=GND Pin=R47-1
Added Pin To Net: NetName=GND Pin=R52-1
Added Pin To Net: NetName=GND Pin=R53-1
Added Pin To Net: NetName=GND Pin=R54-1
Added Pin To Net: NetName=GND Pin=TP2-1
Added Pin To Net: NetName=GND Pin=U2-4
Added Pin To Net: NetName=GND Pin=U5-5
Added Pin To Net: NetName=GND Pin=U6-2
Added Pin To Net: NetName=GND Pin=U6-4
Added Pin To Net: NetName=GND Pin=U6-11
Added Pin To Net: NetName=GND Pin=U7-2
Added Pin To Net: NetName=GND Pin=U7-9
Added Pin To Net: NetName=GND Pin=U8-5
Added Pin To Net: NetName=GND Pin=U8-8
Added Pin To Net: NetName=GND Pin=U8-17
Added Pin To Net: NetName=GND Pin=U9-5
Added Net: Name=GND
Added Pin To Net: NetName=NetC11_1 Pin=C11-1
Added Pin To Net: NetName=NetC11_1 Pin=Q1-3
Added Pin To Net: NetName=NetC11_1 Pin=R2-2
Added Net: Name=NetC11_1
Added Pin To Net: NetName=NetC11_2 Pin=C11-2
Added Pin To Net: NetName=NetC11_2 Pin=C12-2
Added Pin To Net: NetName=NetC11_2 Pin=D1-1
Added Pin To Net: NetName=NetC11_2 Pin=R22-2
Added Pin To Net: NetName=NetC11_2 Pin=U1-1
Added Net: Name=NetC11_2
Added Pin To Net: NetName=NetC12_1 Pin=C12-1
Added Pin To Net: NetName=NetC12_1 Pin=R1-2
Added Pin To Net: NetName=NetC12_1 Pin=U1-2
Added Net: Name=NetC12_1
Added Pin To Net: NetName=NetC13_2 Pin=C13-2
Added Pin To Net: NetName=NetC13_2 Pin=R3-2
Added Pin To Net: NetName=NetC13_2 Pin=U2-3
Added Net: Name=NetC13_2
Added Pin To Net: NetName=NetC14_2 Pin=C14-2
Added Pin To Net: NetName=NetC14_2 Pin=Q2-1
Added Pin To Net: NetName=NetC14_2 Pin=R4-1
Added Net: Name=NetC14_2
Added Pin To Net: NetName=NetC15_1 Pin=C15-1
Added Pin To Net: NetName=NetC15_1 Pin=R6-1
Added Pin To Net: NetName=NetC15_1 Pin=R10-2
Added Net: Name=NetC15_1
Added Pin To Net: NetName=NetC15_2 Pin=C15-2
Added Pin To Net: NetName=NetC15_2 Pin=R9-1
Added Pin To Net: NetName=NetC15_2 Pin=R12-2
Added Pin To Net: NetName=NetC15_2 Pin=U3-2
Added Net: Name=NetC15_2
Added Pin To Net: NetName=NetC16_1 Pin=C16-1
Added Pin To Net: NetName=NetC16_1 Pin=R11-2
Added Pin To Net: NetName=NetC16_1 Pin=U2-2
Added Net: Name=NetC16_1
Added Pin To Net: NetName=NetC16_2 Pin=C16-2
Added Pin To Net: NetName=NetC16_2 Pin=R4-2
Added Pin To Net: NetName=NetC16_2 Pin=U2-6
Added Net: Name=NetC16_2
Added Pin To Net: NetName=NetC18_2 Pin=C18-2
Added Pin To Net: NetName=NetC18_2 Pin=GDT1-1
Added Pin To Net: NetName=NetC18_2 Pin=J1-1
Added Pin To Net: NetName=NetC18_2 Pin=K1-3
Added Net: Name=NetC18_2
Added Pin To Net: NetName=NetC19_1 Pin=C19-1
Added Pin To Net: NetName=NetC19_1 Pin=C21-2
Added Pin To Net: NetName=NetC19_1 Pin=C22-2
Added Pin To Net: NetName=NetC19_1 Pin=C23-2
Added Pin To Net: NetName=NetC19_1 Pin=K1-7
Added Pin To Net: NetName=NetC19_1 Pin=R21-2
Added Pin To Net: NetName=NetC19_1 Pin=R23-2
Added Net: Name=NetC19_1
Added Pin To Net: NetName=NetC19_2 Pin=C19-2
Added Pin To Net: NetName=NetC19_2 Pin=K1-2
Added Pin To Net: NetName=NetC19_2 Pin=R19-1
Added Net: Name=NetC19_2
Added Pin To Net: NetName=NetC20_1 Pin=C20-1
Added Pin To Net: NetName=NetC20_1 Pin=K1-6
Added Pin To Net: NetName=NetC20_1 Pin=R22-1
Added Net: Name=NetC20_1
Added Pin To Net: NetName=NetC24_2 Pin=C24-2
Added Pin To Net: NetName=NetC24_2 Pin=R29-1
Added Pin To Net: NetName=NetC24_2 Pin=R30-2
Added Pin To Net: NetName=NetC24_2 Pin=U6-10
Added Net: Name=NetC24_2
Added Pin To Net: NetName=NetC26_2 Pin=C26-2
Added Pin To Net: NetName=NetC26_2 Pin=R33-1
Added Pin To Net: NetName=NetC26_2 Pin=R35-2
Added Pin To Net: NetName=NetC26_2 Pin=U6-8
Added Net: Name=NetC26_2
Added Pin To Net: NetName=NetC27_2 Pin=C27-2
Added Pin To Net: NetName=NetC27_2 Pin=R34-1
Added Pin To Net: NetName=NetC27_2 Pin=R36-2
Added Pin To Net: NetName=NetC27_2 Pin=U7-4
Added Net: Name=NetC27_2
Added Pin To Net: NetName=NetC30_1 Pin=C30-1
Added Pin To Net: NetName=NetC30_1 Pin=U7-7
Added Net: Name=NetC30_1
Added Pin To Net: NetName=NetC30_2 Pin=C30-2
Added Pin To Net: NetName=NetC30_2 Pin=U7-8
Added Net: Name=NetC30_2
Added Pin To Net: NetName=NetC31_2 Pin=C31-2
Added Pin To Net: NetName=NetC31_2 Pin=U7-3
Added Net: Name=NetC31_2
Added Pin To Net: NetName=NetD2_2 Pin=D2-2
Added Pin To Net: NetName=NetD2_2 Pin=K1-8
Added Pin To Net: NetName=NetD2_2 Pin=Q3-1
Added Net: Name=NetD2_2
Added Pin To Net: NetName=NetD3_2 Pin=D3-2
Added Pin To Net: NetName=NetD3_2 Pin=R27-2
Added Net: Name=NetD3_2
Added Pin To Net: NetName=NetK1_4 Pin=K1-4
Added Pin To Net: NetName=NetK1_4 Pin=K1-5
Added Net: Name=NetK1_4
Added Pin To Net: NetName=NetNTC1_1 Pin=NTC1-1
Added Pin To Net: NetName=NetNTC1_1 Pin=R18-1
Added Pin To Net: NetName=NetNTC1_1 Pin=TP1-1
Added Pin To Net: NetName=NetNTC1_1 Pin=U5-3
Added Net: Name=NetNTC1_1
Added Pin To Net: NetName=NetQ1_2 Pin=Q1-2
Added Pin To Net: NetName=NetQ1_2 Pin=Q2-3
Added Pin To Net: NetName=NetQ1_2 Pin=R3-1
Added Pin To Net: NetName=NetQ1_2 Pin=R9-2
Added Pin To Net: NetName=NetQ1_2 Pin=U8-6
Added Net: Name=NetQ1_2
Added Pin To Net: NetName=NetQ2_2 Pin=Q2-2
Added Pin To Net: NetName=NetQ2_2 Pin=R7-2
Added Pin To Net: NetName=NetQ2_2 Pin=R8-2
Added Net: Name=NetQ2_2
Added Pin To Net: NetName=NetQ3_2 Pin=Q3-2
Added Pin To Net: NetName=NetQ3_2 Pin=R25-1
Added Net: Name=NetQ3_2
Added Pin To Net: NetName=NetQ4_1 Pin=Q4-1
Added Pin To Net: NetName=NetQ4_1 Pin=R43-1
Added Pin To Net: NetName=NetQ4_1 Pin=U9-3
Added Net: Name=NetQ4_1
Added Pin To Net: NetName=NetQ5_1 Pin=Q5-1
Added Pin To Net: NetName=NetQ5_1 Pin=R44-1
Added Pin To Net: NetName=NetQ5_1 Pin=U9-4
Added Net: Name=NetQ5_1
Added Pin To Net: NetName=NetR1_1 Pin=R1-1
Added Pin To Net: NetName=NetR1_1 Pin=R5-2
Added Pin To Net: NetName=NetR1_1 Pin=U3-3
Added Net: Name=NetR1_1
Added Pin To Net: NetName=NetR2_1 Pin=R2-1
Added Pin To Net: NetName=NetR2_1 Pin=R6-2
Added Pin To Net: NetName=NetR2_1 Pin=R11-1
Added Pin To Net: NetName=NetR2_1 Pin=U3-6
Added Net: Name=NetR2_1
Added Pin To Net: NetName=NetR12_1 Pin=R12-1
Added Pin To Net: NetName=NetR12_1 Pin=R13-2
Added Net: Name=NetR12_1
Added Pin To Net: NetName=NetR13_1 Pin=R13-1
Added Pin To Net: NetName=NetR13_1 Pin=U4-2
Added Pin To Net: NetName=NetR13_1 Pin=U4-6
Added Net: Name=NetR13_1
Added Pin To Net: NetName=NetR14_1 Pin=R14-1
Added Pin To Net: NetName=NetR14_1 Pin=R15-2
Added Pin To Net: NetName=NetR14_1 Pin=U4-3
Added Net: Name=NetR14_1
Added Pin To Net: NetName=NetR16_2 Pin=R16-2
Added Pin To Net: NetName=NetR16_2 Pin=R17-1
Added Pin To Net: NetName=NetR16_2 Pin=U5-4
Added Net: Name=NetR16_2
Added Pin To Net: NetName=NetR19_2 Pin=R19-2
Added Pin To Net: NetName=NetR19_2 Pin=R20-1
Added Net: Name=NetR19_2
Added Pin To Net: NetName=NetR20_2 Pin=R20-2
Added Pin To Net: NetName=NetR20_2 Pin=R21-1
Added Net: Name=NetR20_2
Added Pin To Net: NetName=NetR23_1 Pin=R23-1
Added Pin To Net: NetName=NetR23_1 Pin=R24-2
Added Net: Name=NetR23_1
Added Pin To Net: NetName=NetR30_1 Pin=R30-1
Added Pin To Net: NetName=NetR30_1 Pin=R31-1
Added Net: Name=NetR30_1
Added Pin To Net: NetName=NetR31_2 Pin=R31-2
Added Pin To Net: NetName=NetR31_2 Pin=R32-2
Added Pin To Net: NetName=NetR31_2 Pin=U6-1
Added Net: Name=NetR31_2
Added Pin To Net: NetName=NetR35_1 Pin=R35-1
Added Pin To Net: NetName=NetR35_1 Pin=R37-2
Added Pin To Net: NetName=NetR35_1 Pin=U6-7
Added Net: Name=NetR35_1
Added Pin To Net: NetName=NetR36_1 Pin=R36-1
Added Pin To Net: NetName=NetR36_1 Pin=R38-2
Added Pin To Net: NetName=NetR36_1 Pin=U7-5
Added Net: Name=NetR36_1
Added Pin To Net: NetName=NetR40_1 Pin=R40-1
Added Pin To Net: NetName=NetR40_1 Pin=R46-1
Added Pin To Net: NetName=NetR40_1 Pin=R47-2
Added Pin To Net: NetName=NetR40_1 Pin=TP3-1
Added Pin To Net: NetName=NetR40_1 Pin=U8-7
Added Net: Name=NetR40_1
Added Pin To Net: NetName=NetR45_1 Pin=R45-1
Added Pin To Net: NetName=NetR45_1 Pin=R46-2
Added Net: Name=NetR45_1
Added Pin To Net: NetName=NetR45_2 Pin=R45-2
Added Pin To Net: NetName=NetR45_2 Pin=U9-8
Added Net: Name=NetR45_2
Added Pin To Net: NetName=NetR48_1 Pin=R48-1
Added Pin To Net: NetName=NetR48_1 Pin=U8-1
Added Net: Name=NetR48_1
Added Pin To Net: NetName=NetR48_2 Pin=R48-2
Added Pin To Net: NetName=NetR48_2 Pin=U8-2
Added Net: Name=NetR48_2
Added Pin To Net: NetName=NetR49_1 Pin=R49-1
Added Pin To Net: NetName=NetR49_1 Pin=R52-2
Added Pin To Net: NetName=NetR49_1 Pin=U8-16
Added Net: Name=NetR49_1
Added Pin To Net: NetName=NetR50_1 Pin=R50-1
Added Pin To Net: NetName=NetR50_1 Pin=R53-2
Added Pin To Net: NetName=NetR50_1 Pin=U9-1
Added Net: Name=NetR50_1
Added Pin To Net: NetName=NetR51_1 Pin=R51-1
Added Pin To Net: NetName=NetR51_1 Pin=R54-2
Added Pin To Net: NetName=NetR51_1 Pin=U9-2
Added Net: Name=NetR51_1
Added Pin To Net: NetName=OUT_N Pin=J2-8
Added Pin To Net: NetName=OUT_N Pin=U8-14
Added Net: Name=OUT_N
Added Pin To Net: NetName=OUT_P Pin=J2-7
Added Pin To Net: NetName=OUT_P Pin=U8-15
Added Net: Name=OUT_P
Added Pin To Net: NetName=PGA_CSn Pin=J2-18
Added Pin To Net: NetName=PGA_CSn Pin=R39-1
Added Pin To Net: NetName=PGA_CSn Pin=U8-9
Added Net: Name=PGA_CSn
Added Pin To Net: NetName=PGA_SCLK Pin=J2-16
Added Pin To Net: NetName=PGA_SCLK Pin=U8-11
Added Net: Name=PGA_SCLK
Added Pin To Net: NetName=PGA_SDIO Pin=J2-17
Added Pin To Net: NetName=PGA_SDIO Pin=U8-10
Added Net: Name=PGA_SDIO
Added Pin To Net: NetName=THERMn Pin=D3-1
Added Pin To Net: NetName=THERMn Pin=J2-24
Added Pin To Net: NetName=THERMn Pin=R28-1
Added Pin To Net: NetName=THERMn Pin=U5-1
Added Net: Name=THERMn
Added Pin To Net: NetName=TRIMDAC_SCL Pin=J2-20
Added Pin To Net: NetName=TRIMDAC_SCL Pin=Q4-3
Added Pin To Net: NetName=TRIMDAC_SCL Pin=R41-1
Added Net: Name=TRIMDAC_SCL
Added Pin To Net: NetName=TRIMDAC_SDA Pin=J2-19
Added Pin To Net: NetName=TRIMDAC_SDA Pin=Q5-3
Added Pin To Net: NetName=TRIMDAC_SDA Pin=R42-1
Added Net: Name=TRIMDAC_SDA
Added Pin To Net: NetName=VCM Pin=J2-10
Added Pin To Net: NetName=VCM Pin=U8-13
Added Net: Name=VCM
Added Member To Class: ClassName=Buffer Member=Component C13 CAP 1uF 25V X5R 0402
Added Member To Class: ClassName=Buffer Member=Component C14 1.2nF
Added Member To Class: ClassName=Buffer Member=Component C15 CAP 100nF 16V X7R 0402
Added Member To Class: ClassName=Buffer Member=Component C16 CAP 1uF 25V X5R 0402
Added Member To Class: ClassName=Input Coupling and Attenuation Member=Component R22 49.9
Added Member To Class: ClassName=Input Coupling and Attenuation Member=Component R25 RES 10K OHM 1% 1/10W 0402
Added Member To Class: ClassName=Main Member=Component R35 RES 499K OHM 1% 1/10W 0402
Added Member To Class: ClassName=Buffer Member=Component U3 OP07CDR
Added Member To Class: ClassName=Buffer Member=Component U4 OP07CDR
