Removed Member From Class: ClassName=Buffer Member=C18
Removed Member From Class: ClassName=Buffer Member=C20
Removed Member From Class: ClassName=Buffer Member=C22
Removed Member From Class: ClassName=Input Coupling and Attenuation Member=C28
Removed Member From Class: ClassName=Main Member=C32
Removed Member From Class: ClassName=Main Member=C33
Removed Member From Class: ClassName=Main Member=R23
Removed Member From Class: ClassName=Main Member=R26
Removed Member From Class: ClassName=PGA Member=R38
Removed Member From Class: ClassName=Main Member=TP3
Removed Member From Class: ClassName=Buffer Member=U5
Added Member To Class: ClassName=Buffer Member=Component C2 CAP 100nF 16V X7R 0402
Added Member To Class: ClassName=Buffer Member=Component C3 CAP 100nF 16V X7R 0402
Added Member To Class: ClassName=Buffer Member=Component C7 CAP 1nF 50V X7R 0402
Added Member To Class: ClassName=Buffer Member=Component C8 CAP 100nF 16V X7R 0402
Added Member To Class: ClassName=Buffer Member=Component C9 CAP 100nF 16V X7R 0402
Added Member To Class: ClassName=Buffer Member=Component C11 1.2nF
Added Member To Class: ClassName=Buffer Member=Component C12 CAP 1uF 25V X5R 0402
Added Member To Class: ClassName=Buffer Member=Component C13 CAP 1uF 25V X5R 0402
Added Member To Class: ClassName=Buffer Member=Component C15 CAP 100nF 16V X7R 0402
Added Member To Class: ClassName=Input Coupling and Attenuation Member=Component C17 CAP 100nF 16V X7R 0402
Added Member To Class: ClassName=Input Coupling and Attenuation Member=Component C19 CAP 8pF 250V C0G 0603
Added Member To Class: ClassName=Input Coupling and Attenuation Member=Component C21 CAP 390pF 50V C0G 0402
Added Member To Class: ClassName=Main Member=Component C24 CAP 2.2uF 10V X5R 0402
Added Member To Class: ClassName=Main Member=Component C25 CAP 2.2uF 10V X5R 0402
Added Member To Class: ClassName=Main Member=Component C27 CAP 10uF 10V X5R 0603
Added Member To Class: ClassName=Main Member=Component C29 CAP 2.2uF 10V X5R 0402
Added Member To Class: ClassName=Main Member=Component C30 CAP 1uF 25V X5R 0402
Added Member To Class: ClassName=PGA Member=Component C34 CAP 100nF 16V X7R 0402
Added Member To Class: ClassName=Buffer Member=Component R2 RES 1M OHM 1% 1/10W 0402
Added Member To Class: ClassName=Buffer Member=Component R4 RES 4.7K OHM 1% 1/10W 0402
Added Member To Class: ClassName=Buffer Member=Component R7 RES 100 OHM 1% 1/10W 0402
Added Member To Class: ClassName=Buffer Member=Component R8 RES 100 OHM 1% 1/10W 0402
Added Member To Class: ClassName=Buffer Member=Component R10 RES 499K OHM 1% 1/10W 0402
Added Member To Class: ClassName=Buffer Member=Component R11 RES 1M OHM 1% 1/10W 0402
Added Member To Class: ClassName=Input Coupling and Attenuation Member=Component R16 RES 390K OHM 1% 1/10W 0402
Added Member To Class: ClassName=Input Coupling and Attenuation Member=Component R18 RES 10K OHM 1% 1/10W 0402
Added Member To Class: ClassName=Input Coupling and Attenuation Member=Component R19 RES 300K OHM 1% 1/10W 0402
Added Member To Class: ClassName=Input Coupling and Attenuation Member=Component R20 RES 300K OHM 1% 1/10W 0402
Added Member To Class: ClassName=Input Coupling and Attenuation Member=Component R22 49.9
Added Member To Class: ClassName=Input Coupling and Attenuation Member=Component R24 RES 10K OHM 1% 1/10W 0402
Added Member To Class: ClassName=Input Coupling and Attenuation Member=Component R25 RES 10K OHM 1% 1/10W 0402
Added Member To Class: ClassName=Main Member=Component R27 RES 1K OHM 1% 1/10W 0402
Added Member To Class: ClassName=Main Member=Component R28 RES 10K OHM 1% 1/10W 0402
Added Member To Class: ClassName=Main Member=Component R29 0.1
Added Member To Class: ClassName=Main Member=Component R30 RES 300K OHM 1% 1/10W 0402
Added Member To Class: ClassName=Main Member=Component R31 RES 499K OHM 1% 1/10W 0402
Added Member To Class: ClassName=Main Member=Component R32 RES 100K OHM 1% 1/10W 0402
Added Member To Class: ClassName=Main Member=Component R33 0.1
Added Member To Class: ClassName=Main Member=Component R35 RES 499K OHM 1% 1/10W 0402
Added Member To Class: ClassName=Main Member=Component R36 RES 300K OHM 1% 1/10W 0402
Added Member To Class: ClassName=Main Member=Component R37 RES 100K OHM 1% 1/10W 0402
Added Member To Class: ClassName=PGA Member=Component R42 RES 10K OHM 1% 1/10W 0402
Added Member To Class: ClassName=PGA Member=Component R43 RES 10K OHM 1% 1/10W 0402
Added Member To Class: ClassName=PGA Member=Component R46 RES 100 OHM 1% 1/10W 0402
Added Member To Class: ClassName=PGA Member=Component R50 RES 10K OHM 1% 1/10W 0402
Added Member To Class: ClassName=PGA Member=Component R51 RES 10K OHM 1% 1/10W 0402
Added Member To Class: ClassName=Main Member=Component TP2 5019
Added Member To Class: ClassName=Buffer Member=Component U1 TS12A4516
Added Member To Class: ClassName=Buffer Member=Component U3 OP07CDR
Added Member To Class: ClassName=Main Member=Component U6 TLV75201
Added Member To Class: ClassName=PGA Member=Component U8 LMH6518
