
*** Running vivado
    with args -log design_1_axi_crossbar_0_1.vds -m64 -product Vivado -mode batch -messageDb vivado.pb -notrace -source design_1_axi_crossbar_0_1.tcl



****** Vivado v2020.1 (64-bit)
  **** SW Build 2902540 on Wed May 27 19:54:49 MDT 2020
  **** IP Build 2902112 on Wed May 27 22:43:36 MDT 2020
    ** Copyright 1986-2020 Xilinx, Inc. All Rights Reserved.

source design_1_axi_crossbar_0_1.tcl -notrace
Command: synth_design -top design_1_axi_crossbar_0_1 -part xc7a100tfgg484-2 -directive AreaOptimized_high -control_set_opt_threshold 1 -mode out_of_context
Starting synth_design
Attempting to get a license for feature 'Synthesis' and/or device 'xc7a100t'
INFO: [Common 17-349] Got license for feature 'Synthesis' and/or device 'xc7a100t'
INFO: [Device 21-403] Loading part xc7a100tfgg484-2
INFO: [Synth 8-7079] Multithreading enabled for synth_design using a maximum of 2 processes.
INFO: [Synth 8-7078] Launching helper process for spawning children vivado processes
INFO: [Synth 8-7075] Helper process launched with PID 5508
---------------------------------------------------------------------------------
Starting RTL Elaboration : Time (s): cpu = 00:00:05 ; elapsed = 00:00:06 . Memory (MB): peak = 1017.441 ; gain = 0.000
---------------------------------------------------------------------------------
INFO: [Synth 8-6157] synthesizing module 'design_1_axi_crossbar_0_1' [c:/Users/Aleksa/Documents/FPGA_Dev/Artix7_PCIe/DDR3_Optimization/dso_top/dso_top.srcs/sources_1/bd/design_1/ip/design_1_axi_crossbar_0_1/synth/design_1_axi_crossbar_0_1.v:59]
INFO: [Synth 8-6157] synthesizing module 'axi_crossbar_v2_1_22_axi_crossbar' [c:/Users/Aleksa/Documents/FPGA_Dev/Artix7_PCIe/DDR3_Optimization/dso_top/dso_top.srcs/sources_1/bd/design_1/ipshared/b68e/hdl/axi_crossbar_v2_1_vl_rfs.v:4884]
	Parameter C_FAMILY bound to: artix7 - type: string 
	Parameter C_NUM_SLAVE_SLOTS bound to: 2 - type: integer 
	Parameter C_NUM_MASTER_SLOTS bound to: 1 - type: integer 
	Parameter C_AXI_ID_WIDTH bound to: 1 - type: integer 
	Parameter C_AXI_ADDR_WIDTH bound to: 32 - type: integer 
	Parameter C_AXI_DATA_WIDTH bound to: 256 - type: integer 
	Parameter C_AXI_PROTOCOL bound to: 0 - type: integer 
	Parameter C_NUM_ADDR_RANGES bound to: 1 - type: integer 
	Parameter C_M_AXI_BASE_ADDR bound to: 64'b0000000000000000000000000000000000000000000000000000000000000000 
	Parameter C_M_AXI_ADDR_WIDTH bound to: 29 - type: integer 
	Parameter C_S_AXI_BASE_ID bound to: 64'b0000000000000000000000000000000100000000000000000000000000000000 
	Parameter C_S_AXI_THREAD_ID_WIDTH bound to: 64'b0000000000000000000000000000000000000000000000000000000000000000 
	Parameter C_AXI_SUPPORTS_USER_SIGNALS bound to: 1 - type: integer 
	Parameter C_AXI_AWUSER_WIDTH bound to: 4 - type: integer 
	Parameter C_AXI_ARUSER_WIDTH bound to: 1 - type: integer 
	Parameter C_AXI_WUSER_WIDTH bound to: 1 - type: integer 
	Parameter C_AXI_RUSER_WIDTH bound to: 1 - type: integer 
	Parameter C_AXI_BUSER_WIDTH bound to: 1 - type: integer 
	Parameter C_M_AXI_WRITE_CONNECTIVITY bound to: 2 - type: integer 
	Parameter C_M_AXI_READ_CONNECTIVITY bound to: 1 - type: integer 
	Parameter C_R_REGISTER bound to: 0 - type: integer 
	Parameter C_S_AXI_SINGLE_THREAD bound to: 64'b0000000000000000000000000000000000000000000000000000000000000000 
	Parameter C_S_AXI_WRITE_ACCEPTANCE bound to: 64'b0000000000000000000000000000001000000000000000000000000000000010 
	Parameter C_S_AXI_READ_ACCEPTANCE bound to: 64'b0000000000000000000000000000001000000000000000000000000000000010 
	Parameter C_M_AXI_WRITE_ISSUING bound to: 8 - type: integer 
	Parameter C_M_AXI_READ_ISSUING bound to: 8 - type: integer 
	Parameter C_S_AXI_ARB_PRIORITY bound to: 64'b0000000000000000000000000000000000000000000000000000000000000000 
	Parameter C_M_AXI_SECURE bound to: 0 - type: integer 
	Parameter C_CONNECTIVITY_MODE bound to: 1 - type: integer 
	Parameter P_ONES bound to: 65'b11111111111111111111111111111111111111111111111111111111111111111 
	Parameter P_S_AXI_BASE_ID bound to: 128'b00000000000000000000000000000000000000000000000000000000000000010000000000000000000000000000000000000000000000000000000000000000 
	Parameter P_S_AXI_HIGH_ID bound to: 128'b00000000000000000000000000000000000000000000000000000000000000010000000000000000000000000000000000000000000000000000000000000000 
	Parameter P_AXI4 bound to: 0 - type: integer 
	Parameter P_AXI3 bound to: 1 - type: integer 
	Parameter P_AXILITE bound to: 2 - type: integer 
	Parameter P_AXILITE_SIZE bound to: 3'b010 
	Parameter P_INCR bound to: 2'b01 
	Parameter P_M_AXI_SUPPORTS_WRITE bound to: 1'b1 
	Parameter P_M_AXI_SUPPORTS_READ bound to: 1'b1 
	Parameter P_S_AXI_SUPPORTS_WRITE bound to: 2'b10 
	Parameter P_S_AXI_SUPPORTS_READ bound to: 2'b01 
	Parameter C_DEBUG bound to: 1 - type: integer 
	Parameter P_RANGE_CHECK bound to: 1 - type: integer 
	Parameter P_ADDR_DECODE bound to: 1 - type: integer 
	Parameter P_M_AXI_ERR_MODE bound to: 32'b00000000000000000000000000000000 
	Parameter P_LEN bound to: 8 - type: integer 
	Parameter P_LOCK bound to: 1 - type: integer 
	Parameter P_FAMILY bound to: artix7 - type: string 
INFO: [Synth 8-6157] synthesizing module 'axi_crossbar_v2_1_22_crossbar' [c:/Users/Aleksa/Documents/FPGA_Dev/Artix7_PCIe/DDR3_Optimization/dso_top/dso_top.srcs/sources_1/bd/design_1/ipshared/b68e/hdl/axi_crossbar_v2_1_vl_rfs.v:2239]
	Parameter C_FAMILY bound to: artix7 - type: string 
	Parameter C_NUM_SLAVE_SLOTS bound to: 2 - type: integer 
	Parameter C_NUM_MASTER_SLOTS bound to: 1 - type: integer 
	Parameter C_NUM_ADDR_RANGES bound to: 1 - type: integer 
	Parameter C_AXI_ID_WIDTH bound to: 1 - type: integer 
	Parameter C_AXI_ADDR_WIDTH bound to: 32 - type: integer 
	Parameter C_AXI_DATA_WIDTH bound to: 256 - type: integer 
	Parameter C_AXI_PROTOCOL bound to: 0 - type: integer 
	Parameter C_M_AXI_BASE_ADDR bound to: 64'b0000000000000000000000000000000000000000000000000000000000000000 
	Parameter C_M_AXI_HIGH_ADDR bound to: 64'b0000000000000000000000000000000000011111111111111111111111111111 
	Parameter C_S_AXI_BASE_ID bound to: 128'b00000000000000000000000000000000000000000000000000000000000000010000000000000000000000000000000000000000000000000000000000000000 
	Parameter C_S_AXI_HIGH_ID bound to: 128'b00000000000000000000000000000000000000000000000000000000000000010000000000000000000000000000000000000000000000000000000000000000 
	Parameter C_S_AXI_THREAD_ID_WIDTH bound to: 64'b0000000000000000000000000000000000000000000000000000000000000000 
	Parameter C_AXI_SUPPORTS_USER_SIGNALS bound to: 1 - type: integer 
	Parameter C_AXI_AWUSER_WIDTH bound to: 4 - type: integer 
	Parameter C_AXI_ARUSER_WIDTH bound to: 1 - type: integer 
	Parameter C_AXI_WUSER_WIDTH bound to: 1 - type: integer 
	Parameter C_AXI_RUSER_WIDTH bound to: 1 - type: integer 
	Parameter C_AXI_BUSER_WIDTH bound to: 1 - type: integer 
	Parameter C_S_AXI_SUPPORTS_WRITE bound to: 2'b10 
	Parameter C_S_AXI_SUPPORTS_READ bound to: 2'b01 
	Parameter C_M_AXI_SUPPORTS_WRITE bound to: 1'b1 
	Parameter C_M_AXI_SUPPORTS_READ bound to: 1'b1 
	Parameter C_M_AXI_WRITE_CONNECTIVITY bound to: 2 - type: integer 
	Parameter C_M_AXI_READ_CONNECTIVITY bound to: 1 - type: integer 
	Parameter C_S_AXI_SINGLE_THREAD bound to: 64'b0000000000000000000000000000000000000000000000000000000000000000 
	Parameter C_S_AXI_WRITE_ACCEPTANCE bound to: 64'b0000000000000000000000000000001000000000000000000000000000000010 
	Parameter C_S_AXI_READ_ACCEPTANCE bound to: 64'b0000000000000000000000000000001000000000000000000000000000000010 
	Parameter C_M_AXI_WRITE_ISSUING bound to: 8 - type: integer 
	Parameter C_M_AXI_READ_ISSUING bound to: 8 - type: integer 
	Parameter C_S_AXI_ARB_PRIORITY bound to: 64'b0000000000000000000000000000000000000000000000000000000000000000 
	Parameter C_M_AXI_SECURE bound to: 0 - type: integer 
	Parameter C_M_AXI_ERR_MODE bound to: 32'b00000000000000000000000000000000 
	Parameter C_RANGE_CHECK bound to: 1 - type: integer 
	Parameter C_ADDR_DECODE bound to: 1 - type: integer 
	Parameter C_W_ISSUE_WIDTH bound to: 64'b0000000000000000000000000000000000000000000000000000000000000011 
	Parameter C_R_ISSUE_WIDTH bound to: 64'b0000000000000000000000000000000000000000000000000000000000000011 
	Parameter C_W_ACCEPT_WIDTH bound to: 64'b0000000000000000000000000000000100000000000000000000000000000001 
	Parameter C_R_ACCEPT_WIDTH bound to: 64'b0000000000000000000000000000000100000000000000000000000000000001 
	Parameter C_DEBUG bound to: 1 - type: integer 
	Parameter P_AXI4 bound to: 0 - type: integer 
	Parameter P_AXI3 bound to: 1 - type: integer 
	Parameter P_AXILITE bound to: 2 - type: integer 
	Parameter P_WRITE bound to: 0 - type: integer 
	Parameter P_READ bound to: 1 - type: integer 
	Parameter P_NUM_MASTER_SLOTS_LOG bound to: 0 - type: integer 
	Parameter P_NUM_SLAVE_SLOTS_LOG bound to: 1 - type: integer 
	Parameter P_AXI_WID_WIDTH bound to: 1 - type: integer 
	Parameter P_ST_AWMESG_WIDTH bound to: 14 - type: integer 
	Parameter P_AA_AWMESG_WIDTH bound to: 67 - type: integer 
	Parameter P_ST_ARMESG_WIDTH bound to: 11 - type: integer 
	Parameter P_AA_ARMESG_WIDTH bound to: 64 - type: integer 
	Parameter P_ST_BMESG_WIDTH bound to: 3 - type: integer 
	Parameter P_ST_RMESG_WIDTH bound to: 259 - type: integer 
	Parameter P_WR_WMESG_WIDTH bound to: 290 - type: integer 
	Parameter P_BYPASS bound to: 0 - type: integer 
	Parameter P_FWD_REV bound to: 1 - type: integer 
	Parameter P_SIMPLE bound to: 7 - type: integer 
	Parameter P_M_AXI_SUPPORTS_READ bound to: 2'b11 
	Parameter P_M_AXI_SUPPORTS_WRITE bound to: 2'b11 
	Parameter P_M_AXI_WRITE_CONNECTIVITY bound to: 64'b1111111111111111111111111111111100000000000000000000000000000010 
	Parameter P_M_AXI_READ_CONNECTIVITY bound to: 64'b1111111111111111111111111111111100000000000000000000000000000001 
	Parameter P_S_AXI_WRITE_CONNECTIVITY bound to: 64'b1111111111111111111111111111111111111111111111111111111111111110 
	Parameter P_S_AXI_READ_CONNECTIVITY bound to: 64'b1111111111111111111111111111111011111111111111111111111111111111 
	Parameter P_M_AXI_READ_ISSUING bound to: 64'b0000000000000000000000000000000100000000000000000000000000001000 
	Parameter P_M_AXI_WRITE_ISSUING bound to: 64'b0000000000000000000000000000000100000000000000000000000000001000 
	Parameter P_DECERR bound to: 2'b11 
INFO: [Synth 8-6157] synthesizing module 'axi_crossbar_v2_1_22_si_transactor' [c:/Users/Aleksa/Documents/FPGA_Dev/Artix7_PCIe/DDR3_Optimization/dso_top/dso_top.srcs/sources_1/bd/design_1/ipshared/b68e/hdl/axi_crossbar_v2_1_vl_rfs.v:3800]
	Parameter C_FAMILY bound to: artix7 - type: string 
	Parameter C_SI bound to: 0 - type: integer 
	Parameter C_DIR bound to: 1 - type: integer 
	Parameter C_NUM_ADDR_RANGES bound to: 1 - type: integer 
	Parameter C_NUM_M bound to: 1 - type: integer 
	Parameter C_NUM_M_LOG bound to: 0 - type: integer 
	Parameter C_ACCEPTANCE bound to: 2 - type: integer 
	Parameter C_ACCEPTANCE_LOG bound to: 1 - type: integer 
	Parameter C_ID_WIDTH bound to: 1 - type: integer 
	Parameter C_THREAD_ID_WIDTH bound to: 0 - type: integer 
	Parameter C_ADDR_WIDTH bound to: 32 - type: integer 
	Parameter C_AMESG_WIDTH bound to: 11 - type: integer 
	Parameter C_RMESG_WIDTH bound to: 259 - type: integer 
	Parameter C_BASE_ID bound to: 1'b0 
	Parameter C_HIGH_ID bound to: 1'b0 
	Parameter C_BASE_ADDR bound to: 64'b0000000000000000000000000000000000000000000000000000000000000000 
	Parameter C_HIGH_ADDR bound to: 64'b0000000000000000000000000000000000011111111111111111111111111111 
	Parameter C_SINGLE_THREAD bound to: 0 - type: integer 
	Parameter C_TARGET_QUAL bound to: 1'b1 
	Parameter C_M_AXI_SECURE bound to: 0 - type: integer 
	Parameter C_RANGE_CHECK bound to: 1 - type: integer 
	Parameter C_ADDR_DECODE bound to: 1 - type: integer 
	Parameter C_ERR_MODE bound to: 32'b00000000000000000000000000000000 
	Parameter C_DEBUG bound to: 1 - type: integer 
	Parameter P_WRITE bound to: 0 - type: integer 
	Parameter P_READ bound to: 1 - type: integer 
	Parameter P_RMUX_MESG_WIDTH bound to: 261 - type: integer 
	Parameter P_AXILITE_ERRMODE bound to: 1 - type: integer 
	Parameter P_NONSECURE_BIT bound to: 1 - type: integer 
	Parameter P_NUM_M_LOG_M1 bound to: 1 - type: integer 
	Parameter P_M_AXILITE bound to: 1'b0 
	Parameter P_FIXED bound to: 2'b00 
	Parameter P_NUM_M_DE_LOG bound to: 1 - type: integer 
	Parameter P_THREAD_ID_WIDTH_M1 bound to: 1 - type: integer 
	Parameter P_NUM_ID_VAL bound to: 1 - type: integer 
	Parameter P_NUM_THREADS bound to: 1 - type: integer 
	Parameter P_M_SECURE_MASK bound to: 1'b0 
INFO: [Synth 8-6157] synthesizing module 'axi_crossbar_v2_1_22_addr_decoder' [c:/Users/Aleksa/Documents/FPGA_Dev/Artix7_PCIe/DDR3_Optimization/dso_top/dso_top.srcs/sources_1/bd/design_1/ipshared/b68e/hdl/axi_crossbar_v2_1_vl_rfs.v:794]
	Parameter C_FAMILY bound to: artix7 - type: string 
	Parameter C_NUM_TARGETS bound to: 1 - type: integer 
	Parameter C_NUM_TARGETS_LOG bound to: 1 - type: integer 
	Parameter C_NUM_RANGES bound to: 1 - type: integer 
	Parameter C_ADDR_WIDTH bound to: 32 - type: integer 
	Parameter C_TARGET_ENC bound to: 1 - type: integer 
	Parameter C_TARGET_HOT bound to: 1 - type: integer 
	Parameter C_REGION_ENC bound to: 1 - type: integer 
	Parameter C_BASE_ADDR bound to: 64'b0000000000000000000000000000000000000000000000000000000000000000 
	Parameter C_HIGH_ADDR bound to: 64'b0000000000000000000000000000000000011111111111111111111111111111 
	Parameter C_TARGET_QUAL bound to: 2'b01 
	Parameter C_RESOLUTION bound to: 2 - type: integer 
	Parameter C_COMPARATOR_THRESHOLD bound to: 6 - type: integer 
INFO: [Synth 8-6157] synthesizing module 'generic_baseblocks_v2_1_0_comparator_static' [c:/Users/Aleksa/Documents/FPGA_Dev/Artix7_PCIe/DDR3_Optimization/dso_top/dso_top.srcs/sources_1/bd/design_1/ipshared/b752/hdl/generic_baseblocks_v2_1_vl_rfs.v:2133]
	Parameter C_FAMILY bound to: rtl - type: string 
	Parameter C_VALUE bound to: 30'b000000000000000000000000000000 
	Parameter C_DATA_WIDTH bound to: 30 - type: integer 
	Parameter C_BITS_PER_LUT bound to: 6 - type: integer 
	Parameter C_NUM_LUT bound to: 5 - type: integer 
	Parameter C_FIX_DATA_WIDTH bound to: 30 - type: integer 
INFO: [Synth 8-6157] synthesizing module 'generic_baseblocks_v2_1_0_carry_and' [c:/Users/Aleksa/Documents/FPGA_Dev/Artix7_PCIe/DDR3_Optimization/dso_top/dso_top.srcs/sources_1/bd/design_1/ipshared/b752/hdl/generic_baseblocks_v2_1_vl_rfs.v:62]
	Parameter C_FAMILY bound to: rtl - type: string 
INFO: [Synth 8-6155] done synthesizing module 'generic_baseblocks_v2_1_0_carry_and' (1#1) [c:/Users/Aleksa/Documents/FPGA_Dev/Artix7_PCIe/DDR3_Optimization/dso_top/dso_top.srcs/sources_1/bd/design_1/ipshared/b752/hdl/generic_baseblocks_v2_1_vl_rfs.v:62]
INFO: [Synth 8-6155] done synthesizing module 'generic_baseblocks_v2_1_0_comparator_static' (2#1) [c:/Users/Aleksa/Documents/FPGA_Dev/Artix7_PCIe/DDR3_Optimization/dso_top/dso_top.srcs/sources_1/bd/design_1/ipshared/b752/hdl/generic_baseblocks_v2_1_vl_rfs.v:2133]
INFO: [Synth 8-6155] done synthesizing module 'axi_crossbar_v2_1_22_addr_decoder' (3#1) [c:/Users/Aleksa/Documents/FPGA_Dev/Artix7_PCIe/DDR3_Optimization/dso_top/dso_top.srcs/sources_1/bd/design_1/ipshared/b68e/hdl/axi_crossbar_v2_1_vl_rfs.v:794]
INFO: [Synth 8-6157] synthesizing module 'axi_data_fifo_v2_1_20_axic_srl_fifo' [c:/Users/Aleksa/Documents/FPGA_Dev/Artix7_PCIe/DDR3_Optimization/dso_top/dso_top.srcs/sources_1/bd/design_1/ipshared/47c9/hdl/axi_data_fifo_v2_1_vl_rfs.v:698]
	Parameter C_FAMILY bound to: artix7 - type: string 
	Parameter C_FIFO_WIDTH bound to: 8 - type: integer 
	Parameter C_MAX_CTRL_FANOUT bound to: 33 - type: integer 
	Parameter C_FIFO_DEPTH_LOG bound to: 2 - type: integer 
	Parameter C_USE_FULL bound to: 0 - type: integer 
	Parameter P_FIFO_DEPTH_LOG bound to: 2 - type: integer 
	Parameter P_EMPTY bound to: 2'b11 
	Parameter P_ALMOSTEMPTY bound to: 2'b00 
	Parameter P_ALMOSTFULL_TEMP bound to: 3'b110 
	Parameter P_ALMOSTFULL bound to: 2'b10 
	Parameter P_NUM_REPS bound to: 1 - type: integer 
INFO: [Synth 8-6157] synthesizing module 'axi_data_fifo_v2_1_20_ndeep_srl' [c:/Users/Aleksa/Documents/FPGA_Dev/Artix7_PCIe/DDR3_Optimization/dso_top/dso_top.srcs/sources_1/bd/design_1/ipshared/47c9/hdl/axi_data_fifo_v2_1_vl_rfs.v:1135]
	Parameter C_FAMILY bound to: artix7 - type: string 
	Parameter C_A_WIDTH bound to: 2 - type: integer 
	Parameter P_SRLASIZE bound to: 5 - type: integer 
	Parameter P_SRLDEPTH bound to: 32 - type: integer 
	Parameter P_NUMSRLS bound to: 1 - type: integer 
	Parameter P_SHIFT_DEPTH bound to: 4 - type: integer 
INFO: [Synth 8-6157] synthesizing module 'SRLC32E' [C:/Xilinx/Vivado/2020.1/scripts/rt/data/unisim_comp.v:78209]
	Parameter INIT bound to: 32'b00000000000000000000000000000000 
	Parameter IS_CLK_INVERTED bound to: 1'b0 
INFO: [Synth 8-6155] done synthesizing module 'SRLC32E' (4#1) [C:/Xilinx/Vivado/2020.1/scripts/rt/data/unisim_comp.v:78209]
INFO: [Synth 8-6155] done synthesizing module 'axi_data_fifo_v2_1_20_ndeep_srl' (5#1) [c:/Users/Aleksa/Documents/FPGA_Dev/Artix7_PCIe/DDR3_Optimization/dso_top/dso_top.srcs/sources_1/bd/design_1/ipshared/47c9/hdl/axi_data_fifo_v2_1_vl_rfs.v:1135]
INFO: [Synth 8-6155] done synthesizing module 'axi_data_fifo_v2_1_20_axic_srl_fifo' (6#1) [c:/Users/Aleksa/Documents/FPGA_Dev/Artix7_PCIe/DDR3_Optimization/dso_top/dso_top.srcs/sources_1/bd/design_1/ipshared/47c9/hdl/axi_data_fifo_v2_1_vl_rfs.v:698]
INFO: [Synth 8-6157] synthesizing module 'generic_baseblocks_v2_1_0_mux_enc' [c:/Users/Aleksa/Documents/FPGA_Dev/Artix7_PCIe/DDR3_Optimization/dso_top/dso_top.srcs/sources_1/bd/design_1/ipshared/b752/hdl/generic_baseblocks_v2_1_vl_rfs.v:2452]
	Parameter C_FAMILY bound to: artix7 - type: string 
	Parameter C_RATIO bound to: 2 - type: integer 
	Parameter C_SEL_WIDTH bound to: 1 - type: integer 
	Parameter C_DATA_WIDTH bound to: 261 - type: integer 
INFO: [Synth 8-6155] done synthesizing module 'generic_baseblocks_v2_1_0_mux_enc' (7#1) [c:/Users/Aleksa/Documents/FPGA_Dev/Artix7_PCIe/DDR3_Optimization/dso_top/dso_top.srcs/sources_1/bd/design_1/ipshared/b752/hdl/generic_baseblocks_v2_1_vl_rfs.v:2452]
INFO: [Synth 8-6155] done synthesizing module 'axi_crossbar_v2_1_22_si_transactor' (8#1) [c:/Users/Aleksa/Documents/FPGA_Dev/Artix7_PCIe/DDR3_Optimization/dso_top/dso_top.srcs/sources_1/bd/design_1/ipshared/b68e/hdl/axi_crossbar_v2_1_vl_rfs.v:3800]
INFO: [Synth 8-6157] synthesizing module 'axi_crossbar_v2_1_22_si_transactor__parameterized0' [c:/Users/Aleksa/Documents/FPGA_Dev/Artix7_PCIe/DDR3_Optimization/dso_top/dso_top.srcs/sources_1/bd/design_1/ipshared/b68e/hdl/axi_crossbar_v2_1_vl_rfs.v:3800]
	Parameter C_FAMILY bound to: artix7 - type: string 
	Parameter C_SI bound to: 1 - type: integer 
	Parameter C_DIR bound to: 0 - type: integer 
	Parameter C_NUM_ADDR_RANGES bound to: 1 - type: integer 
	Parameter C_NUM_M bound to: 1 - type: integer 
	Parameter C_NUM_M_LOG bound to: 0 - type: integer 
	Parameter C_ACCEPTANCE bound to: 2 - type: integer 
	Parameter C_ACCEPTANCE_LOG bound to: 1 - type: integer 
	Parameter C_ID_WIDTH bound to: 1 - type: integer 
	Parameter C_THREAD_ID_WIDTH bound to: 0 - type: integer 
	Parameter C_ADDR_WIDTH bound to: 32 - type: integer 
	Parameter C_AMESG_WIDTH bound to: 14 - type: integer 
	Parameter C_RMESG_WIDTH bound to: 3 - type: integer 
	Parameter C_BASE_ID bound to: 1'b1 
	Parameter C_HIGH_ID bound to: 1'b1 
	Parameter C_BASE_ADDR bound to: 64'b0000000000000000000000000000000000000000000000000000000000000000 
	Parameter C_HIGH_ADDR bound to: 64'b0000000000000000000000000000000000011111111111111111111111111111 
	Parameter C_SINGLE_THREAD bound to: 0 - type: integer 
	Parameter C_TARGET_QUAL bound to: 1'b1 
	Parameter C_M_AXI_SECURE bound to: 0 - type: integer 
	Parameter C_RANGE_CHECK bound to: 1 - type: integer 
	Parameter C_ADDR_DECODE bound to: 1 - type: integer 
	Parameter C_ERR_MODE bound to: 32'b00000000000000000000000000000000 
	Parameter C_DEBUG bound to: 1 - type: integer 
	Parameter P_WRITE bound to: 0 - type: integer 
	Parameter P_READ bound to: 1 - type: integer 
	Parameter P_RMUX_MESG_WIDTH bound to: 5 - type: integer 
	Parameter P_AXILITE_ERRMODE bound to: 1 - type: integer 
	Parameter P_NONSECURE_BIT bound to: 1 - type: integer 
	Parameter P_NUM_M_LOG_M1 bound to: 1 - type: integer 
	Parameter P_M_AXILITE bound to: 1'b0 
	Parameter P_FIXED bound to: 2'b00 
	Parameter P_NUM_M_DE_LOG bound to: 1 - type: integer 
	Parameter P_THREAD_ID_WIDTH_M1 bound to: 1 - type: integer 
	Parameter P_NUM_ID_VAL bound to: 1 - type: integer 
	Parameter P_NUM_THREADS bound to: 1 - type: integer 
	Parameter P_M_SECURE_MASK bound to: 1'b0 
INFO: [Synth 8-6157] synthesizing module 'generic_baseblocks_v2_1_0_mux_enc__parameterized0' [c:/Users/Aleksa/Documents/FPGA_Dev/Artix7_PCIe/DDR3_Optimization/dso_top/dso_top.srcs/sources_1/bd/design_1/ipshared/b752/hdl/generic_baseblocks_v2_1_vl_rfs.v:2452]
	Parameter C_FAMILY bound to: artix7 - type: string 
	Parameter C_RATIO bound to: 2 - type: integer 
	Parameter C_SEL_WIDTH bound to: 1 - type: integer 
	Parameter C_DATA_WIDTH bound to: 5 - type: integer 
INFO: [Synth 8-6155] done synthesizing module 'generic_baseblocks_v2_1_0_mux_enc__parameterized0' (8#1) [c:/Users/Aleksa/Documents/FPGA_Dev/Artix7_PCIe/DDR3_Optimization/dso_top/dso_top.srcs/sources_1/bd/design_1/ipshared/b752/hdl/generic_baseblocks_v2_1_vl_rfs.v:2452]
INFO: [Synth 8-6155] done synthesizing module 'axi_crossbar_v2_1_22_si_transactor__parameterized0' (8#1) [c:/Users/Aleksa/Documents/FPGA_Dev/Artix7_PCIe/DDR3_Optimization/dso_top/dso_top.srcs/sources_1/bd/design_1/ipshared/b68e/hdl/axi_crossbar_v2_1_vl_rfs.v:3800]
INFO: [Synth 8-6157] synthesizing module 'axi_crossbar_v2_1_22_splitter' [c:/Users/Aleksa/Documents/FPGA_Dev/Artix7_PCIe/DDR3_Optimization/dso_top/dso_top.srcs/sources_1/bd/design_1/ipshared/b68e/hdl/axi_crossbar_v2_1_vl_rfs.v:4461]
	Parameter C_NUM_M bound to: 2 - type: integer 
INFO: [Synth 8-6155] done synthesizing module 'axi_crossbar_v2_1_22_splitter' (9#1) [c:/Users/Aleksa/Documents/FPGA_Dev/Artix7_PCIe/DDR3_Optimization/dso_top/dso_top.srcs/sources_1/bd/design_1/ipshared/b68e/hdl/axi_crossbar_v2_1_vl_rfs.v:4461]
INFO: [Synth 8-6157] synthesizing module 'axi_crossbar_v2_1_22_wdata_router' [c:/Users/Aleksa/Documents/FPGA_Dev/Artix7_PCIe/DDR3_Optimization/dso_top/dso_top.srcs/sources_1/bd/design_1/ipshared/b68e/hdl/axi_crossbar_v2_1_vl_rfs.v:4736]
	Parameter C_FAMILY bound to: artix7 - type: string 
	Parameter C_WMESG_WIDTH bound to: 290 - type: integer 
	Parameter C_NUM_MASTER_SLOTS bound to: 2 - type: integer 
	Parameter C_SELECT_WIDTH bound to: 1 - type: integer 
	Parameter C_FIFO_DEPTH_LOG bound to: 1 - type: integer 
	Parameter P_FIFO_DEPTH_LOG bound to: 1 - type: integer 
INFO: [Synth 8-6157] synthesizing module 'axi_data_fifo_v2_1_20_axic_reg_srl_fifo' [c:/Users/Aleksa/Documents/FPGA_Dev/Artix7_PCIe/DDR3_Optimization/dso_top/dso_top.srcs/sources_1/bd/design_1/ipshared/47c9/hdl/axi_data_fifo_v2_1_vl_rfs.v:889]
	Parameter C_FAMILY bound to: artix7 - type: string 
	Parameter C_FIFO_WIDTH bound to: 1 - type: integer 
	Parameter C_MAX_CTRL_FANOUT bound to: 33 - type: integer 
	Parameter C_FIFO_DEPTH_LOG bound to: 1 - type: integer 
	Parameter C_USE_FULL bound to: 1 - type: integer 
	Parameter P_FIFO_DEPTH_LOG bound to: 2 - type: integer 
	Parameter P_EMPTY bound to: 2'b11 
	Parameter P_ALMOSTEMPTY bound to: 2'b00 
	Parameter P_ALMOSTFULL_TEMP bound to: 3'b110 
	Parameter P_ALMOSTFULL bound to: 2'b10 
	Parameter P_NUM_REPS bound to: 1 - type: integer 
	Parameter ZERO bound to: 2'b10 
	Parameter ONE bound to: 2'b11 
	Parameter TWO bound to: 2'b01 
INFO: [Synth 8-155] case statement is not full and has no default [c:/Users/Aleksa/Documents/FPGA_Dev/Artix7_PCIe/DDR3_Optimization/dso_top/dso_top.srcs/sources_1/bd/design_1/ipshared/47c9/hdl/axi_data_fifo_v2_1_vl_rfs.v:986]
INFO: [Synth 8-6155] done synthesizing module 'axi_data_fifo_v2_1_20_axic_reg_srl_fifo' (10#1) [c:/Users/Aleksa/Documents/FPGA_Dev/Artix7_PCIe/DDR3_Optimization/dso_top/dso_top.srcs/sources_1/bd/design_1/ipshared/47c9/hdl/axi_data_fifo_v2_1_vl_rfs.v:889]
INFO: [Synth 8-6155] done synthesizing module 'axi_crossbar_v2_1_22_wdata_router' (11#1) [c:/Users/Aleksa/Documents/FPGA_Dev/Artix7_PCIe/DDR3_Optimization/dso_top/dso_top.srcs/sources_1/bd/design_1/ipshared/b68e/hdl/axi_crossbar_v2_1_vl_rfs.v:4736]
INFO: [Synth 8-6157] synthesizing module 'axi_crossbar_v2_1_22_addr_decoder__parameterized0' [c:/Users/Aleksa/Documents/FPGA_Dev/Artix7_PCIe/DDR3_Optimization/dso_top/dso_top.srcs/sources_1/bd/design_1/ipshared/b68e/hdl/axi_crossbar_v2_1_vl_rfs.v:794]
	Parameter C_FAMILY bound to: artix7 - type: string 
	Parameter C_NUM_TARGETS bound to: 2 - type: integer 
	Parameter C_NUM_TARGETS_LOG bound to: 1 - type: integer 
	Parameter C_NUM_RANGES bound to: 1 - type: integer 
	Parameter C_ADDR_WIDTH bound to: 1 - type: integer 
	Parameter C_TARGET_ENC bound to: 1 - type: integer 
	Parameter C_TARGET_HOT bound to: 1 - type: integer 
	Parameter C_REGION_ENC bound to: 0 - type: integer 
	Parameter C_BASE_ADDR bound to: 128'b00000000000000000000000000000000000000000000000000000000000000010000000000000000000000000000000000000000000000000000000000000000 
	Parameter C_HIGH_ADDR bound to: 128'b00000000000000000000000000000000000000000000000000000000000000010000000000000000000000000000000000000000000000000000000000000000 
	Parameter C_TARGET_QUAL bound to: 3'b001 
	Parameter C_RESOLUTION bound to: 0 - type: integer 
	Parameter C_COMPARATOR_THRESHOLD bound to: 6 - type: integer 
INFO: [Synth 8-6155] done synthesizing module 'axi_crossbar_v2_1_22_addr_decoder__parameterized0' (11#1) [c:/Users/Aleksa/Documents/FPGA_Dev/Artix7_PCIe/DDR3_Optimization/dso_top/dso_top.srcs/sources_1/bd/design_1/ipshared/b68e/hdl/axi_crossbar_v2_1_vl_rfs.v:794]
INFO: [Synth 8-6157] synthesizing module 'axi_crossbar_v2_1_22_addr_decoder__parameterized1' [c:/Users/Aleksa/Documents/FPGA_Dev/Artix7_PCIe/DDR3_Optimization/dso_top/dso_top.srcs/sources_1/bd/design_1/ipshared/b68e/hdl/axi_crossbar_v2_1_vl_rfs.v:794]
	Parameter C_FAMILY bound to: artix7 - type: string 
	Parameter C_NUM_TARGETS bound to: 2 - type: integer 
	Parameter C_NUM_TARGETS_LOG bound to: 1 - type: integer 
	Parameter C_NUM_RANGES bound to: 1 - type: integer 
	Parameter C_ADDR_WIDTH bound to: 1 - type: integer 
	Parameter C_TARGET_ENC bound to: 1 - type: integer 
	Parameter C_TARGET_HOT bound to: 1 - type: integer 
	Parameter C_REGION_ENC bound to: 0 - type: integer 
	Parameter C_BASE_ADDR bound to: 128'b00000000000000000000000000000000000000000000000000000000000000010000000000000000000000000000000000000000000000000000000000000000 
	Parameter C_HIGH_ADDR bound to: 128'b00000000000000000000000000000000000000000000000000000000000000010000000000000000000000000000000000000000000000000000000000000000 
	Parameter C_TARGET_QUAL bound to: 3'b010 
	Parameter C_RESOLUTION bound to: 0 - type: integer 
	Parameter C_COMPARATOR_THRESHOLD bound to: 6 - type: integer 
INFO: [Synth 8-6155] done synthesizing module 'axi_crossbar_v2_1_22_addr_decoder__parameterized1' (11#1) [c:/Users/Aleksa/Documents/FPGA_Dev/Artix7_PCIe/DDR3_Optimization/dso_top/dso_top.srcs/sources_1/bd/design_1/ipshared/b68e/hdl/axi_crossbar_v2_1_vl_rfs.v:794]
INFO: [Synth 8-6157] synthesizing module 'axi_data_fifo_v2_1_20_axic_srl_fifo__parameterized0' [c:/Users/Aleksa/Documents/FPGA_Dev/Artix7_PCIe/DDR3_Optimization/dso_top/dso_top.srcs/sources_1/bd/design_1/ipshared/47c9/hdl/axi_data_fifo_v2_1_vl_rfs.v:698]
	Parameter C_FAMILY bound to: artix7 - type: string 
	Parameter C_FIFO_WIDTH bound to: 8 - type: integer 
	Parameter C_MAX_CTRL_FANOUT bound to: 33 - type: integer 
	Parameter C_FIFO_DEPTH_LOG bound to: 3 - type: integer 
	Parameter C_USE_FULL bound to: 0 - type: integer 
	Parameter P_FIFO_DEPTH_LOG bound to: 3 - type: integer 
	Parameter P_EMPTY bound to: 3'b111 
	Parameter P_ALMOSTEMPTY bound to: 3'b000 
	Parameter P_ALMOSTFULL_TEMP bound to: 4'b1110 
	Parameter P_ALMOSTFULL bound to: 3'b110 
	Parameter P_NUM_REPS bound to: 1 - type: integer 
INFO: [Synth 8-6157] synthesizing module 'axi_data_fifo_v2_1_20_ndeep_srl__parameterized0' [c:/Users/Aleksa/Documents/FPGA_Dev/Artix7_PCIe/DDR3_Optimization/dso_top/dso_top.srcs/sources_1/bd/design_1/ipshared/47c9/hdl/axi_data_fifo_v2_1_vl_rfs.v:1135]
	Parameter C_FAMILY bound to: artix7 - type: string 
	Parameter C_A_WIDTH bound to: 3 - type: integer 
	Parameter P_SRLASIZE bound to: 5 - type: integer 
	Parameter P_SRLDEPTH bound to: 32 - type: integer 
	Parameter P_NUMSRLS bound to: 1 - type: integer 
	Parameter P_SHIFT_DEPTH bound to: 8 - type: integer 
INFO: [Synth 8-6155] done synthesizing module 'axi_data_fifo_v2_1_20_ndeep_srl__parameterized0' (11#1) [c:/Users/Aleksa/Documents/FPGA_Dev/Artix7_PCIe/DDR3_Optimization/dso_top/dso_top.srcs/sources_1/bd/design_1/ipshared/47c9/hdl/axi_data_fifo_v2_1_vl_rfs.v:1135]
INFO: [Synth 8-6155] done synthesizing module 'axi_data_fifo_v2_1_20_axic_srl_fifo__parameterized0' (11#1) [c:/Users/Aleksa/Documents/FPGA_Dev/Artix7_PCIe/DDR3_Optimization/dso_top/dso_top.srcs/sources_1/bd/design_1/ipshared/47c9/hdl/axi_data_fifo_v2_1_vl_rfs.v:698]
INFO: [Synth 8-6157] synthesizing module 'axi_crossbar_v2_1_22_wdata_mux' [c:/Users/Aleksa/Documents/FPGA_Dev/Artix7_PCIe/DDR3_Optimization/dso_top/dso_top.srcs/sources_1/bd/design_1/ipshared/b68e/hdl/axi_crossbar_v2_1_vl_rfs.v:4561]
	Parameter C_FAMILY bound to: artix7 - type: string 
	Parameter C_WMESG_WIDTH bound to: 290 - type: integer 
	Parameter C_NUM_SLAVE_SLOTS bound to: 2 - type: integer 
	Parameter C_SELECT_WIDTH bound to: 1 - type: integer 
	Parameter C_FIFO_DEPTH_LOG bound to: 3 - type: integer 
	Parameter P_FIFO_DEPTH_LOG bound to: 3 - type: integer 
INFO: [Synth 8-6157] synthesizing module 'axi_data_fifo_v2_1_20_axic_reg_srl_fifo__parameterized0' [c:/Users/Aleksa/Documents/FPGA_Dev/Artix7_PCIe/DDR3_Optimization/dso_top/dso_top.srcs/sources_1/bd/design_1/ipshared/47c9/hdl/axi_data_fifo_v2_1_vl_rfs.v:889]
	Parameter C_FAMILY bound to: artix7 - type: string 
	Parameter C_FIFO_WIDTH bound to: 1 - type: integer 
	Parameter C_MAX_CTRL_FANOUT bound to: 33 - type: integer 
	Parameter C_FIFO_DEPTH_LOG bound to: 3 - type: integer 
	Parameter C_USE_FULL bound to: 0 - type: integer 
	Parameter P_FIFO_DEPTH_LOG bound to: 3 - type: integer 
	Parameter P_EMPTY bound to: 3'b111 
	Parameter P_ALMOSTEMPTY bound to: 3'b000 
	Parameter P_ALMOSTFULL_TEMP bound to: 4'b1110 
	Parameter P_ALMOSTFULL bound to: 3'b110 
	Parameter P_NUM_REPS bound to: 1 - type: integer 
	Parameter ZERO bound to: 2'b10 
	Parameter ONE bound to: 2'b11 
	Parameter TWO bound to: 2'b01 
INFO: [Synth 8-155] case statement is not full and has no default [c:/Users/Aleksa/Documents/FPGA_Dev/Artix7_PCIe/DDR3_Optimization/dso_top/dso_top.srcs/sources_1/bd/design_1/ipshared/47c9/hdl/axi_data_fifo_v2_1_vl_rfs.v:986]
INFO: [Synth 8-6155] done synthesizing module 'axi_data_fifo_v2_1_20_axic_reg_srl_fifo__parameterized0' (11#1) [c:/Users/Aleksa/Documents/FPGA_Dev/Artix7_PCIe/DDR3_Optimization/dso_top/dso_top.srcs/sources_1/bd/design_1/ipshared/47c9/hdl/axi_data_fifo_v2_1_vl_rfs.v:889]
INFO: [Synth 8-6157] synthesizing module 'generic_baseblocks_v2_1_0_mux_enc__parameterized1' [c:/Users/Aleksa/Documents/FPGA_Dev/Artix7_PCIe/DDR3_Optimization/dso_top/dso_top.srcs/sources_1/bd/design_1/ipshared/b752/hdl/generic_baseblocks_v2_1_vl_rfs.v:2452]
	Parameter C_FAMILY bound to: rtl - type: string 
	Parameter C_RATIO bound to: 2 - type: integer 
	Parameter C_SEL_WIDTH bound to: 1 - type: integer 
	Parameter C_DATA_WIDTH bound to: 290 - type: integer 
INFO: [Synth 8-6155] done synthesizing module 'generic_baseblocks_v2_1_0_mux_enc__parameterized1' (11#1) [c:/Users/Aleksa/Documents/FPGA_Dev/Artix7_PCIe/DDR3_Optimization/dso_top/dso_top.srcs/sources_1/bd/design_1/ipshared/b752/hdl/generic_baseblocks_v2_1_vl_rfs.v:2452]
INFO: [Synth 8-6155] done synthesizing module 'axi_crossbar_v2_1_22_wdata_mux' (12#1) [c:/Users/Aleksa/Documents/FPGA_Dev/Artix7_PCIe/DDR3_Optimization/dso_top/dso_top.srcs/sources_1/bd/design_1/ipshared/b68e/hdl/axi_crossbar_v2_1_vl_rfs.v:4561]
INFO: [Synth 8-6157] synthesizing module 'axi_register_slice_v2_1_21_axi_register_slice' [c:/Users/Aleksa/Documents/FPGA_Dev/Artix7_PCIe/DDR3_Optimization/dso_top/dso_top.srcs/sources_1/bd/design_1/ipshared/2ef9/hdl/axi_register_slice_v2_1_vl_rfs.v:3726]
	Parameter C_FAMILY bound to: artix7 - type: string 
	Parameter C_AXI_PROTOCOL bound to: 0 - type: integer 
	Parameter C_AXI_ID_WIDTH bound to: 1 - type: integer 
	Parameter C_AXI_ADDR_WIDTH bound to: 1 - type: integer 
	Parameter C_AXI_DATA_WIDTH bound to: 256 - type: integer 
	Parameter C_AXI_SUPPORTS_USER_SIGNALS bound to: 1 - type: integer 
	Parameter C_AXI_AWUSER_WIDTH bound to: 1 - type: integer 
	Parameter C_AXI_ARUSER_WIDTH bound to: 1 - type: integer 
	Parameter C_AXI_WUSER_WIDTH bound to: 1 - type: integer 
	Parameter C_AXI_RUSER_WIDTH bound to: 1 - type: integer 
	Parameter C_AXI_BUSER_WIDTH bound to: 1 - type: integer 
	Parameter C_REG_CONFIG_AW bound to: 0 - type: integer 
	Parameter C_REG_CONFIG_W bound to: 0 - type: integer 
	Parameter C_REG_CONFIG_B bound to: 7 - type: integer 
	Parameter C_REG_CONFIG_AR bound to: 0 - type: integer 
	Parameter C_REG_CONFIG_R bound to: 1 - type: integer 
	Parameter C_RESERVE_MODE bound to: 0 - type: integer 
	Parameter C_NUM_SLR_CROSSINGS bound to: 0 - type: integer 
	Parameter C_PIPELINES_MASTER_AW bound to: 0 - type: integer 
	Parameter C_PIPELINES_MASTER_W bound to: 0 - type: integer 
	Parameter C_PIPELINES_MASTER_B bound to: 0 - type: integer 
	Parameter C_PIPELINES_MASTER_AR bound to: 0 - type: integer 
	Parameter C_PIPELINES_MASTER_R bound to: 0 - type: integer 
	Parameter C_PIPELINES_SLAVE_AW bound to: 0 - type: integer 
	Parameter C_PIPELINES_SLAVE_W bound to: 0 - type: integer 
	Parameter C_PIPELINES_SLAVE_B bound to: 0 - type: integer 
	Parameter C_PIPELINES_SLAVE_AR bound to: 0 - type: integer 
	Parameter C_PIPELINES_SLAVE_R bound to: 0 - type: integer 
	Parameter C_PIPELINES_MIDDLE_AW bound to: 0 - type: integer 
	Parameter C_PIPELINES_MIDDLE_W bound to: 0 - type: integer 
	Parameter C_PIPELINES_MIDDLE_B bound to: 0 - type: integer 
	Parameter C_PIPELINES_MIDDLE_AR bound to: 0 - type: integer 
	Parameter C_PIPELINES_MIDDLE_R bound to: 0 - type: integer 
	Parameter C_AXI_SUPPORTS_REGION_SIGNALS bound to: 1 - type: integer 
	Parameter P_FORWARD bound to: 0 - type: integer 
	Parameter P_RESPONSE bound to: 1 - type: integer 
	Parameter G_AXI_AWADDR_INDEX bound to: 0 - type: integer 
	Parameter G_AXI_AWADDR_WIDTH bound to: 1 - type: integer 
	Parameter G_AXI_AWPROT_INDEX bound to: 1 - type: integer 
	Parameter G_AXI_AWPROT_WIDTH bound to: 3 - type: integer 
	Parameter G_AXI_AWSIZE_INDEX bound to: 4 - type: integer 
	Parameter G_AXI_AWSIZE_WIDTH bound to: 3 - type: integer 
	Parameter G_AXI_AWBURST_INDEX bound to: 7 - type: integer 
	Parameter G_AXI_AWBURST_WIDTH bound to: 2 - type: integer 
	Parameter G_AXI_AWCACHE_INDEX bound to: 9 - type: integer 
	Parameter G_AXI_AWCACHE_WIDTH bound to: 4 - type: integer 
	Parameter G_AXI_AWLEN_INDEX bound to: 13 - type: integer 
	Parameter G_AXI_AWLEN_WIDTH bound to: 8 - type: integer 
	Parameter G_AXI_AWLOCK_INDEX bound to: 21 - type: integer 
	Parameter G_AXI_AWLOCK_WIDTH bound to: 1 - type: integer 
	Parameter G_AXI_AWID_INDEX bound to: 22 - type: integer 
	Parameter G_AXI_AWID_WIDTH bound to: 1 - type: integer 
	Parameter G_AXI_AWQOS_INDEX bound to: 23 - type: integer 
	Parameter G_AXI_AWQOS_WIDTH bound to: 4 - type: integer 
	Parameter G_AXI_AWREGION_INDEX bound to: 27 - type: integer 
	Parameter G_AXI_AWREGION_WIDTH bound to: 4 - type: integer 
	Parameter G_AXI_AWUSER_INDEX bound to: 31 - type: integer 
	Parameter G_AXI_AWUSER_WIDTH bound to: 1 - type: integer 
	Parameter G_AXI_AWPAYLOAD_WIDTH bound to: 32 - type: integer 
	Parameter G_AXI_ARADDR_INDEX bound to: 0 - type: integer 
	Parameter G_AXI_ARADDR_WIDTH bound to: 1 - type: integer 
	Parameter G_AXI_ARPROT_INDEX bound to: 1 - type: integer 
	Parameter G_AXI_ARPROT_WIDTH bound to: 3 - type: integer 
	Parameter G_AXI_ARSIZE_INDEX bound to: 4 - type: integer 
	Parameter G_AXI_ARSIZE_WIDTH bound to: 3 - type: integer 
	Parameter G_AXI_ARBURST_INDEX bound to: 7 - type: integer 
	Parameter G_AXI_ARBURST_WIDTH bound to: 2 - type: integer 
	Parameter G_AXI_ARCACHE_INDEX bound to: 9 - type: integer 
	Parameter G_AXI_ARCACHE_WIDTH bound to: 4 - type: integer 
	Parameter G_AXI_ARLEN_INDEX bound to: 13 - type: integer 
	Parameter G_AXI_ARLEN_WIDTH bound to: 8 - type: integer 
	Parameter G_AXI_ARLOCK_INDEX bound to: 21 - type: integer 
	Parameter G_AXI_ARLOCK_WIDTH bound to: 1 - type: integer 
	Parameter G_AXI_ARID_INDEX bound to: 22 - type: integer 
	Parameter G_AXI_ARID_WIDTH bound to: 1 - type: integer 
	Parameter G_AXI_ARQOS_INDEX bound to: 23 - type: integer 
	Parameter G_AXI_ARQOS_WIDTH bound to: 4 - type: integer 
	Parameter G_AXI_ARREGION_INDEX bound to: 27 - type: integer 
	Parameter G_AXI_ARREGION_WIDTH bound to: 4 - type: integer 
	Parameter G_AXI_ARUSER_INDEX bound to: 31 - type: integer 
	Parameter G_AXI_ARUSER_WIDTH bound to: 1 - type: integer 
	Parameter G_AXI_ARPAYLOAD_WIDTH bound to: 32 - type: integer 
	Parameter G_AXI_WDATA_INDEX bound to: 0 - type: integer 
	Parameter G_AXI_WDATA_WIDTH bound to: 256 - type: integer 
	Parameter G_AXI_WSTRB_INDEX bound to: 256 - type: integer 
	Parameter G_AXI_WSTRB_WIDTH bound to: 32 - type: integer 
	Parameter G_AXI_WLAST_INDEX bound to: 288 - type: integer 
	Parameter G_AXI_WLAST_WIDTH bound to: 1 - type: integer 
	Parameter G_AXI_WID_INDEX bound to: 289 - type: integer 
	Parameter G_AXI_WID_WIDTH bound to: 0 - type: integer 
	Parameter G_AXI_WUSER_INDEX bound to: 289 - type: integer 
	Parameter G_AXI_WUSER_WIDTH bound to: 1 - type: integer 
	Parameter G_AXI_WPAYLOAD_WIDTH bound to: 290 - type: integer 
	Parameter G_AXI_BRESP_INDEX bound to: 0 - type: integer 
	Parameter G_AXI_BRESP_WIDTH bound to: 2 - type: integer 
	Parameter G_AXI_BID_INDEX bound to: 2 - type: integer 
	Parameter G_AXI_BID_WIDTH bound to: 1 - type: integer 
	Parameter G_AXI_BUSER_INDEX bound to: 3 - type: integer 
	Parameter G_AXI_BUSER_WIDTH bound to: 1 - type: integer 
	Parameter G_AXI_BPAYLOAD_WIDTH bound to: 4 - type: integer 
	Parameter G_AXI_RDATA_INDEX bound to: 0 - type: integer 
	Parameter G_AXI_RDATA_WIDTH bound to: 256 - type: integer 
	Parameter G_AXI_RRESP_INDEX bound to: 256 - type: integer 
	Parameter G_AXI_RRESP_WIDTH bound to: 2 - type: integer 
	Parameter G_AXI_RLAST_INDEX bound to: 258 - type: integer 
	Parameter G_AXI_RLAST_WIDTH bound to: 1 - type: integer 
	Parameter G_AXI_RID_INDEX bound to: 259 - type: integer 
	Parameter G_AXI_RID_WIDTH bound to: 1 - type: integer 
	Parameter G_AXI_RUSER_INDEX bound to: 260 - type: integer 
	Parameter G_AXI_RUSER_WIDTH bound to: 1 - type: integer 
	Parameter G_AXI_RPAYLOAD_WIDTH bound to: 261 - type: integer 
INFO: [Synth 8-6157] synthesizing module 'axi_infrastructure_v1_1_0_axi2vector' [c:/Users/Aleksa/Documents/FPGA_Dev/Artix7_PCIe/DDR3_Optimization/dso_top/dso_top.srcs/sources_1/bd/design_1/ipshared/ec67/hdl/axi_infrastructure_v1_1_vl_rfs.v:60]
	Parameter C_AXI_PROTOCOL bound to: 0 - type: integer 
	Parameter C_AXI_ID_WIDTH bound to: 1 - type: integer 
	Parameter C_AXI_ADDR_WIDTH bound to: 1 - type: integer 
	Parameter C_AXI_DATA_WIDTH bound to: 256 - type: integer 
	Parameter C_AXI_SUPPORTS_USER_SIGNALS bound to: 1 - type: integer 
	Parameter C_AXI_SUPPORTS_REGION_SIGNALS bound to: 1 - type: integer 
	Parameter C_AXI_AWUSER_WIDTH bound to: 1 - type: integer 
	Parameter C_AXI_WUSER_WIDTH bound to: 1 - type: integer 
	Parameter C_AXI_BUSER_WIDTH bound to: 1 - type: integer 
	Parameter C_AXI_ARUSER_WIDTH bound to: 1 - type: integer 
	Parameter C_AXI_RUSER_WIDTH bound to: 1 - type: integer 
	Parameter C_AWPAYLOAD_WIDTH bound to: 32 - type: integer 
	Parameter C_WPAYLOAD_WIDTH bound to: 290 - type: integer 
	Parameter C_BPAYLOAD_WIDTH bound to: 4 - type: integer 
	Parameter C_ARPAYLOAD_WIDTH bound to: 32 - type: integer 
	Parameter C_RPAYLOAD_WIDTH bound to: 261 - type: integer 
	Parameter G_AXI_AWADDR_INDEX bound to: 0 - type: integer 
	Parameter G_AXI_AWADDR_WIDTH bound to: 1 - type: integer 
	Parameter G_AXI_AWPROT_INDEX bound to: 1 - type: integer 
	Parameter G_AXI_AWPROT_WIDTH bound to: 3 - type: integer 
	Parameter G_AXI_AWSIZE_INDEX bound to: 4 - type: integer 
	Parameter G_AXI_AWSIZE_WIDTH bound to: 3 - type: integer 
	Parameter G_AXI_AWBURST_INDEX bound to: 7 - type: integer 
	Parameter G_AXI_AWBURST_WIDTH bound to: 2 - type: integer 
	Parameter G_AXI_AWCACHE_INDEX bound to: 9 - type: integer 
	Parameter G_AXI_AWCACHE_WIDTH bound to: 4 - type: integer 
	Parameter G_AXI_AWLEN_INDEX bound to: 13 - type: integer 
	Parameter G_AXI_AWLEN_WIDTH bound to: 8 - type: integer 
	Parameter G_AXI_AWLOCK_INDEX bound to: 21 - type: integer 
	Parameter G_AXI_AWLOCK_WIDTH bound to: 1 - type: integer 
	Parameter G_AXI_AWID_INDEX bound to: 22 - type: integer 
	Parameter G_AXI_AWID_WIDTH bound to: 1 - type: integer 
	Parameter G_AXI_AWQOS_INDEX bound to: 23 - type: integer 
	Parameter G_AXI_AWQOS_WIDTH bound to: 4 - type: integer 
	Parameter G_AXI_AWREGION_INDEX bound to: 27 - type: integer 
	Parameter G_AXI_AWREGION_WIDTH bound to: 4 - type: integer 
	Parameter G_AXI_AWUSER_INDEX bound to: 31 - type: integer 
	Parameter G_AXI_AWUSER_WIDTH bound to: 1 - type: integer 
	Parameter G_AXI_AWPAYLOAD_WIDTH bound to: 32 - type: integer 
	Parameter G_AXI_ARADDR_INDEX bound to: 0 - type: integer 
	Parameter G_AXI_ARADDR_WIDTH bound to: 1 - type: integer 
	Parameter G_AXI_ARPROT_INDEX bound to: 1 - type: integer 
	Parameter G_AXI_ARPROT_WIDTH bound to: 3 - type: integer 
	Parameter G_AXI_ARSIZE_INDEX bound to: 4 - type: integer 
	Parameter G_AXI_ARSIZE_WIDTH bound to: 3 - type: integer 
	Parameter G_AXI_ARBURST_INDEX bound to: 7 - type: integer 
	Parameter G_AXI_ARBURST_WIDTH bound to: 2 - type: integer 
	Parameter G_AXI_ARCACHE_INDEX bound to: 9 - type: integer 
	Parameter G_AXI_ARCACHE_WIDTH bound to: 4 - type: integer 
	Parameter G_AXI_ARLEN_INDEX bound to: 13 - type: integer 
	Parameter G_AXI_ARLEN_WIDTH bound to: 8 - type: integer 
	Parameter G_AXI_ARLOCK_INDEX bound to: 21 - type: integer 
	Parameter G_AXI_ARLOCK_WIDTH bound to: 1 - type: integer 
	Parameter G_AXI_ARID_INDEX bound to: 22 - type: integer 
	Parameter G_AXI_ARID_WIDTH bound to: 1 - type: integer 
	Parameter G_AXI_ARQOS_INDEX bound to: 23 - type: integer 
	Parameter G_AXI_ARQOS_WIDTH bound to: 4 - type: integer 
	Parameter G_AXI_ARREGION_INDEX bound to: 27 - type: integer 
	Parameter G_AXI_ARREGION_WIDTH bound to: 4 - type: integer 
	Parameter G_AXI_ARUSER_INDEX bound to: 31 - type: integer 
	Parameter G_AXI_ARUSER_WIDTH bound to: 1 - type: integer 
	Parameter G_AXI_ARPAYLOAD_WIDTH bound to: 32 - type: integer 
	Parameter G_AXI_WDATA_INDEX bound to: 0 - type: integer 
	Parameter G_AXI_WDATA_WIDTH bound to: 256 - type: integer 
	Parameter G_AXI_WSTRB_INDEX bound to: 256 - type: integer 
	Parameter G_AXI_WSTRB_WIDTH bound to: 32 - type: integer 
	Parameter G_AXI_WLAST_INDEX bound to: 288 - type: integer 
	Parameter G_AXI_WLAST_WIDTH bound to: 1 - type: integer 
	Parameter G_AXI_WID_INDEX bound to: 289 - type: integer 
	Parameter G_AXI_WID_WIDTH bound to: 0 - type: integer 
	Parameter G_AXI_WUSER_INDEX bound to: 289 - type: integer 
	Parameter G_AXI_WUSER_WIDTH bound to: 1 - type: integer 
	Parameter G_AXI_WPAYLOAD_WIDTH bound to: 290 - type: integer 
	Parameter G_AXI_BRESP_INDEX bound to: 0 - type: integer 
	Parameter G_AXI_BRESP_WIDTH bound to: 2 - type: integer 
	Parameter G_AXI_BID_INDEX bound to: 2 - type: integer 
	Parameter G_AXI_BID_WIDTH bound to: 1 - type: integer 
	Parameter G_AXI_BUSER_INDEX bound to: 3 - type: integer 
	Parameter G_AXI_BUSER_WIDTH bound to: 1 - type: integer 
	Parameter G_AXI_BPAYLOAD_WIDTH bound to: 4 - type: integer 
	Parameter G_AXI_RDATA_INDEX bound to: 0 - type: integer 
	Parameter G_AXI_RDATA_WIDTH bound to: 256 - type: integer 
	Parameter G_AXI_RRESP_INDEX bound to: 256 - type: integer 
	Parameter G_AXI_RRESP_WIDTH bound to: 2 - type: integer 
	Parameter G_AXI_RLAST_INDEX bound to: 258 - type: integer 
	Parameter G_AXI_RLAST_WIDTH bound to: 1 - type: integer 
	Parameter G_AXI_RID_INDEX bound to: 259 - type: integer 
	Parameter G_AXI_RID_WIDTH bound to: 1 - type: integer 
	Parameter G_AXI_RUSER_INDEX bound to: 260 - type: integer 
	Parameter G_AXI_RUSER_WIDTH bound to: 1 - type: integer 
	Parameter G_AXI_RPAYLOAD_WIDTH bound to: 261 - type: integer 
INFO: [Synth 8-6155] done synthesizing module 'axi_infrastructure_v1_1_0_axi2vector' (13#1) [c:/Users/Aleksa/Documents/FPGA_Dev/Artix7_PCIe/DDR3_Optimization/dso_top/dso_top.srcs/sources_1/bd/design_1/ipshared/ec67/hdl/axi_infrastructure_v1_1_vl_rfs.v:60]
INFO: [Synth 8-6157] synthesizing module 'axi_infrastructure_v1_1_0_vector2axi' [c:/Users/Aleksa/Documents/FPGA_Dev/Artix7_PCIe/DDR3_Optimization/dso_top/dso_top.srcs/sources_1/bd/design_1/ipshared/ec67/hdl/axi_infrastructure_v1_1_vl_rfs.v:474]
	Parameter C_AXI_PROTOCOL bound to: 0 - type: integer 
	Parameter C_AXI_ID_WIDTH bound to: 1 - type: integer 
	Parameter C_AXI_ADDR_WIDTH bound to: 1 - type: integer 
	Parameter C_AXI_DATA_WIDTH bound to: 256 - type: integer 
	Parameter C_AXI_SUPPORTS_USER_SIGNALS bound to: 1 - type: integer 
	Parameter C_AXI_SUPPORTS_REGION_SIGNALS bound to: 1 - type: integer 
	Parameter C_AXI_AWUSER_WIDTH bound to: 1 - type: integer 
	Parameter C_AXI_WUSER_WIDTH bound to: 1 - type: integer 
	Parameter C_AXI_BUSER_WIDTH bound to: 1 - type: integer 
	Parameter C_AXI_ARUSER_WIDTH bound to: 1 - type: integer 
	Parameter C_AXI_RUSER_WIDTH bound to: 1 - type: integer 
	Parameter C_AWPAYLOAD_WIDTH bound to: 32 - type: integer 
	Parameter C_WPAYLOAD_WIDTH bound to: 290 - type: integer 
	Parameter C_BPAYLOAD_WIDTH bound to: 4 - type: integer 
	Parameter C_ARPAYLOAD_WIDTH bound to: 32 - type: integer 
	Parameter C_RPAYLOAD_WIDTH bound to: 261 - type: integer 
	Parameter G_AXI_AWADDR_INDEX bound to: 0 - type: integer 
	Parameter G_AXI_AWADDR_WIDTH bound to: 1 - type: integer 
	Parameter G_AXI_AWPROT_INDEX bound to: 1 - type: integer 
	Parameter G_AXI_AWPROT_WIDTH bound to: 3 - type: integer 
	Parameter G_AXI_AWSIZE_INDEX bound to: 4 - type: integer 
	Parameter G_AXI_AWSIZE_WIDTH bound to: 3 - type: integer 
	Parameter G_AXI_AWBURST_INDEX bound to: 7 - type: integer 
	Parameter G_AXI_AWBURST_WIDTH bound to: 2 - type: integer 
	Parameter G_AXI_AWCACHE_INDEX bound to: 9 - type: integer 
	Parameter G_AXI_AWCACHE_WIDTH bound to: 4 - type: integer 
	Parameter G_AXI_AWLEN_INDEX bound to: 13 - type: integer 
	Parameter G_AXI_AWLEN_WIDTH bound to: 8 - type: integer 
	Parameter G_AXI_AWLOCK_INDEX bound to: 21 - type: integer 
	Parameter G_AXI_AWLOCK_WIDTH bound to: 1 - type: integer 
	Parameter G_AXI_AWID_INDEX bound to: 22 - type: integer 
	Parameter G_AXI_AWID_WIDTH bound to: 1 - type: integer 
	Parameter G_AXI_AWQOS_INDEX bound to: 23 - type: integer 
	Parameter G_AXI_AWQOS_WIDTH bound to: 4 - type: integer 
	Parameter G_AXI_AWREGION_INDEX bound to: 27 - type: integer 
	Parameter G_AXI_AWREGION_WIDTH bound to: 4 - type: integer 
	Parameter G_AXI_AWUSER_INDEX bound to: 31 - type: integer 
	Parameter G_AXI_AWUSER_WIDTH bound to: 1 - type: integer 
	Parameter G_AXI_AWPAYLOAD_WIDTH bound to: 32 - type: integer 
	Parameter G_AXI_ARADDR_INDEX bound to: 0 - type: integer 
	Parameter G_AXI_ARADDR_WIDTH bound to: 1 - type: integer 
	Parameter G_AXI_ARPROT_INDEX bound to: 1 - type: integer 
	Parameter G_AXI_ARPROT_WIDTH bound to: 3 - type: integer 
	Parameter G_AXI_ARSIZE_INDEX bound to: 4 - type: integer 
	Parameter G_AXI_ARSIZE_WIDTH bound to: 3 - type: integer 
	Parameter G_AXI_ARBURST_INDEX bound to: 7 - type: integer 
	Parameter G_AXI_ARBURST_WIDTH bound to: 2 - type: integer 
	Parameter G_AXI_ARCACHE_INDEX bound to: 9 - type: integer 
	Parameter G_AXI_ARCACHE_WIDTH bound to: 4 - type: integer 
	Parameter G_AXI_ARLEN_INDEX bound to: 13 - type: integer 
	Parameter G_AXI_ARLEN_WIDTH bound to: 8 - type: integer 
	Parameter G_AXI_ARLOCK_INDEX bound to: 21 - type: integer 
	Parameter G_AXI_ARLOCK_WIDTH bound to: 1 - type: integer 
	Parameter G_AXI_ARID_INDEX bound to: 22 - type: integer 
	Parameter G_AXI_ARID_WIDTH bound to: 1 - type: integer 
	Parameter G_AXI_ARQOS_INDEX bound to: 23 - type: integer 
	Parameter G_AXI_ARQOS_WIDTH bound to: 4 - type: integer 
	Parameter G_AXI_ARREGION_INDEX bound to: 27 - type: integer 
	Parameter G_AXI_ARREGION_WIDTH bound to: 4 - type: integer 
	Parameter G_AXI_ARUSER_INDEX bound to: 31 - type: integer 
	Parameter G_AXI_ARUSER_WIDTH bound to: 1 - type: integer 
	Parameter G_AXI_ARPAYLOAD_WIDTH bound to: 32 - type: integer 
	Parameter G_AXI_WDATA_INDEX bound to: 0 - type: integer 
	Parameter G_AXI_WDATA_WIDTH bound to: 256 - type: integer 
	Parameter G_AXI_WSTRB_INDEX bound to: 256 - type: integer 
	Parameter G_AXI_WSTRB_WIDTH bound to: 32 - type: integer 
	Parameter G_AXI_WLAST_INDEX bound to: 288 - type: integer 
	Parameter G_AXI_WLAST_WIDTH bound to: 1 - type: integer 
	Parameter G_AXI_WID_INDEX bound to: 289 - type: integer 
	Parameter G_AXI_WID_WIDTH bound to: 0 - type: integer 
	Parameter G_AXI_WUSER_INDEX bound to: 289 - type: integer 
	Parameter G_AXI_WUSER_WIDTH bound to: 1 - type: integer 
	Parameter G_AXI_WPAYLOAD_WIDTH bound to: 290 - type: integer 
	Parameter G_AXI_BRESP_INDEX bound to: 0 - type: integer 
	Parameter G_AXI_BRESP_WIDTH bound to: 2 - type: integer 
	Parameter G_AXI_BID_INDEX bound to: 2 - type: integer 
	Parameter G_AXI_BID_WIDTH bound to: 1 - type: integer 
	Parameter G_AXI_BUSER_INDEX bound to: 3 - type: integer 
	Parameter G_AXI_BUSER_WIDTH bound to: 1 - type: integer 
	Parameter G_AXI_BPAYLOAD_WIDTH bound to: 4 - type: integer 
	Parameter G_AXI_RDATA_INDEX bound to: 0 - type: integer 
	Parameter G_AXI_RDATA_WIDTH bound to: 256 - type: integer 
	Parameter G_AXI_RRESP_INDEX bound to: 256 - type: integer 
	Parameter G_AXI_RRESP_WIDTH bound to: 2 - type: integer 
	Parameter G_AXI_RLAST_INDEX bound to: 258 - type: integer 
	Parameter G_AXI_RLAST_WIDTH bound to: 1 - type: integer 
	Parameter G_AXI_RID_INDEX bound to: 259 - type: integer 
	Parameter G_AXI_RID_WIDTH bound to: 1 - type: integer 
	Parameter G_AXI_RUSER_INDEX bound to: 260 - type: integer 
	Parameter G_AXI_RUSER_WIDTH bound to: 1 - type: integer 
	Parameter G_AXI_RPAYLOAD_WIDTH bound to: 261 - type: integer 
INFO: [Synth 8-6155] done synthesizing module 'axi_infrastructure_v1_1_0_vector2axi' (14#1) [c:/Users/Aleksa/Documents/FPGA_Dev/Artix7_PCIe/DDR3_Optimization/dso_top/dso_top.srcs/sources_1/bd/design_1/ipshared/ec67/hdl/axi_infrastructure_v1_1_vl_rfs.v:474]
INFO: [Synth 8-6157] synthesizing module 'axi_register_slice_v2_1_21_axic_register_slice' [c:/Users/Aleksa/Documents/FPGA_Dev/Artix7_PCIe/DDR3_Optimization/dso_top/dso_top.srcs/sources_1/bd/design_1/ipshared/2ef9/hdl/axi_register_slice_v2_1_vl_rfs.v:1498]
	Parameter C_FAMILY bound to: artix7 - type: string 
	Parameter C_DATA_WIDTH bound to: 32 - type: integer 
	Parameter C_REG_CONFIG bound to: 0 - type: integer 
INFO: [Synth 8-6155] done synthesizing module 'axi_register_slice_v2_1_21_axic_register_slice' (15#1) [c:/Users/Aleksa/Documents/FPGA_Dev/Artix7_PCIe/DDR3_Optimization/dso_top/dso_top.srcs/sources_1/bd/design_1/ipshared/2ef9/hdl/axi_register_slice_v2_1_vl_rfs.v:1498]
INFO: [Synth 8-6157] synthesizing module 'axi_register_slice_v2_1_21_axic_register_slice__parameterized0' [c:/Users/Aleksa/Documents/FPGA_Dev/Artix7_PCIe/DDR3_Optimization/dso_top/dso_top.srcs/sources_1/bd/design_1/ipshared/2ef9/hdl/axi_register_slice_v2_1_vl_rfs.v:1498]
	Parameter C_FAMILY bound to: artix7 - type: string 
	Parameter C_DATA_WIDTH bound to: 290 - type: integer 
	Parameter C_REG_CONFIG bound to: 0 - type: integer 
INFO: [Synth 8-6155] done synthesizing module 'axi_register_slice_v2_1_21_axic_register_slice__parameterized0' (15#1) [c:/Users/Aleksa/Documents/FPGA_Dev/Artix7_PCIe/DDR3_Optimization/dso_top/dso_top.srcs/sources_1/bd/design_1/ipshared/2ef9/hdl/axi_register_slice_v2_1_vl_rfs.v:1498]
INFO: [Synth 8-6157] synthesizing module 'axi_register_slice_v2_1_21_axic_register_slice__parameterized1' [c:/Users/Aleksa/Documents/FPGA_Dev/Artix7_PCIe/DDR3_Optimization/dso_top/dso_top.srcs/sources_1/bd/design_1/ipshared/2ef9/hdl/axi_register_slice_v2_1_vl_rfs.v:1498]
	Parameter C_FAMILY bound to: artix7 - type: string 
	Parameter C_DATA_WIDTH bound to: 4 - type: integer 
	Parameter C_REG_CONFIG bound to: 7 - type: integer 
INFO: [Synth 8-6155] done synthesizing module 'axi_register_slice_v2_1_21_axic_register_slice__parameterized1' (15#1) [c:/Users/Aleksa/Documents/FPGA_Dev/Artix7_PCIe/DDR3_Optimization/dso_top/dso_top.srcs/sources_1/bd/design_1/ipshared/2ef9/hdl/axi_register_slice_v2_1_vl_rfs.v:1498]
INFO: [Synth 8-6157] synthesizing module 'axi_register_slice_v2_1_21_axic_register_slice__parameterized2' [c:/Users/Aleksa/Documents/FPGA_Dev/Artix7_PCIe/DDR3_Optimization/dso_top/dso_top.srcs/sources_1/bd/design_1/ipshared/2ef9/hdl/axi_register_slice_v2_1_vl_rfs.v:1498]
	Parameter C_FAMILY bound to: artix7 - type: string 
	Parameter C_DATA_WIDTH bound to: 261 - type: integer 
	Parameter C_REG_CONFIG bound to: 1 - type: integer 
INFO: [Synth 8-6155] done synthesizing module 'axi_register_slice_v2_1_21_axic_register_slice__parameterized2' (15#1) [c:/Users/Aleksa/Documents/FPGA_Dev/Artix7_PCIe/DDR3_Optimization/dso_top/dso_top.srcs/sources_1/bd/design_1/ipshared/2ef9/hdl/axi_register_slice_v2_1_vl_rfs.v:1498]
INFO: [Synth 8-6155] done synthesizing module 'axi_register_slice_v2_1_21_axi_register_slice' (16#1) [c:/Users/Aleksa/Documents/FPGA_Dev/Artix7_PCIe/DDR3_Optimization/dso_top/dso_top.srcs/sources_1/bd/design_1/ipshared/2ef9/hdl/axi_register_slice_v2_1_vl_rfs.v:3726]
WARNING: [Synth 8-7071] port 'aclk2x' of module 'axi_register_slice_v2_1_21_axi_register_slice' is unconnected for instance 'reg_slice_mi' [c:/Users/Aleksa/Documents/FPGA_Dev/Artix7_PCIe/DDR3_Optimization/dso_top/dso_top.srcs/sources_1/bd/design_1/ipshared/b68e/hdl/axi_crossbar_v2_1_vl_rfs.v:3122]
WARNING: [Synth 8-7023] instance 'reg_slice_mi' of module 'axi_register_slice_v2_1_21_axi_register_slice' has 93 connections declared, but only 92 given [c:/Users/Aleksa/Documents/FPGA_Dev/Artix7_PCIe/DDR3_Optimization/dso_top/dso_top.srcs/sources_1/bd/design_1/ipshared/b68e/hdl/axi_crossbar_v2_1_vl_rfs.v:3122]
INFO: [Synth 8-6157] synthesizing module 'axi_crossbar_v2_1_22_addr_decoder__parameterized2' [c:/Users/Aleksa/Documents/FPGA_Dev/Artix7_PCIe/DDR3_Optimization/dso_top/dso_top.srcs/sources_1/bd/design_1/ipshared/b68e/hdl/axi_crossbar_v2_1_vl_rfs.v:794]
	Parameter C_FAMILY bound to: artix7 - type: string 
	Parameter C_NUM_TARGETS bound to: 2 - type: integer 
	Parameter C_NUM_TARGETS_LOG bound to: 1 - type: integer 
	Parameter C_NUM_RANGES bound to: 1 - type: integer 
	Parameter C_ADDR_WIDTH bound to: 1 - type: integer 
	Parameter C_TARGET_ENC bound to: 1 - type: integer 
	Parameter C_TARGET_HOT bound to: 1 - type: integer 
	Parameter C_REGION_ENC bound to: 0 - type: integer 
	Parameter C_BASE_ADDR bound to: 128'b00000000000000000000000000000000000000000000000000000000000000010000000000000000000000000000000000000000000000000000000000000000 
	Parameter C_HIGH_ADDR bound to: 128'b00000000000000000000000000000000000000000000000000000000000000010000000000000000000000000000000000000000000000000000000000000000 
	Parameter C_TARGET_QUAL bound to: 3'b011 
	Parameter C_RESOLUTION bound to: 0 - type: integer 
	Parameter C_COMPARATOR_THRESHOLD bound to: 6 - type: integer 
INFO: [Synth 8-6155] done synthesizing module 'axi_crossbar_v2_1_22_addr_decoder__parameterized2' (16#1) [c:/Users/Aleksa/Documents/FPGA_Dev/Artix7_PCIe/DDR3_Optimization/dso_top/dso_top.srcs/sources_1/bd/design_1/ipshared/b68e/hdl/axi_crossbar_v2_1_vl_rfs.v:794]
INFO: [Synth 8-6157] synthesizing module 'axi_data_fifo_v2_1_20_axic_srl_fifo__parameterized1' [c:/Users/Aleksa/Documents/FPGA_Dev/Artix7_PCIe/DDR3_Optimization/dso_top/dso_top.srcs/sources_1/bd/design_1/ipshared/47c9/hdl/axi_data_fifo_v2_1_vl_rfs.v:698]
	Parameter C_FAMILY bound to: artix7 - type: string 
	Parameter C_FIFO_WIDTH bound to: 8 - type: integer 
	Parameter C_MAX_CTRL_FANOUT bound to: 33 - type: integer 
	Parameter C_FIFO_DEPTH_LOG bound to: 0 - type: integer 
	Parameter C_USE_FULL bound to: 0 - type: integer 
	Parameter P_FIFO_DEPTH_LOG bound to: 2 - type: integer 
	Parameter P_EMPTY bound to: 2'b11 
	Parameter P_ALMOSTEMPTY bound to: 2'b00 
	Parameter P_ALMOSTFULL_TEMP bound to: 3'b110 
	Parameter P_ALMOSTFULL bound to: 2'b10 
	Parameter P_NUM_REPS bound to: 1 - type: integer 
INFO: [Synth 8-6155] done synthesizing module 'axi_data_fifo_v2_1_20_axic_srl_fifo__parameterized1' (16#1) [c:/Users/Aleksa/Documents/FPGA_Dev/Artix7_PCIe/DDR3_Optimization/dso_top/dso_top.srcs/sources_1/bd/design_1/ipshared/47c9/hdl/axi_data_fifo_v2_1_vl_rfs.v:698]
INFO: [Synth 8-6157] synthesizing module 'axi_crossbar_v2_1_22_wdata_mux__parameterized0' [c:/Users/Aleksa/Documents/FPGA_Dev/Artix7_PCIe/DDR3_Optimization/dso_top/dso_top.srcs/sources_1/bd/design_1/ipshared/b68e/hdl/axi_crossbar_v2_1_vl_rfs.v:4561]
	Parameter C_FAMILY bound to: artix7 - type: string 
	Parameter C_WMESG_WIDTH bound to: 290 - type: integer 
	Parameter C_NUM_SLAVE_SLOTS bound to: 2 - type: integer 
	Parameter C_SELECT_WIDTH bound to: 1 - type: integer 
	Parameter C_FIFO_DEPTH_LOG bound to: 0 - type: integer 
	Parameter P_FIFO_DEPTH_LOG bound to: 0 - type: integer 
INFO: [Synth 8-6157] synthesizing module 'axi_data_fifo_v2_1_20_axic_reg_srl_fifo__parameterized1' [c:/Users/Aleksa/Documents/FPGA_Dev/Artix7_PCIe/DDR3_Optimization/dso_top/dso_top.srcs/sources_1/bd/design_1/ipshared/47c9/hdl/axi_data_fifo_v2_1_vl_rfs.v:889]
	Parameter C_FAMILY bound to: artix7 - type: string 
	Parameter C_FIFO_WIDTH bound to: 1 - type: integer 
	Parameter C_MAX_CTRL_FANOUT bound to: 33 - type: integer 
	Parameter C_FIFO_DEPTH_LOG bound to: 0 - type: integer 
	Parameter C_USE_FULL bound to: 0 - type: integer 
	Parameter P_FIFO_DEPTH_LOG bound to: 2 - type: integer 
	Parameter P_EMPTY bound to: 2'b11 
	Parameter P_ALMOSTEMPTY bound to: 2'b00 
	Parameter P_ALMOSTFULL_TEMP bound to: 3'b110 
	Parameter P_ALMOSTFULL bound to: 2'b10 
	Parameter P_NUM_REPS bound to: 1 - type: integer 
	Parameter ZERO bound to: 2'b10 
	Parameter ONE bound to: 2'b11 
	Parameter TWO bound to: 2'b01 
INFO: [Synth 8-155] case statement is not full and has no default [c:/Users/Aleksa/Documents/FPGA_Dev/Artix7_PCIe/DDR3_Optimization/dso_top/dso_top.srcs/sources_1/bd/design_1/ipshared/47c9/hdl/axi_data_fifo_v2_1_vl_rfs.v:986]
INFO: [Synth 8-6155] done synthesizing module 'axi_data_fifo_v2_1_20_axic_reg_srl_fifo__parameterized1' (16#1) [c:/Users/Aleksa/Documents/FPGA_Dev/Artix7_PCIe/DDR3_Optimization/dso_top/dso_top.srcs/sources_1/bd/design_1/ipshared/47c9/hdl/axi_data_fifo_v2_1_vl_rfs.v:889]
INFO: [Synth 8-6155] done synthesizing module 'axi_crossbar_v2_1_22_wdata_mux__parameterized0' (16#1) [c:/Users/Aleksa/Documents/FPGA_Dev/Artix7_PCIe/DDR3_Optimization/dso_top/dso_top.srcs/sources_1/bd/design_1/ipshared/b68e/hdl/axi_crossbar_v2_1_vl_rfs.v:4561]
WARNING: [Synth 8-7071] port 'aclk2x' of module 'axi_register_slice_v2_1_21_axi_register_slice' is unconnected for instance 'reg_slice_mi' [c:/Users/Aleksa/Documents/FPGA_Dev/Artix7_PCIe/DDR3_Optimization/dso_top/dso_top.srcs/sources_1/bd/design_1/ipshared/b68e/hdl/axi_crossbar_v2_1_vl_rfs.v:3122]
WARNING: [Synth 8-7023] instance 'reg_slice_mi' of module 'axi_register_slice_v2_1_21_axi_register_slice' has 93 connections declared, but only 92 given [c:/Users/Aleksa/Documents/FPGA_Dev/Artix7_PCIe/DDR3_Optimization/dso_top/dso_top.srcs/sources_1/bd/design_1/ipshared/b68e/hdl/axi_crossbar_v2_1_vl_rfs.v:3122]
INFO: [Synth 8-6157] synthesizing module 'axi_crossbar_v2_1_22_decerr_slave' [c:/Users/Aleksa/Documents/FPGA_Dev/Artix7_PCIe/DDR3_Optimization/dso_top/dso_top.srcs/sources_1/bd/design_1/ipshared/b68e/hdl/axi_crossbar_v2_1_vl_rfs.v:3501]
	Parameter C_AXI_ID_WIDTH bound to: 1 - type: integer 
	Parameter C_AXI_DATA_WIDTH bound to: 256 - type: integer 
	Parameter C_AXI_BUSER_WIDTH bound to: 1 - type: integer 
	Parameter C_AXI_RUSER_WIDTH bound to: 1 - type: integer 
	Parameter C_AXI_PROTOCOL bound to: 0 - type: integer 
	Parameter C_RESP bound to: 3 - type: integer 
	Parameter P_WRITE_IDLE bound to: 2'b00 
	Parameter P_WRITE_DATA bound to: 2'b01 
	Parameter P_WRITE_RESP bound to: 2'b10 
	Parameter P_READ_IDLE bound to: 1'b0 
	Parameter P_READ_DATA bound to: 1'b1 
	Parameter P_AXI4 bound to: 0 - type: integer 
	Parameter P_AXI3 bound to: 1 - type: integer 
	Parameter P_AXILITE bound to: 2 - type: integer 
INFO: [Synth 8-155] case statement is not full and has no default [c:/Users/Aleksa/Documents/FPGA_Dev/Artix7_PCIe/DDR3_Optimization/dso_top/dso_top.srcs/sources_1/bd/design_1/ipshared/b68e/hdl/axi_crossbar_v2_1_vl_rfs.v:3633]
INFO: [Synth 8-6155] done synthesizing module 'axi_crossbar_v2_1_22_decerr_slave' (17#1) [c:/Users/Aleksa/Documents/FPGA_Dev/Artix7_PCIe/DDR3_Optimization/dso_top/dso_top.srcs/sources_1/bd/design_1/ipshared/b68e/hdl/axi_crossbar_v2_1_vl_rfs.v:3501]
INFO: [Synth 8-6157] synthesizing module 'axi_crossbar_v2_1_22_addr_arbiter' [c:/Users/Aleksa/Documents/FPGA_Dev/Artix7_PCIe/DDR3_Optimization/dso_top/dso_top.srcs/sources_1/bd/design_1/ipshared/b68e/hdl/axi_crossbar_v2_1_vl_rfs.v:423]
	Parameter C_FAMILY bound to: artix7 - type: string 
	Parameter C_NUM_S bound to: 2 - type: integer 
	Parameter C_NUM_S_LOG bound to: 1 - type: integer 
	Parameter C_NUM_M bound to: 2 - type: integer 
	Parameter C_MESG_WIDTH bound to: 67 - type: integer 
	Parameter C_ARB_PRIORITY bound to: 64'b0000000000000000000000000000000000000000000000000000000000000000 
	Parameter P_PRIO_MASK bound to: 2'b00 
INFO: [Synth 8-6157] synthesizing module 'generic_baseblocks_v2_1_0_mux_enc__parameterized2' [c:/Users/Aleksa/Documents/FPGA_Dev/Artix7_PCIe/DDR3_Optimization/dso_top/dso_top.srcs/sources_1/bd/design_1/ipshared/b752/hdl/generic_baseblocks_v2_1_vl_rfs.v:2452]
	Parameter C_FAMILY bound to: rtl - type: string 
	Parameter C_RATIO bound to: 2 - type: integer 
	Parameter C_SEL_WIDTH bound to: 1 - type: integer 
	Parameter C_DATA_WIDTH bound to: 67 - type: integer 
INFO: [Synth 8-6155] done synthesizing module 'generic_baseblocks_v2_1_0_mux_enc__parameterized2' (17#1) [c:/Users/Aleksa/Documents/FPGA_Dev/Artix7_PCIe/DDR3_Optimization/dso_top/dso_top.srcs/sources_1/bd/design_1/ipshared/b752/hdl/generic_baseblocks_v2_1_vl_rfs.v:2452]
INFO: [Synth 8-6157] synthesizing module 'generic_baseblocks_v2_1_0_mux_enc__parameterized3' [c:/Users/Aleksa/Documents/FPGA_Dev/Artix7_PCIe/DDR3_Optimization/dso_top/dso_top.srcs/sources_1/bd/design_1/ipshared/b752/hdl/generic_baseblocks_v2_1_vl_rfs.v:2452]
	Parameter C_FAMILY bound to: rtl - type: string 
	Parameter C_RATIO bound to: 2 - type: integer 
	Parameter C_SEL_WIDTH bound to: 1 - type: integer 
	Parameter C_DATA_WIDTH bound to: 2 - type: integer 
INFO: [Synth 8-6155] done synthesizing module 'generic_baseblocks_v2_1_0_mux_enc__parameterized3' (17#1) [c:/Users/Aleksa/Documents/FPGA_Dev/Artix7_PCIe/DDR3_Optimization/dso_top/dso_top.srcs/sources_1/bd/design_1/ipshared/b752/hdl/generic_baseblocks_v2_1_vl_rfs.v:2452]
INFO: [Synth 8-6155] done synthesizing module 'axi_crossbar_v2_1_22_addr_arbiter' (18#1) [c:/Users/Aleksa/Documents/FPGA_Dev/Artix7_PCIe/DDR3_Optimization/dso_top/dso_top.srcs/sources_1/bd/design_1/ipshared/b68e/hdl/axi_crossbar_v2_1_vl_rfs.v:423]
INFO: [Synth 8-6157] synthesizing module 'axi_crossbar_v2_1_22_addr_arbiter__parameterized0' [c:/Users/Aleksa/Documents/FPGA_Dev/Artix7_PCIe/DDR3_Optimization/dso_top/dso_top.srcs/sources_1/bd/design_1/ipshared/b68e/hdl/axi_crossbar_v2_1_vl_rfs.v:423]
	Parameter C_FAMILY bound to: artix7 - type: string 
	Parameter C_NUM_S bound to: 2 - type: integer 
	Parameter C_NUM_S_LOG bound to: 1 - type: integer 
	Parameter C_NUM_M bound to: 2 - type: integer 
	Parameter C_MESG_WIDTH bound to: 64 - type: integer 
	Parameter C_ARB_PRIORITY bound to: 64'b0000000000000000000000000000000000000000000000000000000000000000 
	Parameter P_PRIO_MASK bound to: 2'b00 
INFO: [Synth 8-6157] synthesizing module 'generic_baseblocks_v2_1_0_mux_enc__parameterized4' [c:/Users/Aleksa/Documents/FPGA_Dev/Artix7_PCIe/DDR3_Optimization/dso_top/dso_top.srcs/sources_1/bd/design_1/ipshared/b752/hdl/generic_baseblocks_v2_1_vl_rfs.v:2452]
	Parameter C_FAMILY bound to: rtl - type: string 
	Parameter C_RATIO bound to: 2 - type: integer 
	Parameter C_SEL_WIDTH bound to: 1 - type: integer 
	Parameter C_DATA_WIDTH bound to: 64 - type: integer 
INFO: [Synth 8-6155] done synthesizing module 'generic_baseblocks_v2_1_0_mux_enc__parameterized4' (18#1) [c:/Users/Aleksa/Documents/FPGA_Dev/Artix7_PCIe/DDR3_Optimization/dso_top/dso_top.srcs/sources_1/bd/design_1/ipshared/b752/hdl/generic_baseblocks_v2_1_vl_rfs.v:2452]
INFO: [Synth 8-6155] done synthesizing module 'axi_crossbar_v2_1_22_addr_arbiter__parameterized0' (18#1) [c:/Users/Aleksa/Documents/FPGA_Dev/Artix7_PCIe/DDR3_Optimization/dso_top/dso_top.srcs/sources_1/bd/design_1/ipshared/b68e/hdl/axi_crossbar_v2_1_vl_rfs.v:423]
INFO: [Synth 8-6155] done synthesizing module 'axi_crossbar_v2_1_22_crossbar' (19#1) [c:/Users/Aleksa/Documents/FPGA_Dev/Artix7_PCIe/DDR3_Optimization/dso_top/dso_top.srcs/sources_1/bd/design_1/ipshared/b68e/hdl/axi_crossbar_v2_1_vl_rfs.v:2239]
INFO: [Synth 8-6155] done synthesizing module 'axi_crossbar_v2_1_22_axi_crossbar' (20#1) [c:/Users/Aleksa/Documents/FPGA_Dev/Artix7_PCIe/DDR3_Optimization/dso_top/dso_top.srcs/sources_1/bd/design_1/ipshared/b68e/hdl/axi_crossbar_v2_1_vl_rfs.v:4884]
INFO: [Synth 8-6155] done synthesizing module 'design_1_axi_crossbar_0_1' (21#1) [c:/Users/Aleksa/Documents/FPGA_Dev/Artix7_PCIe/DDR3_Optimization/dso_top/dso_top.srcs/sources_1/bd/design_1/ip/design_1_axi_crossbar_0_1/synth/design_1_axi_crossbar_0_1.v:59]
---------------------------------------------------------------------------------
Finished RTL Elaboration : Time (s): cpu = 00:00:10 ; elapsed = 00:00:11 . Memory (MB): peak = 1017.441 ; gain = 0.000
---------------------------------------------------------------------------------
---------------------------------------------------------------------------------
Start Handling Custom Attributes
---------------------------------------------------------------------------------
---------------------------------------------------------------------------------
Finished Handling Custom Attributes : Time (s): cpu = 00:00:11 ; elapsed = 00:00:12 . Memory (MB): peak = 1017.441 ; gain = 0.000
---------------------------------------------------------------------------------
---------------------------------------------------------------------------------
Finished RTL Optimization Phase 1 : Time (s): cpu = 00:00:11 ; elapsed = 00:00:12 . Memory (MB): peak = 1017.441 ; gain = 0.000
---------------------------------------------------------------------------------
Netlist sorting complete. Time (s): cpu = 00:00:01 ; elapsed = 00:00:00.186 . Memory (MB): peak = 1017.441 ; gain = 0.000
INFO: [Project 1-570] Preparing netlist for logic optimization

Processing XDC Constraints
Initializing timing engine
Parsing XDC File [c:/Users/Aleksa/Documents/FPGA_Dev/Artix7_PCIe/DDR3_Optimization/dso_top/dso_top.srcs/sources_1/bd/design_1/ip/design_1_axi_crossbar_0_1/design_1_axi_crossbar_0_1_ooc.xdc] for cell 'inst'
Finished Parsing XDC File [c:/Users/Aleksa/Documents/FPGA_Dev/Artix7_PCIe/DDR3_Optimization/dso_top/dso_top.srcs/sources_1/bd/design_1/ip/design_1_axi_crossbar_0_1/design_1_axi_crossbar_0_1_ooc.xdc] for cell 'inst'
Parsing XDC File [C:/Users/Aleksa/Documents/FPGA_Dev/Artix7_PCIe/DDR3_Optimization/dso_top/dso_top.runs/design_1_axi_crossbar_0_1_synth_1/dont_touch.xdc]
Finished Parsing XDC File [C:/Users/Aleksa/Documents/FPGA_Dev/Artix7_PCIe/DDR3_Optimization/dso_top/dso_top.runs/design_1_axi_crossbar_0_1_synth_1/dont_touch.xdc]
Completed Processing XDC Constraints

Netlist sorting complete. Time (s): cpu = 00:00:00 ; elapsed = 00:00:00.001 . Memory (MB): peak = 1041.180 ; gain = 0.000
INFO: [Project 1-111] Unisim Transformation Summary:
No Unisim elements were transformed.

Constraint Validation Runtime : Time (s): cpu = 00:00:00 ; elapsed = 00:00:00.100 . Memory (MB): peak = 1052.156 ; gain = 10.977
---------------------------------------------------------------------------------
Finished Constraint Validation : Time (s): cpu = 00:00:17 ; elapsed = 00:00:19 . Memory (MB): peak = 1052.156 ; gain = 34.715
---------------------------------------------------------------------------------
---------------------------------------------------------------------------------
Start Loading Part and Timing Information
---------------------------------------------------------------------------------
Loading part: xc7a100tfgg484-2
---------------------------------------------------------------------------------
Finished Loading Part and Timing Information : Time (s): cpu = 00:00:17 ; elapsed = 00:00:19 . Memory (MB): peak = 1052.156 ; gain = 34.715
---------------------------------------------------------------------------------
---------------------------------------------------------------------------------
Start Applying 'set_property' XDC Constraints
---------------------------------------------------------------------------------
Applied set_property DONT_TOUCH = true for inst. (constraint file  C:/Users/Aleksa/Documents/FPGA_Dev/Artix7_PCIe/DDR3_Optimization/dso_top/dso_top.runs/design_1_axi_crossbar_0_1_synth_1/dont_touch.xdc, line 9).
---------------------------------------------------------------------------------
Finished applying 'set_property' XDC Constraints : Time (s): cpu = 00:00:17 ; elapsed = 00:00:19 . Memory (MB): peak = 1052.156 ; gain = 34.715
---------------------------------------------------------------------------------
INFO: [Synth 8-802] inferred FSM for state register 'gen_axi.write_cs_reg' in module 'axi_crossbar_v2_1_22_decerr_slave'
INFO: [Synth 8-802] inferred FSM for state register 'state_reg' in module 'axi_data_fifo_v2_1_20_axic_reg_srl_fifo'
INFO: [Synth 8-802] inferred FSM for state register 'state_reg' in module 'axi_data_fifo_v2_1_20_axic_reg_srl_fifo__parameterized0'
INFO: [Synth 8-802] inferred FSM for state register 'state_reg' in module 'axi_data_fifo_v2_1_20_axic_reg_srl_fifo__parameterized1'
3 unexpected non-zero reference counts
1 unexpected non-zero reference counts
---------------------------------------------------------------------------------------------------
                   State |                     New Encoding |                Previous Encoding 
---------------------------------------------------------------------------------------------------
            P_WRITE_IDLE |                              001 |                               00
            P_WRITE_DATA |                              010 |                               01
            P_WRITE_RESP |                              100 |                               10
---------------------------------------------------------------------------------------------------
INFO: [Synth 8-3354] encoded FSM with state register 'gen_axi.write_cs_reg' using encoding 'one-hot' in module 'axi_crossbar_v2_1_22_decerr_slave'
36 unexpected non-zero reference counts
36 unexpected non-zero reference counts
36 unexpected non-zero reference counts
36 unexpected non-zero reference counts
---------------------------------------------------------------------------------------------------
                   State |                     New Encoding |                Previous Encoding 
---------------------------------------------------------------------------------------------------
                    ZERO |                             1000 |                               10
                     ONE |                             0010 |                               11
                     TWO |                             0001 |                               01
                  iSTATE |                             0100 |                               00
---------------------------------------------------------------------------------------------------
INFO: [Synth 8-3354] encoded FSM with state register 'state_reg' using encoding 'one-hot' in module 'axi_data_fifo_v2_1_20_axic_reg_srl_fifo'
---------------------------------------------------------------------------------------------------
                   State |                     New Encoding |                Previous Encoding 
---------------------------------------------------------------------------------------------------
                    ZERO |                             1000 |                               10
                     ONE |                             0010 |                               11
                     TWO |                             0001 |                               01
                  iSTATE |                             0100 |                               00
---------------------------------------------------------------------------------------------------
INFO: [Synth 8-3354] encoded FSM with state register 'state_reg' using encoding 'one-hot' in module 'axi_data_fifo_v2_1_20_axic_reg_srl_fifo__parameterized0'
---------------------------------------------------------------------------------------------------
                   State |                     New Encoding |                Previous Encoding 
---------------------------------------------------------------------------------------------------
                    ZERO |                             1000 |                               10
                     ONE |                             0010 |                               11
                     TWO |                             0001 |                               01
                  iSTATE |                             0100 |                               00
---------------------------------------------------------------------------------------------------
INFO: [Synth 8-3354] encoded FSM with state register 'state_reg' using encoding 'one-hot' in module 'axi_data_fifo_v2_1_20_axic_reg_srl_fifo__parameterized1'
---------------------------------------------------------------------------------
Finished RTL Optimization Phase 2 : Time (s): cpu = 00:00:18 ; elapsed = 00:00:20 . Memory (MB): peak = 1052.156 ; gain = 34.715
---------------------------------------------------------------------------------
---------------------------------------------------------------------------------
Start RTL Component Statistics 
---------------------------------------------------------------------------------
Detailed RTL Component Info : 
+---Adders : 
	   2 Input    8 Bit       Adders := 3     
	   2 Input    4 Bit       Adders := 2     
	   2 Input    3 Bit       Adders := 3     
	   2 Input    2 Bit       Adders := 9     
	   2 Input    1 Bit       Adders := 2     
+---XORs : 
	   2 Input      1 Bit         XORs := 7     
+---Registers : 
	              261 Bit    Registers := 4     
	               67 Bit    Registers := 1     
	               64 Bit    Registers := 1     
	                8 Bit    Registers := 3     
	                4 Bit    Registers := 4     
	                3 Bit    Registers := 2     
	                2 Bit    Registers := 25    
	                1 Bit    Registers := 39    
+---Muxes : 
	   2 Input  261 Bit        Muxes := 4     
	   2 Input   16 Bit        Muxes := 4     
	   2 Input    8 Bit        Muxes := 1     
	   3 Input    4 Bit        Muxes := 3     
	   2 Input    4 Bit        Muxes := 11    
	   2 Input    3 Bit        Muxes := 1     
	   2 Input    2 Bit        Muxes := 17    
	   3 Input    1 Bit        Muxes := 9     
	   2 Input    1 Bit        Muxes := 48    
	   4 Input    1 Bit        Muxes := 9     
---------------------------------------------------------------------------------
Finished RTL Component Statistics 
---------------------------------------------------------------------------------
---------------------------------------------------------------------------------
Start Part Resource Summary
---------------------------------------------------------------------------------
Part Resources:
DSPs: 240 (col length:80)
BRAMs: 270 (col length: RAMB18 80 RAMB36 40)
---------------------------------------------------------------------------------
Finished Part Resource Summary
---------------------------------------------------------------------------------
---------------------------------------------------------------------------------
Start Cross Boundary and Area Optimization
---------------------------------------------------------------------------------
36 unexpected non-zero reference counts
36 unexpected non-zero reference counts
36 unexpected non-zero reference counts
36 unexpected non-zero reference counts
---------------------------------------------------------------------------------
Finished Cross Boundary and Area Optimization : Time (s): cpu = 00:00:21 ; elapsed = 00:00:23 . Memory (MB): peak = 1052.156 ; gain = 34.715
---------------------------------------------------------------------------------
---------------------------------------------------------------------------------
Start Applying XDC Timing Constraints
---------------------------------------------------------------------------------
---------------------------------------------------------------------------------
Finished Applying XDC Timing Constraints : Time (s): cpu = 00:00:27 ; elapsed = 00:00:29 . Memory (MB): peak = 1052.156 ; gain = 34.715
---------------------------------------------------------------------------------
---------------------------------------------------------------------------------
Start Timing Optimization
---------------------------------------------------------------------------------
---------------------------------------------------------------------------------
Finished Timing Optimization : Time (s): cpu = 00:00:27 ; elapsed = 00:00:29 . Memory (MB): peak = 1052.156 ; gain = 34.715
---------------------------------------------------------------------------------
---------------------------------------------------------------------------------
Start Technology Mapping
---------------------------------------------------------------------------------
---------------------------------------------------------------------------------
Finished Technology Mapping : Time (s): cpu = 00:00:28 ; elapsed = 00:00:30 . Memory (MB): peak = 1052.156 ; gain = 34.715
---------------------------------------------------------------------------------
---------------------------------------------------------------------------------
Start IO Insertion
---------------------------------------------------------------------------------
---------------------------------------------------------------------------------
Start Flattening Before IO Insertion
---------------------------------------------------------------------------------
---------------------------------------------------------------------------------
Finished Flattening Before IO Insertion
---------------------------------------------------------------------------------
---------------------------------------------------------------------------------
Start Final Netlist Cleanup
---------------------------------------------------------------------------------
---------------------------------------------------------------------------------
Finished Final Netlist Cleanup
---------------------------------------------------------------------------------
---------------------------------------------------------------------------------
Finished IO Insertion : Time (s): cpu = 00:00:31 ; elapsed = 00:00:33 . Memory (MB): peak = 1052.156 ; gain = 34.715
---------------------------------------------------------------------------------
---------------------------------------------------------------------------------
Start Renaming Generated Instances
---------------------------------------------------------------------------------
---------------------------------------------------------------------------------
Finished Renaming Generated Instances : Time (s): cpu = 00:00:31 ; elapsed = 00:00:33 . Memory (MB): peak = 1052.156 ; gain = 34.715
---------------------------------------------------------------------------------
---------------------------------------------------------------------------------
Start Rebuilding User Hierarchy
---------------------------------------------------------------------------------
---------------------------------------------------------------------------------
Finished Rebuilding User Hierarchy : Time (s): cpu = 00:00:31 ; elapsed = 00:00:33 . Memory (MB): peak = 1052.156 ; gain = 34.715
---------------------------------------------------------------------------------
---------------------------------------------------------------------------------
Start Renaming Generated Ports
---------------------------------------------------------------------------------
---------------------------------------------------------------------------------
Finished Renaming Generated Ports : Time (s): cpu = 00:00:31 ; elapsed = 00:00:33 . Memory (MB): peak = 1052.156 ; gain = 34.715
---------------------------------------------------------------------------------
---------------------------------------------------------------------------------
Start Handling Custom Attributes
---------------------------------------------------------------------------------
---------------------------------------------------------------------------------
Finished Handling Custom Attributes : Time (s): cpu = 00:00:31 ; elapsed = 00:00:33 . Memory (MB): peak = 1052.156 ; gain = 34.715
---------------------------------------------------------------------------------
---------------------------------------------------------------------------------
Start Renaming Generated Nets
---------------------------------------------------------------------------------
---------------------------------------------------------------------------------
Finished Renaming Generated Nets : Time (s): cpu = 00:00:31 ; elapsed = 00:00:33 . Memory (MB): peak = 1052.156 ; gain = 34.715
---------------------------------------------------------------------------------
---------------------------------------------------------------------------------
Start Writing Synthesis Report
---------------------------------------------------------------------------------

Report BlackBoxes: 
+-+--------------+----------+
| |BlackBox name |Instances |
+-+--------------+----------+
+-+--------------+----------+

Report Cell Usage: 
+------+--------+------+
|      |Cell    |Count |
+------+--------+------+
|1     |LUT1    |    13|
|2     |LUT2    |   623|
|3     |LUT3    |   291|
|4     |LUT4    |    35|
|5     |LUT5    |    29|
|6     |LUT6    |    35|
|7     |SRLC32E |     3|
|8     |FDRE    |   726|
|9     |FDSE    |    16|
+------+--------+------+
---------------------------------------------------------------------------------
Finished Writing Synthesis Report : Time (s): cpu = 00:00:31 ; elapsed = 00:00:33 . Memory (MB): peak = 1052.156 ; gain = 34.715
---------------------------------------------------------------------------------
Synthesis finished with 0 errors, 0 critical warnings and 0 warnings.
Synthesis Optimization Runtime : Time (s): cpu = 00:00:17 ; elapsed = 00:00:30 . Memory (MB): peak = 1052.156 ; gain = 0.000
Synthesis Optimization Complete : Time (s): cpu = 00:00:31 ; elapsed = 00:00:33 . Memory (MB): peak = 1052.156 ; gain = 34.715
INFO: [Project 1-571] Translating synthesized netlist
Netlist sorting complete. Time (s): cpu = 00:00:01 ; elapsed = 00:00:00.062 . Memory (MB): peak = 1052.156 ; gain = 0.000
INFO: [Project 1-570] Preparing netlist for logic optimization
INFO: [Opt 31-138] Pushed 0 inverter(s) to 0 load pin(s).
Netlist sorting complete. Time (s): cpu = 00:00:00 ; elapsed = 00:00:00 . Memory (MB): peak = 1052.156 ; gain = 0.000
INFO: [Project 1-111] Unisim Transformation Summary:
No Unisim elements were transformed.

INFO: [Common 17-83] Releasing license: Synthesis
104 Infos, 4 Warnings, 0 Critical Warnings and 0 Errors encountered.
synth_design completed successfully
synth_design: Time (s): cpu = 00:00:36 ; elapsed = 00:00:39 . Memory (MB): peak = 1052.156 ; gain = 34.715
INFO: [Common 17-1381] The checkpoint 'C:/Users/Aleksa/Documents/FPGA_Dev/Artix7_PCIe/DDR3_Optimization/dso_top/dso_top.runs/design_1_axi_crossbar_0_1_synth_1/design_1_axi_crossbar_0_1.dcp' has been generated.
WARNING: [Common 17-576] 'use_project_ipc' is deprecated. This option is deprecated and no longer used.
INFO: [Coretcl 2-1648] Added synthesis output to IP cache for IP design_1_axi_crossbar_0_1, cache-ID = 31cd39614dc46ff1
INFO: [Coretcl 2-1174] Renamed 26 cell refs.
INFO: [Common 17-1381] The checkpoint 'C:/Users/Aleksa/Documents/FPGA_Dev/Artix7_PCIe/DDR3_Optimization/dso_top/dso_top.runs/design_1_axi_crossbar_0_1_synth_1/design_1_axi_crossbar_0_1.dcp' has been generated.
INFO: [runtcl-4] Executing : report_utilization -file design_1_axi_crossbar_0_1_utilization_synth.rpt -pb design_1_axi_crossbar_0_1_utilization_synth.pb
INFO: [Common 17-206] Exiting Vivado at Tue May 18 14:06:07 2021...
