Removed Pin From Net: NetName=+3V3 Pin=R29A-2
Removed Pin From Net: NetName=+3V3 Pin=R29B-2
Removed Pin From Net: NetName=+3V3 Pin=R29C-2
Removed Pin From Net: NetName=+3V3 Pin=R29D-2
Removed Pin From Net: NetName=+3V3 Pin=U7A-12
Removed Pin From Net: NetName=+3V3 Pin=U7B-12
Removed Pin From Net: NetName=+3V3 Pin=U7C-12
Removed Pin From Net: NetName=+3V3 Pin=U7D-12
Added Component: Designator=C125(GEN_C_0402)
Add component (AddParameter): Name = "Package"; Value = "0402"; VariantName = "[No Variations]"
Add component (AddParameter): Name = "Supplier 1"; Value = "Digi-Key"; VariantName = "[No Variations]"
Add component (AddParameter): Name = "Supplier Part Number 1"; Value = "490-10017-1-ND"; VariantName = "[No Variations]"
Add component (AddParameter): Name = "Value"; Value = "1uF"; VariantName = "[No Variations]"
Add component (AddParameter): Name = "Voltage Rating"; Value = "25V"; VariantName = "[No Variations]"
Added Component: Designator=C126(GEN_C_0402)
Add component (AddParameter): Name = "Package"; Value = "0402"; VariantName = "[No Variations]"
Add component (AddParameter): Name = "Supplier 1"; Value = "Digi-Key"; VariantName = "[No Variations]"
Add component (AddParameter): Name = "Supplier Part Number 1"; Value = "490-10017-1-ND"; VariantName = "[No Variations]"
Add component (AddParameter): Name = "Value"; Value = "1uF"; VariantName = "[No Variations]"
Add component (AddParameter): Name = "Voltage Rating"; Value = "25V"; VariantName = "[No Variations]"
Added Component: Designator=R117(GEN_R_0402)
Add component (AddParameter): Name = "Package"; Value = "0402"; VariantName = "[No Variations]"
Add component (AddParameter): Name = "Power Rating"; Value = "0.16W"; VariantName = "[No Variations]"
Add component (AddParameter): Name = "Supplier 1"; Value = "Digi-Key"; VariantName = "[No Variations]"
Add component (AddParameter): Name = "Supplier Part Number 1"; Value = "P.10AKCT-ND"; VariantName = "[No Variations]"
Add component (AddParameter): Name = "Tolerance"; Value = "1%"; VariantName = "[No Variations]"
Add component (AddParameter): Name = "Value"; Value = "0.1"; VariantName = "[No Variations]"
Added Component: Designator=TP52(GEN_TP_PCB)
Added Component: Designator=TP53(GEN_TP_PCB)
Added Component: Designator=TP54(GEN_TP_PCB)
Added Component: Designator=U20(GEN_SOT23_5_950_2900X1600X1450)
Add component (AddParameter): Name = "House Part Number"; Value = ""; VariantName = "[No Variations]"
Add component (AddParameter): Name = "Manufacturer"; Value = "Texas Instruments"; VariantName = "[No Variations]"
Add component (AddParameter): Name = "Manufacturer Part Number"; Value = "TPS7A2033PDBVR"; VariantName = "[No Variations]"
Add component (AddParameter): Name = "Supplier 1"; Value = "Mouser"; VariantName = "[No Variations]"
Add component (AddParameter): Name = "Supplier Part Number 1"; Value = "595-TPS7A2033PDBVR"; VariantName = "[No Variations]"
Added Pin To Net: NetName=GND Pin=C125-1
Added Pin To Net: NetName=GND Pin=C126-1
Added Pin To Net: NetName=+5V Pin=R117-1
Added Pin To Net: NetName=+5V Pin=TP54-1
Added Pin To Net: NetName=GND Pin=U20-2
Added Pin To Net: NetName=+3V3_PGA Pin=C126-2
Added Pin To Net: NetName=+3V3_PGA Pin=R29A-2
Added Pin To Net: NetName=+3V3_PGA Pin=R29B-2
Added Pin To Net: NetName=+3V3_PGA Pin=R29C-2
Added Pin To Net: NetName=+3V3_PGA Pin=R29D-2
Added Pin To Net: NetName=+3V3_PGA Pin=TP53-1
Added Pin To Net: NetName=+3V3_PGA Pin=U7A-12
Added Pin To Net: NetName=+3V3_PGA Pin=U7B-12
Added Pin To Net: NetName=+3V3_PGA Pin=U7C-12
Added Pin To Net: NetName=+3V3_PGA Pin=U7D-12
Added Pin To Net: NetName=+3V3_PGA Pin=U20-5
Added Net: Name=+3V3_PGA
Added Pin To Net: NetName=NetC125_2 Pin=C125-2
Added Pin To Net: NetName=NetC125_2 Pin=R117-2
Added Pin To Net: NetName=NetC125_2 Pin=TP52-1
Added Pin To Net: NetName=NetC125_2 Pin=U20-1
Added Pin To Net: NetName=NetC125_2 Pin=U20-3
Added Net: Name=NetC125_2
Added Member To Class: ClassName=Front End Member=Component C125 1uF
Added Member To Class: ClassName=Front End Member=Component C126 1uF
Added Member To Class: ClassName=Front End Member=Component R117 0.1
Added Member To Class: ClassName=Front End Member=Component TP52 PCB
Added Member To Class: ClassName=Front End Member=Component TP53 PCB
Added Member To Class: ClassName=Front End Member=Component TP54 PCB
Added Member To Class: ClassName=Front End Member=Component U20 TPS7A2033
