Added Component: Designator=D8A(GEN_SOT_323)
Add component (AddParameter): Name = "House Part Number"; Value = ""; VariantName = "[No Variations]"
Add component (AddParameter): Name = "Manufacturer"; Value = ""; VariantName = "[No Variations]"
Add component (AddParameter): Name = "Manufacturer Part Number"; Value = ""; VariantName = "[No Variations]"
Add component (AddParameter): Name = "Supplier 1"; Value = "Digi-Key"; VariantName = "[No Variations]"
Add component (AddParameter): Name = "Supplier Part Number 1"; Value = "BAV99W-FDICT-ND"; VariantName = "[No Variations]"
Added Component: Designator=D8B(GEN_SOT_323)
Add component (AddParameter): Name = "House Part Number"; Value = ""; VariantName = "[No Variations]"
Add component (AddParameter): Name = "Manufacturer"; Value = ""; VariantName = "[No Variations]"
Add component (AddParameter): Name = "Manufacturer Part Number"; Value = ""; VariantName = "[No Variations]"
Add component (AddParameter): Name = "Supplier 1"; Value = "Digi-Key"; VariantName = "[No Variations]"
Add component (AddParameter): Name = "Supplier Part Number 1"; Value = "BAV99W-FDICT-ND"; VariantName = "[No Variations]"
Added Component: Designator=D8C(GEN_SOT_323)
Add component (AddParameter): Name = "House Part Number"; Value = ""; VariantName = "[No Variations]"
Add component (AddParameter): Name = "Manufacturer"; Value = ""; VariantName = "[No Variations]"
Add component (AddParameter): Name = "Manufacturer Part Number"; Value = ""; VariantName = "[No Variations]"
Add component (AddParameter): Name = "Supplier 1"; Value = "Digi-Key"; VariantName = "[No Variations]"
Add component (AddParameter): Name = "Supplier Part Number 1"; Value = "BAV99W-FDICT-ND"; VariantName = "[No Variations]"
Added Component: Designator=D8D(GEN_SOT_323)
Add component (AddParameter): Name = "House Part Number"; Value = ""; VariantName = "[No Variations]"
Add component (AddParameter): Name = "Manufacturer"; Value = ""; VariantName = "[No Variations]"
Add component (AddParameter): Name = "Manufacturer Part Number"; Value = ""; VariantName = "[No Variations]"
Add component (AddParameter): Name = "Supplier 1"; Value = "Digi-Key"; VariantName = "[No Variations]"
Add component (AddParameter): Name = "Supplier Part Number 1"; Value = "BAV99W-FDICT-ND"; VariantName = "[No Variations]"
Added Pin To Net: NetName=NetR41A_1 Pin=D8A-1
Added Pin To Net: NetName=-5V Pin=D8A-2
Added Pin To Net: NetName=+5V Pin=D8A-3
Added Pin To Net: NetName=NetR41B_1 Pin=D8B-1
Added Pin To Net: NetName=-5V Pin=D8B-2
Added Pin To Net: NetName=+5V Pin=D8B-3
Added Pin To Net: NetName=NetR41C_1 Pin=D8C-1
Added Pin To Net: NetName=-5V Pin=D8C-2
Added Pin To Net: NetName=+5V Pin=D8C-3
Added Pin To Net: NetName=NetR41D_1 Pin=D8D-1
Added Pin To Net: NetName=-5V Pin=D8D-2
Added Pin To Net: NetName=+5V Pin=D8D-3
Change Net Name : Old Net Name=NetR41A_1 New Net Name=NetD8A_1
Change Net Name : Old Net Name=NetR41B_1 New Net Name=NetD8B_1
Change Net Name : Old Net Name=NetR41C_1 New Net Name=NetD8C_1
Change Net Name : Old Net Name=NetR41D_1 New Net Name=NetD8D_1
Added Member To Class: ClassName=CH1 Member=Component D8A (D8) BAV99W
Added Member To Class: ClassName=CH2 Member=Component D8B (D8) BAV99W
Added Member To Class: ClassName=CH3 Member=Component D8C (D8) BAV99W
Added Member To Class: ClassName=CH4 Member=Component D8D (D8) BAV99W
