Removed Pin From Net: NetName=NetC1025A_2 Pin=R1033A-1
Removed Pin From Net: NetName=NetK1000A_7 Pin=R1033A-2
Removed Pin From Net: NetName=NetC1025B_2 Pin=R1033B-1
Removed Pin From Net: NetName=NetK1000B_7 Pin=R1033B-2
Removed Pin From Net: NetName=NetC1025C_2 Pin=R1033C-1
Removed Pin From Net: NetName=NetK1000C_7 Pin=R1033C-2
Removed Pin From Net: NetName=NetC1025D_2 Pin=R1033D-1
Removed Pin From Net: NetName=NetK1000D_7 Pin=R1033D-2
Removed Pin From Net: NetName=NetC1025A_2 Pin=R1034A-1
Removed Pin From Net: NetName=NetK1000A_7 Pin=R1034A-2
Removed Pin From Net: NetName=NetC1025B_2 Pin=R1034B-1
Removed Pin From Net: NetName=NetK1000B_7 Pin=R1034B-2
Removed Pin From Net: NetName=NetC1025C_2 Pin=R1034C-1
Removed Pin From Net: NetName=NetK1000C_7 Pin=R1034C-2
Removed Pin From Net: NetName=NetC1025D_2 Pin=R1034D-1
Removed Pin From Net: NetName=NetK1000D_7 Pin=R1034D-2
Removed Pin From Net: NetName=SCL Pin=TP43-
Removed Member From Class: ClassName=CH1 Member=R1033A
Removed Member From Class: ClassName=CH2 Member=R1033B
Removed Member From Class: ClassName=CH3 Member=R1033C
Removed Member From Class: ClassName=CH4 Member=R1033D
Removed Member From Class: ClassName=CH1 Member=R1034A
Removed Member From Class: ClassName=CH2 Member=R1034B
Removed Member From Class: ClassName=CH3 Member=R1034C
Removed Member From Class: ClassName=CH4 Member=R1034D
Change Component DesignItemId : Designator=C1023A Old DesignItemId=CAP 10pF 250V C0G 0603 New DesignItemId=CAP 6pF 250V C0G 0603
Change Component DesignItemId : Designator=C1023B Old DesignItemId=CAP 10pF 250V C0G 0603 New DesignItemId=CAP 6pF 250V C0G 0603
Change Component DesignItemId : Designator=C1023C Old DesignItemId=CAP 10pF 250V C0G 0603 New DesignItemId=CAP 6pF 250V C0G 0603
Change Component DesignItemId : Designator=C1023D Old DesignItemId=CAP 10pF 250V C0G 0603 New DesignItemId=CAP 6pF 250V C0G 0603
Change Component DesignItemId : Designator=R1036A Old DesignItemId=RES 30 OHM 1% 1/3W 0603 New DesignItemId=RES 49.9 OHM 1% 1/10W 0402
Change Component DesignItemId : Designator=R1036B Old DesignItemId=RES 30 OHM 1% 1/3W 0603 New DesignItemId=RES 49.9 OHM 1% 1/10W 0402
Change Component DesignItemId : Designator=R1036C Old DesignItemId=RES 30 OHM 1% 1/3W 0603 New DesignItemId=RES 49.9 OHM 1% 1/10W 0402
Change Component DesignItemId : Designator=R1036D Old DesignItemId=RES 30 OHM 1% 1/3W 0603 New DesignItemId=RES 49.9 OHM 1% 1/10W 0402
Change Component DesignItemId : Designator=R1037A Old DesignItemId=RES TBD 0603 New DesignItemId=IND TBD 0402
Change Component DesignItemId : Designator=R1037B Old DesignItemId=RES TBD 0603 New DesignItemId=IND TBD 0402
Change Component DesignItemId : Designator=R1037C Old DesignItemId=RES TBD 0603 New DesignItemId=IND TBD 0402
Change Component DesignItemId : Designator=R1037D Old DesignItemId=RES TBD 0603 New DesignItemId=IND TBD 0402
Change Component Footprint: Designator=R1037A Old Footprint=GEN_R_0603 New Footprint=GEN_L_0402
Change Component Footprint: Designator=R1037B Old Footprint=GEN_R_0603 New Footprint=GEN_L_0402
Change Component Footprint: Designator=R1037C Old Footprint=GEN_R_0603 New Footprint=GEN_L_0402
Change Component Footprint: Designator=R1037D Old Footprint=GEN_R_0603 New Footprint=GEN_L_0402
Change Component Footprint: Designator=R1036A Old Footprint=GEN_R_0603 New Footprint=GEN_R_0402
Change Component Footprint: Designator=R1036B Old Footprint=GEN_R_0603 New Footprint=GEN_R_0402
Change Component Footprint: Designator=R1036C Old Footprint=GEN_R_0603 New Footprint=GEN_R_0402
Change Component Footprint: Designator=R1036D Old Footprint=GEN_R_0603 New Footprint=GEN_R_0402
Change Component Comment : Designator=C1023A Old Comment=10pF New Comment=6pF
Change Component Comment : Designator=C1023B Old Comment=10pF New Comment=6pF
Change Component Comment : Designator=C1023C Old Comment=10pF New Comment=6pF
Change Component Comment : Designator=C1023D Old Comment=10pF New Comment=6pF
Change Component Comment : Designator=R1036A Old Comment=30 New Comment=49.9
Change Component Comment : Designator=R1036B Old Comment=30 New Comment=49.9
Change Component Comment : Designator=R1036C Old Comment=30 New Comment=49.9
Change Component Comment : Designator=R1036D Old Comment=30 New Comment=49.9
Change component parameters: Designator = "C1023A" ("C1023"); Footprint = "GEN_C_0603"; UniqueID = "\LFQUXEVB\QZMSFBXE\FCBTUEYA" ("\LFQUXEVB\QZMSFBXE\FCBTUEYA")
Change component parameters (AddParameter): Name = "House Part Number"; Value = ""; VariantName = "[No Variations]"
Change component parameters (AddParameter): Name = "Manufacturer"; Value = "KEMET"; VariantName = "[No Variations]"
Change component parameters (AddParameter): Name = "Manufacturer Part Number"; Value = "CBR06C609BAGAC"; VariantName = "[No Variations]"
Change component parameters (AddParameter): Name = "Package"; Value = "0603"; VariantName = "[No Variations]"
Change component parameters (AddParameter): Name = "Supplier 1"; Value = "Digi-Key"; VariantName = "[No Variations]"
Change component parameters (AddParameter): Name = "Supplier Part Number 1"; Value = "399-8734-1-ND"; VariantName = "[No Variations]"
Change component parameters (AddParameter): Name = "Value"; Value = "6pF"; VariantName = "[No Variations]"
Change component parameters (AddParameter): Name = "Voltage Rating"; Value = "250V"; VariantName = "[No Variations]"
Change component parameters: Designator = "C1023B" ("C1023"); Footprint = "GEN_C_0603"; UniqueID = "\LFQUXEVB\QXYCCULR\FCBTUEYA" ("\LFQUXEVB\QXYCCULR\FCBTUEYA")
Change component parameters (AddParameter): Name = "House Part Number"; Value = ""; VariantName = "[No Variations]"
Change component parameters (AddParameter): Name = "Manufacturer"; Value = "KEMET"; VariantName = "[No Variations]"
Change component parameters (AddParameter): Name = "Manufacturer Part Number"; Value = "CBR06C609BAGAC"; VariantName = "[No Variations]"
Change component parameters (AddParameter): Name = "Package"; Value = "0603"; VariantName = "[No Variations]"
Change component parameters (AddParameter): Name = "Supplier 1"; Value = "Digi-Key"; VariantName = "[No Variations]"
Change component parameters (AddParameter): Name = "Supplier Part Number 1"; Value = "399-8734-1-ND"; VariantName = "[No Variations]"
Change component parameters (AddParameter): Name = "Value"; Value = "6pF"; VariantName = "[No Variations]"
Change component parameters (AddParameter): Name = "Voltage Rating"; Value = "250V"; VariantName = "[No Variations]"
Change component parameters: Designator = "C1023C" ("C1023"); Footprint = "GEN_C_0603"; UniqueID = "\LFQUXEVB\DSBYOQXN\FCBTUEYA" ("\LFQUXEVB\DSBYOQXN\FCBTUEYA")
Change component parameters (AddParameter): Name = "House Part Number"; Value = ""; VariantName = "[No Variations]"
Change component parameters (AddParameter): Name = "Manufacturer"; Value = "KEMET"; VariantName = "[No Variations]"
Change component parameters (AddParameter): Name = "Manufacturer Part Number"; Value = "CBR06C609BAGAC"; VariantName = "[No Variations]"
Change component parameters (AddParameter): Name = "Package"; Value = "0603"; VariantName = "[No Variations]"
Change component parameters (AddParameter): Name = "Supplier 1"; Value = "Digi-Key"; VariantName = "[No Variations]"
Change component parameters (AddParameter): Name = "Supplier Part Number 1"; Value = "399-8734-1-ND"; VariantName = "[No Variations]"
Change component parameters (AddParameter): Name = "Value"; Value = "6pF"; VariantName = "[No Variations]"
Change component parameters (AddParameter): Name = "Voltage Rating"; Value = "250V"; VariantName = "[No Variations]"
Change component parameters: Designator = "C1023D" ("C1023"); Footprint = "GEN_C_0603"; UniqueID = "\LFQUXEVB\OJFNMMJL\FCBTUEYA" ("\LFQUXEVB\OJFNMMJL\FCBTUEYA")
Change component parameters (AddParameter): Name = "House Part Number"; Value = ""; VariantName = "[No Variations]"
Change component parameters (AddParameter): Name = "Manufacturer"; Value = "KEMET"; VariantName = "[No Variations]"
Change component parameters (AddParameter): Name = "Manufacturer Part Number"; Value = "CBR06C609BAGAC"; VariantName = "[No Variations]"
Change component parameters (AddParameter): Name = "Package"; Value = "0603"; VariantName = "[No Variations]"
Change component parameters (AddParameter): Name = "Supplier 1"; Value = "Digi-Key"; VariantName = "[No Variations]"
Change component parameters (AddParameter): Name = "Supplier Part Number 1"; Value = "399-8734-1-ND"; VariantName = "[No Variations]"
Change component parameters (AddParameter): Name = "Value"; Value = "6pF"; VariantName = "[No Variations]"
Change component parameters (AddParameter): Name = "Voltage Rating"; Value = "250V"; VariantName = "[No Variations]"
Change component parameters: Designator = "R1036A" ("R1036"); Footprint = "GEN_R_0603"; UniqueID = "\LFQUXEVB\QZMSFBXE\GMFYUDTN" ("\LFQUXEVB\QZMSFBXE\GMFYUDTN")
Change component parameters (AddParameter): Name = "House Part Number"; Value = ""; VariantName = "[No Variations]"
Change component parameters (AddParameter): Name = "Manufacturer"; Value = "Yageo"; VariantName = "[No Variations]"
Change component parameters (AddParameter): Name = "Manufacturer Part Number"; Value = "RC0402FR-0749R9L"; VariantName = "[No Variations]"
Change component parameters (AddParameter): Name = "Package"; Value = "0402"; VariantName = "[No Variations]"
Change component parameters (AddParameter): Name = "Supplier 1"; Value = "Digi-Key"; VariantName = "[No Variations]"
Change component parameters (AddParameter): Name = "Supplier Part Number 1"; Value = "311-49.9LRCT-ND"; VariantName = "[No Variations]"
Change component parameters (AddParameter): Name = "Tolerance"; Value = "1%"; VariantName = "[No Variations]"
Change component parameters (AddParameter): Name = "Value"; Value = "49.9"; VariantName = "[No Variations]"
Change component parameters: Designator = "R1036B" ("R1036"); Footprint = "GEN_R_0603"; UniqueID = "\LFQUXEVB\QXYCCULR\GMFYUDTN" ("\LFQUXEVB\QXYCCULR\GMFYUDTN")
Change component parameters (AddParameter): Name = "House Part Number"; Value = ""; VariantName = "[No Variations]"
Change component parameters (AddParameter): Name = "Manufacturer"; Value = "Yageo"; VariantName = "[No Variations]"
Change component parameters (AddParameter): Name = "Manufacturer Part Number"; Value = "RC0402FR-0749R9L"; VariantName = "[No Variations]"
Change component parameters (AddParameter): Name = "Package"; Value = "0402"; VariantName = "[No Variations]"
Change component parameters (AddParameter): Name = "Supplier 1"; Value = "Digi-Key"; VariantName = "[No Variations]"
Change component parameters (AddParameter): Name = "Supplier Part Number 1"; Value = "311-49.9LRCT-ND"; VariantName = "[No Variations]"
Change component parameters (AddParameter): Name = "Tolerance"; Value = "1%"; VariantName = "[No Variations]"
Change component parameters (AddParameter): Name = "Value"; Value = "49.9"; VariantName = "[No Variations]"
Change component parameters: Designator = "R1036C" ("R1036"); Footprint = "GEN_R_0603"; UniqueID = "\LFQUXEVB\DSBYOQXN\GMFYUDTN" ("\LFQUXEVB\DSBYOQXN\GMFYUDTN")
Change component parameters (AddParameter): Name = "House Part Number"; Value = ""; VariantName = "[No Variations]"
Change component parameters (AddParameter): Name = "Manufacturer"; Value = "Yageo"; VariantName = "[No Variations]"
Change component parameters (AddParameter): Name = "Manufacturer Part Number"; Value = "RC0402FR-0749R9L"; VariantName = "[No Variations]"
Change component parameters (AddParameter): Name = "Package"; Value = "0402"; VariantName = "[No Variations]"
Change component parameters (AddParameter): Name = "Supplier 1"; Value = "Digi-Key"; VariantName = "[No Variations]"
Change component parameters (AddParameter): Name = "Supplier Part Number 1"; Value = "311-49.9LRCT-ND"; VariantName = "[No Variations]"
Change component parameters (AddParameter): Name = "Tolerance"; Value = "1%"; VariantName = "[No Variations]"
Change component parameters (AddParameter): Name = "Value"; Value = "49.9"; VariantName = "[No Variations]"
Change component parameters: Designator = "R1036D" ("R1036"); Footprint = "GEN_R_0603"; UniqueID = "\LFQUXEVB\OJFNMMJL\GMFYUDTN" ("\LFQUXEVB\OJFNMMJL\GMFYUDTN")
Change component parameters (AddParameter): Name = "House Part Number"; Value = ""; VariantName = "[No Variations]"
Change component parameters (AddParameter): Name = "Manufacturer"; Value = "Yageo"; VariantName = "[No Variations]"
Change component parameters (AddParameter): Name = "Manufacturer Part Number"; Value = "RC0402FR-0749R9L"; VariantName = "[No Variations]"
Change component parameters (AddParameter): Name = "Package"; Value = "0402"; VariantName = "[No Variations]"
Change component parameters (AddParameter): Name = "Supplier 1"; Value = "Digi-Key"; VariantName = "[No Variations]"
Change component parameters (AddParameter): Name = "Supplier Part Number 1"; Value = "311-49.9LRCT-ND"; VariantName = "[No Variations]"
Change component parameters (AddParameter): Name = "Tolerance"; Value = "1%"; VariantName = "[No Variations]"
Change component parameters (AddParameter): Name = "Value"; Value = "49.9"; VariantName = "[No Variations]"
Change component parameters: Designator = "R1037A" ("R1037"); Footprint = "GEN_R_0603"; UniqueID = "\LFQUXEVB\QZMSFBXE\NJVHFHXM" ("\LFQUXEVB\QZMSFBXE\NJVHFHXM")
Change component parameters (AddParameter): Name = "House Part Number"; Value = ""; VariantName = "[No Variations]"
Change component parameters (AddParameter): Name = "Manufacturer"; Value = ""; VariantName = "[No Variations]"
Change component parameters (AddParameter): Name = "Manufacturer Part Number"; Value = ""; VariantName = "[No Variations]"
Change component parameters (AddParameter): Name = "Value"; Value = "TBD"; VariantName = "[No Variations]"
Change component parameters: Designator = "R1037B" ("R1037"); Footprint = "GEN_R_0603"; UniqueID = "\LFQUXEVB\QXYCCULR\NJVHFHXM" ("\LFQUXEVB\QXYCCULR\NJVHFHXM")
Change component parameters (AddParameter): Name = "House Part Number"; Value = ""; VariantName = "[No Variations]"
Change component parameters (AddParameter): Name = "Manufacturer"; Value = ""; VariantName = "[No Variations]"
Change component parameters (AddParameter): Name = "Manufacturer Part Number"; Value = ""; VariantName = "[No Variations]"
Change component parameters (AddParameter): Name = "Value"; Value = "TBD"; VariantName = "[No Variations]"
Change component parameters: Designator = "R1037C" ("R1037"); Footprint = "GEN_R_0603"; UniqueID = "\LFQUXEVB\DSBYOQXN\NJVHFHXM" ("\LFQUXEVB\DSBYOQXN\NJVHFHXM")
Change component parameters (AddParameter): Name = "House Part Number"; Value = ""; VariantName = "[No Variations]"
Change component parameters (AddParameter): Name = "Manufacturer"; Value = ""; VariantName = "[No Variations]"
Change component parameters (AddParameter): Name = "Manufacturer Part Number"; Value = ""; VariantName = "[No Variations]"
Change component parameters (AddParameter): Name = "Value"; Value = "TBD"; VariantName = "[No Variations]"
Change component parameters: Designator = "R1037D" ("R1037"); Footprint = "GEN_R_0603"; UniqueID = "\LFQUXEVB\OJFNMMJL\NJVHFHXM" ("\LFQUXEVB\OJFNMMJL\NJVHFHXM")
Change component parameters (AddParameter): Name = "House Part Number"; Value = ""; VariantName = "[No Variations]"
Change component parameters (AddParameter): Name = "Manufacturer"; Value = ""; VariantName = "[No Variations]"
Change component parameters (AddParameter): Name = "Manufacturer Part Number"; Value = ""; VariantName = "[No Variations]"
Change component parameters (AddParameter): Name = "Value"; Value = "TBD"; VariantName = "[No Variations]"
Add Pin To Net: Unknown Pin: Pin TP43-1
