Removed Pin From Net: NetName=GND Pin=C31A-1
Removed Pin From Net: NetName=GND Pin=C31B-1
Removed Pin From Net: NetName=GND Pin=C31C-1
Removed Pin From Net: NetName=GND Pin=C31D-1
Removed Pin From Net: NetName=GND Pin=C32A-2
Removed Pin From Net: NetName=GND Pin=C32B-2
Removed Pin From Net: NetName=GND Pin=C32C-2
Removed Pin From Net: NetName=GND Pin=C32D-2
Removed Pin From Net: NetName=GND Pin=C33A-2
Removed Pin From Net: NetName=GND Pin=C33B-2
Removed Pin From Net: NetName=GND Pin=C33C-2
Removed Pin From Net: NetName=GND Pin=C33D-2
Removed Pin From Net: NetName=GND Pin=C34A-2
Removed Pin From Net: NetName=GND Pin=C34B-2
Removed Pin From Net: NetName=GND Pin=C34C-2
Removed Pin From Net: NetName=GND Pin=C34D-2
Removed Pin From Net: NetName=GND Pin=C35A-1
Removed Pin From Net: NetName=GND Pin=C35B-1
Removed Pin From Net: NetName=GND Pin=C35C-1
Removed Pin From Net: NetName=GND Pin=C35D-1
Removed Pin From Net: NetName=GND Pin=C38A-1
Removed Pin From Net: NetName=GND Pin=C38B-1
Removed Pin From Net: NetName=GND Pin=C38C-1
Removed Pin From Net: NetName=GND Pin=C38D-1
Removed Pin From Net: NetName=GND Pin=C39A-2
Removed Pin From Net: NetName=GND Pin=C39B-2
Removed Pin From Net: NetName=GND Pin=C39C-2
Removed Pin From Net: NetName=GND Pin=C39D-2
Removed Pin From Net: NetName=GND Pin=C63A-2
Removed Pin From Net: NetName=GND Pin=C63B-2
Removed Pin From Net: NetName=GND Pin=C63C-2
Removed Pin From Net: NetName=GND Pin=C63D-2
Removed Pin From Net: NetName=GND Pin=C64A-2
Removed Pin From Net: NetName=GND Pin=C64B-2
Removed Pin From Net: NetName=GND Pin=C64C-2
Removed Pin From Net: NetName=GND Pin=C64D-2
Removed Pin From Net: NetName=GND Pin=C78A-1
Removed Pin From Net: NetName=GND Pin=C78B-1
Removed Pin From Net: NetName=GND Pin=C78C-1
Removed Pin From Net: NetName=GND Pin=C78D-1
Removed Pin From Net: NetName=-5V Pin=R51A-1
Removed Pin From Net: NetName=NetR50A_2 Pin=R51A-2
Removed Pin From Net: NetName=-5V Pin=R51B-1
Removed Pin From Net: NetName=NetR50B_2 Pin=R51B-2
Removed Pin From Net: NetName=-5V Pin=R51C-1
Removed Pin From Net: NetName=NetR50C_2 Pin=R51C-2
Removed Pin From Net: NetName=-5V Pin=R51D-1
Removed Pin From Net: NetName=NetR50D_2 Pin=R51D-2
Removed Pin From Net: NetName=NetR41A_1 Pin=U9A-3
Removed Pin From Net: NetName=NetR41B_1 Pin=U9B-3
Removed Pin From Net: NetName=NetR41C_1 Pin=U9C-3
Removed Pin From Net: NetName=NetR41D_1 Pin=U9D-3
Removed Pin From Net: NetName=DC_CPL_1 Pin=U10A-1
Removed Pin From Net: NetName=DC_CPL_2 Pin=U10B-1
Removed Pin From Net: NetName=DC_CPL_3 Pin=U10C-1
Removed Pin From Net: NetName=DC_CPL_4 Pin=U10D-1
Change Component Footprint: Designator=C17A Old Footprint=GEN_C_0603 New Footprint=GEN_C_0402
Change Component Footprint: Designator=C17B Old Footprint=GEN_C_0603 New Footprint=GEN_C_0402
Change Component Footprint: Designator=C17C Old Footprint=GEN_C_0603 New Footprint=GEN_C_0402
Change Component Footprint: Designator=C17D Old Footprint=GEN_C_0603 New Footprint=GEN_C_0402
Change Component Footprint: Designator=U10A Old Footprint=IXY_CPC1017 New Footprint=TI_SOT23_8_DCN
Change Component Footprint: Designator=U10B Old Footprint=IXY_CPC1017 New Footprint=TI_SOT23_8_DCN
Change Component Footprint: Designator=U10C Old Footprint=IXY_CPC1017 New Footprint=TI_SOT23_8_DCN
Change Component Footprint: Designator=U10D Old Footprint=IXY_CPC1017 New Footprint=TI_SOT23_8_DCN
Change Component Comment : Designator=R31A Old Comment=0 New Comment=49.9
Change Component Comment : Designator=R31B Old Comment=0 New Comment=49.9
Change Component Comment : Designator=R31C Old Comment=0 New Comment=49.9
Change Component Comment : Designator=R31D Old Comment=0 New Comment=49.9
Change Component Comment : Designator=R33A Old Comment=0 New Comment=49.9
Change Component Comment : Designator=R33B Old Comment=0 New Comment=49.9
Change Component Comment : Designator=R33C Old Comment=0 New Comment=49.9
Change Component Comment : Designator=R33D Old Comment=0 New Comment=49.9
Change Component Comment : Designator=R51A Old Comment=0 New Comment=90.9k
Change Component Comment : Designator=R51B Old Comment=0 New Comment=90.9k
Change Component Comment : Designator=R51C Old Comment=0 New Comment=90.9k
Change Component Comment : Designator=R51D Old Comment=0 New Comment=90.9k
Change Component Comment : Designator=C18A Old Comment=5.5-20pF New Comment=3-10pF
Change Component Comment : Designator=C18B Old Comment=5.5-20pF New Comment=3-10pF
Change Component Comment : Designator=C18C Old Comment=5.5-20pF New Comment=3-10pF
Change Component Comment : Designator=C18D Old Comment=5.5-20pF New Comment=3-10pF
Change Component Comment : Designator=R26A Old Comment=10K New Comment=20k
Change Component Comment : Designator=R26B Old Comment=10K New Comment=20k
Change Component Comment : Designator=R26C Old Comment=10K New Comment=20k
Change Component Comment : Designator=R26D Old Comment=10K New Comment=20k
Change Component Comment : Designator=C17A Old Comment=22nF New Comment=100nF
Change Component Comment : Designator=C17B Old Comment=22nF New Comment=100nF
Change Component Comment : Designator=C17C Old Comment=22nF New Comment=100nF
Change Component Comment : Designator=C17D Old Comment=22nF New Comment=100nF
Change Component Comment : Designator=R24A Old Comment=309K New Comment=300K
Change Component Comment : Designator=R24B Old Comment=309K New Comment=300K
Change Component Comment : Designator=R24C Old Comment=309K New Comment=300K
Change Component Comment : Designator=R24D Old Comment=309K New Comment=300K
Change Component Comment : Designator=C20A Old Comment=680pF New Comment=180pF
Change Component Comment : Designator=C20B Old Comment=680pF New Comment=180pF
Change Component Comment : Designator=C20C Old Comment=680pF New Comment=180pF
Change Component Comment : Designator=C20D Old Comment=680pF New Comment=180pF
Change Component Comment : Designator=R25A Old Comment=681K New Comment=680K
Change Component Comment : Designator=R25B Old Comment=681K New Comment=680K
Change Component Comment : Designator=R25C Old Comment=681K New Comment=680K
Change Component Comment : Designator=R25D Old Comment=681K New Comment=680K
Change Component Comment : Designator=U10A Old Comment=CPC1019NTR New Comment=TMUX6119DCNR
Change Component Comment : Designator=U10B Old Comment=CPC1019NTR New Comment=TMUX6119DCNR
Change Component Comment : Designator=U10C Old Comment=CPC1019NTR New Comment=TMUX6119DCNR
Change Component Comment : Designator=U10D Old Comment=CPC1019NTR New Comment=TMUX6119DCNR
Change component parameters: Designator = "C17A" ("C17"); Footprint = "GEN_C_0603"; UniqueID = "\LFQUXEVB\QZMSFBXE\EXMOYDGR" ("\LFQUXEVB\QZMSFBXE\EXMOYDGR")
Change component parameters (AddParameter): Name = "Package"; Value = "0402"; VariantName = "[No Variations]"
Change component parameters (AddParameter): Name = "Supplier 1"; Value = "Digi-Key"; VariantName = "[No Variations]"
Change component parameters (AddParameter): Name = "Supplier Part Number 1"; Value = "490-4759-1-ND"; VariantName = "[No Variations]"
Change component parameters (AddParameter): Name = "Value"; Value = "100nF"; VariantName = "[No Variations]"
Change component parameters (AddParameter): Name = "Voltage Rating"; Value = "16V"; VariantName = "[No Variations]"
Change component parameters: Designator = "C17B" ("C17"); Footprint = "GEN_C_0603"; UniqueID = "\LFQUXEVB\QXYCCULR\EXMOYDGR" ("\LFQUXEVB\QXYCCULR\EXMOYDGR")
Change component parameters (AddParameter): Name = "Package"; Value = "0402"; VariantName = "[No Variations]"
Change component parameters (AddParameter): Name = "Supplier 1"; Value = "Digi-Key"; VariantName = "[No Variations]"
Change component parameters (AddParameter): Name = "Supplier Part Number 1"; Value = "490-4759-1-ND"; VariantName = "[No Variations]"
Change component parameters (AddParameter): Name = "Value"; Value = "100nF"; VariantName = "[No Variations]"
Change component parameters (AddParameter): Name = "Voltage Rating"; Value = "16V"; VariantName = "[No Variations]"
Change component parameters: Designator = "C17C" ("C17"); Footprint = "GEN_C_0603"; UniqueID = "\LFQUXEVB\DSBYOQXN\EXMOYDGR" ("\LFQUXEVB\DSBYOQXN\EXMOYDGR")
Change component parameters (AddParameter): Name = "Package"; Value = "0402"; VariantName = "[No Variations]"
Change component parameters (AddParameter): Name = "Supplier 1"; Value = "Digi-Key"; VariantName = "[No Variations]"
Change component parameters (AddParameter): Name = "Supplier Part Number 1"; Value = "490-4759-1-ND"; VariantName = "[No Variations]"
Change component parameters (AddParameter): Name = "Value"; Value = "100nF"; VariantName = "[No Variations]"
Change component parameters (AddParameter): Name = "Voltage Rating"; Value = "16V"; VariantName = "[No Variations]"
Change component parameters: Designator = "C17D" ("C17"); Footprint = "GEN_C_0603"; UniqueID = "\LFQUXEVB\OJFNMMJL\EXMOYDGR" ("\LFQUXEVB\OJFNMMJL\EXMOYDGR")
Change component parameters (AddParameter): Name = "Package"; Value = "0402"; VariantName = "[No Variations]"
Change component parameters (AddParameter): Name = "Supplier 1"; Value = "Digi-Key"; VariantName = "[No Variations]"
Change component parameters (AddParameter): Name = "Supplier Part Number 1"; Value = "490-4759-1-ND"; VariantName = "[No Variations]"
Change component parameters (AddParameter): Name = "Value"; Value = "100nF"; VariantName = "[No Variations]"
Change component parameters (AddParameter): Name = "Voltage Rating"; Value = "16V"; VariantName = "[No Variations]"
Change component parameters: Designator = "C18A" ("C18"); Footprint = "EW_TRIMCAP"; UniqueID = "\LFQUXEVB\QZMSFBXE\AJNYLHEZ" ("\LFQUXEVB\QZMSFBXE\AJNYLHEZ")
Change component parameters (AddParameter): Name = "House Part Number"; Value = ""; VariantName = "[No Variations]"
Change component parameters (AddParameter): Name = "Manufacturer"; Value = "Panasonic"; VariantName = "[No Variations]"
Change component parameters (AddParameter): Name = "Manufacturer Part Number"; Value = "SGC3S100"; VariantName = "[No Variations]"
Change component parameters (AddParameter): Name = "Supplier 1"; Value = "Digi-Key"; VariantName = "[No Variations]"
Change component parameters (AddParameter): Name = "Supplier Part Number 1"; Value = "2447-SGC3S100CT-ND"; VariantName = "[No Variations]"
Change component parameters (AddParameter): Name = "Value"; Value = "3-10pF"; VariantName = "[No Variations]"
Change component parameters: Designator = "C18B" ("C18"); Footprint = "EW_TRIMCAP"; UniqueID = "\LFQUXEVB\QXYCCULR\AJNYLHEZ" ("\LFQUXEVB\QXYCCULR\AJNYLHEZ")
Change component parameters (AddParameter): Name = "House Part Number"; Value = ""; VariantName = "[No Variations]"
Change component parameters (AddParameter): Name = "Manufacturer"; Value = "Panasonic"; VariantName = "[No Variations]"
Change component parameters (AddParameter): Name = "Manufacturer Part Number"; Value = "SGC3S100"; VariantName = "[No Variations]"
Change component parameters (AddParameter): Name = "Supplier 1"; Value = "Digi-Key"; VariantName = "[No Variations]"
Change component parameters (AddParameter): Name = "Supplier Part Number 1"; Value = "2447-SGC3S100CT-ND"; VariantName = "[No Variations]"
Change component parameters (AddParameter): Name = "Value"; Value = "3-10pF"; VariantName = "[No Variations]"
Change component parameters: Designator = "C18C" ("C18"); Footprint = "EW_TRIMCAP"; UniqueID = "\LFQUXEVB\DSBYOQXN\AJNYLHEZ" ("\LFQUXEVB\DSBYOQXN\AJNYLHEZ")
Change component parameters (AddParameter): Name = "House Part Number"; Value = ""; VariantName = "[No Variations]"
Change component parameters (AddParameter): Name = "Manufacturer"; Value = "Panasonic"; VariantName = "[No Variations]"
Change component parameters (AddParameter): Name = "Manufacturer Part Number"; Value = "SGC3S100"; VariantName = "[No Variations]"
Change component parameters (AddParameter): Name = "Supplier 1"; Value = "Digi-Key"; VariantName = "[No Variations]"
Change component parameters (AddParameter): Name = "Supplier Part Number 1"; Value = "2447-SGC3S100CT-ND"; VariantName = "[No Variations]"
Change component parameters (AddParameter): Name = "Value"; Value = "3-10pF"; VariantName = "[No Variations]"
Change component parameters: Designator = "C18D" ("C18"); Footprint = "EW_TRIMCAP"; UniqueID = "\LFQUXEVB\OJFNMMJL\AJNYLHEZ" ("\LFQUXEVB\OJFNMMJL\AJNYLHEZ")
Change component parameters (AddParameter): Name = "House Part Number"; Value = ""; VariantName = "[No Variations]"
Change component parameters (AddParameter): Name = "Manufacturer"; Value = "Panasonic"; VariantName = "[No Variations]"
Change component parameters (AddParameter): Name = "Manufacturer Part Number"; Value = "SGC3S100"; VariantName = "[No Variations]"
Change component parameters (AddParameter): Name = "Supplier 1"; Value = "Digi-Key"; VariantName = "[No Variations]"
Change component parameters (AddParameter): Name = "Supplier Part Number 1"; Value = "2447-SGC3S100CT-ND"; VariantName = "[No Variations]"
Change component parameters (AddParameter): Name = "Value"; Value = "3-10pF"; VariantName = "[No Variations]"
Change component parameters: Designator = "C20A" ("C20"); Footprint = "GEN_C_0402"; UniqueID = "\LFQUXEVB\QZMSFBXE\RQYRWGPO" ("\LFQUXEVB\QZMSFBXE\RQYRWGPO")
Change component parameters (AddParameter): Name = "House Part Number"; Value = ""; VariantName = "[No Variations]"
Change component parameters (AddParameter): Name = "Manufacturer"; Value = "Murata"; VariantName = "[No Variations]"
Change component parameters (AddParameter): Name = "Manufacturer Part Number"; Value = "GCM1555C1H301FA16D"; VariantName = "[No Variations]"
Change component parameters (AddParameter): Name = "Package"; Value = "0402"; VariantName = "[No Variations]"
Change component parameters (AddParameter): Name = "Supplier 1"; Value = "Digi-Key"; VariantName = "[No Variations]"
Change component parameters (AddParameter): Name = "Supplier Part Number 1"; Value = "490-16455-1-ND"; VariantName = "[No Variations]"
Change component parameters (AddParameter): Name = "Temperature Coefficient"; Value = "C0G"; VariantName = "[No Variations]"
Change component parameters (AddParameter): Name = "Value"; Value = "180pF"; VariantName = "[No Variations]"
Change component parameters (AddParameter): Name = "Voltage Rating"; Value = "50V"; VariantName = "[No Variations]"
Change component parameters: Designator = "C20B" ("C20"); Footprint = "GEN_C_0402"; UniqueID = "\LFQUXEVB\QXYCCULR\RQYRWGPO" ("\LFQUXEVB\QXYCCULR\RQYRWGPO")
Change component parameters (AddParameter): Name = "House Part Number"; Value = ""; VariantName = "[No Variations]"
Change component parameters (AddParameter): Name = "Manufacturer"; Value = "Murata"; VariantName = "[No Variations]"
Change component parameters (AddParameter): Name = "Manufacturer Part Number"; Value = "GCM1555C1H301FA16D"; VariantName = "[No Variations]"
Change component parameters (AddParameter): Name = "Package"; Value = "0402"; VariantName = "[No Variations]"
Change component parameters (AddParameter): Name = "Supplier 1"; Value = "Digi-Key"; VariantName = "[No Variations]"
Change component parameters (AddParameter): Name = "Supplier Part Number 1"; Value = "490-16455-1-ND"; VariantName = "[No Variations]"
Change component parameters (AddParameter): Name = "Temperature Coefficient"; Value = "C0G"; VariantName = "[No Variations]"
Change component parameters (AddParameter): Name = "Value"; Value = "180pF"; VariantName = "[No Variations]"
Change component parameters (AddParameter): Name = "Voltage Rating"; Value = "50V"; VariantName = "[No Variations]"
Change component parameters: Designator = "C20C" ("C20"); Footprint = "GEN_C_0402"; UniqueID = "\LFQUXEVB\DSBYOQXN\RQYRWGPO" ("\LFQUXEVB\DSBYOQXN\RQYRWGPO")
Change component parameters (AddParameter): Name = "House Part Number"; Value = ""; VariantName = "[No Variations]"
Change component parameters (AddParameter): Name = "Manufacturer"; Value = "Murata"; VariantName = "[No Variations]"
Change component parameters (AddParameter): Name = "Manufacturer Part Number"; Value = "GCM1555C1H301FA16D"; VariantName = "[No Variations]"
Change component parameters (AddParameter): Name = "Package"; Value = "0402"; VariantName = "[No Variations]"
Change component parameters (AddParameter): Name = "Supplier 1"; Value = "Digi-Key"; VariantName = "[No Variations]"
Change component parameters (AddParameter): Name = "Supplier Part Number 1"; Value = "490-16455-1-ND"; VariantName = "[No Variations]"
Change component parameters (AddParameter): Name = "Temperature Coefficient"; Value = "C0G"; VariantName = "[No Variations]"
Change component parameters (AddParameter): Name = "Value"; Value = "180pF"; VariantName = "[No Variations]"
Change component parameters (AddParameter): Name = "Voltage Rating"; Value = "50V"; VariantName = "[No Variations]"
Change component parameters: Designator = "C20D" ("C20"); Footprint = "GEN_C_0402"; UniqueID = "\LFQUXEVB\OJFNMMJL\RQYRWGPO" ("\LFQUXEVB\OJFNMMJL\RQYRWGPO")
Change component parameters (AddParameter): Name = "House Part Number"; Value = ""; VariantName = "[No Variations]"
Change component parameters (AddParameter): Name = "Manufacturer"; Value = "Murata"; VariantName = "[No Variations]"
Change component parameters (AddParameter): Name = "Manufacturer Part Number"; Value = "GCM1555C1H301FA16D"; VariantName = "[No Variations]"
Change component parameters (AddParameter): Name = "Package"; Value = "0402"; VariantName = "[No Variations]"
Change component parameters (AddParameter): Name = "Supplier 1"; Value = "Digi-Key"; VariantName = "[No Variations]"
Change component parameters (AddParameter): Name = "Supplier Part Number 1"; Value = "490-16455-1-ND"; VariantName = "[No Variations]"
Change component parameters (AddParameter): Name = "Temperature Coefficient"; Value = "C0G"; VariantName = "[No Variations]"
Change component parameters (AddParameter): Name = "Value"; Value = "180pF"; VariantName = "[No Variations]"
Change component parameters (AddParameter): Name = "Voltage Rating"; Value = "50V"; VariantName = "[No Variations]"
Change component parameters: Designator = "R24A" ("R24"); Footprint = "GEN_R_0402"; UniqueID = "\LFQUXEVB\QZMSFBXE\OCGKMJLX" ("\LFQUXEVB\QZMSFBXE\OCGKMJLX")
Change component parameters (AddParameter): Name = "House Part Number"; Value = ""; VariantName = "[No Variations]"
Change component parameters (AddParameter): Name = "Manufacturer"; Value = "Panasonic"; VariantName = "[No Variations]"
Change component parameters (AddParameter): Name = "Manufacturer Part Number"; Value = "ERJ-2RKF3003X"; VariantName = "[No Variations]"
Change component parameters (AddParameter): Name = "Package"; Value = "0402"; VariantName = "[No Variations]"
Change component parameters (AddParameter): Name = "Supplier 1"; Value = "Digi-Key"; VariantName = "[No Variations]"
Change component parameters (AddParameter): Name = "Supplier Part Number 1"; Value = "P300KLCT-ND"; VariantName = "[No Variations]"
Change component parameters (AddParameter): Name = "Tolerance"; Value = "1%"; VariantName = "[No Variations]"
Change component parameters (AddParameter): Name = "Value"; Value = "300K"; VariantName = "[No Variations]"
Change component parameters: Designator = "R24B" ("R24"); Footprint = "GEN_R_0402"; UniqueID = "\LFQUXEVB\QXYCCULR\OCGKMJLX" ("\LFQUXEVB\QXYCCULR\OCGKMJLX")
Change component parameters (AddParameter): Name = "House Part Number"; Value = ""; VariantName = "[No Variations]"
Change component parameters (AddParameter): Name = "Manufacturer"; Value = "Panasonic"; VariantName = "[No Variations]"
Change component parameters (AddParameter): Name = "Manufacturer Part Number"; Value = "ERJ-2RKF3003X"; VariantName = "[No Variations]"
Change component parameters (AddParameter): Name = "Package"; Value = "0402"; VariantName = "[No Variations]"
Change component parameters (AddParameter): Name = "Supplier 1"; Value = "Digi-Key"; VariantName = "[No Variations]"
Change component parameters (AddParameter): Name = "Supplier Part Number 1"; Value = "P300KLCT-ND"; VariantName = "[No Variations]"
Change component parameters (AddParameter): Name = "Tolerance"; Value = "1%"; VariantName = "[No Variations]"
Change component parameters (AddParameter): Name = "Value"; Value = "300K"; VariantName = "[No Variations]"
Change component parameters: Designator = "R24C" ("R24"); Footprint = "GEN_R_0402"; UniqueID = "\LFQUXEVB\DSBYOQXN\OCGKMJLX" ("\LFQUXEVB\DSBYOQXN\OCGKMJLX")
Change component parameters (AddParameter): Name = "House Part Number"; Value = ""; VariantName = "[No Variations]"
Change component parameters (AddParameter): Name = "Manufacturer"; Value = "Panasonic"; VariantName = "[No Variations]"
Change component parameters (AddParameter): Name = "Manufacturer Part Number"; Value = "ERJ-2RKF3003X"; VariantName = "[No Variations]"
Change component parameters (AddParameter): Name = "Package"; Value = "0402"; VariantName = "[No Variations]"
Change component parameters (AddParameter): Name = "Supplier 1"; Value = "Digi-Key"; VariantName = "[No Variations]"
Change component parameters (AddParameter): Name = "Supplier Part Number 1"; Value = "P300KLCT-ND"; VariantName = "[No Variations]"
Change component parameters (AddParameter): Name = "Tolerance"; Value = "1%"; VariantName = "[No Variations]"
Change component parameters (AddParameter): Name = "Value"; Value = "300K"; VariantName = "[No Variations]"
Change component parameters: Designator = "R24D" ("R24"); Footprint = "GEN_R_0402"; UniqueID = "\LFQUXEVB\OJFNMMJL\OCGKMJLX" ("\LFQUXEVB\OJFNMMJL\OCGKMJLX")
Change component parameters (AddParameter): Name = "House Part Number"; Value = ""; VariantName = "[No Variations]"
Change component parameters (AddParameter): Name = "Manufacturer"; Value = "Panasonic"; VariantName = "[No Variations]"
Change component parameters (AddParameter): Name = "Manufacturer Part Number"; Value = "ERJ-2RKF3003X"; VariantName = "[No Variations]"
Change component parameters (AddParameter): Name = "Package"; Value = "0402"; VariantName = "[No Variations]"
Change component parameters (AddParameter): Name = "Supplier 1"; Value = "Digi-Key"; VariantName = "[No Variations]"
Change component parameters (AddParameter): Name = "Supplier Part Number 1"; Value = "P300KLCT-ND"; VariantName = "[No Variations]"
Change component parameters (AddParameter): Name = "Tolerance"; Value = "1%"; VariantName = "[No Variations]"
Change component parameters (AddParameter): Name = "Value"; Value = "300K"; VariantName = "[No Variations]"
Change component parameters: Designator = "R25A" ("R25"); Footprint = "GEN_R_0402"; UniqueID = "\LFQUXEVB\QZMSFBXE\YDQNCBLF" ("\LFQUXEVB\QZMSFBXE\YDQNCBLF")
Change component parameters (AddParameter): Name = "House Part Number"; Value = ""; VariantName = "[No Variations]"
Change component parameters (AddParameter): Name = "Manufacturer"; Value = "Yageo"; VariantName = "[No Variations]"
Change component parameters (AddParameter): Name = "Manufacturer Part Number"; Value = "RC0402FR-07681KL"; VariantName = "[No Variations]"
Change component parameters (AddParameter): Name = "Package"; Value = "0402"; VariantName = "[No Variations]"
Change component parameters (AddParameter): Name = "Supplier 1"; Value = "Digi-Key"; VariantName = "[No Variations]"
Change component parameters (AddParameter): Name = "Supplier Part Number 1"; Value = "YAG3211CT-ND"; VariantName = "[No Variations]"
Change component parameters (AddParameter): Name = "Tolerance"; Value = "1%"; VariantName = "[No Variations]"
Change component parameters (AddParameter): Name = "Value"; Value = "680K"; VariantName = "[No Variations]"
Change component parameters: Designator = "R25B" ("R25"); Footprint = "GEN_R_0402"; UniqueID = "\LFQUXEVB\QXYCCULR\YDQNCBLF" ("\LFQUXEVB\QXYCCULR\YDQNCBLF")
Change component parameters (AddParameter): Name = "House Part Number"; Value = ""; VariantName = "[No Variations]"
Change component parameters (AddParameter): Name = "Manufacturer"; Value = "Yageo"; VariantName = "[No Variations]"
Change component parameters (AddParameter): Name = "Manufacturer Part Number"; Value = "RC0402FR-07681KL"; VariantName = "[No Variations]"
Change component parameters (AddParameter): Name = "Package"; Value = "0402"; VariantName = "[No Variations]"
Change component parameters (AddParameter): Name = "Supplier 1"; Value = "Digi-Key"; VariantName = "[No Variations]"
Change component parameters (AddParameter): Name = "Supplier Part Number 1"; Value = "YAG3211CT-ND"; VariantName = "[No Variations]"
Change component parameters (AddParameter): Name = "Tolerance"; Value = "1%"; VariantName = "[No Variations]"
Change component parameters (AddParameter): Name = "Value"; Value = "680K"; VariantName = "[No Variations]"
Change component parameters: Designator = "R25C" ("R25"); Footprint = "GEN_R_0402"; UniqueID = "\LFQUXEVB\DSBYOQXN\YDQNCBLF" ("\LFQUXEVB\DSBYOQXN\YDQNCBLF")
Change component parameters (AddParameter): Name = "House Part Number"; Value = ""; VariantName = "[No Variations]"
Change component parameters (AddParameter): Name = "Manufacturer"; Value = "Yageo"; VariantName = "[No Variations]"
Change component parameters (AddParameter): Name = "Manufacturer Part Number"; Value = "RC0402FR-07681KL"; VariantName = "[No Variations]"
Change component parameters (AddParameter): Name = "Package"; Value = "0402"; VariantName = "[No Variations]"
Change component parameters (AddParameter): Name = "Supplier 1"; Value = "Digi-Key"; VariantName = "[No Variations]"
Change component parameters (AddParameter): Name = "Supplier Part Number 1"; Value = "YAG3211CT-ND"; VariantName = "[No Variations]"
Change component parameters (AddParameter): Name = "Tolerance"; Value = "1%"; VariantName = "[No Variations]"
Change component parameters (AddParameter): Name = "Value"; Value = "680K"; VariantName = "[No Variations]"
Change component parameters: Designator = "R25D" ("R25"); Footprint = "GEN_R_0402"; UniqueID = "\LFQUXEVB\OJFNMMJL\YDQNCBLF" ("\LFQUXEVB\OJFNMMJL\YDQNCBLF")
Change component parameters (AddParameter): Name = "House Part Number"; Value = ""; VariantName = "[No Variations]"
Change component parameters (AddParameter): Name = "Manufacturer"; Value = "Yageo"; VariantName = "[No Variations]"
Change component parameters (AddParameter): Name = "Manufacturer Part Number"; Value = "RC0402FR-07681KL"; VariantName = "[No Variations]"
Change component parameters (AddParameter): Name = "Package"; Value = "0402"; VariantName = "[No Variations]"
Change component parameters (AddParameter): Name = "Supplier 1"; Value = "Digi-Key"; VariantName = "[No Variations]"
Change component parameters (AddParameter): Name = "Supplier Part Number 1"; Value = "YAG3211CT-ND"; VariantName = "[No Variations]"
Change component parameters (AddParameter): Name = "Tolerance"; Value = "1%"; VariantName = "[No Variations]"
Change component parameters (AddParameter): Name = "Value"; Value = "680K"; VariantName = "[No Variations]"
Change component parameters: Designator = "R26A" ("R26"); Footprint = "GEN_R_0402"; UniqueID = "\LFQUXEVB\QZMSFBXE\ALIMAXOQ" ("\LFQUXEVB\QZMSFBXE\ALIMAXOQ")
Change component parameters (AddParameter): Name = "House Part Number"; Value = ""; VariantName = "[No Variations]"
Change component parameters (AddParameter): Name = "Manufacturer"; Value = "Yageo"; VariantName = "[No Variations]"
Change component parameters (AddParameter): Name = "Manufacturer Part Number"; Value = "RC0402FR-0720KL"; VariantName = "[No Variations]"
Change component parameters (AddParameter): Name = "Package"; Value = "0402"; VariantName = "[No Variations]"
Change component parameters (AddParameter): Name = "Supplier 1"; Value = "Digi-Key"; VariantName = "[No Variations]"
Change component parameters (AddParameter): Name = "Supplier Part Number 1"; Value = "311-20.0KLRCT-ND"; VariantName = "[No Variations]"
Change component parameters (AddParameter): Name = "Tolerance"; Value = "1%"; VariantName = "[No Variations]"
Change component parameters (AddParameter): Name = "Value"; Value = "20k"; VariantName = "[No Variations]"
Change component parameters: Designator = "R26B" ("R26"); Footprint = "GEN_R_0402"; UniqueID = "\LFQUXEVB\QXYCCULR\ALIMAXOQ" ("\LFQUXEVB\QXYCCULR\ALIMAXOQ")
Change component parameters (AddParameter): Name = "House Part Number"; Value = ""; VariantName = "[No Variations]"
Change component parameters (AddParameter): Name = "Manufacturer"; Value = "Yageo"; VariantName = "[No Variations]"
Change component parameters (AddParameter): Name = "Manufacturer Part Number"; Value = "RC0402FR-0720KL"; VariantName = "[No Variations]"
Change component parameters (AddParameter): Name = "Package"; Value = "0402"; VariantName = "[No Variations]"
Change component parameters (AddParameter): Name = "Supplier 1"; Value = "Digi-Key"; VariantName = "[No Variations]"
Change component parameters (AddParameter): Name = "Supplier Part Number 1"; Value = "311-20.0KLRCT-ND"; VariantName = "[No Variations]"
Change component parameters (AddParameter): Name = "Tolerance"; Value = "1%"; VariantName = "[No Variations]"
Change component parameters (AddParameter): Name = "Value"; Value = "20k"; VariantName = "[No Variations]"
Change component parameters: Designator = "R26C" ("R26"); Footprint = "GEN_R_0402"; UniqueID = "\LFQUXEVB\DSBYOQXN\ALIMAXOQ" ("\LFQUXEVB\DSBYOQXN\ALIMAXOQ")
Change component parameters (AddParameter): Name = "House Part Number"; Value = ""; VariantName = "[No Variations]"
Change component parameters (AddParameter): Name = "Manufacturer"; Value = "Yageo"; VariantName = "[No Variations]"
Change component parameters (AddParameter): Name = "Manufacturer Part Number"; Value = "RC0402FR-0720KL"; VariantName = "[No Variations]"
Change component parameters (AddParameter): Name = "Package"; Value = "0402"; VariantName = "[No Variations]"
Change component parameters (AddParameter): Name = "Supplier 1"; Value = "Digi-Key"; VariantName = "[No Variations]"
Change component parameters (AddParameter): Name = "Supplier Part Number 1"; Value = "311-20.0KLRCT-ND"; VariantName = "[No Variations]"
Change component parameters (AddParameter): Name = "Tolerance"; Value = "1%"; VariantName = "[No Variations]"
Change component parameters (AddParameter): Name = "Value"; Value = "20k"; VariantName = "[No Variations]"
Change component parameters: Designator = "R26D" ("R26"); Footprint = "GEN_R_0402"; UniqueID = "\LFQUXEVB\OJFNMMJL\ALIMAXOQ" ("\LFQUXEVB\OJFNMMJL\ALIMAXOQ")
Change component parameters (AddParameter): Name = "House Part Number"; Value = ""; VariantName = "[No Variations]"
Change component parameters (AddParameter): Name = "Manufacturer"; Value = "Yageo"; VariantName = "[No Variations]"
Change component parameters (AddParameter): Name = "Manufacturer Part Number"; Value = "RC0402FR-0720KL"; VariantName = "[No Variations]"
Change component parameters (AddParameter): Name = "Package"; Value = "0402"; VariantName = "[No Variations]"
Change component parameters (AddParameter): Name = "Supplier 1"; Value = "Digi-Key"; VariantName = "[No Variations]"
Change component parameters (AddParameter): Name = "Supplier Part Number 1"; Value = "311-20.0KLRCT-ND"; VariantName = "[No Variations]"
Change component parameters (AddParameter): Name = "Tolerance"; Value = "1%"; VariantName = "[No Variations]"
Change component parameters (AddParameter): Name = "Value"; Value = "20k"; VariantName = "[No Variations]"
Change component parameters: Designator = "R31A" ("R31"); Footprint = "GEN_R_0402"; UniqueID = "\LFQUXEVB\QZMSFBXE\ZSGJLGBR" ("\LFQUXEVB\QZMSFBXE\ZSGJLGBR")
Change component parameters (AddParameter): Name = "House Part Number"; Value = ""; VariantName = "[No Variations]"
Change component parameters (AddParameter): Name = "Manufacturer"; Value = "Yageo"; VariantName = "[No Variations]"
Change component parameters (AddParameter): Name = "Manufacturer Part Number"; Value = "RC0402FR-0749R9L"; VariantName = "[No Variations]"
Change component parameters (AddParameter): Name = "Package"; Value = "0402"; VariantName = "[No Variations]"
Change component parameters (AddParameter): Name = "Supplier 1"; Value = "Digi-Key"; VariantName = "[No Variations]"
Change component parameters (AddParameter): Name = "Supplier Part Number 1"; Value = "311-49.9LRCT-ND"; VariantName = "[No Variations]"
Change component parameters (AddParameter): Name = "Tolerance"; Value = "1%"; VariantName = "[No Variations]"
Change component parameters (AddParameter): Name = "Value"; Value = "49.9"; VariantName = "[No Variations]"
Change component parameters: Designator = "R31B" ("R31"); Footprint = "GEN_R_0402"; UniqueID = "\LFQUXEVB\QXYCCULR\ZSGJLGBR" ("\LFQUXEVB\QXYCCULR\ZSGJLGBR")
Change component parameters (AddParameter): Name = "House Part Number"; Value = ""; VariantName = "[No Variations]"
Change component parameters (AddParameter): Name = "Manufacturer"; Value = "Yageo"; VariantName = "[No Variations]"
Change component parameters (AddParameter): Name = "Manufacturer Part Number"; Value = "RC0402FR-0749R9L"; VariantName = "[No Variations]"
Change component parameters (AddParameter): Name = "Package"; Value = "0402"; VariantName = "[No Variations]"
Change component parameters (AddParameter): Name = "Supplier 1"; Value = "Digi-Key"; VariantName = "[No Variations]"
Change component parameters (AddParameter): Name = "Supplier Part Number 1"; Value = "311-49.9LRCT-ND"; VariantName = "[No Variations]"
Change component parameters (AddParameter): Name = "Tolerance"; Value = "1%"; VariantName = "[No Variations]"
Change component parameters (AddParameter): Name = "Value"; Value = "49.9"; VariantName = "[No Variations]"
Change component parameters: Designator = "R31C" ("R31"); Footprint = "GEN_R_0402"; UniqueID = "\LFQUXEVB\DSBYOQXN\ZSGJLGBR" ("\LFQUXEVB\DSBYOQXN\ZSGJLGBR")
Change component parameters (AddParameter): Name = "House Part Number"; Value = ""; VariantName = "[No Variations]"
Change component parameters (AddParameter): Name = "Manufacturer"; Value = "Yageo"; VariantName = "[No Variations]"
Change component parameters (AddParameter): Name = "Manufacturer Part Number"; Value = "RC0402FR-0749R9L"; VariantName = "[No Variations]"
Change component parameters (AddParameter): Name = "Package"; Value = "0402"; VariantName = "[No Variations]"
Change component parameters (AddParameter): Name = "Supplier 1"; Value = "Digi-Key"; VariantName = "[No Variations]"
Change component parameters (AddParameter): Name = "Supplier Part Number 1"; Value = "311-49.9LRCT-ND"; VariantName = "[No Variations]"
Change component parameters (AddParameter): Name = "Tolerance"; Value = "1%"; VariantName = "[No Variations]"
Change component parameters (AddParameter): Name = "Value"; Value = "49.9"; VariantName = "[No Variations]"
Change component parameters: Designator = "R31D" ("R31"); Footprint = "GEN_R_0402"; UniqueID = "\LFQUXEVB\OJFNMMJL\ZSGJLGBR" ("\LFQUXEVB\OJFNMMJL\ZSGJLGBR")
Change component parameters (AddParameter): Name = "House Part Number"; Value = ""; VariantName = "[No Variations]"
Change component parameters (AddParameter): Name = "Manufacturer"; Value = "Yageo"; VariantName = "[No Variations]"
Change component parameters (AddParameter): Name = "Manufacturer Part Number"; Value = "RC0402FR-0749R9L"; VariantName = "[No Variations]"
Change component parameters (AddParameter): Name = "Package"; Value = "0402"; VariantName = "[No Variations]"
Change component parameters (AddParameter): Name = "Supplier 1"; Value = "Digi-Key"; VariantName = "[No Variations]"
Change component parameters (AddParameter): Name = "Supplier Part Number 1"; Value = "311-49.9LRCT-ND"; VariantName = "[No Variations]"
Change component parameters (AddParameter): Name = "Tolerance"; Value = "1%"; VariantName = "[No Variations]"
Change component parameters (AddParameter): Name = "Value"; Value = "49.9"; VariantName = "[No Variations]"
Change component parameters: Designator = "R33A" ("R33"); Footprint = "GEN_R_0402"; UniqueID = "\LFQUXEVB\QZMSFBXE\NFBLSXQQ" ("\LFQUXEVB\QZMSFBXE\NFBLSXQQ")
Change component parameters (AddParameter): Name = "House Part Number"; Value = ""; VariantName = "[No Variations]"
Change component parameters (AddParameter): Name = "Manufacturer"; Value = "Yageo"; VariantName = "[No Variations]"
Change component parameters (AddParameter): Name = "Manufacturer Part Number"; Value = "RC0402FR-0749R9L"; VariantName = "[No Variations]"
Change component parameters (AddParameter): Name = "Package"; Value = "0402"; VariantName = "[No Variations]"
Change component parameters (AddParameter): Name = "Supplier 1"; Value = "Digi-Key"; VariantName = "[No Variations]"
Change component parameters (AddParameter): Name = "Supplier Part Number 1"; Value = "311-49.9LRCT-ND"; VariantName = "[No Variations]"
Change component parameters (AddParameter): Name = "Tolerance"; Value = "1%"; VariantName = "[No Variations]"
Change component parameters (AddParameter): Name = "Value"; Value = "49.9"; VariantName = "[No Variations]"
Change component parameters: Designator = "R33B" ("R33"); Footprint = "GEN_R_0402"; UniqueID = "\LFQUXEVB\QXYCCULR\NFBLSXQQ" ("\LFQUXEVB\QXYCCULR\NFBLSXQQ")
Change component parameters (AddParameter): Name = "House Part Number"; Value = ""; VariantName = "[No Variations]"
Change component parameters (AddParameter): Name = "Manufacturer"; Value = "Yageo"; VariantName = "[No Variations]"
Change component parameters (AddParameter): Name = "Manufacturer Part Number"; Value = "RC0402FR-0749R9L"; VariantName = "[No Variations]"
Change component parameters (AddParameter): Name = "Package"; Value = "0402"; VariantName = "[No Variations]"
Change component parameters (AddParameter): Name = "Supplier 1"; Value = "Digi-Key"; VariantName = "[No Variations]"
Change component parameters (AddParameter): Name = "Supplier Part Number 1"; Value = "311-49.9LRCT-ND"; VariantName = "[No Variations]"
Change component parameters (AddParameter): Name = "Tolerance"; Value = "1%"; VariantName = "[No Variations]"
Change component parameters (AddParameter): Name = "Value"; Value = "49.9"; VariantName = "[No Variations]"
Change component parameters: Designator = "R33C" ("R33"); Footprint = "GEN_R_0402"; UniqueID = "\LFQUXEVB\DSBYOQXN\NFBLSXQQ" ("\LFQUXEVB\DSBYOQXN\NFBLSXQQ")
Change component parameters (AddParameter): Name = "House Part Number"; Value = ""; VariantName = "[No Variations]"
Change component parameters (AddParameter): Name = "Manufacturer"; Value = "Yageo"; VariantName = "[No Variations]"
Change component parameters (AddParameter): Name = "Manufacturer Part Number"; Value = "RC0402FR-0749R9L"; VariantName = "[No Variations]"
Change component parameters (AddParameter): Name = "Package"; Value = "0402"; VariantName = "[No Variations]"
Change component parameters (AddParameter): Name = "Supplier 1"; Value = "Digi-Key"; VariantName = "[No Variations]"
Change component parameters (AddParameter): Name = "Supplier Part Number 1"; Value = "311-49.9LRCT-ND"; VariantName = "[No Variations]"
Change component parameters (AddParameter): Name = "Tolerance"; Value = "1%"; VariantName = "[No Variations]"
Change component parameters (AddParameter): Name = "Value"; Value = "49.9"; VariantName = "[No Variations]"
Change component parameters: Designator = "R33D" ("R33"); Footprint = "GEN_R_0402"; UniqueID = "\LFQUXEVB\OJFNMMJL\NFBLSXQQ" ("\LFQUXEVB\OJFNMMJL\NFBLSXQQ")
Change component parameters (AddParameter): Name = "House Part Number"; Value = ""; VariantName = "[No Variations]"
Change component parameters (AddParameter): Name = "Manufacturer"; Value = "Yageo"; VariantName = "[No Variations]"
Change component parameters (AddParameter): Name = "Manufacturer Part Number"; Value = "RC0402FR-0749R9L"; VariantName = "[No Variations]"
Change component parameters (AddParameter): Name = "Package"; Value = "0402"; VariantName = "[No Variations]"
Change component parameters (AddParameter): Name = "Supplier 1"; Value = "Digi-Key"; VariantName = "[No Variations]"
Change component parameters (AddParameter): Name = "Supplier Part Number 1"; Value = "311-49.9LRCT-ND"; VariantName = "[No Variations]"
Change component parameters (AddParameter): Name = "Tolerance"; Value = "1%"; VariantName = "[No Variations]"
Change component parameters (AddParameter): Name = "Value"; Value = "49.9"; VariantName = "[No Variations]"
Change component parameters: Designator = "R51A" ("R51"); Footprint = "GEN_R_0402"; UniqueID = "\LFQUXEVB\QZMSFBXE\YVESEYEO" ("\LFQUXEVB\QZMSFBXE\YVESEYEO")
Change component parameters (AddParameter): Name = "Package"; Value = "0402"; VariantName = "[No Variations]"
Change component parameters (AddParameter): Name = "Power Rating"; Value = "0.0625W"; VariantName = "[No Variations]"
Change component parameters (AddParameter): Name = "Supplier 1"; Value = "Digi-Key"; VariantName = "[No Variations]"
Change component parameters (AddParameter): Name = "Supplier Part Number 1"; Value = "311-90.9KLRCT-ND"; VariantName = "[No Variations]"
Change component parameters (AddParameter): Name = "Tolerance"; Value = "1%"; VariantName = "[No Variations]"
Change component parameters (AddParameter): Name = "Value"; Value = "90.9k"; VariantName = "[No Variations]"
Change component parameters: Designator = "R51B" ("R51"); Footprint = "GEN_R_0402"; UniqueID = "\LFQUXEVB\QXYCCULR\YVESEYEO" ("\LFQUXEVB\QXYCCULR\YVESEYEO")
Change component parameters (AddParameter): Name = "Package"; Value = "0402"; VariantName = "[No Variations]"
Change component parameters (AddParameter): Name = "Power Rating"; Value = "0.0625W"; VariantName = "[No Variations]"
Change component parameters (AddParameter): Name = "Supplier 1"; Value = "Digi-Key"; VariantName = "[No Variations]"
Change component parameters (AddParameter): Name = "Supplier Part Number 1"; Value = "311-90.9KLRCT-ND"; VariantName = "[No Variations]"
Change component parameters (AddParameter): Name = "Tolerance"; Value = "1%"; VariantName = "[No Variations]"
Change component parameters (AddParameter): Name = "Value"; Value = "90.9k"; VariantName = "[No Variations]"
Change component parameters: Designator = "R51C" ("R51"); Footprint = "GEN_R_0402"; UniqueID = "\LFQUXEVB\DSBYOQXN\YVESEYEO" ("\LFQUXEVB\DSBYOQXN\YVESEYEO")
Change component parameters (AddParameter): Name = "Package"; Value = "0402"; VariantName = "[No Variations]"
Change component parameters (AddParameter): Name = "Power Rating"; Value = "0.0625W"; VariantName = "[No Variations]"
Change component parameters (AddParameter): Name = "Supplier 1"; Value = "Digi-Key"; VariantName = "[No Variations]"
Change component parameters (AddParameter): Name = "Supplier Part Number 1"; Value = "311-90.9KLRCT-ND"; VariantName = "[No Variations]"
Change component parameters (AddParameter): Name = "Tolerance"; Value = "1%"; VariantName = "[No Variations]"
Change component parameters (AddParameter): Name = "Value"; Value = "90.9k"; VariantName = "[No Variations]"
Change component parameters: Designator = "R51D" ("R51"); Footprint = "GEN_R_0402"; UniqueID = "\LFQUXEVB\OJFNMMJL\YVESEYEO" ("\LFQUXEVB\OJFNMMJL\YVESEYEO")
Change component parameters (AddParameter): Name = "Package"; Value = "0402"; VariantName = "[No Variations]"
Change component parameters (AddParameter): Name = "Power Rating"; Value = "0.0625W"; VariantName = "[No Variations]"
Change component parameters (AddParameter): Name = "Supplier 1"; Value = "Digi-Key"; VariantName = "[No Variations]"
Change component parameters (AddParameter): Name = "Supplier Part Number 1"; Value = "311-90.9KLRCT-ND"; VariantName = "[No Variations]"
Change component parameters (AddParameter): Name = "Tolerance"; Value = "1%"; VariantName = "[No Variations]"
Change component parameters (AddParameter): Name = "Value"; Value = "90.9k"; VariantName = "[No Variations]"
Change component parameters: Designator = "U10A" ("U10"); Footprint = "IXY_CPC1017"; UniqueID = "\LFQUXEVB\QZMSFBXE\XZPADYIF" ("\LFQUXEVB\QZMSFBXE\XZPADYIF")
Change component parameters (AddParameter): Name = "House Part Number"; Value = ""; VariantName = "[No Variations]"
Change component parameters (AddParameter): Name = "Manufacturer"; Value = "Texas Instruments"; VariantName = "[No Variations]"
Change component parameters (AddParameter): Name = "Manufacturer Part Number"; Value = "TMUX6119DCNR"; VariantName = "[No Variations]"
Change component parameters (AddParameter): Name = "Supplier 1"; Value = "Texas Instruments"; VariantName = "[No Variations]"
Change component parameters (AddParameter): Name = "Supplier Part Number 1"; Value = "TMUX6119DCNR"; VariantName = "[No Variations]"
Change component parameters: Designator = "U10B" ("U10"); Footprint = "IXY_CPC1017"; UniqueID = "\LFQUXEVB\QXYCCULR\XZPADYIF" ("\LFQUXEVB\QXYCCULR\XZPADYIF")
Change component parameters (AddParameter): Name = "House Part Number"; Value = ""; VariantName = "[No Variations]"
Change component parameters (AddParameter): Name = "Manufacturer"; Value = "Texas Instruments"; VariantName = "[No Variations]"
Change component parameters (AddParameter): Name = "Manufacturer Part Number"; Value = "TMUX6119DCNR"; VariantName = "[No Variations]"
Change component parameters (AddParameter): Name = "Supplier 1"; Value = "Texas Instruments"; VariantName = "[No Variations]"
Change component parameters (AddParameter): Name = "Supplier Part Number 1"; Value = "TMUX6119DCNR"; VariantName = "[No Variations]"
Change component parameters: Designator = "U10C" ("U10"); Footprint = "IXY_CPC1017"; UniqueID = "\LFQUXEVB\DSBYOQXN\XZPADYIF" ("\LFQUXEVB\DSBYOQXN\XZPADYIF")
Change component parameters (AddParameter): Name = "House Part Number"; Value = ""; VariantName = "[No Variations]"
Change component parameters (AddParameter): Name = "Manufacturer"; Value = "Texas Instruments"; VariantName = "[No Variations]"
Change component parameters (AddParameter): Name = "Manufacturer Part Number"; Value = "TMUX6119DCNR"; VariantName = "[No Variations]"
Change component parameters (AddParameter): Name = "Supplier 1"; Value = "Texas Instruments"; VariantName = "[No Variations]"
Change component parameters (AddParameter): Name = "Supplier Part Number 1"; Value = "TMUX6119DCNR"; VariantName = "[No Variations]"
Change component parameters: Designator = "U10D" ("U10"); Footprint = "IXY_CPC1017"; UniqueID = "\LFQUXEVB\OJFNMMJL\XZPADYIF" ("\LFQUXEVB\OJFNMMJL\XZPADYIF")
Change component parameters (AddParameter): Name = "House Part Number"; Value = ""; VariantName = "[No Variations]"
Change component parameters (AddParameter): Name = "Manufacturer"; Value = "Texas Instruments"; VariantName = "[No Variations]"
Change component parameters (AddParameter): Name = "Manufacturer Part Number"; Value = "TMUX6119DCNR"; VariantName = "[No Variations]"
Change component parameters (AddParameter): Name = "Supplier 1"; Value = "Texas Instruments"; VariantName = "[No Variations]"
Change component parameters (AddParameter): Name = "Supplier Part Number 1"; Value = "TMUX6119DCNR"; VariantName = "[No Variations]"
Added Component: Designator=C124A(GEN_C_0402)
Add component (AddParameter): Name = "Package"; Value = "0402"; VariantName = "[No Variations]"
Add component (AddParameter): Name = "Supplier 1"; Value = "Digi-Key"; VariantName = "[No Variations]"
Add component (AddParameter): Name = "Supplier Part Number 1"; Value = "490-4759-1-ND"; VariantName = "[No Variations]"
Add component (AddParameter): Name = "Value"; Value = "100nF"; VariantName = "[No Variations]"
Add component (AddParameter): Name = "Voltage Rating"; Value = "16V"; VariantName = "[No Variations]"
Added Component: Designator=C124B(GEN_C_0402)
Add component (AddParameter): Name = "Package"; Value = "0402"; VariantName = "[No Variations]"
Add component (AddParameter): Name = "Supplier 1"; Value = "Digi-Key"; VariantName = "[No Variations]"
Add component (AddParameter): Name = "Supplier Part Number 1"; Value = "490-4759-1-ND"; VariantName = "[No Variations]"
Add component (AddParameter): Name = "Value"; Value = "100nF"; VariantName = "[No Variations]"
Add component (AddParameter): Name = "Voltage Rating"; Value = "16V"; VariantName = "[No Variations]"
Added Component: Designator=C124C(GEN_C_0402)
Add component (AddParameter): Name = "Package"; Value = "0402"; VariantName = "[No Variations]"
Add component (AddParameter): Name = "Supplier 1"; Value = "Digi-Key"; VariantName = "[No Variations]"
Add component (AddParameter): Name = "Supplier Part Number 1"; Value = "490-4759-1-ND"; VariantName = "[No Variations]"
Add component (AddParameter): Name = "Value"; Value = "100nF"; VariantName = "[No Variations]"
Add component (AddParameter): Name = "Voltage Rating"; Value = "16V"; VariantName = "[No Variations]"
Added Component: Designator=C124D(GEN_C_0402)
Add component (AddParameter): Name = "Package"; Value = "0402"; VariantName = "[No Variations]"
Add component (AddParameter): Name = "Supplier 1"; Value = "Digi-Key"; VariantName = "[No Variations]"
Add component (AddParameter): Name = "Supplier Part Number 1"; Value = "490-4759-1-ND"; VariantName = "[No Variations]"
Add component (AddParameter): Name = "Value"; Value = "100nF"; VariantName = "[No Variations]"
Add component (AddParameter): Name = "Voltage Rating"; Value = "16V"; VariantName = "[No Variations]"
Added Pin To Net: NetName=GND Pin=C17A-1
Added Pin To Net: NetName=+5V Pin=C17A-2
Added Pin To Net: NetName=GND Pin=C17B-1
Added Pin To Net: NetName=+5V Pin=C17B-2
Added Pin To Net: NetName=GND Pin=C17C-1
Added Pin To Net: NetName=+5V Pin=C17C-2
Added Pin To Net: NetName=GND Pin=C17D-1
Added Pin To Net: NetName=+5V Pin=C17D-2
Added Pin To Net: NetName=GND Pin=C124A-1
Added Pin To Net: NetName=-5V Pin=C124A-2
Added Pin To Net: NetName=GND Pin=C124B-1
Added Pin To Net: NetName=-5V Pin=C124B-2
Added Pin To Net: NetName=GND Pin=C124C-1
Added Pin To Net: NetName=-5V Pin=C124C-2
Added Pin To Net: NetName=GND Pin=C124D-1
Added Pin To Net: NetName=-5V Pin=C124D-2
Added Pin To Net: NetName=DC_CPL_1 Pin=R35A-2
Added Pin To Net: NetName=DC_CPL_2 Pin=R35B-2
Added Pin To Net: NetName=DC_CPL_3 Pin=R35C-2
Added Pin To Net: NetName=DC_CPL_4 Pin=R35D-2
Added Pin To Net: NetName=GND Pin=R51A-1
Added Pin To Net: NetName=GND Pin=R51B-1
Added Pin To Net: NetName=GND Pin=R51C-1
Added Pin To Net: NetName=GND Pin=R51D-1
Added Pin To Net: NetName=+5V Pin=U10A-1
Added Pin To Net: NetName=+5V Pin=U10A-2
Added Pin To Net: NetName=GND Pin=U10A-3
Added Pin To Net: NetName=-5V Pin=U10A-4
Added Pin To Net: NetName=NetR41A_1 Pin=U10A-5
Added Pin To Net: NetName=DC_CPL_1 Pin=U10A-8
Added Pin To Net: NetName=+5V Pin=U10B-1
Added Pin To Net: NetName=+5V Pin=U10B-2
Added Pin To Net: NetName=GND Pin=U10B-3
Added Pin To Net: NetName=-5V Pin=U10B-4
Added Pin To Net: NetName=NetR41B_1 Pin=U10B-5
Added Pin To Net: NetName=DC_CPL_2 Pin=U10B-8
Added Pin To Net: NetName=+5V Pin=U10C-1
Added Pin To Net: NetName=+5V Pin=U10C-2
Added Pin To Net: NetName=GND Pin=U10C-3
Added Pin To Net: NetName=-5V Pin=U10C-4
Added Pin To Net: NetName=NetR41C_1 Pin=U10C-5
Added Pin To Net: NetName=DC_CPL_3 Pin=U10C-8
Added Pin To Net: NetName=+5V Pin=U10D-1
Added Pin To Net: NetName=+5V Pin=U10D-2
Added Pin To Net: NetName=GND Pin=U10D-3
Added Pin To Net: NetName=-5V Pin=U10D-4
Added Pin To Net: NetName=NetR41D_1 Pin=U10D-5
Added Pin To Net: NetName=DC_CPL_4 Pin=U10D-8
Added Pin To Net: NetName=NetC31A_1 Pin=C31A-1
Added Pin To Net: NetName=NetC31A_1 Pin=C78A-1
Added Net: Name=NetC31A_1
Added Pin To Net: NetName=NetC31B_1 Pin=C31B-1
Added Pin To Net: NetName=NetC31B_1 Pin=C78B-1
Added Net: Name=NetC31B_1
Added Pin To Net: NetName=NetC31C_1 Pin=C31C-1
Added Pin To Net: NetName=NetC31C_1 Pin=C78C-1
Added Net: Name=NetC31C_1
Added Pin To Net: NetName=NetC31D_1 Pin=C31D-1
Added Pin To Net: NetName=NetC31D_1 Pin=C78D-1
Added Net: Name=NetC31D_1
Added Pin To Net: NetName=NetC32A_2 Pin=C32A-2
Added Pin To Net: NetName=NetC32A_2 Pin=C38A-1
Added Net: Name=NetC32A_2
Added Pin To Net: NetName=NetC32B_2 Pin=C32B-2
Added Pin To Net: NetName=NetC32B_2 Pin=C38B-1
Added Net: Name=NetC32B_2
Added Pin To Net: NetName=NetC32C_2 Pin=C32C-2
Added Pin To Net: NetName=NetC32C_2 Pin=C38C-1
Added Net: Name=NetC32C_2
Added Pin To Net: NetName=NetC32D_2 Pin=C32D-2
Added Pin To Net: NetName=NetC32D_2 Pin=C38D-1
Added Net: Name=NetC32D_2
Added Pin To Net: NetName=NetC33A_2 Pin=C33A-2
Added Pin To Net: NetName=NetC33A_2 Pin=C39A-2
Added Net: Name=NetC33A_2
Added Pin To Net: NetName=NetC33B_2 Pin=C33B-2
Added Pin To Net: NetName=NetC33B_2 Pin=C39B-2
Added Net: Name=NetC33B_2
Added Pin To Net: NetName=NetC33C_2 Pin=C33C-2
Added Pin To Net: NetName=NetC33C_2 Pin=C39C-2
Added Net: Name=NetC33C_2
Added Pin To Net: NetName=NetC33D_2 Pin=C33D-2
Added Pin To Net: NetName=NetC33D_2 Pin=C39D-2
Added Net: Name=NetC33D_2
Added Pin To Net: NetName=NetC34A_2 Pin=C34A-2
Added Pin To Net: NetName=NetC34A_2 Pin=C63A-2
Added Net: Name=NetC34A_2
Added Pin To Net: NetName=NetC34B_2 Pin=C34B-2
Added Pin To Net: NetName=NetC34B_2 Pin=C63B-2
Added Net: Name=NetC34B_2
Added Pin To Net: NetName=NetC34C_2 Pin=C34C-2
Added Pin To Net: NetName=NetC34C_2 Pin=C63C-2
Added Net: Name=NetC34C_2
Added Pin To Net: NetName=NetC34D_2 Pin=C34D-2
Added Pin To Net: NetName=NetC34D_2 Pin=C63D-2
Added Net: Name=NetC34D_2
Added Pin To Net: NetName=NetC35A_1 Pin=C35A-1
Added Pin To Net: NetName=NetC35A_1 Pin=C64A-2
Added Net: Name=NetC35A_1
Added Pin To Net: NetName=NetC35B_1 Pin=C35B-1
Added Pin To Net: NetName=NetC35B_1 Pin=C64B-2
Added Net: Name=NetC35B_1
Added Pin To Net: NetName=NetC35C_1 Pin=C35C-1
Added Pin To Net: NetName=NetC35C_1 Pin=C64C-2
Added Net: Name=NetC35C_1
Added Pin To Net: NetName=NetC35D_1 Pin=C35D-1
Added Pin To Net: NetName=NetC35D_1 Pin=C64D-2
Added Net: Name=NetC35D_1
Added Pin To Net: NetName=NetK1A_3 Pin=K1A-3
Added Pin To Net: NetName=NetK1A_3 Pin=R65A-2
Added Net: Name=NetK1A_3
Added Pin To Net: NetName=NetK1B_3 Pin=K1B-3
Added Pin To Net: NetName=NetK1B_3 Pin=R65B-2
Added Net: Name=NetK1B_3
Added Pin To Net: NetName=NetK1C_3 Pin=K1C-3
Added Pin To Net: NetName=NetK1C_3 Pin=R65C-2
Added Net: Name=NetK1C_3
Added Pin To Net: NetName=NetK1D_3 Pin=K1D-3
Added Pin To Net: NetName=NetK1D_3 Pin=R65D-2
Added Net: Name=NetK1D_3
Added Pin To Net: NetName=NetR51A_2 Pin=R51A-2
Added Pin To Net: NetName=NetR51A_2 Pin=U10A-7
Added Net: Name=NetR51A_2
Added Pin To Net: NetName=NetR51B_2 Pin=R51B-2
Added Pin To Net: NetName=NetR51B_2 Pin=U10B-7
Added Net: Name=NetR51B_2
Added Pin To Net: NetName=NetR51C_2 Pin=R51C-2
Added Pin To Net: NetName=NetR51C_2 Pin=U10C-7
Added Net: Name=NetR51C_2
Added Pin To Net: NetName=NetR51D_2 Pin=R51D-2
Added Pin To Net: NetName=NetR51D_2 Pin=U10D-7
Added Net: Name=NetR51D_2
Added Pin To Net: NetName=NetU9A_3 Pin=U9A-3
Added Pin To Net: NetName=NetU9A_3 Pin=U10A-6
Added Net: Name=NetU9A_3
Added Pin To Net: NetName=NetU9B_3 Pin=U9B-3
Added Pin To Net: NetName=NetU9B_3 Pin=U10B-6
Added Net: Name=NetU9B_3
Added Pin To Net: NetName=NetU9C_3 Pin=U9C-3
Added Pin To Net: NetName=NetU9C_3 Pin=U10C-6
Added Net: Name=NetU9C_3
Added Pin To Net: NetName=NetU9D_3 Pin=U9D-3
Added Pin To Net: NetName=NetU9D_3 Pin=U10D-6
Added Net: Name=NetU9D_3
Added Member To Class: ClassName=CH1 Member=Component C124A (C124) 100nF
Added Member To Class: ClassName=CH2 Member=Component C124B (C124) 100nF
Added Member To Class: ClassName=CH3 Member=Component C124C (C124) 100nF
Added Member To Class: ClassName=CH4 Member=Component C124D (C124) 100nF
