Removed Pin From Net: NetName=GND Pin=C108-1
Removed Pin From Net: NetName=+5V Pin=C108-2
Removed Pin From Net: NetName=GND Pin=C109-1
Removed Pin From Net: NetName=+3V3 Pin=C109-2
Removed Pin From Net: NetName=GND Pin=C110-1
Removed Pin From Net: NetName=+5V Pin=FB7-2
Removed Pin From Net: NetName=VOUT4 Pin=U18-1
Removed Pin From Net: NetName=VOUT3 Pin=U18-2
Removed Pin From Net: NetName=+5V Pin=U18-4
Removed Pin From Net: NetName=GND Pin=U18-5
Removed Pin From Net: NetName=GND Pin=U18-6
Removed Pin From Net: NetName=VOUT2 Pin=U18-7
Removed Pin From Net: NetName=VOUT1 Pin=U18-8
Removed Pin From Net: NetName=GND Pin=U18-9
Removed Pin From Net: NetName=SCL Pin=U18-10
Removed Pin From Net: NetName=SDA Pin=U18-11
Removed Pin From Net: NetName=+3V3 Pin=U18-12
Removed Pin From Net: NetName=GND Pin=U18-13
Removed Pin From Net: NetName=GND Pin=U18-14
Removed Pin From Net: NetName=GND Pin=U18-15
Removed Pin From Net: NetName=GND Pin=U18-16
Removed Member From Class: ClassName=Front End Member=C108
Removed Member From Class: ClassName=Front End Member=C109
Removed Member From Class: ClassName=Front End Member=C110
Removed Member From Class: ClassName=Front End Member=FB7
Removed Member From Class: ClassName=Front End Member=TP17
Removed Member From Class: ClassName=Front End Member=U18
Change Component DesignItemId : Designator=R1060A Old DesignItemId=RES 90.9K OHM 1% 1/16W 0402 New DesignItemId=RES 10K OHM 1% 1/10W 0402
Change Component DesignItemId : Designator=R1060B Old DesignItemId=RES 90.9K OHM 1% 1/16W 0402 New DesignItemId=RES 10K OHM 1% 1/10W 0402
Change Component DesignItemId : Designator=R1060C Old DesignItemId=RES 90.9K OHM 1% 1/16W 0402 New DesignItemId=RES 10K OHM 1% 1/10W 0402
Change Component DesignItemId : Designator=R1060D Old DesignItemId=RES 90.9K OHM 1% 1/16W 0402 New DesignItemId=RES 10K OHM 1% 1/10W 0402
Change Component Comment : Designator=R1060A Old Comment=90.9k New Comment=10K
Change Component Comment : Designator=R1060B Old Comment=90.9k New Comment=10K
Change Component Comment : Designator=R1060C Old Comment=90.9k New Comment=10K
Change Component Comment : Designator=R1060D Old Comment=90.9k New Comment=10K
Change component parameters: Designator = "R1060A" ("R1060"); Footprint = "GEN_R_0402"; UniqueID = "\LFQUXEVB\QZMSFBXE\LLNMMVGN" ("\LFQUXEVB\QZMSFBXE\LLNMMVGN")
Change component parameters (AddParameter): Name = "House Part Number"; Value = ""; VariantName = "[No Variations]"
Change component parameters (AddParameter): Name = "Manufacturer"; Value = "Panasonic"; VariantName = "[No Variations]"
Change component parameters (AddParameter): Name = "Manufacturer Part Number"; Value = "ERJ-2RKF1002X"; VariantName = "[No Variations]"
Change component parameters (AddParameter): Name = "Package"; Value = "0402"; VariantName = "[No Variations]"
Change component parameters (AddParameter): Name = "Supplier 1"; Value = "Digi-Key"; VariantName = "[No Variations]"
Change component parameters (AddParameter): Name = "Supplier Part Number 1"; Value = "P10.0KLCT-ND"; VariantName = "[No Variations]"
Change component parameters (AddParameter): Name = "Tolerance"; Value = "1%"; VariantName = "[No Variations]"
Change component parameters (AddParameter): Name = "Value"; Value = "10K"; VariantName = "[No Variations]"
Change component parameters: Designator = "R1060B" ("R1060"); Footprint = "GEN_R_0402"; UniqueID = "\LFQUXEVB\QXYCCULR\LLNMMVGN" ("\LFQUXEVB\QXYCCULR\LLNMMVGN")
Change component parameters (AddParameter): Name = "House Part Number"; Value = ""; VariantName = "[No Variations]"
Change component parameters (AddParameter): Name = "Manufacturer"; Value = "Panasonic"; VariantName = "[No Variations]"
Change component parameters (AddParameter): Name = "Manufacturer Part Number"; Value = "ERJ-2RKF1002X"; VariantName = "[No Variations]"
Change component parameters (AddParameter): Name = "Package"; Value = "0402"; VariantName = "[No Variations]"
Change component parameters (AddParameter): Name = "Supplier 1"; Value = "Digi-Key"; VariantName = "[No Variations]"
Change component parameters (AddParameter): Name = "Supplier Part Number 1"; Value = "P10.0KLCT-ND"; VariantName = "[No Variations]"
Change component parameters (AddParameter): Name = "Tolerance"; Value = "1%"; VariantName = "[No Variations]"
Change component parameters (AddParameter): Name = "Value"; Value = "10K"; VariantName = "[No Variations]"
Change component parameters: Designator = "R1060C" ("R1060"); Footprint = "GEN_R_0402"; UniqueID = "\LFQUXEVB\DSBYOQXN\LLNMMVGN" ("\LFQUXEVB\DSBYOQXN\LLNMMVGN")
Change component parameters (AddParameter): Name = "House Part Number"; Value = ""; VariantName = "[No Variations]"
Change component parameters (AddParameter): Name = "Manufacturer"; Value = "Panasonic"; VariantName = "[No Variations]"
Change component parameters (AddParameter): Name = "Manufacturer Part Number"; Value = "ERJ-2RKF1002X"; VariantName = "[No Variations]"
Change component parameters (AddParameter): Name = "Package"; Value = "0402"; VariantName = "[No Variations]"
Change component parameters (AddParameter): Name = "Supplier 1"; Value = "Digi-Key"; VariantName = "[No Variations]"
Change component parameters (AddParameter): Name = "Supplier Part Number 1"; Value = "P10.0KLCT-ND"; VariantName = "[No Variations]"
Change component parameters (AddParameter): Name = "Tolerance"; Value = "1%"; VariantName = "[No Variations]"
Change component parameters (AddParameter): Name = "Value"; Value = "10K"; VariantName = "[No Variations]"
Change component parameters: Designator = "R1060D" ("R1060"); Footprint = "GEN_R_0402"; UniqueID = "\LFQUXEVB\OJFNMMJL\LLNMMVGN" ("\LFQUXEVB\OJFNMMJL\LLNMMVGN")
Change component parameters (AddParameter): Name = "House Part Number"; Value = ""; VariantName = "[No Variations]"
Change component parameters (AddParameter): Name = "Manufacturer"; Value = "Panasonic"; VariantName = "[No Variations]"
Change component parameters (AddParameter): Name = "Manufacturer Part Number"; Value = "ERJ-2RKF1002X"; VariantName = "[No Variations]"
Change component parameters (AddParameter): Name = "Package"; Value = "0402"; VariantName = "[No Variations]"
Change component parameters (AddParameter): Name = "Supplier 1"; Value = "Digi-Key"; VariantName = "[No Variations]"
Change component parameters (AddParameter): Name = "Supplier Part Number 1"; Value = "P10.0KLCT-ND"; VariantName = "[No Variations]"
Change component parameters (AddParameter): Name = "Tolerance"; Value = "1%"; VariantName = "[No Variations]"
Change component parameters (AddParameter): Name = "Value"; Value = "10K"; VariantName = "[No Variations]"
