Removed Member From Class: ClassName=Main Member=C2
Removed Member From Class: ClassName=Main Member=C3
Removed Member From Class: ClassName=Main Member=C4
Removed Member From Class: ClassName=Main Member=C91
Removed Member From Class: ClassName=Main Member=C92
Removed Member From Class: ClassName=Main Member=C111
Removed Member From Class: ClassName=Main Member=J12
Removed Member From Class: ClassName=Main Member=L1
Removed Member From Class: ClassName=Main Member=R3
Removed Member From Class: ClassName=Main Member=R4
Removed Member From Class: ClassName=Main Member=R5
Removed Member From Class: ClassName=Main Member=R6
Removed Member From Class: ClassName=Main Member=R10
Removed Member From Class: ClassName=Main Member=R12
Removed Member From Class: ClassName=Main Member=R38
Removed Member From Class: ClassName=Main Member=R105
Removed Member From Class: ClassName=Main Member=TP1
Removed Member From Class: ClassName=Main Member=TP3
Removed Member From Class: ClassName=Main Member=TP4
Removed Member From Class: ClassName=Main Member=TP8
Removed Member From Class: ClassName=Main Member=TP18
Removed Member From Class: ClassName=Main Member=TP32
Removed Member From Class: ClassName=Main Member=TP47
Removed Member From Class: ClassName=Main Member=U2
Removed Member From Class: ClassName=Main Member=U14
Added Component: Designator=R115(GEN_R_0402)
Add component (AddParameter): Name = "Package"; Value = "0402"; VariantName = "[No Variations]"
Add component (AddParameter): Name = "Power Rating"; Value = "0.1W"; VariantName = "[No Variations]"
Add component (AddParameter): Name = "Supplier 1"; Value = "Digi-Key"; VariantName = "[No Variations]"
Add component (AddParameter): Name = "Supplier Part Number 1"; Value = "P10.0KLCT-ND"; VariantName = "[No Variations]"
Add component (AddParameter): Name = "Tolerance"; Value = "1%"; VariantName = "[No Variations]"
Add component (AddParameter): Name = "Value"; Value = "10K"; VariantName = "[No Variations]"
Added Pin To Net: NetName=GND Pin=C119-1
Added Pin To Net: NetName=GND Pin=C120-1
Added Pin To Net: NetName=GND Pin=C121-2
Added Pin To Net: NetName=GND Pin=C122-1
Added Pin To Net: NetName=GND Pin=C123-1
Added Pin To Net: NetName=GND Pin=R114-1
Added Pin To Net: NetName=FE_EN Pin=R115-1
Added Pin To Net: NetName=GND Pin=R115-2
Added Pin To Net: NetName=GND Pin=U19-3
Added Pin To Net: NetName=FE_EN Pin=U19-5
Added Pin To Net: NetName=+5V5 Pin=R112-2
Added Pin To Net: NetName=+5V5 Pin=TP49-1
Added Net: Name=+5V5
Added Pin To Net: NetName=+12V_PCIe Pin=P1-A2
Added Pin To Net: NetName=+12V_PCIe Pin=P1-A3
Added Pin To Net: NetName=+12V_PCIe Pin=P1-B1
Added Pin To Net: NetName=+12V_PCIe Pin=P1-B2
Added Pin To Net: NetName=+12V_PCIe Pin=P1-B3
Added Pin To Net: NetName=+12V_PCIe Pin=R116-1
Added Pin To Net: NetName=+12V_PCIe Pin=TP50-1
Added Net: Name=+12V_PCIe
Added Pin To Net: NetName=+12V Pin=C119-2
Added Pin To Net: NetName=+12V Pin=C120-2
Added Pin To Net: NetName=+12V Pin=C121-1
Added Pin To Net: NetName=+12V Pin=R116-2
Added Pin To Net: NetName=+12V Pin=TP51-1
Added Pin To Net: NetName=+12V Pin=U19-1
Added Net: Name=+12V
Added Pin To Net: NetName=NetC117_1 Pin=C117-1
Added Pin To Net: NetName=NetC117_1 Pin=L3-1
Added Pin To Net: NetName=NetC117_1 Pin=U19-2
Added Net: Name=NetC117_1
Added Pin To Net: NetName=NetC117_2 Pin=C117-2
Added Pin To Net: NetName=NetC117_2 Pin=U19-4
Added Net: Name=NetC117_2
Added Pin To Net: NetName=NetC118_1 Pin=C118-1
Added Pin To Net: NetName=NetC118_1 Pin=R113-1
Added Pin To Net: NetName=NetC118_1 Pin=R114-2
Added Pin To Net: NetName=NetC118_1 Pin=U19-6
Added Net: Name=NetC118_1
Added Pin To Net: NetName=NetC118_2 Pin=C118-2
Added Pin To Net: NetName=NetC118_2 Pin=C122-2
Added Pin To Net: NetName=NetC118_2 Pin=C123-2
Added Pin To Net: NetName=NetC118_2 Pin=L3-2
Added Pin To Net: NetName=NetC118_2 Pin=R112-1
Added Pin To Net: NetName=NetC118_2 Pin=R113-2
Added Pin To Net: NetName=NetC118_2 Pin=TP48-1
Added Net: Name=NetC118_2
Added Class: Name=POWER
Added Member To Class: ClassName=PCIe_X4 Member=Component R116 0.01
Added Member To Class: ClassName=PCIe_X4 Member=Component TP50 5015
Added Member To Class: ClassName=PCIe_X4 Member=Component TP51 5015
