Removed Pin From Net: NetName=NetC60_2 Pin=FB4-1
Removed Pin From Net: NetName=+3V3 Pin=FB6-1
Removed Pin From Net: NetName=+3V3 Pin=FB8-1
Removed Pin From Net: NetName=NetR88_1 Pin=U15-3
Removed Pin From Net: NetName=ADC_CLK_P Pin=U15-8
Removed Pin From Net: NetName=ADC_CLK_N Pin=U15-9
Removed Member From Class: ClassName=ADC Member=FB4
Removed Member From Class: ClassName=PLL Member=FB6
Removed Member From Class: ClassName=PLL Member=FB8
Added Pin To Net: NetName=VDDH Pin=C90-1
Added Pin To Net: NetName=VDDH Pin=C95-1
Added Pin To Net: NetName=VDDH Pin=C113-1
Added Pin To Net: NetName=VDDH Pin=U15-1
Added Pin To Net: NetName=VDDH Pin=U15-7
Added Pin To Net: NetName=VDDH Pin=U15-30
Added Pin To Net: NetName=VDDH Pin=U15-36
Added Pin To Net: NetName=NetR88_1 Pin=U15-37
Added Pin To Net: NetName=VDDH Pin=U15-43
Added Pin To Net: NetName=VDDH Pin=U15-46
Added Pin To Net: NetName=ADC_CLK_P Pin=U15-47
Added Pin To Net: NetName=ADC_CLK_N Pin=U15-48
Added Pin To Net: NetName=VDDH Pin=U15-54
