Removed Pin From Net: NetName=GND Pin=U15-26
Removed Pin From Net: NetName=GND Pin=U15-27
Removed Pin From Net: NetName=PLL_RSTn Pin=U15-29
Change Component DesignItemId : Designator=C96 Old DesignItemId=CAP 100nF 16V X7R 0402 New DesignItemId=RES 0 OHM 1/16W 0402
Change Component DesignItemId : Designator=C97 Old DesignItemId=CAP 100nF 16V X7R 0402 New DesignItemId=RES 0 OHM 1/16W 0402
Change Component DesignItemId : Designator=R92 Old DesignItemId=RES 10K OHM 1% 1/10W 0402 New DesignItemId=RES 1K OHM 1% 1/10W 0402
Change Component DesignItemId : Designator=R93 Old DesignItemId=RES 10K OHM 1% 1/10W 0402 New DesignItemId=RES 1K OHM 1% 1/10W 0402
Change Component DesignItemId : Designator=R94 Old DesignItemId=RES 10K OHM 1% 1/10W 0402 New DesignItemId=RES 1K OHM 1% 1/10W 0402
Change Component DesignItemId : Designator=R111 Old DesignItemId=RES 10K OHM 1% 1/10W 0402 New DesignItemId=RES 1K OHM 1% 1/10W 0402
Change Component Footprint: Designator=C96 Old Footprint=GEN_C_0402 New Footprint=GEN_R_0402
Change Component Footprint: Designator=C97 Old Footprint=GEN_C_0402 New Footprint=GEN_R_0402
Change Component Comment : Designator=R92 Old Comment=10K New Comment=1K
Change Component Comment : Designator=R93 Old Comment=10K New Comment=1K
Change Component Comment : Designator=R94 Old Comment=10K New Comment=1K
Change Component Comment : Designator=R111 Old Comment=10K New Comment=1K
Change Component Comment : Designator=C96 Old Comment=100nF New Comment=0
Change Component Comment : Designator=C97 Old Comment=100nF New Comment=0
Change component parameters: Designator = "C96" ("C96"); Footprint = "GEN_C_0402"; UniqueID = "\IGGKOPQF\RTVOJIAP\AWJNLKEN" ("\IGGKOPQF\RTVOJIAP\AWJNLKEN")
Change component parameters (AddParameter): Name = "House Part Number"; Value = ""; VariantName = "[No Variations]"
Change component parameters (AddParameter): Name = "Manufacturer"; Value = "Yageo"; VariantName = "[No Variations]"
Change component parameters (AddParameter): Name = "Manufacturer Part Number"; Value = "RC0402JR-070RL"; VariantName = "[No Variations]"
Change component parameters (AddParameter): Name = "Package"; Value = "0402"; VariantName = "[No Variations]"
Change component parameters (AddParameter): Name = "Supplier 1"; Value = "Digi-Key"; VariantName = "[No Variations]"
Change component parameters (AddParameter): Name = "Supplier Part Number 1"; Value = "311-0.0JRCT-ND"; VariantName = "[No Variations]"
Change component parameters (AddParameter): Name = "Value"; Value = "0"; VariantName = "[No Variations]"
Change component parameters: Designator = "C97" ("C97"); Footprint = "GEN_C_0402"; UniqueID = "\IGGKOPQF\RTVOJIAP\CGTRNBDT" ("\IGGKOPQF\RTVOJIAP\CGTRNBDT")
Change component parameters (AddParameter): Name = "House Part Number"; Value = ""; VariantName = "[No Variations]"
Change component parameters (AddParameter): Name = "Manufacturer"; Value = "Yageo"; VariantName = "[No Variations]"
Change component parameters (AddParameter): Name = "Manufacturer Part Number"; Value = "RC0402JR-070RL"; VariantName = "[No Variations]"
Change component parameters (AddParameter): Name = "Package"; Value = "0402"; VariantName = "[No Variations]"
Change component parameters (AddParameter): Name = "Supplier 1"; Value = "Digi-Key"; VariantName = "[No Variations]"
Change component parameters (AddParameter): Name = "Supplier Part Number 1"; Value = "311-0.0JRCT-ND"; VariantName = "[No Variations]"
Change component parameters (AddParameter): Name = "Value"; Value = "0"; VariantName = "[No Variations]"
Change component parameters: Designator = "R92" ("R92"); Footprint = "GEN_R_0402"; UniqueID = "\IGGKOPQF\RTVOJIAP\EAQLTPDO" ("\IGGKOPQF\RTVOJIAP\EAQLTPDO")
Change component parameters (AddParameter): Name = "House Part Number"; Value = "R-1K-0402-1%-001"; VariantName = "[No Variations]"
Change component parameters (AddParameter): Name = "Manufacturer"; Value = "Yageo"; VariantName = "[No Variations]"
Change component parameters (AddParameter): Name = "Manufacturer Part Number"; Value = "RC0402FR-071KL"; VariantName = "[No Variations]"
Change component parameters (AddParameter): Name = "Package"; Value = "0402"; VariantName = "[No Variations]"
Change component parameters (AddParameter): Name = "Supplier 1"; Value = "Digi-Key"; VariantName = "[No Variations]"
Change component parameters (AddParameter): Name = "Supplier Part Number 1"; Value = "311-1.00KLRCT-ND"; VariantName = "[No Variations]"
Change component parameters (AddParameter): Name = "Tolerance"; Value = "1%"; VariantName = "[No Variations]"
Change component parameters (AddParameter): Name = "Value"; Value = "1K"; VariantName = "[No Variations]"
Change component parameters: Designator = "R93" ("R93"); Footprint = "GEN_R_0402"; UniqueID = "\IGGKOPQF\RTVOJIAP\AWJSGZBE" ("\IGGKOPQF\RTVOJIAP\AWJSGZBE")
Change component parameters (AddParameter): Name = "House Part Number"; Value = "R-1K-0402-1%-001"; VariantName = "[No Variations]"
Change component parameters (AddParameter): Name = "Manufacturer"; Value = "Yageo"; VariantName = "[No Variations]"
Change component parameters (AddParameter): Name = "Manufacturer Part Number"; Value = "RC0402FR-071KL"; VariantName = "[No Variations]"
Change component parameters (AddParameter): Name = "Package"; Value = "0402"; VariantName = "[No Variations]"
Change component parameters (AddParameter): Name = "Supplier 1"; Value = "Digi-Key"; VariantName = "[No Variations]"
Change component parameters (AddParameter): Name = "Supplier Part Number 1"; Value = "311-1.00KLRCT-ND"; VariantName = "[No Variations]"
Change component parameters (AddParameter): Name = "Tolerance"; Value = "1%"; VariantName = "[No Variations]"
Change component parameters (AddParameter): Name = "Value"; Value = "1K"; VariantName = "[No Variations]"
Change component parameters: Designator = "R94" ("R94"); Footprint = "GEN_R_0402"; UniqueID = "\IGGKOPQF\RTVOJIAP\EDFWPJJZ" ("\IGGKOPQF\RTVOJIAP\EDFWPJJZ")
Change component parameters (AddParameter): Name = "House Part Number"; Value = "R-1K-0402-1%-001"; VariantName = "[No Variations]"
Change component parameters (AddParameter): Name = "Manufacturer"; Value = "Yageo"; VariantName = "[No Variations]"
Change component parameters (AddParameter): Name = "Manufacturer Part Number"; Value = "RC0402FR-071KL"; VariantName = "[No Variations]"
Change component parameters (AddParameter): Name = "Package"; Value = "0402"; VariantName = "[No Variations]"
Change component parameters (AddParameter): Name = "Supplier 1"; Value = "Digi-Key"; VariantName = "[No Variations]"
Change component parameters (AddParameter): Name = "Supplier Part Number 1"; Value = "311-1.00KLRCT-ND"; VariantName = "[No Variations]"
Change component parameters (AddParameter): Name = "Tolerance"; Value = "1%"; VariantName = "[No Variations]"
Change component parameters (AddParameter): Name = "Value"; Value = "1K"; VariantName = "[No Variations]"
Change component parameters: Designator = "R111" ("R111"); Footprint = "GEN_R_0402"; UniqueID = "\IGGKOPQF\RTVOJIAP\CKUJJFGC" ("\IGGKOPQF\RTVOJIAP\CKUJJFGC")
Change component parameters (AddParameter): Name = "House Part Number"; Value = "R-1K-0402-1%-001"; VariantName = "[No Variations]"
Change component parameters (AddParameter): Name = "Manufacturer"; Value = "Yageo"; VariantName = "[No Variations]"
Change component parameters (AddParameter): Name = "Manufacturer Part Number"; Value = "RC0402FR-071KL"; VariantName = "[No Variations]"
Change component parameters (AddParameter): Name = "Package"; Value = "0402"; VariantName = "[No Variations]"
Change component parameters (AddParameter): Name = "Supplier 1"; Value = "Digi-Key"; VariantName = "[No Variations]"
Change component parameters (AddParameter): Name = "Supplier Part Number 1"; Value = "311-1.00KLRCT-ND"; VariantName = "[No Variations]"
Change component parameters (AddParameter): Name = "Tolerance"; Value = "1%"; VariantName = "[No Variations]"
Change component parameters (AddParameter): Name = "Value"; Value = "1K"; VariantName = "[No Variations]"
Added Component: Designator=R26(GEN_R_0402)
Add component (AddParameter): Name = "House Part Number"; Value = "R-1K-0402-1%-001"; VariantName = "[No Variations]"
Add component (AddParameter): Name = "Manufacturer"; Value = "Yageo"; VariantName = "[No Variations]"
Add component (AddParameter): Name = "Manufacturer Part Number"; Value = "RC0402FR-071KL"; VariantName = "[No Variations]"
Add component (AddParameter): Name = "Package"; Value = "0402"; VariantName = "[No Variations]"
Add component (AddParameter): Name = "Supplier 1"; Value = "Digi-Key"; VariantName = "[No Variations]"
Add component (AddParameter): Name = "Supplier Part Number 1"; Value = "311-1.00KLRCT-ND"; VariantName = "[No Variations]"
Add component (AddParameter): Name = "Tolerance"; Value = "1%"; VariantName = "[No Variations]"
Add component (AddParameter): Name = "Value"; Value = "1K"; VariantName = "[No Variations]"
Added Component: Designator=R27(GEN_R_0402)
Add component (AddParameter): Name = "House Part Number"; Value = "R-1K-0402-1%-001"; VariantName = "[No Variations]"
Add component (AddParameter): Name = "Manufacturer"; Value = "Yageo"; VariantName = "[No Variations]"
Add component (AddParameter): Name = "Manufacturer Part Number"; Value = "RC0402FR-071KL"; VariantName = "[No Variations]"
Add component (AddParameter): Name = "Package"; Value = "0402"; VariantName = "[No Variations]"
Add component (AddParameter): Name = "Supplier 1"; Value = "Digi-Key"; VariantName = "[No Variations]"
Add component (AddParameter): Name = "Supplier Part Number 1"; Value = "311-1.00KLRCT-ND"; VariantName = "[No Variations]"
Add component (AddParameter): Name = "Tolerance"; Value = "1%"; VariantName = "[No Variations]"
Add component (AddParameter): Name = "Value"; Value = "1K"; VariantName = "[No Variations]"
Added Component: Designator=R28(GEN_R_0402)
Add component (AddParameter): Name = "House Part Number"; Value = "R-1K-0402-1%-001"; VariantName = "[No Variations]"
Add component (AddParameter): Name = "Manufacturer"; Value = "Yageo"; VariantName = "[No Variations]"
Add component (AddParameter): Name = "Manufacturer Part Number"; Value = "RC0402FR-071KL"; VariantName = "[No Variations]"
Add component (AddParameter): Name = "Package"; Value = "0402"; VariantName = "[No Variations]"
Add component (AddParameter): Name = "Supplier 1"; Value = "Digi-Key"; VariantName = "[No Variations]"
Add component (AddParameter): Name = "Supplier Part Number 1"; Value = "311-1.00KLRCT-ND"; VariantName = "[No Variations]"
Add component (AddParameter): Name = "Tolerance"; Value = "1%"; VariantName = "[No Variations]"
Add component (AddParameter): Name = "Value"; Value = "1K"; VariantName = "[No Variations]"
Added Pin To Net: NetName=GND Pin=R26-1
Added Pin To Net: NetName=GND Pin=R27-1
Added Pin To Net: NetName=PLL_RSTn Pin=R28-2
Added Pin To Net: NetName=NetR26_2 Pin=R26-2
Added Pin To Net: NetName=NetR26_2 Pin=U15-26
Added Net: Name=NetR26_2
Added Pin To Net: NetName=NetR27_2 Pin=R27-2
Added Pin To Net: NetName=NetR27_2 Pin=U15-27
Added Net: Name=NetR27_2
Added Pin To Net: NetName=NetR28_1 Pin=R28-1
Added Pin To Net: NetName=NetR28_1 Pin=U15-29
Added Net: Name=NetR28_1
Added Member To Class: ClassName=PLL Member=Component R26 1K
Added Member To Class: ClassName=PLL Member=Component R27 1K
Added Member To Class: ClassName=PLL Member=Component R28 1K
