Removed Pin From Net: NetName=GND Pin=U15-1
Removed Pin From Net: NetName=SDA Pin=U15-2
Removed Pin From Net: NetName=NetC99_1 Pin=U15-5
Removed Pin From Net: NetName=NetC98_1 Pin=U15-6
Removed Pin From Net: NetName=NetC97_1 Pin=U15-7
Removed Pin From Net: NetName=NetC96_1 Pin=U15-8
Removed Pin From Net: NetName=+3V3APLL Pin=U15-9
Removed Pin From Net: NetName=+1V8APLL Pin=U15-12
Removed Pin From Net: NetName=+1V8APLL Pin=U15-13
Removed Pin From Net: NetName=NetR88_1 Pin=U15-14
Removed Pin From Net: NetName=+1V8APLL Pin=U15-16
Removed Pin From Net: NetName=+1V8APLL Pin=U15-17
Removed Pin From Net: NetName=+1V8APLL Pin=U15-18
Removed Pin From Net: NetName=+1V8APLL Pin=U15-19
Removed Pin From Net: NetName=+3V3APLL Pin=U15-22
Removed Pin From Net: NetName=ADC_CLK_P Pin=U15-23
Removed Pin From Net: NetName=ADC_CLK_N Pin=U15-24
Removed Pin From Net: NetName=+3V3APLL Pin=U15-25
Removed Pin From Net: NetName=NetR94_2 Pin=U15-26
Removed Pin From Net: NetName=NetR93_2 Pin=U15-27
Removed Pin From Net: NetName=+1V8DPLL Pin=U15-29
Removed Pin From Net: NetName=PLL_RSTn Pin=U15-30
Removed Pin From Net: NetName=SCL Pin=U15-31
Removed Pin From Net: NetName=GND Pin=U15-32
Removed Pin From Net: NetName=GND Pin=U15-33
Change Component Footprint: Designator=U15 Old Footprint=MC_QFN32_ZL30250 New Footprint=MC_QFN56_ZL30260
Change Component Comment : Designator=U15 Old Comment=ZL30250LDG1 New Comment=ZL30260LDG1
Change component parameters: Designator = "U15" ("U15"); Footprint = "MC_QFN32_ZL30250"; UniqueID = "\IGGKOPQF\RTVOJIAP\QJXBICYF" ("\IGGKOPQF\RTVOJIAP\QJXBICYF")
Change component parameters (AddParameter): Name = "House Part Number"; Value = ""; VariantName = "[No Variations]"
Change component parameters (AddParameter): Name = "Manufacturer"; Value = "Microchip"; VariantName = "[No Variations]"
Change component parameters (AddParameter): Name = "Manufacturer Part Number"; Value = "ZL30260LDG1"; VariantName = "[No Variations]"
Change component parameters (AddParameter): Name = "Supplier 1"; Value = "Mouser"; VariantName = "[No Variations]"
Change component parameters (AddParameter): Name = "Supplier Part Number 1"; Value = "494-ZL30260LDG1"; VariantName = "[No Variations]"
Added Component: Designator=C112(GEN_C_0402)
Add component (AddParameter): Name = "Package"; Value = "0402"; VariantName = "[No Variations]"
Add component (AddParameter): Name = "Supplier 1"; Value = "Digi-Key"; VariantName = "[No Variations]"
Add component (AddParameter): Name = "Supplier Part Number 1"; Value = "490-10017-1-ND"; VariantName = "[No Variations]"
Add component (AddParameter): Name = "Value"; Value = "1uF"; VariantName = "[No Variations]"
Add component (AddParameter): Name = "Voltage Rating"; Value = "25V"; VariantName = "[No Variations]"
Added Component: Designator=C113(GEN_C_0402)
Add component (AddParameter): Name = "Package"; Value = "0402"; VariantName = "[No Variations]"
Add component (AddParameter): Name = "Supplier 1"; Value = "Digi-Key"; VariantName = "[No Variations]"
Add component (AddParameter): Name = "Supplier Part Number 1"; Value = "490-10017-1-ND"; VariantName = "[No Variations]"
Add component (AddParameter): Name = "Value"; Value = "1uF"; VariantName = "[No Variations]"
Add component (AddParameter): Name = "Voltage Rating"; Value = "25V"; VariantName = "[No Variations]"
Added Component: Designator=C114(GEN_C_0402)
Add component (AddParameter): Name = "Package"; Value = "0402"; VariantName = "[No Variations]"
Add component (AddParameter): Name = "Supplier 1"; Value = "Digi-Key"; VariantName = "[No Variations]"
Add component (AddParameter): Name = "Supplier Part Number 1"; Value = "490-10017-1-ND"; VariantName = "[No Variations]"
Add component (AddParameter): Name = "Value"; Value = "1uF"; VariantName = "[No Variations]"
Add component (AddParameter): Name = "Voltage Rating"; Value = "25V"; VariantName = "[No Variations]"
Added Component: Designator=C115(GEN_C_0402)
Add component (AddParameter): Name = "Package"; Value = "0402"; VariantName = "[No Variations]"
Add component (AddParameter): Name = "Supplier 1"; Value = "Digi-Key"; VariantName = "[No Variations]"
Add component (AddParameter): Name = "Supplier Part Number 1"; Value = "490-10017-1-ND"; VariantName = "[No Variations]"
Add component (AddParameter): Name = "Value"; Value = "1uF"; VariantName = "[No Variations]"
Add component (AddParameter): Name = "Voltage Rating"; Value = "25V"; VariantName = "[No Variations]"
Added Component: Designator=FB8(GEN_R_0402)
Add component (AddParameter): Name = "Supplier 1"; Value = "Digi-Key"; VariantName = "[No Variations]"
Add component (AddParameter): Name = "Supplier Part Number 1"; Value = "490-9656-1-ND"; VariantName = "[No Variations]"
Added Component: Designator=R111(GEN_R_0402)
Add component (AddParameter): Name = "Package"; Value = "0402"; VariantName = "[No Variations]"
Add component (AddParameter): Name = "Power Rating"; Value = "0.1W"; VariantName = "[No Variations]"
Add component (AddParameter): Name = "Supplier 1"; Value = "Digi-Key"; VariantName = "[No Variations]"
Add component (AddParameter): Name = "Supplier Part Number 1"; Value = "P10.0KLCT-ND"; VariantName = "[No Variations]"
Add component (AddParameter): Name = "Tolerance"; Value = "1%"; VariantName = "[No Variations]"
Add component (AddParameter): Name = "Value"; Value = "10K"; VariantName = "[No Variations]"
Added Pin To Net: NetName=+3V3APLL Pin=C112-1
Added Pin To Net: NetName=GND Pin=C112-2
Added Pin To Net: NetName=GND Pin=C113-2
Added Pin To Net: NetName=+1V8APLL Pin=C114-1
Added Pin To Net: NetName=GND Pin=C114-2
Added Pin To Net: NetName=+1V8APLL Pin=C115-1
Added Pin To Net: NetName=GND Pin=C115-2
Added Pin To Net: NetName=+3V3 Pin=FB8-1
Added Pin To Net: NetName=GND Pin=R111-1
Added Pin To Net: NetName=+1V8DPLL Pin=U15-1
Added Pin To Net: NetName=NetR88_1 Pin=U15-3
Added Pin To Net: NetName=+1V8APLL Pin=U15-4
Added Pin To Net: NetName=ADC_CLK_N Pin=U15-8
Added Pin To Net: NetName=ADC_CLK_P Pin=U15-9
Added Pin To Net: NetName=+1V8APLL Pin=U15-10
Added Pin To Net: NetName=+3V3APLL Pin=U15-11
Added Pin To Net: NetName=+1V8APLL Pin=U15-14
Added Pin To Net: NetName=NetC96_1 Pin=U15-15
Added Pin To Net: NetName=NetC97_1 Pin=U15-16
Added Pin To Net: NetName=+3V3APLL Pin=U15-17
Added Pin To Net: NetName=NetC98_1 Pin=U15-18
Added Pin To Net: NetName=NetC99_1 Pin=U15-19
Added Pin To Net: NetName=NetR93_2 Pin=U15-22
Added Pin To Net: NetName=NetR94_2 Pin=U15-23
Added Pin To Net: NetName=SCL Pin=U15-24
Added Pin To Net: NetName=SDA Pin=U15-25
Added Pin To Net: NetName=GND Pin=U15-26
Added Pin To Net: NetName=GND Pin=U15-27
Added Pin To Net: NetName=PLL_RSTn Pin=U15-29
Added Pin To Net: NetName=+1V8APLL Pin=U15-31
Added Pin To Net: NetName=+3V3APLL Pin=U15-32
Added Pin To Net: NetName=+1V8APLL Pin=U15-33
Added Pin To Net: NetName=+1V8DPLL Pin=U15-36
Added Pin To Net: NetName=+1V8APLL Pin=U15-39
Added Pin To Net: NetName=+3V3APLL Pin=U15-42
Added Pin To Net: NetName=+1V8DPLL Pin=U15-43
Added Pin To Net: NetName=+1V8DPLL Pin=U15-46
Added Pin To Net: NetName=+1V8APLL Pin=U15-49
Added Pin To Net: NetName=+1V8APLL Pin=U15-50
Added Pin To Net: NetName=+1V8APLL Pin=U15-51
Added Pin To Net: NetName=+1V8DPLL Pin=U15-54
Added Pin To Net: NetName=GND Pin=U15-57
Change Net Name : Old Net Name=+3V3APLL New Net Name=NetC88_1
Added Pin To Net: NetName=NetC95_1 Pin=C95-1
Added Pin To Net: NetName=NetC95_1 Pin=FB6-2
Added Pin To Net: NetName=NetC95_1 Pin=U15-30
Added Net: Name=NetC95_1
Added Pin To Net: NetName=NetC113_1 Pin=C113-1
Added Pin To Net: NetName=NetC113_1 Pin=FB8-2
Added Pin To Net: NetName=NetC113_1 Pin=U15-7
Added Net: Name=NetC113_1
Added Pin To Net: NetName=NetR111_2 Pin=R111-2
Added Pin To Net: NetName=NetR111_2 Pin=U15-21
Added Net: Name=NetR111_2
Added Member To Class: ClassName=PLL Member=Component C112 1uF
Added Member To Class: ClassName=PLL Member=Component C113 1uF
Added Member To Class: ClassName=PLL Member=Component C114 1uF
Added Member To Class: ClassName=PLL Member=Component C115 1uF
Added Member To Class: ClassName=PLL Member=Component FB8 120@100MHZ
Added Member To Class: ClassName=PLL Member=Component R111 10K
