Change Component DesignItemId : Designator=C103 Old DesignItemId=CAP 100nF 16V X7R 0402 New DesignItemId=RES 0 OHM 1/16W 0402
Change Component DesignItemId : Designator=C104 Old DesignItemId=CAP 100nF 16V X7R 0402 New DesignItemId=RES 0 OHM 1/16W 0402
Change Component DesignItemId : Designator=JM3 Old DesignItemId=CONN LSHM-130-04.0-L-DV-A-S-K-TR New DesignItemId=CONN LSHM-130-02.5-L-DV-A-S-K-TR
Change Component DesignItemId : Designator=JM1 Old DesignItemId=CONN LSHM-150-04.0-L-DV-A-S-K-TR New DesignItemId=CONN LSHM-150-02.5-L-DV-A-S-K-TR
Change Component DesignItemId : Designator=JM2 Old DesignItemId=CONN LSHM-150-04.0-L-DV-A-S-K-TR New DesignItemId=CONN LSHM-150-02.5-L-DV-A-S-K-TR
Change Component Footprint: Designator=C103 Old Footprint=GEN_C_0402 New Footprint=GEN_R_0402
Change Component Footprint: Designator=C104 Old Footprint=GEN_C_0402 New Footprint=GEN_R_0402
Change Component Comment : Designator=C103 Old Comment=100nF New Comment=0
Change Component Comment : Designator=C104 Old Comment=100nF New Comment=0
Change Component Comment : Designator=JM3 Old Comment=LSHM-130-04.0-L-DV-A-S-K-TR New Comment=LSHM-130-02.5-L-DV-A-S-K-TR
Change Component Comment : Designator=JM1 Old Comment=LSHM-150-04.0-L-DV-A-S-K-TR New Comment=LSHM-150-02.5-L-DV-A-S-K-TR
Change Component Comment : Designator=JM2 Old Comment=LSHM-150-04.0-L-DV-A-S-K-TR New Comment=LSHM-150-02.5-L-DV-A-S-K-TR
Change component parameters: Designator = "C103" ("C103"); Footprint = "GEN_C_0402"; UniqueID = "\IGGKOPQF\MFGEASZL" ("\IGGKOPQF\MFGEASZL")
Change component parameters (AddParameter): Name = "House Part Number"; Value = ""; VariantName = "[No Variations]"
Change component parameters (AddParameter): Name = "Manufacturer"; Value = "Yageo"; VariantName = "[No Variations]"
Change component parameters (AddParameter): Name = "Manufacturer Part Number"; Value = "RC0402JR-070RL"; VariantName = "[No Variations]"
Change component parameters (AddParameter): Name = "Package"; Value = "0402"; VariantName = "[No Variations]"
Change component parameters (AddParameter): Name = "Supplier 1"; Value = "Digi-Key"; VariantName = "[No Variations]"
Change component parameters (AddParameter): Name = "Supplier Part Number 1"; Value = "311-0.0JRCT-ND"; VariantName = "[No Variations]"
Change component parameters (AddParameter): Name = "Value"; Value = "0"; VariantName = "[No Variations]"
Change component parameters: Designator = "C104" ("C104"); Footprint = "GEN_C_0402"; UniqueID = "\IGGKOPQF\VEQYDMEL" ("\IGGKOPQF\VEQYDMEL")
Change component parameters (AddParameter): Name = "House Part Number"; Value = ""; VariantName = "[No Variations]"
Change component parameters (AddParameter): Name = "Manufacturer"; Value = "Yageo"; VariantName = "[No Variations]"
Change component parameters (AddParameter): Name = "Manufacturer Part Number"; Value = "RC0402JR-070RL"; VariantName = "[No Variations]"
Change component parameters (AddParameter): Name = "Package"; Value = "0402"; VariantName = "[No Variations]"
Change component parameters (AddParameter): Name = "Supplier 1"; Value = "Digi-Key"; VariantName = "[No Variations]"
Change component parameters (AddParameter): Name = "Supplier Part Number 1"; Value = "311-0.0JRCT-ND"; VariantName = "[No Variations]"
Change component parameters (AddParameter): Name = "Value"; Value = "0"; VariantName = "[No Variations]"
Change component parameters: Designator = "JM1" ("JM1"); Footprint = "SAM_LSHM-150-XX.X-XX-DV-A-S"; UniqueID = "\WKVQNEZI\DBPDNWQJ" ("\WKVQNEZI\DBPDNWQJ")
Change component parameters (AddParameter): Name = "House Part Number"; Value = "LSHM-150-02.5-L-DV-A-S-K-TR"; VariantName = "[No Variations]"
Change component parameters (AddParameter): Name = "Manufacturer"; Value = "Samtec"; VariantName = "[No Variations]"
Change component parameters (AddParameter): Name = "Manufacturer Part Number"; Value = "LSHM-150-02.5-L-DV-A-S-K-TR"; VariantName = "[No Variations]"
Change component parameters (AddParameter): Name = "Supplier 1"; Value = "Digi-Key"; VariantName = "[No Variations]"
Change component parameters (AddParameter): Name = "Supplier Part Number 1"; Value = "SAM14147DKR-ND"; VariantName = "[No Variations]"
Change component parameters: Designator = "JM2" ("JM2"); Footprint = "SAM_LSHM-150-XX.X-XX-DV-A-S"; UniqueID = "\WKVQNEZI\JKOYDKNE" ("\WKVQNEZI\JKOYDKNE")
Change component parameters (AddParameter): Name = "House Part Number"; Value = "LSHM-150-02.5-L-DV-A-S-K-TR"; VariantName = "[No Variations]"
Change component parameters (AddParameter): Name = "Manufacturer"; Value = "Samtec"; VariantName = "[No Variations]"
Change component parameters (AddParameter): Name = "Manufacturer Part Number"; Value = "LSHM-150-02.5-L-DV-A-S-K-TR"; VariantName = "[No Variations]"
Change component parameters (AddParameter): Name = "Supplier 1"; Value = "Digi-Key"; VariantName = "[No Variations]"
Change component parameters (AddParameter): Name = "Supplier Part Number 1"; Value = "SAM14147DKR-ND"; VariantName = "[No Variations]"
Change component parameters: Designator = "JM3" ("JM3"); Footprint = "SAM_LSHM-130-XX.X-XX-DV-A-S"; UniqueID = "\WKVQNEZI\NHGLEADN" ("\WKVQNEZI\NHGLEADN")
Change component parameters (AddParameter): Name = "House Part Number"; Value = "LSHM-130-02.5-L-DV-A-S-K-TR"; VariantName = "[No Variations]"
Change component parameters (AddParameter): Name = "Manufacturer"; Value = "Samtec"; VariantName = "[No Variations]"
Change component parameters (AddParameter): Name = "Manufacturer Part Number"; Value = "LSHM-130-02.5-L-DV-A-S-K-TR"; VariantName = "[No Variations]"
Change component parameters (AddParameter): Name = "Supplier 1"; Value = "Digi-Key"; VariantName = "[No Variations]"
Change component parameters (AddParameter): Name = "Supplier Part Number 1"; Value = "SAM14106DKR-ND"; VariantName = "[No Variations]"
