Change Component DesignItemId : Designator=R1030A Old DesignItemId=RES TBD 0603 New DesignItemId=RES TBD 0402
Change Component DesignItemId : Designator=R1030B Old DesignItemId=RES TBD 0603 New DesignItemId=RES TBD 0402
Change Component DesignItemId : Designator=R1030C Old DesignItemId=RES TBD 0603 New DesignItemId=RES TBD 0402
Change Component DesignItemId : Designator=R1030D Old DesignItemId=RES TBD 0603 New DesignItemId=RES TBD 0402
Change Component Footprint: Designator=R1030A Old Footprint=GEN_R_0603 New Footprint=GEN_R_0402
Change Component Footprint: Designator=R1030B Old Footprint=GEN_R_0603 New Footprint=GEN_R_0402
Change Component Footprint: Designator=R1030C Old Footprint=GEN_R_0603 New Footprint=GEN_R_0402
Change Component Footprint: Designator=R1030D Old Footprint=GEN_R_0603 New Footprint=GEN_R_0402
Change Component Kind : Designator=R1030C Old Kind=Standard New Kind=Standard (No BOM)
Change Component Kind : Designator=R1030D Old Kind=Standard New Kind=Standard (No BOM)
Change Component Kind : Designator=R1030A Old Kind=Standard New Kind=Standard (No BOM)
Change Component Kind : Designator=R1030B Old Kind=Standard New Kind=Standard (No BOM)
Change component parameters: Designator = "R1030A" ("R1030"); Footprint = "GEN_R_0603"; UniqueID = "\LFQUXEVB\QZMSFBXE\STKREZWJ" ("\LFQUXEVB\QZMSFBXE\STKREZWJ")
Change component parameters (AddParameter): Name = "House Part Number"; Value = ""; VariantName = "[No Variations]"
Change component parameters (AddParameter): Name = "Manufacturer"; Value = ""; VariantName = "[No Variations]"
Change component parameters (AddParameter): Name = "Manufacturer Part Number"; Value = ""; VariantName = "[No Variations]"
Change component parameters (AddParameter): Name = "Package"; Value = "0402"; VariantName = "[No Variations]"
Change component parameters (AddParameter): Name = "Tolerance"; Value = "1%"; VariantName = "[No Variations]"
Change component parameters (AddParameter): Name = "Value"; Value = "TBD"; VariantName = "[No Variations]"
Change component parameters: Designator = "R1030B" ("R1030"); Footprint = "GEN_R_0603"; UniqueID = "\LFQUXEVB\QXYCCULR\STKREZWJ" ("\LFQUXEVB\QXYCCULR\STKREZWJ")
Change component parameters (AddParameter): Name = "House Part Number"; Value = ""; VariantName = "[No Variations]"
Change component parameters (AddParameter): Name = "Manufacturer"; Value = ""; VariantName = "[No Variations]"
Change component parameters (AddParameter): Name = "Manufacturer Part Number"; Value = ""; VariantName = "[No Variations]"
Change component parameters (AddParameter): Name = "Package"; Value = "0402"; VariantName = "[No Variations]"
Change component parameters (AddParameter): Name = "Tolerance"; Value = "1%"; VariantName = "[No Variations]"
Change component parameters (AddParameter): Name = "Value"; Value = "TBD"; VariantName = "[No Variations]"
Change component parameters: Designator = "R1030C" ("R1030"); Footprint = "GEN_R_0603"; UniqueID = "\LFQUXEVB\DSBYOQXN\STKREZWJ" ("\LFQUXEVB\DSBYOQXN\STKREZWJ")
Change component parameters (AddParameter): Name = "House Part Number"; Value = ""; VariantName = "[No Variations]"
Change component parameters (AddParameter): Name = "Manufacturer"; Value = ""; VariantName = "[No Variations]"
Change component parameters (AddParameter): Name = "Manufacturer Part Number"; Value = ""; VariantName = "[No Variations]"
Change component parameters (AddParameter): Name = "Package"; Value = "0402"; VariantName = "[No Variations]"
Change component parameters (AddParameter): Name = "Tolerance"; Value = "1%"; VariantName = "[No Variations]"
Change component parameters (AddParameter): Name = "Value"; Value = "TBD"; VariantName = "[No Variations]"
Change component parameters: Designator = "R1030D" ("R1030"); Footprint = "GEN_R_0603"; UniqueID = "\LFQUXEVB\OJFNMMJL\STKREZWJ" ("\LFQUXEVB\OJFNMMJL\STKREZWJ")
Change component parameters (AddParameter): Name = "House Part Number"; Value = ""; VariantName = "[No Variations]"
Change component parameters (AddParameter): Name = "Manufacturer"; Value = ""; VariantName = "[No Variations]"
Change component parameters (AddParameter): Name = "Manufacturer Part Number"; Value = ""; VariantName = "[No Variations]"
Change component parameters (AddParameter): Name = "Package"; Value = "0402"; VariantName = "[No Variations]"
Change component parameters (AddParameter): Name = "Tolerance"; Value = "1%"; VariantName = "[No Variations]"
Change component parameters (AddParameter): Name = "Value"; Value = "TBD"; VariantName = "[No Variations]"
