Change Component DesignItemId : Designator=R35A Old DesignItemId=RES 1K OHM 1% 1/10W 0402 New DesignItemId=RES 10K OHM 1% 1/10W 0402
Change Component DesignItemId : Designator=R35B Old DesignItemId=RES 1K OHM 1% 1/10W 0402 New DesignItemId=RES 10K OHM 1% 1/10W 0402
Change Component DesignItemId : Designator=R35C Old DesignItemId=RES 1K OHM 1% 1/10W 0402 New DesignItemId=RES 10K OHM 1% 1/10W 0402
Change Component DesignItemId : Designator=R35D Old DesignItemId=RES 1K OHM 1% 1/10W 0402 New DesignItemId=RES 10K OHM 1% 1/10W 0402
Change Component Comment : Designator=R35A Old Comment=1K New Comment=10K
Change Component Comment : Designator=R35B Old Comment=1K New Comment=10K
Change Component Comment : Designator=R35C Old Comment=1K New Comment=10K
Change Component Comment : Designator=R35D Old Comment=1K New Comment=10K
Change component parameters: Designator = "R35A" ("R35"); Footprint = "GEN_R_0402"; UniqueID = "\LFQUXEVB\QZMSFBXE\SXYQBRIC" ("\LFQUXEVB\QZMSFBXE\SXYQBRIC")
Change component parameters (AddParameter): Name = "House Part Number"; Value = ""; VariantName = "[No Variations]"
Change component parameters (AddParameter): Name = "Manufacturer"; Value = "Panasonic"; VariantName = "[No Variations]"
Change component parameters (AddParameter): Name = "Manufacturer Part Number"; Value = "ERJ-2RKF1002X"; VariantName = "[No Variations]"
Change component parameters (AddParameter): Name = "Package"; Value = "0402"; VariantName = "[No Variations]"
Change component parameters (AddParameter): Name = "Supplier 1"; Value = "Digi-Key"; VariantName = "[No Variations]"
Change component parameters (AddParameter): Name = "Supplier Part Number 1"; Value = "P10.0KLCT-ND"; VariantName = "[No Variations]"
Change component parameters (AddParameter): Name = "Tolerance"; Value = "1%"; VariantName = "[No Variations]"
Change component parameters (AddParameter): Name = "Value"; Value = "10K"; VariantName = "[No Variations]"
Change component parameters: Designator = "R35B" ("R35"); Footprint = "GEN_R_0402"; UniqueID = "\LFQUXEVB\QXYCCULR\SXYQBRIC" ("\LFQUXEVB\QXYCCULR\SXYQBRIC")
Change component parameters (AddParameter): Name = "House Part Number"; Value = ""; VariantName = "[No Variations]"
Change component parameters (AddParameter): Name = "Manufacturer"; Value = "Panasonic"; VariantName = "[No Variations]"
Change component parameters (AddParameter): Name = "Manufacturer Part Number"; Value = "ERJ-2RKF1002X"; VariantName = "[No Variations]"
Change component parameters (AddParameter): Name = "Package"; Value = "0402"; VariantName = "[No Variations]"
Change component parameters (AddParameter): Name = "Supplier 1"; Value = "Digi-Key"; VariantName = "[No Variations]"
Change component parameters (AddParameter): Name = "Supplier Part Number 1"; Value = "P10.0KLCT-ND"; VariantName = "[No Variations]"
Change component parameters (AddParameter): Name = "Tolerance"; Value = "1%"; VariantName = "[No Variations]"
Change component parameters (AddParameter): Name = "Value"; Value = "10K"; VariantName = "[No Variations]"
Change component parameters: Designator = "R35C" ("R35"); Footprint = "GEN_R_0402"; UniqueID = "\LFQUXEVB\DSBYOQXN\SXYQBRIC" ("\LFQUXEVB\DSBYOQXN\SXYQBRIC")
Change component parameters (AddParameter): Name = "House Part Number"; Value = ""; VariantName = "[No Variations]"
Change component parameters (AddParameter): Name = "Manufacturer"; Value = "Panasonic"; VariantName = "[No Variations]"
Change component parameters (AddParameter): Name = "Manufacturer Part Number"; Value = "ERJ-2RKF1002X"; VariantName = "[No Variations]"
Change component parameters (AddParameter): Name = "Package"; Value = "0402"; VariantName = "[No Variations]"
Change component parameters (AddParameter): Name = "Supplier 1"; Value = "Digi-Key"; VariantName = "[No Variations]"
Change component parameters (AddParameter): Name = "Supplier Part Number 1"; Value = "P10.0KLCT-ND"; VariantName = "[No Variations]"
Change component parameters (AddParameter): Name = "Tolerance"; Value = "1%"; VariantName = "[No Variations]"
Change component parameters (AddParameter): Name = "Value"; Value = "10K"; VariantName = "[No Variations]"
Change component parameters: Designator = "R35D" ("R35"); Footprint = "GEN_R_0402"; UniqueID = "\LFQUXEVB\OJFNMMJL\SXYQBRIC" ("\LFQUXEVB\OJFNMMJL\SXYQBRIC")
Change component parameters (AddParameter): Name = "House Part Number"; Value = ""; VariantName = "[No Variations]"
Change component parameters (AddParameter): Name = "Manufacturer"; Value = "Panasonic"; VariantName = "[No Variations]"
Change component parameters (AddParameter): Name = "Manufacturer Part Number"; Value = "ERJ-2RKF1002X"; VariantName = "[No Variations]"
Change component parameters (AddParameter): Name = "Package"; Value = "0402"; VariantName = "[No Variations]"
Change component parameters (AddParameter): Name = "Supplier 1"; Value = "Digi-Key"; VariantName = "[No Variations]"
Change component parameters (AddParameter): Name = "Supplier Part Number 1"; Value = "P10.0KLCT-ND"; VariantName = "[No Variations]"
Change component parameters (AddParameter): Name = "Tolerance"; Value = "1%"; VariantName = "[No Variations]"
Change component parameters (AddParameter): Name = "Value"; Value = "10K"; VariantName = "[No Variations]"
