Removed Pin From Net: NetName=+5V Pin=R97A-2
Removed Pin From Net: NetName=+5V Pin=R97B-2
Removed Pin From Net: NetName=+5V Pin=R97C-2
Removed Pin From Net: NetName=+5V Pin=R97D-2
Removed Pin From Net: NetName=GND Pin=R98A-1
Removed Pin From Net: NetName=GND Pin=R98B-1
Removed Pin From Net: NetName=GND Pin=R98C-1
Removed Pin From Net: NetName=GND Pin=R98D-1
Added Component: Designator=C17(GEN_C_0402)
Add component (AddParameter): Name = "Package"; Value = "0402"; VariantName = "[No Variations]"
Add component (AddParameter): Name = "Supplier 1"; Value = "Digi-Key"; VariantName = "[No Variations]"
Add component (AddParameter): Name = "Supplier Part Number 1"; Value = "490-4759-1-ND"; VariantName = "[No Variations]"
Add component (AddParameter): Name = "Value"; Value = "100nF"; VariantName = "[No Variations]"
Add component (AddParameter): Name = "Voltage Rating"; Value = "16V"; VariantName = "[No Variations]"
Added Component: Designator=C18(GEN_C_0402)
Add component (AddParameter): Name = "Package"; Value = "0402"; VariantName = "[No Variations]"
Add component (AddParameter): Name = "Supplier 1"; Value = "Digi-Key"; VariantName = "[No Variations]"
Add component (AddParameter): Name = "Supplier Part Number 1"; Value = "490-4759-1-ND"; VariantName = "[No Variations]"
Add component (AddParameter): Name = "Value"; Value = "100nF"; VariantName = "[No Variations]"
Add component (AddParameter): Name = "Voltage Rating"; Value = "16V"; VariantName = "[No Variations]"
Added Component: Designator=C19(GEN_C_0402)
Add component (AddParameter): Name = "Package"; Value = "0402"; VariantName = "[No Variations]"
Add component (AddParameter): Name = "Supplier 1"; Value = "Digi-Key"; VariantName = "[No Variations]"
Add component (AddParameter): Name = "Supplier Part Number 1"; Value = "490-4759-1-ND"; VariantName = "[No Variations]"
Add component (AddParameter): Name = "Value"; Value = "100nF"; VariantName = "[No Variations]"
Add component (AddParameter): Name = "Voltage Rating"; Value = "16V"; VariantName = "[No Variations]"
Added Component: Designator=R24(GEN_R_0402)
Add component (AddParameter): Name = "Package"; Value = "0402"; VariantName = "[No Variations]"
Add component (AddParameter): Name = "Power Rating"; Value = "0.1W"; VariantName = "[No Variations]"
Add component (AddParameter): Name = "Supplier 1"; Value = "Digi-Key"; VariantName = "[No Variations]"
Add component (AddParameter): Name = "Supplier Part Number 1"; Value = "P10.0KLCT-ND"; VariantName = "[No Variations]"
Add component (AddParameter): Name = "Tolerance"; Value = "1%"; VariantName = "[No Variations]"
Add component (AddParameter): Name = "Value"; Value = "10K"; VariantName = "[No Variations]"
Added Component: Designator=R25(GEN_R_0402)
Add component (AddParameter): Name = "Package"; Value = "0402"; VariantName = "[No Variations]"
Add component (AddParameter): Name = "Power Rating"; Value = "0.1W"; VariantName = "[No Variations]"
Add component (AddParameter): Name = "Supplier 1"; Value = "Digi-Key"; VariantName = "[No Variations]"
Add component (AddParameter): Name = "Supplier Part Number 1"; Value = "P10.0KLCT-ND"; VariantName = "[No Variations]"
Add component (AddParameter): Name = "Tolerance"; Value = "1%"; VariantName = "[No Variations]"
Add component (AddParameter): Name = "Value"; Value = "10K"; VariantName = "[No Variations]"
Added Component: Designator=TP17(GEN_TP_PCB)
Added Component: Designator=U8(TI_SOIC8_D0008A)
Add component (AddParameter): Name = "Supplier 1"; Value = "Digi-Key"; VariantName = "[No Variations]"
Add component (AddParameter): Name = "Supplier Part Number 1"; Value = "296-14626-1-ND"; VariantName = "[No Variations]"
Added Pin To Net: NetName=+5V Pin=C17-1
Added Pin To Net: NetName=GND Pin=C17-2
Added Pin To Net: NetName=GND Pin=C18-1
Added Pin To Net: NetName=-5V Pin=C18-2
Added Pin To Net: NetName=GND Pin=C19-1
Added Pin To Net: NetName=+5V Pin=R24-2
Added Pin To Net: NetName=GND Pin=R25-1
Added Pin To Net: NetName=-5V Pin=U8-4
Added Pin To Net: NetName=+5V Pin=U8-7
Added Pin To Net: NetName=+VBIAS Pin=R97A-2
Added Pin To Net: NetName=+VBIAS Pin=R97B-2
Added Pin To Net: NetName=+VBIAS Pin=R97C-2
Added Pin To Net: NetName=+VBIAS Pin=R97D-2
Added Pin To Net: NetName=+VBIAS Pin=R98A-1
Added Pin To Net: NetName=+VBIAS Pin=R98B-1
Added Pin To Net: NetName=+VBIAS Pin=R98C-1
Added Pin To Net: NetName=+VBIAS Pin=R98D-1
Added Pin To Net: NetName=+VBIAS Pin=TP17-1
Added Pin To Net: NetName=+VBIAS Pin=U8-2
Added Pin To Net: NetName=+VBIAS Pin=U8-6
Added Net: Name=+VBIAS
Added Pin To Net: NetName=NetC19_2 Pin=C19-2
Added Pin To Net: NetName=NetC19_2 Pin=R24-1
Added Pin To Net: NetName=NetC19_2 Pin=R25-2
Added Pin To Net: NetName=NetC19_2 Pin=U8-3
Added Net: Name=NetC19_2
Added Member To Class: ClassName=Front End Member=Component C17 100nF
Added Member To Class: ClassName=Front End Member=Component C18 100nF
Added Member To Class: ClassName=Front End Member=Component C19 100nF
Added Member To Class: ClassName=Front End Member=Component R24 10K
Added Member To Class: ClassName=Front End Member=Component R25 10K
Added Member To Class: ClassName=Front End Member=Component TP17 PCB
Added Member To Class: ClassName=Front End Member=Component U8 OP07CDR
