Release 14.7 - ngc2edif P.20131013 (lin64)
Copyright (c) 1995-2013 Xilinx, Inc.  All rights reserved.
Reading design dso_top.ngc ...
WARNING:NetListWriters:298 - No output is written to dso_top.xncf, ignored.
Processing design ...
   Preping design's networks ...
   Preping design's macros ...
WARNING:NetListWriters:306 - Signal bus
   Serial_Controller/FT2_Read_Write/write_data_reg<6 : 2> on block dso_top is
   not reconstructed, because there are some missing bus signals.
WARNING:NetListWriters:306 - Signal bus FT6_Write/data_delay<2 : 0> on block
   dso_top is not reconstructed, because there are some missing bus signals.
  finished :Prep
Writing EDIF netlist file dso_top.edif ...
ngc2edif: Total memory usage is 105548 kilobytes

Release 14.7 - ngc2edif P.20131013 (lin64)
Copyright (c) 1995-2013 Xilinx, Inc.  All rights reserved.
Reading design dso_top.ngc ...
WARNING:NetListWriters:298 - No output is written to dso_top.xncf, ignored.
Processing design ...
   Preping design's networks ...
   Preping design's macros ...
WARNING:NetListWriters:306 - Signal bus
   Serial_Controller/FT2_Read_Write/write_data_reg<6 : 2> on block dso_top is
   not reconstructed, because there are some missing bus signals.
WARNING:NetListWriters:306 - Signal bus
   Serial_Controller/I2C_Transmit/state[2]_clk_counter[4]_wide_mux_39_OUT<4 : 0>
   on block dso_top is not reconstructed, because there are some missing bus
   signals.
WARNING:NetListWriters:306 - Signal bus FT6_Write/data_delay<2 : 0> on block
   dso_top is not reconstructed, because there are some missing bus signals.
  finished :Prep
Writing EDIF netlist file dso_top.edif ...
ngc2edif: Total memory usage is 105624 kilobytes

