Replace Part C? CAP 15pF 200V C0G 0603 in C:\Users\Aleksa\Documents\Altium\Thunderscope_E\Input.SchDoc with CAP 15pF 200V C0G 0603 from DSO.SchLib
Replace Part C? CAP 1nF 50V C0G 0402 in C:\Users\Aleksa\Documents\Altium\Thunderscope_E\Input.SchDoc with CAP 1nF 50V C0G 0402 from DSO.SchLib
Replace Part C? CAP 470pF 50V C0G 0402 in C:\Users\Aleksa\Documents\Altium\Thunderscope_E\Input.SchDoc with CAP 470pF 50V C0G 0402 from DSO.SchLib
Replace Part C? CAP 22nF 100V X7R 0603 in C:\Users\Aleksa\Documents\Altium\Thunderscope_E\Input.SchDoc with CAP 22nF 100V X7R 0603 from DSO.SchLib
Replace Part C? CAP TRIMMER 5.5-20PF 500V in C:\Users\Aleksa\Documents\Altium\Thunderscope_E\Input.SchDoc with CAP TRIMMER 5.5-20PF 500V from DSO.SchLib
Replace Part D? DIODE 1N4148 in C:\Users\Aleksa\Documents\Altium\Thunderscope_E\Input.SchDoc with DIODE 1N4148 from DSO.SchLib
Replace Part GDT? GDT 90V in C:\Users\Aleksa\Documents\Altium\Thunderscope_E\Input.SchDoc with GDT 90V from DSO.SchLib
Replace Part K? RELAY DPDT-NO FTR-B3GA in C:\Users\Aleksa\Documents\Altium\Thunderscope_E\Input.SchDoc with RELAY DPDT-NO FTR-B3GA from DSO.SchLib
Replace Part K? RELAY DPDT-NO FTR-B3GA in C:\Users\Aleksa\Documents\Altium\Thunderscope_E\Input.SchDoc with RELAY DPDT-NO FTR-B3GA from DSO.SchLib
Replace Part K? RELAY DPDT-NO FTR-B3GA in C:\Users\Aleksa\Documents\Altium\Thunderscope_E\Input.SchDoc with RELAY DPDT-NO FTR-B3GA from DSO.SchLib
Replace Part Q? NMOS DMN62D0UW in C:\Users\Aleksa\Documents\Altium\Thunderscope_E\Input.SchDoc with NMOS DMN62D0UW from DSO.SchLib
Replace Part R? RES 10K OHM 1% 1/10W 0402 in C:\Users\Aleksa\Documents\Altium\Thunderscope_E\Input.SchDoc with RES 10K OHM 1% 1/10W 0402 from DSO.SchLib
Replace Part R? RES 300K OHM 1% 1/10W 0402 in C:\Users\Aleksa\Documents\Altium\Thunderscope_E\Input.SchDoc with RES 300K OHM 1% 1/10W 0402 from DSO.SchLib
Replace Part R? RES 300K OHM 1% 1/10W 0402 in C:\Users\Aleksa\Documents\Altium\Thunderscope_E\Input.SchDoc with RES 300K OHM 1% 1/10W 0402 from DSO.SchLib
Replace Part R? RES 390K OHM 1% 1/10W 0402 in C:\Users\Aleksa\Documents\Altium\Thunderscope_E\Input.SchDoc with RES 390K OHM 1% 1/10W 0402 from DSO.SchLib
Replace Part R? RES 100 OHM 1% 1/10W 0402 in C:\Users\Aleksa\Documents\Altium\Thunderscope_E\Input.SchDoc with RES 100 OHM 1% 1/10W 0402 from DSO.SchLib
Replace Part R? RES 10K OHM 1% 1/10W 0402 in C:\Users\Aleksa\Documents\Altium\Thunderscope_E\Input.SchDoc with RES 10K OHM 1% 1/10W 0402 from DSO.SchLib
Replace Part R? RES 10K OHM 1% 1/10W 0402 in C:\Users\Aleksa\Documents\Altium\Thunderscope_E\Input.SchDoc with RES 10K OHM 1% 1/10W 0402 from DSO.SchLib
Replace Part R? RES 1K OHM 1% 1/10W 0402 in C:\Users\Aleksa\Documents\Altium\Thunderscope_E\Input.SchDoc with RES 1K OHM 1% 1/10W 0402 from DSO.SchLib
Replace Part U? SSR CPC1017NTR in C:\Users\Aleksa\Documents\Altium\Thunderscope_E\Input.SchDoc with SSR CPC1017NTR from DSO.SchLib
