Change Component Parameter Comment in C? Old= New==Value
Change Component Parameter Comment in C? Old= New==Value
Change Component Parameter Comment in C? Old= New==Value
Change Component Parameter Comment in C? Old= New==Value
Change Component Parameter Comment in C? Old= New==Value
Change Component Parameter Comment in GDT? Old= New=GDT
Change Component Parameter Comment in K? Old= New=FTR-B3GA
Change Component Parameter Comment in K? Old= New=FTR-B3GA
Change Component Parameter Comment in R? Old= New==Value
Change Component Parameter Comment in R? Old= New==Value
Change Component Parameter Comment in R? Old= New==Value
Change Component Parameter Comment in R? Old= New==Value
Change Component Parameter Comment in R? Old= New==Value
Change Component Parameter Comment in R? Old= New==Value
Change Component Parameter Comment in R? Old= New==Value
Change Component Parameter Comment in R? Old= New==Value
Change Component Parameter Comment in U? Old= New=CPC1017NTR
Replace Symbol from C? CAP 15pF 200V C0G 0603 in C:\Users\Aleksa\Documents\Altium\Thunderscope_E\Input.SchDoc with CAP 15pF 200V C0G 0603 from DSO.SchLib
Replace Symbol from C? CAP 1nF 50V C0G 0402 in C:\Users\Aleksa\Documents\Altium\Thunderscope_E\Input.SchDoc with CAP 1nF 50V C0G 0402 from DSO.SchLib
Replace Symbol from C? CAP 470pF 50V C0G 0402 in C:\Users\Aleksa\Documents\Altium\Thunderscope_E\Input.SchDoc with CAP 470pF 50V C0G 0402 from DSO.SchLib
Replace Symbol from C? CAP 22nF 100V X7R 0603 in C:\Users\Aleksa\Documents\Altium\Thunderscope_E\Input.SchDoc with CAP 22nF 100V X7R 0603 from DSO.SchLib
Replace Symbol from C? CAP TRIMMER 5.5-20PF 500V in C:\Users\Aleksa\Documents\Altium\Thunderscope_E\Input.SchDoc with CAP TRIMMER 5.5-20PF 500V from DSO.SchLib
Replace Symbol from D? DIODE 1N4148 in C:\Users\Aleksa\Documents\Altium\Thunderscope_E\Input.SchDoc with DIODE 1N4148 from DSO.SchLib
Replace Symbol from GDT? GDT 90V in C:\Users\Aleksa\Documents\Altium\Thunderscope_E\Input.SchDoc with GDT 90V from DSO.SchLib
Replace Symbol from K? RELAY DPDT-NO FTR-B3GA in C:\Users\Aleksa\Documents\Altium\Thunderscope_E\Input.SchDoc with RELAY DPDT-NO FTR-B3GA from DSO.SchLib
Replace Symbol from K? RELAY DPDT-NO FTR-B3GA in C:\Users\Aleksa\Documents\Altium\Thunderscope_E\Input.SchDoc with RELAY DPDT-NO FTR-B3GA from DSO.SchLib
Replace Symbol from K? RELAY DPDT-NO FTR-B3GA in C:\Users\Aleksa\Documents\Altium\Thunderscope_E\Input.SchDoc with RELAY DPDT-NO FTR-B3GA from DSO.SchLib
Replace Symbol from Q? NMOS DMN62D0UW in C:\Users\Aleksa\Documents\Altium\Thunderscope_E\Input.SchDoc with NMOS DMN62D0UW from DSO.SchLib
Replace Symbol from R? RES 10K OHM 1% 1/10W 0402 in C:\Users\Aleksa\Documents\Altium\Thunderscope_E\Input.SchDoc with RES 10K OHM 1% 1/10W 0402 from DSO.SchLib
Replace Symbol from R? RES 300K OHM 1% 1/10W 0402 in C:\Users\Aleksa\Documents\Altium\Thunderscope_E\Input.SchDoc with RES 300K OHM 1% 1/10W 0402 from DSO.SchLib
Replace Symbol from R? RES 300K OHM 1% 1/10W 0402 in C:\Users\Aleksa\Documents\Altium\Thunderscope_E\Input.SchDoc with RES 300K OHM 1% 1/10W 0402 from DSO.SchLib
Replace Symbol from R? RES 390K OHM 1% 1/10W 0402 in C:\Users\Aleksa\Documents\Altium\Thunderscope_E\Input.SchDoc with RES 390K OHM 1% 1/10W 0402 from DSO.SchLib
Replace Symbol from R? RES 100 OHM 1% 1/10W 0402 in C:\Users\Aleksa\Documents\Altium\Thunderscope_E\Input.SchDoc with RES 100 OHM 1% 1/10W 0402 from DSO.SchLib
Replace Symbol from R? RES 10K OHM 1% 1/10W 0402 in C:\Users\Aleksa\Documents\Altium\Thunderscope_E\Input.SchDoc with RES 10K OHM 1% 1/10W 0402 from DSO.SchLib
Replace Symbol from R? RES 10K OHM 1% 1/10W 0402 in C:\Users\Aleksa\Documents\Altium\Thunderscope_E\Input.SchDoc with RES 10K OHM 1% 1/10W 0402 from DSO.SchLib
Replace Symbol from R? RES 1K OHM 1% 1/10W 0402 in C:\Users\Aleksa\Documents\Altium\Thunderscope_E\Input.SchDoc with RES 1K OHM 1% 1/10W 0402 from DSO.SchLib
Replace Symbol from U? SSR CPC1017NTR in C:\Users\Aleksa\Documents\Altium\Thunderscope_E\Input.SchDoc with SSR CPC1017NTR from DSO.SchLib
