Change Net Name : Old Net Name=B16_L1_N New Net Name=D4B_P
Change Net Name : Old Net Name=B16_L1_P New Net Name=D4B_N
Change Net Name : Old Net Name=B16_L2_N New Net Name=D3A_P
Change Net Name : Old Net Name=B16_L2_P New Net Name=D3A_N
Change Net Name : Old Net Name=B16_L4_N New Net Name=D4A_P
Change Net Name : Old Net Name=B16_L4_P New Net Name=D4A_N
Change Net Name : Old Net Name=B16_L6_N New Net Name=D3B_P
Change Net Name : Old Net Name=B16_L6_P New Net Name=D3B_N
Change Net Name : Old Net Name=B16_L7_N New Net Name=D1B_P
Change Net Name : Old Net Name=B16_L7_P New Net Name=D1B_N
Change Net Name : Old Net Name=B16_L9_N New Net Name=D1A_P
Change Net Name : Old Net Name=B16_L9_P New Net Name=D1A_N
Change Net Name : Old Net Name=B16_L10_N New Net Name=D2B_P
Change Net Name : Old Net Name=B16_L10_P New Net Name=D2B_N
Change Net Name : Old Net Name=B16_L11_N New Net Name=D2A_N
Change Net Name : Old Net Name=B16_L11_P New Net Name=D2A_P
Change Net Name : Old Net Name=B16_L12_N New Net Name=FCLK_N
Change Net Name : Old Net Name=B16_L12_P New Net Name=FCLK_P
Change Net Name : Old Net Name=B16_L13_N New Net Name=LCLK_N
Change Net Name : Old Net Name=B16_L13_P New Net Name=LCLK_P
Added Differential Pair: Name=D1A
Added Differential Pair: Name=D1B
Added Differential Pair: Name=D2A
Added Differential Pair: Name=D2B
Added Differential Pair: Name=D3A
Added Differential Pair: Name=D3B
Added Differential Pair: Name=D4A
Added Differential Pair: Name=D4B
Added Differential Pair: Name=FCLK
Added Differential Pair: Name=LCLK
