Added Component: Designator=SHLD1A(TE_2118728-2)
Add component (AddParameter): Name = "Supplier 1"; Value = "Digi-Key"; VariantName = "[No Variations]"
Add component (AddParameter): Name = "Supplier Part Number 1"; Value = "A126158CT-ND"; VariantName = "[No Variations]"
Added Component: Designator=SHLD1B(TE_2118728-2)
Add component (AddParameter): Name = "Supplier 1"; Value = "Digi-Key"; VariantName = "[No Variations]"
Add component (AddParameter): Name = "Supplier Part Number 1"; Value = "A126158CT-ND"; VariantName = "[No Variations]"
Added Component: Designator=SHLD1C(TE_2118728-2)
Add component (AddParameter): Name = "Supplier 1"; Value = "Digi-Key"; VariantName = "[No Variations]"
Add component (AddParameter): Name = "Supplier Part Number 1"; Value = "A126158CT-ND"; VariantName = "[No Variations]"
Added Component: Designator=SHLD1D(TE_2118728-2)
Add component (AddParameter): Name = "Supplier 1"; Value = "Digi-Key"; VariantName = "[No Variations]"
Add component (AddParameter): Name = "Supplier Part Number 1"; Value = "A126158CT-ND"; VariantName = "[No Variations]"
Added Pin To Net: NetName=GND Pin=SHLD1A-1
Added Pin To Net: NetName=GND Pin=SHLD1A-1
Added Pin To Net: NetName=GND Pin=SHLD1A-1
Added Pin To Net: NetName=GND Pin=SHLD1A-1
Added Pin To Net: NetName=GND Pin=SHLD1A-1
Added Pin To Net: NetName=GND Pin=SHLD1A-1
Added Pin To Net: NetName=GND Pin=SHLD1A-1
Added Pin To Net: NetName=GND Pin=SHLD1A-1
Added Pin To Net: NetName=GND Pin=SHLD1A-1
Added Pin To Net: NetName=GND Pin=SHLD1A-1
Added Pin To Net: NetName=GND Pin=SHLD1A-1
Added Pin To Net: NetName=GND Pin=SHLD1A-1
Added Pin To Net: NetName=GND Pin=SHLD1A-1
Added Pin To Net: NetName=GND Pin=SHLD1A-1
Added Pin To Net: NetName=GND Pin=SHLD1A-1
Added Pin To Net: NetName=GND Pin=SHLD1A-1
Added Pin To Net: NetName=GND Pin=SHLD1B-1
Added Pin To Net: NetName=GND Pin=SHLD1B-1
Added Pin To Net: NetName=GND Pin=SHLD1B-1
Added Pin To Net: NetName=GND Pin=SHLD1B-1
Added Pin To Net: NetName=GND Pin=SHLD1B-1
Added Pin To Net: NetName=GND Pin=SHLD1B-1
Added Pin To Net: NetName=GND Pin=SHLD1B-1
Added Pin To Net: NetName=GND Pin=SHLD1B-1
Added Pin To Net: NetName=GND Pin=SHLD1B-1
Added Pin To Net: NetName=GND Pin=SHLD1B-1
Added Pin To Net: NetName=GND Pin=SHLD1B-1
Added Pin To Net: NetName=GND Pin=SHLD1B-1
Added Pin To Net: NetName=GND Pin=SHLD1B-1
Added Pin To Net: NetName=GND Pin=SHLD1B-1
Added Pin To Net: NetName=GND Pin=SHLD1B-1
Added Pin To Net: NetName=GND Pin=SHLD1B-1
Added Pin To Net: NetName=GND Pin=SHLD1C-1
Added Pin To Net: NetName=GND Pin=SHLD1C-1
Added Pin To Net: NetName=GND Pin=SHLD1C-1
Added Pin To Net: NetName=GND Pin=SHLD1C-1
Added Pin To Net: NetName=GND Pin=SHLD1C-1
Added Pin To Net: NetName=GND Pin=SHLD1C-1
Added Pin To Net: NetName=GND Pin=SHLD1C-1
Added Pin To Net: NetName=GND Pin=SHLD1C-1
Added Pin To Net: NetName=GND Pin=SHLD1C-1
Added Pin To Net: NetName=GND Pin=SHLD1C-1
Added Pin To Net: NetName=GND Pin=SHLD1C-1
Added Pin To Net: NetName=GND Pin=SHLD1C-1
Added Pin To Net: NetName=GND Pin=SHLD1C-1
Added Pin To Net: NetName=GND Pin=SHLD1C-1
Added Pin To Net: NetName=GND Pin=SHLD1C-1
Added Pin To Net: NetName=GND Pin=SHLD1C-1
Added Pin To Net: NetName=GND Pin=SHLD1D-1
Added Pin To Net: NetName=GND Pin=SHLD1D-1
Added Pin To Net: NetName=GND Pin=SHLD1D-1
Added Pin To Net: NetName=GND Pin=SHLD1D-1
Added Pin To Net: NetName=GND Pin=SHLD1D-1
Added Pin To Net: NetName=GND Pin=SHLD1D-1
Added Pin To Net: NetName=GND Pin=SHLD1D-1
Added Pin To Net: NetName=GND Pin=SHLD1D-1
Added Pin To Net: NetName=GND Pin=SHLD1D-1
Added Pin To Net: NetName=GND Pin=SHLD1D-1
Added Pin To Net: NetName=GND Pin=SHLD1D-1
Added Pin To Net: NetName=GND Pin=SHLD1D-1
Added Pin To Net: NetName=GND Pin=SHLD1D-1
Added Pin To Net: NetName=GND Pin=SHLD1D-1
Added Pin To Net: NetName=GND Pin=SHLD1D-1
Added Pin To Net: NetName=GND Pin=SHLD1D-1
Added Member To Class: ClassName=CH1 Member=Component SHLD1A (SHLD1) 2118728-2
Added Member To Class: ClassName=CH2 Member=Component SHLD1B (SHLD1) 2118728-2
Added Member To Class: ClassName=CH3 Member=Component SHLD1C (SHLD1) 2118728-2
Added Member To Class: ClassName=CH4 Member=Component SHLD1D (SHLD1) 2118728-2
