Change Net Name : Old Net Name=NetC30A_2 New Net Name=FE_INA
Change Net Name : Old Net Name=NetC30B_2 New Net Name=FE_INB
Change Net Name : Old Net Name=NetC30C_2 New Net Name=FE_INC
Change Net Name : Old Net Name=NetC30D_2 New Net Name=FE_IND
Change Net Name : Old Net Name=NetC31A_1 New Net Name=ATTEN_OUTA
Change Net Name : Old Net Name=NetC31B_1 New Net Name=ATTEN_OUTB
Change Net Name : Old Net Name=NetC31C_1 New Net Name=ATTEN_OUTC
Change Net Name : Old Net Name=NetC31D_1 New Net Name=ATTEN_OUTD
Change Net Name : Old Net Name=NetQ3A_2 New Net Name=BUF_OUTA
Change Net Name : Old Net Name=NetQ3B_2 New Net Name=BUF_OUTB
Change Net Name : Old Net Name=NetQ3C_2 New Net Name=BUF_OUTC
Change Net Name : Old Net Name=NetQ3D_2 New Net Name=BUF_OUTD
Change Net Name : Old Net Name=NetR28A_2 New Net Name=IN1_P
Change Net Name : Old Net Name=NetR28B_2 New Net Name=IN2_P
Change Net Name : Old Net Name=NetR28C_2 New Net Name=IN3_P
Change Net Name : Old Net Name=NetR28D_2 New Net Name=IN4_P
Change Net Name : Old Net Name=NetR29A_2 New Net Name=IN1_N
Change Net Name : Old Net Name=NetR29B_2 New Net Name=IN2_N
Change Net Name : Old Net Name=NetR29C_2 New Net Name=IN3_N
Change Net Name : Old Net Name=NetR29D_2 New Net Name=IN4_N
Change Net Name : Old Net Name=NetR60_1 New Net Name=ADC_CSn
Change Net Name : Old Net Name=NetR61_1 New Net Name=ADC_RSTn
Change Net Name : Old Net Name=NetR62_1 New Net Name=ADC_PD
Change Net Name : Old Net Name=NetR72_2 New Net Name=OSC_OE
Change Net Name : Old Net Name=NetU11_9 New Net Name=D1A_P
Change Net Name : Old Net Name=NetU11_10 New Net Name=D1A_N
Change Net Name : Old Net Name=NetU11_11 New Net Name=D1B_P
Change Net Name : Old Net Name=NetU11_12 New Net Name=D1B_N
Change Net Name : Old Net Name=NetU11_13 New Net Name=D2A_P
Change Net Name : Old Net Name=NetU11_14 New Net Name=D2A_N
Change Net Name : Old Net Name=NetU11_15 New Net Name=D2B_P
Change Net Name : Old Net Name=NetU11_16 New Net Name=D2B_N
Change Net Name : Old Net Name=NetU11_21 New Net Name=D3A_P
Change Net Name : Old Net Name=NetU11_22 New Net Name=D3A_N
Change Net Name : Old Net Name=NetU11_23 New Net Name=D3B_P
Change Net Name : Old Net Name=NetU11_24 New Net Name=D3B_N
Change Net Name : Old Net Name=NetU11_25 New Net Name=D4A_P
Change Net Name : Old Net Name=NetU11_26 New Net Name=D4A_N
Change Net Name : Old Net Name=NetU11_27 New Net Name=D4B_P
Change Net Name : Old Net Name=NetU11_28 New Net Name=D4B_N
